YSC1790167500 Case Was Received
YSC1790167501 Case Was Received
YSC1790167502 Case Was Received
YSC1790167503 Case Was Received
YSC1790167504 Case Was Received
YSC1790167505 Case Was Received
YSC1790167506 Case Was Received
YSC1790167507 Case Was Received
YSC1790167508 Case Was Received
YSC1790167509 New Card Is Being Produced
YSC1790167510 New Card Is Being Produced
YSC1790167511 Case Was Received
YSC1790167512 Case Was Received
YSC1790167513 Case Was Received
YSC1790167514 New Card Is Being Produced
YSC1790167515 Case Was Received
YSC1790167516 New Card Is Being Produced
YSC1790167517 Card Was Mailed To Me
YSC1790167518 New Card Is Being Produced
YSC1790167519 New Card Is Being Produced
YSC1790167520 New Card Is Being Produced
YSC1790167521 New Card Is Being Produced
YSC1790167522 Case Was Received
YSC1790167523 Case Was Received
YSC1790167524 Case Was Received
YSC1790167525 New Card Is Being Produced
YSC1790167526 New Card Is Being Produced
YSC1790167527 Case Was Received
YSC1790167528 Case Was Received
YSC1790167529 Case Was Received
YSC1790167530 Case Was Received
YSC1790167531 Case Was Received
YSC1790167532 New Card Is Being Produced
YSC1790167533 New Card Is Being Produced
YSC1790167534 Case Was Received
YSC1790167535 New Card Is Being Produced
YSC1790167536 Case Was Received
YSC1790167537 New Card Is Being Produced
YSC1790167538 Case Was Received
YSC1790167539 New Card Is Being Produced
YSC1790167540 Case Was Received
YSC1790167541 New Card Is Being Produced
YSC1790167542 Case Was Received
YSC1790167543 Case Was Received
YSC1790167544 New Card Is Being Produced
YSC1790167545 Case Was Received
YSC1790167546 New Card Is Being Produced
YSC1790167547 New Card Is Being Produced
YSC1790167548 Case Was Received
YSC1790167549 Case Was Received
YSC1790167550 Case Was Received
YSC1790167551 Case Was Received
YSC1790167552 Case Was Received
YSC1790167553 Case Was Received
YSC1790167554 New Card Is Being Produced
YSC1790167555 New Card Is Being Produced
YSC1790167556 New Card Is Being Produced
YSC1790167557 Case Was Received
YSC1790167558 Case Was Received
YSC1790167559 Case Was Received
YSC1790167560 Case Was Received
YSC1790167561 Case Was Received
YSC1790167562 Case Was Received
YSC1790167563 Case Was Received
YSC1790167564 Case Was Received
YSC1790167565 Case Was Received
YSC1790167566 New Card Is Being Produced
YSC1790167567 Case Was Received
YSC1790167568 New Card Is Being Produced
YSC1790167569 New Card Is Being Produced
YSC1790167570 New Card Is Being Produced
YSC1790167571 Case Was Received
YSC1790167572 Case Was Received
YSC1790167573 Case Was Received
YSC1790167574 New Card Is Being Produced
YSC1790167575 Case Was Received
YSC1790167576 New Card Is Being Produced
YSC1790167577 Case Was Received
YSC1790167578 Case Was Received
YSC1790167579 Case Was Received
YSC1790167580 Case Was Received
YSC1790167581 Case Was Received
YSC1790167582 Case Was Received
YSC1790167583 Case Was Received
YSC1790167584 Case Was Received
YSC1790167585 New Card Is Being Produced
YSC1790167586 Case Was Received
YSC1790167587 New Card Is Being Produced
YSC1790167588 Case Was Received
YSC1790167589 Case Was Received
YSC1790167590 Case Was Received
YSC1790167591 Case Was Received
YSC1790167592 Case Was Received
YSC1790167593 Notice Was Returned To USCIS Because The Post Office Could Not Deliver It
YSC1790167594 New Card Is Being Produced
YSC1790167595 Case Was Received
YSC1790167596 Case Was Received
YSC1790167597 Case Was Received
YSC1790167598 New Card Is Being Produced
YSC1790167599 Card Was Mailed To Me
YSC1790167600 New Card Is Being Produced
YSC1790167601 Case Was Received
YSC1790167602 Case Was Received
YSC1790167603 New Card Is Being Produced
YSC1790167604 Case Was Received
YSC1790167605 Case Was Received
YSC1790167606 Card Was Mailed To Me
YSC1790167607 Case Was Received
YSC1790167608 New Card Is Being Produced
YSC1790167609 New Card Is Being Produced
YSC1790167610 Case Was Received
YSC1790167611 Case Was Received
YSC1790167612 New Card Is Being Produced
YSC1790167613 New Card Is Being Produced
YSC1790167614 Card Was Mailed To Me
YSC1790167615 Card Was Mailed To Me
YSC1790167616 Case Was Received
YSC1790167617 Case Was Received
YSC1790167618 Card Was Mailed To Me
YSC1790167619 New Card Is Being Produced
YSC1790167620 New Card Is Being Produced
YSC1790167621 Case Was Received
YSC1790167622 New Card Is Being Produced
YSC1790167623 New Card Is Being Produced
YSC1790167624 New Card Is Being Produced
YSC1790167625 New Card Is Being Produced
YSC1790167626 New Card Is Being Produced
YSC1790167627 Case Was Received
YSC1790167628 Case Was Received
YSC1790167629 New Card Is Being Produced
YSC1790167630 Case Was Received
YSC1790167631 Case Was Received
YSC1790167632 New Card Is Being Produced
YSC1790167633 New Card Is Being Produced
YSC1790167634 New Card Is Being Produced
YSC1790167635 Case Was Received
YSC1790167636 New Card Is Being Produced
YSC1790167637 Card Was Mailed To Me
YSC1790167638 New Card Is Being Produced
YSC1790167639 Case Was Received
YSC1790167640 Case Was Received
YSC1790167641 Case Was Received
YSC1790167642 New Card Is Being Produced
YSC1790167643 Case Was Received
YSC1790167644 Case Was Received
YSC1790167645 Case Was Received
YSC1790167646 Case Was Received
YSC1790167647 New Card Is Being Produced
YSC1790167648 Case Was Received
YSC1790167649 New Card Is Being Produced
YSC1790167650 Case Was Received
YSC1790167651 Notice Was Returned To USCIS Because The Post Office Could Not Deliver It
YSC1790167652 Case Was Received
YSC1790167653 Case Was Received
YSC1790167654 Case Was Received
YSC1790167655 Case Was Received
YSC1790167656 Case Was Received
YSC1790167657 Case Was Received
YSC1790167658 Case Was Received
YSC1790167659 Case Was Received
YSC1790167660 New Card Is Being Produced
YSC1790167661 Card Was Mailed To Me
YSC1790167662 New Card Is Being Produced
YSC1790167663 Case Was Received
YSC1790167664 New Card Is Being Produced
YSC1790167665 Case Was Received
YSC1790167666 Notice Was Returned To USCIS Because The Post Office Could Not Deliver It
YSC1790167667 Case Was Received
YSC1790167668 Case Was Received
YSC1790167669 Case Was Received
YSC1790167670 Case Was Received
YSC1790167671 Case Was Received
YSC1790167672 Case Was Received
YSC1790167673 Case Was Received
YSC1790167674 New Card Is Being Produced
YSC1790167675 Case Was Received
YSC1790167676 New Card Is Being Produced
YSC1790167677 New Card Is Being Produced
YSC1790167678 Case Was Received
YSC1790167679 New Card Is Being Produced
YSC1790167680 Card Was Mailed To Me
YSC1790167681 Case Was Received
YSC1790167682 Case Was Received
YSC1790167683 New Card Is Being Produced
YSC1790167684 Case Was Received
YSC1790167685 Case Was Received
YSC1790167686 New Card Is Being Produced
YSC1790167687 Case Was Received
YSC1790167688 New Card Is Being Produced
YSC1790167689 New Card Is Being Produced
YSC1790167690 New Card Is Being Produced
YSC1790167691 Case Was Received
YSC1790167692 New Card Is Being Produced
YSC1790167693 Case Was Received
YSC1790167694 New Card Is Being Produced
YSC1790167695 Case Was Received
YSC1790167696 Case Was Received
YSC1790167697 Case Was Received
YSC1790167698 New Card Is Being Produced
YSC1790167699 Case Was Received
YSC1790167700 Case Was Received
YSC1790167701 Case Was Received
YSC1790167702 Case Was Received
YSC1790167703 New Card Is Being Produced
YSC1790167704 Case Was Received
YSC1790167705 Case Was Received
YSC1790167706 Case Was Received
YSC1790167707 Case Was Received
YSC1790167708 Case Was Received
YSC1790167709 New Card Is Being Produced
YSC1790167710 New Card Is Being Produced
YSC1790167711 Case Was Received
YSC1790167712 Case Was Received
YSC1790167713 New Card Is Being Produced
YSC1790167714 Case Was Received
YSC1790167715 Case Was Received
YSC1790167716 New Card Is Being Produced
YSC1790167717 New Card Is Being Produced
YSC1790167718 Case Was Received
YSC1790167719 Case Was Received
YSC1790167720 Card Was Mailed To Me
YSC1790167721 Case Was Received
YSC1790167722 New Card Is Being Produced
YSC1790167723 Case Was Received
YSC1790167724 Card Was Mailed To Me
YSC1790167725 New Card Is Being Produced
YSC1790167726 New Card Is Being Produced
YSC1790167727 Case Was Received
YSC1790167728 New Card Is Being Produced
YSC1790167729 Case Was Received
YSC1790167730 Case Was Received
YSC1790167731 Case Was Received
YSC1790167732 Case Was Received
YSC1790167733 Case Was Received
YSC1790167734 Case Was Received
YSC1790167735 New Card Is Being Produced
YSC1790167736 New Card Is Being Produced
YSC1790167737 Case Was Received
YSC1790167738 Case Was Received
YSC1790167739 Case Was Received
YSC1790167740 Case Was Received
YSC1790167741 Case Was Received
YSC1790167742 Case Was Received
YSC1790167743 Case Was Received
YSC1790167744 Case Was Received
YSC1790167745 Card Was Mailed To Me
YSC1790167746 Case Was Received
YSC1790167747 Card Was Mailed To Me
YSC1790167748 Case Was Received
YSC1790167749 Case Was Received
YSC1790167750 New Card Is Being Produced
YSC1790167751 Case Was Received
YSC1790167752 New Card Is Being Produced
YSC1790167753 Case Was Received
YSC1790167754 Case Was Received
YSC1790167755 Case Was Received
YSC1790167756 Case Was Received
YSC1790167757 Case Was Received
YSC1790167758 New Card Is Being Produced
YSC1790167759 New Card Is Being Produced
YSC1790167760 Case Was Received
YSC1790167761 New Card Is Being Produced
YSC1790167762 Case Was Received
YSC1790167763 Case Was Received
YSC1790167764 New Card Is Being Produced
YSC1790167765 Card Was Mailed To Me
YSC1790167766 Case Was Received
YSC1790167767 Case Was Received
YSC1790167768 Case Was Received
YSC1790167769 New Card Is Being Produced
YSC1790167770 Card Was Mailed To Me
YSC1790167771 Name Was Updated
YSC1790167772 Case Was Received
YSC1790167773 New Card Is Being Produced
YSC1790167774 New Card Is Being Produced
YSC1790167775 Case Was Received
YSC1790167776 Case Was Received
YSC1790167777 Case Was Received
YSC1790167778 Case Was Received
YSC1790167779 Case Was Received
YSC1790167780 Case Was Received
YSC1790167781 Case Was Received
YSC1790167782 New Card Is Being Produced
YSC1790167783 Case Was Received
YSC1790167784 Case Was Received
YSC1790167785 Case Was Received
YSC1790167786 New Card Is Being Produced
YSC1790167787 Case Was Received
YSC1790167788 New Card Is Being Produced
YSC1790167789 New Card Is Being Produced
YSC1790167790 Case Was Received
YSC1790167791 New Card Is Being Produced
YSC1790167792 New Card Is Being Produced
YSC1790167793 Request for Initial Evidence Was Mailed
YSC1790167794 Case Was Received
YSC1790167795 Case Was Received
YSC1790167796 Case Was Received
YSC1790167797 New Card Is Being Produced
YSC1790167798 Case Was Received
YSC1790167799 Case Was Received
YSC1790167800 New Card Is Being Produced
YSC1790167801 New Card Is Being Produced
YSC1790167802 New Card Is Being Produced
YSC1790167803 New Card Is Being Produced
YSC1790167804 Case Was Received
YSC1790167805 Case Was Received
YSC1790167806 Case Was Received
YSC1790167807 Case Was Received
YSC1790167808 Case Was Received
YSC1790167809 New Card Is Being Produced
YSC1790167810 Case Was Received
YSC1790167811 Case Was Received
YSC1790167812 Case Was Received
YSC1790167813 New Card Is Being Produced
YSC1790167814 Case Was Received
YSC1790167815 Case Was Received
YSC1790167816 Case Was Received
YSC1790167817 Case Was Received
YSC1790167818 Case Was Received
YSC1790167819 Case Was Received
YSC1790167820 Case Was Received
YSC1790167821 New Card Is Being Produced
YSC1790167822 New Card Is Being Produced
YSC1790167823 Case Was Received
YSC1790167824 Card Was Mailed To Me
YSC1790167825 Notice Was Returned To USCIS Because The Post Office Could Not Deliver It
YSC1790167826 Card Was Mailed To Me
YSC1790167827 New Card Is Being Produced
YSC1790167828 New Card Is Being Produced
YSC1790167829 Name Was Updated
YSC1790167830 Case Was Received
YSC1790167831 New Card Is Being Produced
YSC1790167832 Case Was Received
YSC1790167833 Card Was Mailed To Me
YSC1790167834 Case Was Received
YSC1790167835 New Card Is Being Produced
YSC1790167836 Case Was Received
YSC1790167837 Case Was Received
YSC1790167838 Case Was Received
YSC1790167839 Card Was Mailed To Me
YSC1790167840 Case Was Received
YSC1790167841 Card Was Mailed To Me
YSC1790167842 New Card Is Being Produced
YSC1790167843 Card Was Mailed To Me
YSC1790167844 Case Was Received
YSC1790167845 Card Was Mailed To Me
YSC1790167846 Case Was Received
YSC1790167847 Case Was Received
YSC1790167848 Case Was Received
YSC1790167849 New Card Is Being Produced
YSC1790167850 Case Was Received
YSC1790167851 New Card Is Being Produced
YSC1790167852 Case Was Received
YSC1790167853 Case Was Received
YSC1790167854 Case Was Received
YSC1790167855 Case Was Received
YSC1790167856 Case Was Received
YSC1790167857 Case Was Received
YSC1790167858 Card Was Mailed To Me
YSC1790167859 Case Was Received
YSC1790167860 Case Was Received
YSC1790167861 New Card Is Being Produced
YSC1790167862 New Card Is Being Produced
YSC1790167863 New Card Is Being Produced
YSC1790167864 New Card Is Being Produced
YSC1790167865 New Card Is Being Produced
YSC1790167866 Case Was Received
YSC1790167867 Notice Was Returned To USCIS Because The Post Office Could Not Deliver It
YSC1790167868 Case Was Received
YSC1790167869 Case Was Received
YSC1790167870 Case Was Received
YSC1790167871 Case Was Received
YSC1790167872 Case Was Received
YSC1790167873 Case Was Received
YSC1790167874 Case Was Received
YSC1790167875 Card Was Mailed To Me
YSC1790167876 Case Was Received
YSC1790167877 Case Was Received
YSC1790167878 Case Was Received
YSC1790167879 Name Was Updated
YSC1790167880 Case Was Received
YSC1790167881 Case Was Received
YSC1790167882 Case Was Received
YSC1790167883 Case Was Received
YSC1790167884 Case Was Received
YSC1790167885 Case Was Received
YSC1790167886 New Card Is Being Produced
YSC1790167887 Case Was Received
YSC1790167888 Case Was Received
YSC1790167889 Case Was Received
YSC1790167890 Case Was Received
YSC1790167891 New Card Is Being Produced
YSC1790167892 Card Was Mailed To Me
YSC1790167893 New Card Is Being Produced
YSC1790167894 Case Was Received
YSC1790167895 Case Was Received
YSC1790167896 New Card Is Being Produced
YSC1790167897 Case Was Received
YSC1790167898 New Card Is Being Produced
YSC1790167899 New Card Is Being Produced
YSC1790167900 Card Was Mailed To Me
YSC1790167901 Case Was Received
YSC1790167902 Card Was Mailed To Me
YSC1790167903 Case Was Received
YSC1790167904 Card Was Mailed To Me
YSC1790167905 Case Was Received
YSC1790167906 Card Was Mailed To Me
YSC1790167907 Case Was Received
YSC1790167908 New Card Is Being Produced
YSC1790167909 Case Was Received
YSC1790167910 New Card Is Being Produced
YSC1790167911 New Card Is Being Produced
YSC1790167912 New Card Is Being Produced
YSC1790167913 New Card Is Being Produced
YSC1790167914 New Card Is Being Produced
YSC1790167915 New Card Is Being Produced
YSC1790167916 Case Was Received
YSC1790167917 New Card Is Being Produced
YSC1790167918 New Card Is Being Produced
YSC1790167919 Case Was Received
YSC1790167920 New Card Is Being Produced
YSC1790167921 New Card Is Being Produced
YSC1790167922 New Card Is Being Produced
YSC1790167923 Case Was Received
YSC1790167924 Case Was Received
YSC1790167925 Case Was Received
YSC1790167926 Case Was Received
YSC1790167927 Case Was Received
YSC1790167928 New Card Is Being Produced
YSC1790167929 New Card Is Being Produced
YSC1790167930 Case Was Received
YSC1790167931 New Card Is Being Produced
YSC1790167932 Case Was Received
YSC1790167933 New Card Is Being Produced
YSC1790167934 Case Was Received
YSC1790167935 Case Was Received
YSC1790167936 Case Was Received
YSC1790167937 Case Was Received
YSC1790167938 Card Was Mailed To Me
YSC1790167939 Case Was Received
YSC1790167940 Card Was Mailed To Me
YSC1790167941 Case Was Received
YSC1790167942 New Card Is Being Produced
YSC1790167943 New Card Is Being Produced
YSC1790167944 New Card Is Being Produced
YSC1790167945 Case Was Received
YSC1790167946 Card Was Mailed To Me
YSC1790167947 Case Was Received
YSC1790167948 Card Was Mailed To Me
YSC1790167949 Card Was Mailed To Me
YSC1790167950 Card Was Mailed To Me
YSC1790167951 New Card Is Being Produced
YSC1790167952 Case Was Received
YSC1790167953 Case Was Received
YSC1790167954 New Card Is Being Produced
YSC1790167955 Card Was Mailed To Me
YSC1790167956 New Card Is Being Produced
YSC1790167957 New Card Is Being Produced
YSC1790167958 Case Was Received
YSC1790167959 Case Was Received
YSC1790167960 Case Was Received
YSC1790167961 New Card Is Being Produced
YSC1790167962 New Card Is Being Produced
YSC1790167963 New Card Is Being Produced
YSC1790167964 Case Was Received
YSC1790167965 New Card Is Being Produced
YSC1790167966 Case Was Received
YSC1790167967 New Card Is Being Produced
YSC1790167968 Case Was Received
YSC1790167969 New Card Is Being Produced
YSC1790167970 Card Was Mailed To Me
YSC1790167971 Case Was Received
YSC1790167972 Case Was Received
YSC1790167973 New Card Is Being Produced
YSC1790167974 Case Was Received
YSC1790167975 Case Was Received
YSC1790167976 Decision Notice Mailed
YSC1790167977 New Card Is Being Produced
YSC1790167978 New Card Is Being Produced
YSC1790167979 Case Was Received
YSC1790167980 Case Was Received
YSC1790167981 Case Was Received
YSC1790167982 New Card Is Being Produced
YSC1790167983 Case Was Received
YSC1790167984 Card Was Mailed To Me
YSC1790167985 New Card Is Being Produced
YSC1790167986 New Card Is Being Produced
YSC1790167987 Case Was Received
YSC1790167988 Case Was Received
YSC1790167989 Case Was Received
YSC1790167990 New Card Is Being Produced
YSC1790167991 Card Was Mailed To Me
YSC1790167992 New Card Is Being Produced
YSC1790167993 Case Was Received
YSC1790167994 Case Was Received
YSC1790167995 Case Was Received
YSC1790167996 New Card Is Being Produced
YSC1790167997 Case Was Received
YSC1790167998 Case Was Received
YSC1790167999 Case Was Received
YSC1790168000 Case Was Received
