YSC1790170000 Case Was Received
YSC1790170001 Case Was Received
YSC1790170002 Case Was Received
YSC1790170003 Case Was Received
YSC1790170004 Case Was Received
YSC1790170005 New Card Is Being Produced
YSC1790170006 New Card Is Being Produced
YSC1790170007 Case Was Received
YSC1790170008 Case Was Received
YSC1790170009 Notice Was Returned To USCIS Because The Post Office Could Not Deliver It
YSC1790170010 Case Was Received
YSC1790170011 Case Was Received
YSC1790170012 Case Was Received
YSC1790170013 Case Was Received
YSC1790170014 Case Was Received
YSC1790170015 Card Was Mailed To Me
YSC1790170016 Case Was Received
YSC1790170017 New Card Is Being Produced
YSC1790170018 Case Was Received
YSC1790170019 Case Was Received
YSC1790170020 Case Was Received
YSC1790170021 Case Was Received
YSC1790170022 New Card Is Being Produced
YSC1790170023 New Card Is Being Produced
YSC1790170024 Case Was Received
YSC1790170025 Case Was Received
YSC1790170026 New Card Is Being Produced
YSC1790170027 New Card Is Being Produced
YSC1790170028 New Card Is Being Produced
YSC1790170029 Case Was Received
YSC1790170030 New Card Is Being Produced
YSC1790170031 Case Was Received
YSC1790170032 New Card Is Being Produced
YSC1790170033 New Card Is Being Produced
YSC1790170034 Case Was Received
YSC1790170035 New Card Is Being Produced
YSC1790170036 Case Was Received
YSC1790170037 Case Was Received
YSC1790170038 Case Was Received
YSC1790170039 New Card Is Being Produced
YSC1790170040 New Card Is Being Produced
YSC1790170041 Case Was Received
YSC1790170042 New Card Is Being Produced
YSC1790170043 New Card Is Being Produced
YSC1790170044 New Card Is Being Produced
YSC1790170045 Case Was Received
YSC1790170046 Case Was Received
YSC1790170047 Case Was Received
YSC1790170048 Case Was Received
YSC1790170049 Case Was Received
YSC1790170050 New Card Is Being Produced
YSC1790170051 New Card Is Being Produced
YSC1790170052 Case Was Received
YSC1790170053 New Card Is Being Produced
YSC1790170054 New Card Is Being Produced
YSC1790170055 New Card Is Being Produced
YSC1790170056 Case Was Received
YSC1790170057 Case Was Received
YSC1790170058 Case Was Received
YSC1790170059 Card Was Mailed To Me
YSC1790170060 Case Was Received
YSC1790170061 Case Was Received
YSC1790170062 Case Was Received
YSC1790170063 Case Was Received
YSC1790170064 Case Was Received
YSC1790170065 Card Was Mailed To Me
YSC1790170066 Case Was Received
YSC1790170067 Case Was Received
YSC1790170068 Case Was Received
YSC1790170069 Name Was Updated
YSC1790170070 New Card Is Being Produced
YSC1790170071 Case Was Received
YSC1790170072 Case Was Received
YSC1790170073 Case Was Received
YSC1790170074 Case Was Received
YSC1790170075 Case Was Received
YSC1790170076 Case Was Received
YSC1790170077 Case Was Received
YSC1790170078 Case Was Received
YSC1790170079 Case Was Received
YSC1790170080 Case Was Received
YSC1790170081 Case Was Received
YSC1790170082 Case Was Received
YSC1790170083 Case Was Received
YSC1790170084 Case Was Received
YSC1790170085 Case Was Received
YSC1790170086 Case Was Received
YSC1790170087 Case Was Received
YSC1790170088 Case Was Received
YSC1790170089 Case Was Received
YSC1790170090 Case Was Received
YSC1790170091 Case Was Received
YSC1790170092 Case Was Received
YSC1790170093 Case Was Received
YSC1790170094 Case Was Received
YSC1790170095 Case Was Received
YSC1790170096 Case Was Received
YSC1790170097 Case Was Received
YSC1790170098 Case Was Received
YSC1790170099 Case Was Received
YSC1790170100 New Card Is Being Produced
YSC1790170101 Case Was Received
YSC1790170102 Case Was Received
YSC1790170103 Case Was Received
YSC1790170104 Case Was Received
YSC1790170105 Case Was Received
YSC1790170106 Case Was Received
YSC1790170107 Case Was Received
YSC1790170108 Case Was Received
YSC1790170109 Case Was Received
YSC1790170110 Case Was Received
YSC1790170111 Case Was Received
YSC1790170112 Case Was Received
YSC1790170113 Case Was Received
YSC1790170114 Case Was Received
YSC1790170115 Case Was Received
YSC1790170116 Case Was Received
YSC1790170117 Case Was Received
YSC1790170118 Case Was Received
YSC1790170119 Case Was Received
YSC1790170120 Case Was Received
YSC1790170121 Case Was Received
YSC1790170122 Case Was Received
YSC1790170123 Case Rejected Because The Version Of The Form I Sent Is No Longer Accepted
YSC1790170124 Case Was Received
YSC1790170125 New Card Is Being Produced
YSC1790170126 New Card Is Being Produced
YSC1790170127 New Card Is Being Produced
YSC1790170128 New Card Is Being Produced
YSC1790170129 New Card Is Being Produced
YSC1790170130 Case Was Received
YSC1790170131 Case Was Received
YSC1790170132 Case Was Received
YSC1790170133 New Card Is Being Produced
YSC1790170134 Case Was Received
YSC1790170135 Case Was Received
YSC1790170136 Case Was Received
YSC1790170137 New Card Is Being Produced
YSC1790170138 Case Was Received
YSC1790170139 Case Was Received
YSC1790170140 Case Was Received
YSC1790170141 Case Was Received
YSC1790170142 Case Was Received
YSC1790170143 Case Was Received
YSC1790170144 Case Was Received
YSC1790170145 Correspondence Was Received And USCIS Is Reviewing It
YSC1790170146 Case Was Received
YSC1790170147 Case Was Received
YSC1790170148 Case Was Received
YSC1790170149 Case Was Received
YSC1790170150 Case Was Received
YSC1790170151 Case Was Received
YSC1790170152 Case Was Received
YSC1790170153 Case Was Received
YSC1790170154 Case Was Received
YSC1790170155 Case Was Received
YSC1790170156 Case Was Received
YSC1790170157 Case Was Received
YSC1790170158 Case Was Received
YSC1790170159 Case Was Received
YSC1790170160 Case Was Received
YSC1790170161 Card Was Mailed To Me
YSC1790170162 Case Was Received
YSC1790170163 Case Was Received
YSC1790170164 Case Was Received
YSC1790170165 Case Was Received
YSC1790170166 Case Was Received
YSC1790170167 Case Was Received
YSC1790170168 Case Was Received
YSC1790170169 Case Was Received
YSC1790170170 Case Was Received
YSC1790170171 Case Was Received
YSC1790170172 Case Was Received
YSC1790170173 Case Was Received
YSC1790170174 Case Was Received
YSC1790170175 Case Was Received
YSC1790170176 Case Was Received
YSC1790170177 Case Was Received
YSC1790170178 Case Was Received
YSC1790170179 Case Was Received
YSC1790170180 Case Was Received
YSC1790170181 Notice Was Returned To USCIS Because The Post Office Could Not Deliver It
YSC1790170182 Case Was Received
YSC1790170183 Case Was Received
YSC1790170184 Case Was Received
YSC1790170185 Case Was Received
YSC1790170186 Case Was Received
YSC1790170187 Case Was Received
YSC1790170188 Case Was Received
YSC1790170189 Case Was Received
YSC1790170190 Case Was Received
YSC1790170191 Case Was Received
YSC1790170192 Case Was Received
YSC1790170193 Case Was Received
YSC1790170194 Case Was Received
YSC1790170195 Case Was Received
YSC1790170196 Case Was Received
YSC1790170197 Case Was Received
YSC1790170198 Case Was Received
YSC1790170199 Case Was Received
YSC1790170200 Case Was Received
YSC1790170201 Case Was Received
YSC1790170202 Case Was Received
YSC1790170203 Case Was Received
YSC1790170204 Case Was Received
YSC1790170205 Case Was Received
YSC1790170206 New Card Is Being Produced
YSC1790170207 Case Was Received
YSC1790170208 Case Was Received
YSC1790170209 Case Was Received
YSC1790170210 Case Was Received
YSC1790170211 Case Was Received
YSC1790170212 Case Was Received
YSC1790170213 Case Was Received
YSC1790170214 Case Was Received
YSC1790170215 Case Was Received
YSC1790170216 Case Was Received
YSC1790170217 Case Was Received
YSC1790170218 Case Was Received
YSC1790170219 Case Was Received
YSC1790170220 Case Was Received
YSC1790170221 Case Was Received
YSC1790170222 Case Was Received
YSC1790170223 New Card Is Being Produced
YSC1790170224 Case Was Received
YSC1790170225 Case Was Received
YSC1790170226 Case Was Received
YSC1790170227 Case Was Received
YSC1790170228 Case Was Received
YSC1790170229 Case Was Received
YSC1790170230 Case Was Received
YSC1790170231 Case Was Received
YSC1790170232 Case Was Received
YSC1790170233 Case Was Received
YSC1790170234 Case Was Received
YSC1790170235 Case Was Received
YSC1790170236 Notice Was Returned To USCIS Because The Post Office Could Not Deliver It
YSC1790170237 Case Was Received
YSC1790170238 Case Was Received
YSC1790170239 Case Was Received
YSC1790170240 Case Was Received
YSC1790170241 Case Was Received
YSC1790170242 Case Was Received
YSC1790170243 Case Was Received
YSC1790170244 Case Was Received
YSC1790170245 Case Was Received
YSC1790170246 Case Was Received
YSC1790170247 Case Was Received
YSC1790170248 Case Was Received
YSC1790170249 Case Was Received
YSC1790170250 Case Was Received
YSC1790170251 Case Was Received
YSC1790170252 New Card Is Being Produced
YSC1790170253 Case Was Received
YSC1790170254 Case Was Received
YSC1790170255 New Card Is Being Produced
YSC1790170256 New Card Is Being Produced
YSC1790170257 Case Was Received
YSC1790170258 Case Was Received
YSC1790170259 Case Was Received
YSC1790170260 Case Was Received
YSC1790170261 Case Was Received
YSC1790170262 Case Was Received
YSC1790170263 Case Was Received
YSC1790170264 New Card Is Being Produced
YSC1790170265 New Card Is Being Produced
YSC1790170266 Case Was Received
YSC1790170267 Case Was Received
YSC1790170268 New Card Is Being Produced
YSC1790170269 New Card Is Being Produced
YSC1790170270 Date of Birth Was Updated
YSC1790170271 New Card Is Being Produced
YSC1790170272 Case Was Received
YSC1790170273 New Card Is Being Produced
YSC1790170274 Case Was Received
YSC1790170275 Case Was Received
YSC1790170276 Case Was Received
YSC1790170277 Case Was Received
YSC1790170278 Case Was Received
YSC1790170279 Case Was Received
YSC1790170280 Case Was Received
YSC1790170281 Notice Was Returned To USCIS Because The Post Office Could Not Deliver It
YSC1790170282 Case Was Received
YSC1790170283 Case Was Received
YSC1790170284 Case Was Received
YSC1790170285 Case Was Received
YSC1790170286 Case Was Received
YSC1790170287 Case Was Received
YSC1790170288 Case Was Received
YSC1790170289 Case Was Received
YSC1790170290 Case Was Received
YSC1790170291 Case Was Received
YSC1790170292 New Card Is Being Produced
YSC1790170293 New Card Is Being Produced
YSC1790170294 Case Was Received
YSC1790170295 Case Was Received
YSC1790170296 New Card Is Being Produced
YSC1790170297 Case Was Received
YSC1790170298 Case Was Received
YSC1790170299 Case Was Received
YSC1790170300 New Card Is Being Produced
YSC1790170301 New Card Is Being Produced
YSC1790170302 Case Was Received
YSC1790170303 New Card Is Being Produced
YSC1790170304 New Card Is Being Produced
YSC1790170305 New Card Is Being Produced
YSC1790170306 Case Was Received
YSC1790170307 Case Was Received
YSC1790170308 New Card Is Being Produced
YSC1790170309 Notice Was Returned To USCIS Because The Post Office Could Not Deliver It
YSC1790170310 New Card Is Being Produced
YSC1790170311 Case Was Received
YSC1790170312 Case Was Received
YSC1790170313 New Card Is Being Produced
YSC1790170314 New Card Is Being Produced
YSC1790170315 New Card Is Being Produced
YSC1790170316 New Card Is Being Produced
YSC1790170317 Case Was Received
YSC1790170318 Case Was Received
YSC1790170319 New Card Is Being Produced
YSC1790170320 Case Was Received
YSC1790170321 Case Was Received
YSC1790170322 Case Was Received
YSC1790170323 Case Was Received
YSC1790170324 Case Was Received
YSC1790170325 Case Was Received
YSC1790170326 Case Was Received
YSC1790170327 Case Was Received
YSC1790170328 Case Was Received
YSC1790170329 Case Was Received
YSC1790170330 Case Was Received
YSC1790170331 New Card Is Being Produced
YSC1790170332 Case Was Received
YSC1790170333 Case Was Received
YSC1790170334 Case Was Received
YSC1790170335 Case Was Received
YSC1790170336 Case Was Received
YSC1790170337 Case Was Received
YSC1790170338 Case Was Received
YSC1790170339 Case Was Received
YSC1790170340 Case Was Received
YSC1790170341 Case Was Received
YSC1790170342 Case Was Received
YSC1790170343 Case Was Received
YSC1790170344 Case Was Received
YSC1790170345 Case Was Received
YSC1790170346 Case Was Received
YSC1790170347 Case Was Received
YSC1790170348 Case Was Received
YSC1790170349 Case Rejected Because The Version Of The Form I Sent Is No Longer Accepted
YSC1790170350 Case Was Received
YSC1790170351 Case Was Received
YSC1790170352 Case Was Received
YSC1790170353 Case Was Received
YSC1790170354 Case Was Received
YSC1790170355 Case Was Received
YSC1790170356 New Card Is Being Produced
YSC1790170357 Case Was Received
YSC1790170358 Case Was Received
YSC1790170359 Case Was Received
YSC1790170360 New Card Is Being Produced
YSC1790170361 Case Was Received
YSC1790170362 New Card Is Being Produced
YSC1790170363 New Card Is Being Produced
YSC1790170364 Case Was Received
YSC1790170365 Case Was Received
YSC1790170366 Case Was Received
YSC1790170367 Decision Notice Mailed
YSC1790170368 Case Was Received
YSC1790170369 Case Was Received
YSC1790170370 Case Was Received
YSC1790170371 Case Was Received
YSC1790170372 Case Was Received
YSC1790170373 Case Was Received
YSC1790170374 Case Was Received
YSC1790170375 Case Was Received
YSC1790170376 Case Was Received
YSC1790170377 Case Was Received
YSC1790170378 Case Was Received
YSC1790170379 Case Was Received
YSC1790170380 Case Was Received
YSC1790170381 Case Was Received
YSC1790170382 Case Was Received
YSC1790170383 Case Was Received
YSC1790170384 Case Was Received
YSC1790170385 Case Was Received
YSC1790170386 Case Was Received
YSC1790170387 Case Was Received
YSC1790170388 Case Was Received
YSC1790170389 Case Was Received
YSC1790170390 Case Was Received
YSC1790170391 Case Was Received
YSC1790170392 Case Was Received
YSC1790170393 Card Was Mailed To Me
YSC1790170394 Card Was Mailed To Me
YSC1790170395 Case Was Received
YSC1790170396 Case Was Received
YSC1790170397 Case Was Received
YSC1790170398 Case Was Received
YSC1790170399 Case Was Received
YSC1790170400 Case Was Received
YSC1790170401 Case Was Received
YSC1790170402 Case Was Transferred And A New Office Has Jurisdiction
YSC1790170403 Case Was Received
YSC1790170404 Case Was Received
YSC1790170405 Case Was Received
YSC1790170406 Case Was Received
YSC1790170407 Case Was Received
YSC1790170408 Case Was Received
YSC1790170409 Case Was Received
YSC1790170410 Case Was Received
YSC1790170411 Case Was Received
YSC1790170412 Case Was Received
YSC1790170413 Case Was Received
YSC1790170414 Case Was Rejected Because I Did Not Sign My Form
YSC1790170415 Case Was Rejected Because I Did Not Sign My Form
YSC1790170416 Case Rejected Because The Version Of The Form I Sent Is No Longer Accepted
YSC1790170417 Case Was Received
YSC1790170418 Notice Was Returned To USCIS Because The Post Office Could Not Deliver It
YSC1790170419 Case Was Received
YSC1790170420 Case Was Received
YSC1790170421 Case Was Received
YSC1790170422 Case Was Received
YSC1790170423 Case Was Received
YSC1790170424 Case Was Received
YSC1790170425 Case Was Received
YSC1790170426 Case Was Received
YSC1790170427 Case Was Received
YSC1790170428 Case Was Received
YSC1790170429 Case Was Received
YSC1790170430 Case Was Received
YSC1790170431 Case Was Received
YSC1790170432 Case Was Received
YSC1790170433 Case Was Received
YSC1790170434 Case Was Received
YSC1790170435 Case Was Received
YSC1790170436 Case Was Received
YSC1790170437 Case Was Received
YSC1790170438 Case Was Received
YSC1790170439 Case Was Received
YSC1790170440 Case Was Received
YSC1790170441 Case Was Received
YSC1790170442 New Card Is Being Produced
YSC1790170443 Case Was Received
YSC1790170444 Case Rejected Because The Version Of The Form I Sent Is No Longer Accepted
YSC1790170445 Case Rejected Because The Version Of The Form I Sent Is No Longer Accepted
YSC1790170446 Case Was Received
YSC1790170447 Case Was Received
YSC1790170448 Case Was Received
YSC1790170449 Case Was Received
YSC1790170450 Case Was Received
YSC1790170451 Case Was Received
YSC1790170452 Case Was Received
YSC1790170453 Case Was Received
YSC1790170454 Case Was Received
YSC1790170455 Case Was Received
YSC1790170456 Case Was Received
YSC1790170457 Case Was Received
YSC1790170458 Case Was Received
YSC1790170459 Case Was Received
YSC1790170460 New Card Is Being Produced
YSC1790170461 Case Was Received
YSC1790170462 Case Was Received
YSC1790170463 Case Was Received
YSC1790170464 Case Was Received
YSC1790170465 Case Was Received
YSC1790170466 Case Was Received
YSC1790170467 Case Was Received
YSC1790170468 Case Was Received
YSC1790170469 Case Was Received
YSC1790170470 Case Was Received
YSC1790170471 Case Was Received
YSC1790170472 Case Was Received
YSC1790170473 Case Was Received
YSC1790170474 Case Was Received
YSC1790170475 Case Was Received
YSC1790170476 Case Was Received
YSC1790170477 New Card Is Being Produced
YSC1790170478 Case Was Received
YSC1790170479 Case Was Received
YSC1790170480 Case Was Received
YSC1790170481 Case Was Received
YSC1790170482 Case Was Received
YSC1790170483 Notice Was Returned To USCIS Because The Post Office Could Not Deliver It
YSC1790170484 Case Was Received
YSC1790170485 Notice Was Returned To USCIS Because The Post Office Could Not Deliver It
YSC1790170486 Notice Was Returned To USCIS Because The Post Office Could Not Deliver It
YSC1790170487 Case Was Received
YSC1790170488 New Card Is Being Produced
YSC1790170489 New Card Is Being Produced
YSC1790170490 Notice Was Returned To USCIS Because The Post Office Could Not Deliver It
YSC1790170491 Case Was Received
YSC1790170492 Case Was Received
YSC1790170493 Case Was Received
YSC1790170494 Notice Was Returned To USCIS Because The Post Office Could Not Deliver It
YSC1790170495 Case Was Received
YSC1790170496 Case Was Received
YSC1790170497 Case Was Received
YSC1790170498 Case Was Received
YSC1790170499 Case Was Received
YSC1790170500 Case Was Received
