YSC1790165500 Case Was Received
YSC1790165501 Card Was Mailed To Me
YSC1790165502 New Card Is Being Produced
YSC1790165503 New Card Is Being Produced
YSC1790165504 New Card Is Being Produced
YSC1790165505 Card Was Mailed To Me
YSC1790165506 Card Was Mailed To Me
YSC1790165507 New Card Is Being Produced
YSC1790165508 New Card Is Being Produced
YSC1790165509 Card Was Mailed To Me
YSC1790165510 Case Was Received
YSC1790165511 Date of Birth Was Updated
YSC1790165512 Case Was Received
YSC1790165513 Case Was Received
YSC1790165514 Case Was Received
YSC1790165515 Case Was Received
YSC1790165516 Case Was Received
YSC1790165517 Case Was Received
YSC1790165518 Case Was Received
YSC1790165519 New Card Is Being Produced
YSC1790165520 Case Was Received
YSC1790165521 Card Was Mailed To Me
YSC1790165522 Case Was Received
YSC1790165523 New Card Is Being Produced
YSC1790165524 New Card Is Being Produced
YSC1790165525 New Card Is Being Produced
YSC1790165526 Case Was Received
YSC1790165527 Case Was Received
YSC1790165528 New Card Is Being Produced
YSC1790165529 Case Was Received
YSC1790165530 Card Was Mailed To Me
YSC1790165531 Case Was Received
YSC1790165532 Case Was Received
YSC1790165533 Case Was Received
YSC1790165534 Case Was Received
YSC1790165535 Card Was Mailed To Me
YSC1790165536 Card Was Mailed To Me
YSC1790165537 Card Was Mailed To Me
YSC1790165538 Card Was Mailed To Me
YSC1790165539 Case Was Received
YSC1790165540 New Card Is Being Produced
YSC1790165541 Case Was Received
YSC1790165542 Card Was Mailed To Me
YSC1790165543 Case Was Received
YSC1790165544 New Card Is Being Produced
YSC1790165545 New Card Is Being Produced
YSC1790165546 Card Was Mailed To Me
YSC1790165547 Case Was Received
YSC1790165548 New Card Is Being Produced
YSC1790165549 Card Was Mailed To Me
YSC1790165550 Case Was Received
YSC1790165551 Card Was Mailed To Me
YSC1790165552 Card Was Mailed To Me
YSC1790165553 Case Was Received
YSC1790165554 Card Was Mailed To Me
YSC1790165555 Case Was Received
YSC1790165556 Case Was Received
YSC1790165557 Card Was Mailed To Me
YSC1790165558 Name Was Updated
YSC1790165559 Case Was Received
YSC1790165560 New Card Is Being Produced
YSC1790165561 Card Was Mailed To Me
YSC1790165562 Card Was Mailed To Me
YSC1790165563 New Card Is Being Produced
YSC1790165564 Case Was Received
YSC1790165565 Name Was Updated
YSC1790165566 New Card Is Being Produced
YSC1790165567 Card Was Mailed To Me
YSC1790165568 Card Was Mailed To Me
YSC1790165569 Card Was Mailed To Me
YSC1790165570 Case Was Received
YSC1790165571 Case Was Received
YSC1790165572 Case Was Received
YSC1790165573 New Card Is Being Produced
YSC1790165574 Card Was Mailed To Me
YSC1790165575 Card Was Mailed To Me
YSC1790165576 New Card Is Being Produced
YSC1790165577 New Card Is Being Produced
YSC1790165578 Case Was Received
YSC1790165579 Case Was Received
YSC1790165580 Card Was Mailed To Me
YSC1790165581 Card Was Mailed To Me
YSC1790165582 Card Was Mailed To Me
YSC1790165583 Card Was Mailed To Me
YSC1790165584 Case Was Received
YSC1790165585 New Card Is Being Produced
YSC1790165586 Card Was Mailed To Me
YSC1790165587 Case Was Received
YSC1790165588 Name Was Updated
YSC1790165589 Card Was Mailed To Me
YSC1790165590 Card Was Mailed To Me
YSC1790165591 Case Was Received
YSC1790165592 Case Was Received
YSC1790165593 Case Was Received
YSC1790165594 Case Was Received
YSC1790165595 Case Was Received
YSC1790165596 Card Was Mailed To Me
YSC1790165597 Card Was Mailed To Me
YSC1790165598 Case Was Received
YSC1790165599 Case Was Received
YSC1790165600 New Card Is Being Produced
YSC1790165601 Case Was Received
YSC1790165602 Case Was Received
YSC1790165603 New Card Is Being Produced
YSC1790165604 Case Was Received
YSC1790165605 New Card Is Being Produced
YSC1790165606 Card Was Mailed To Me
YSC1790165607 Request for Initial Evidence Was Mailed
YSC1790165608 Card Was Mailed To Me
YSC1790165609 New Card Is Being Produced
YSC1790165610 Case Was Received
YSC1790165611 Card Was Mailed To Me
YSC1790165612 Case Was Received
YSC1790165613 Card Was Mailed To Me
YSC1790165614 Case Was Received
YSC1790165615 Card Was Mailed To Me
YSC1790165616 Case Was Received
YSC1790165617 Case Was Received
YSC1790165618 New Card Is Being Produced
YSC1790165619 Card Was Mailed To Me
YSC1790165620 Notice Was Returned To USCIS Because The Post Office Could Not Deliver It
YSC1790165621 Card Was Mailed To Me
YSC1790165622 Case Was Received
YSC1790165623 Case Was Received
YSC1790165624 Card Was Mailed To Me
YSC1790165625 Correspondence Was Received And USCIS Is Reviewing It
YSC1790165626 Card Was Mailed To Me
YSC1790165627 Card Was Mailed To Me
YSC1790165628 Card Was Mailed To Me
YSC1790165629 Case Was Received
YSC1790165630 Case Was Received
YSC1790165631 Case Was Received
YSC1790165632 Card Was Mailed To Me
YSC1790165633 Case Was Received
YSC1790165634 Case Was Received
YSC1790165635 Case Was Received
YSC1790165636 Card Was Mailed To Me
YSC1790165637 Case Was Received
YSC1790165638 Case Was Received
YSC1790165639 Case Was Received
YSC1790165640 Case Was Received
YSC1790165641 New Card Is Being Produced
YSC1790165642 Case Was Received
YSC1790165643 Card Was Mailed To Me
YSC1790165644 New Card Is Being Produced
YSC1790165645 Case Was Received
YSC1790165646 Card Was Mailed To Me
YSC1790165647 Card Was Mailed To Me
YSC1790165648 Card Was Mailed To Me
YSC1790165649 Case Was Received
YSC1790165650 Card Was Mailed To Me
YSC1790165651 Card Was Mailed To Me
YSC1790165652 New Card Is Being Produced
YSC1790165653 Card Was Mailed To Me
YSC1790165654 New Card Is Being Produced
YSC1790165655 Case Was Received
YSC1790165656 Case Was Received
YSC1790165657 Case Was Received
YSC1790165658 Case Was Received
YSC1790165659 Case Was Received
YSC1790165660 Case Was Received
YSC1790165661 Case Was Received
YSC1790165662 Case Was Received
YSC1790165663 New Card Is Being Produced
YSC1790165664 Case Was Received
YSC1790165665 Case Was Received
YSC1790165666 Card Was Mailed To Me
YSC1790165667 New Card Is Being Produced
YSC1790165668 New Card Is Being Produced
YSC1790165669 New Card Is Being Produced
YSC1790165670 New Card Is Being Produced
YSC1790165671 Request for Initial Evidence Was Mailed
YSC1790165672 Card Was Mailed To Me
YSC1790165673 Case Was Received
YSC1790165674 New Card Is Being Produced
YSC1790165675 Case Was Received
YSC1790165676 Card Was Mailed To Me
YSC1790165677 New Card Is Being Produced
YSC1790165678 Case Was Received
YSC1790165679 New Card Is Being Produced
YSC1790165680 Card Was Mailed To Me
YSC1790165681 Case Was Received
YSC1790165682 Case Was Received
YSC1790165683 Card Was Mailed To Me
YSC1790165684 Card Was Mailed To Me
YSC1790165685 Card Was Mailed To Me
YSC1790165686 Case Was Received
YSC1790165687 Card Was Mailed To Me
YSC1790165688 Case Was Received
YSC1790165689 Case Was Received
YSC1790165690 Name Was Updated
YSC1790165691 Card Was Mailed To Me
YSC1790165692 Case Was Received
YSC1790165693 Case Was Received
YSC1790165694 Card Was Mailed To Me
YSC1790165695 New Card Is Being Produced
YSC1790165696 Case Was Received
YSC1790165697 Case Was Received
YSC1790165698 Case Was Received
YSC1790165699 Case Was Received
YSC1790165700 Case Was Received
YSC1790165701 Card Was Mailed To Me
YSC1790165702 Card Was Mailed To Me
YSC1790165703 Case Was Received
YSC1790165704 Case Was Received
YSC1790165705 Case Was Received
YSC1790165706 New Card Is Being Produced
YSC1790165707 Card Was Mailed To Me
YSC1790165708 Card Was Mailed To Me
YSC1790165709 Case Was Received
YSC1790165710 Case Was Received
YSC1790165711 Case Was Received
YSC1790165712 Card Was Mailed To Me
YSC1790165713 Notice Was Returned To USCIS Because The Post Office Could Not Deliver It
YSC1790165714 Card Was Mailed To Me
YSC1790165715 Case Was Received
YSC1790165716 Card Was Mailed To Me
YSC1790165717 Card Was Mailed To Me
YSC1790165718 New Card Is Being Produced
YSC1790165719 Card Was Mailed To Me
YSC1790165720 New Card Is Being Produced
YSC1790165721 Case Was Received
YSC1790165722 Case Was Received
YSC1790165723 Case Was Received
YSC1790165724 Card Was Mailed To Me
YSC1790165725 Card Was Mailed To Me
YSC1790165726 Case Was Received
YSC1790165727 Case Was Received
YSC1790165728 Card Was Mailed To Me
YSC1790165729 Case Was Received
YSC1790165730 Fees Were Waived
YSC1790165731 Case Was Received
YSC1790165732 Case Was Received
YSC1790165733 Case Was Received
YSC1790165734 Case Was Received
YSC1790165735 Card Was Mailed To Me
YSC1790165736 New Card Is Being Produced
YSC1790165737 Case Was Received
YSC1790165738 Card Was Mailed To Me
YSC1790165739 Card Was Mailed To Me
YSC1790165740 Card Was Mailed To Me
YSC1790165741 Card Was Mailed To Me
YSC1790165742 Case Was Received
YSC1790165743 Card Was Mailed To Me
YSC1790165744 Case Was Received
YSC1790165745 Card Was Mailed To Me
YSC1790165746 Card Was Mailed To Me
YSC1790165747 Case Was Received
YSC1790165748 Card Was Mailed To Me
YSC1790165749 Card Was Mailed To Me
YSC1790165750 Case Was Received
YSC1790165751 Case Was Received
YSC1790165752 Case Was Received
YSC1790165753 Case Was Received
YSC1790165754 Card Was Mailed To Me
YSC1790165755 Card Was Mailed To Me
YSC1790165756 Request for Initial Evidence Was Mailed
YSC1790165757 Correspondence Was Received And USCIS Is Reviewing It
YSC1790165758 New Card Is Being Produced
YSC1790165759 Case Was Received
YSC1790165760 Case Was Received
YSC1790165761 Case Was Received
YSC1790165762 Card Was Mailed To Me
YSC1790165763 Case Was Received
YSC1790165764 Case Was Received
YSC1790165765 Case Was Received
YSC1790165766 Card Was Mailed To Me
YSC1790165767 Case Was Received
YSC1790165768 Card Was Mailed To Me
YSC1790165769 Notice Was Returned To USCIS Because The Post Office Could Not Deliver It
YSC1790165770 New Card Is Being Produced
YSC1790165771 Case Was Received
YSC1790165772 Case Was Received
YSC1790165773 Case Was Received
YSC1790165774 Case Was Received
YSC1790165775 Card Was Mailed To Me
YSC1790165776 Case Was Received
YSC1790165777 New Card Is Being Produced
YSC1790165778 Card Was Mailed To Me
YSC1790165779 Case Was Received
YSC1790165780 Case Was Received
YSC1790165781 Case Was Received
YSC1790165782 Card Was Mailed To Me
YSC1790165783 Case Was Received
YSC1790165784 Request for Initial Evidence Was Mailed
YSC1790165785 Card Was Mailed To Me
YSC1790165786 Case Was Received
YSC1790165787 Card Was Mailed To Me
YSC1790165788 New Card Is Being Produced
YSC1790165789 Case Was Rejected Because I Did Not Sign My Form
YSC1790165790 Case Was Received
YSC1790165791 Card Was Mailed To Me
YSC1790165792 New Card Is Being Produced
YSC1790165793 Card Was Mailed To Me
YSC1790165794 Case Was Received
YSC1790165795 New Card Is Being Produced
YSC1790165796 Card Was Mailed To Me
YSC1790165797 Case Was Received
YSC1790165798 New Card Is Being Produced
YSC1790165799 Card Was Mailed To Me
YSC1790165800 Notice Was Returned To USCIS Because The Post Office Could Not Deliver It
YSC1790165801 Case Was Received
YSC1790165802 Card Was Mailed To Me
YSC1790165803 Case Was Received
YSC1790165804 Case Was Received
YSC1790165805 Case Was Received
YSC1790165806 Case Was Received
YSC1790165807 New Card Is Being Produced
YSC1790165808 Case Was Received
YSC1790165809 Case Was Received
YSC1790165810 Case Was Received
YSC1790165811 New Card Is Being Produced
YSC1790165812 New Card Is Being Produced
YSC1790165813 New Card Is Being Produced
YSC1790165814 Request for Initial Evidence Was Mailed
YSC1790165815 New Card Is Being Produced
YSC1790165816 Case Was Received
YSC1790165817 Card Was Mailed To Me
YSC1790165818 New Card Is Being Produced
YSC1790165819 New Card Is Being Produced
YSC1790165820 New Card Is Being Produced
YSC1790165821 Case Was Received
YSC1790165822 Case Was Received
YSC1790165823 Case Was Received
YSC1790165824 Card Was Mailed To Me
YSC1790165825 Case Was Received
YSC1790165826 Card Was Mailed To Me
YSC1790165827 Case Was Received
YSC1790165828 Case Was Received
YSC1790165829 New Card Is Being Produced
YSC1790165830 Case Was Received
YSC1790165831 Case Was Received
YSC1790165832 Case Was Received
YSC1790165833 Case Was Received
YSC1790165834 New Card Is Being Produced
YSC1790165835 Card Was Mailed To Me
YSC1790165836 Case Was Received
YSC1790165837 Case Was Received
YSC1790165838 Card Was Mailed To Me
YSC1790165839 Case Was Received
YSC1790165840 Case Was Received
YSC1790165841 Case Was Received
YSC1790165842 Decision Notice Mailed
YSC1790165843 Case Was Received
YSC1790165844 Card Was Mailed To Me
YSC1790165845 Case Was Received
YSC1790165846 Case Was Received
YSC1790165847 Case Was Received
YSC1790165848 Card Was Mailed To Me
YSC1790165849 Case Was Received
YSC1790165850 New Card Is Being Produced
YSC1790165851 New Card Is Being Produced
YSC1790165852 New Card Is Being Produced
YSC1790165853 Case Was Received
YSC1790165854 Case Was Received
YSC1790165855 Case Was Received
YSC1790165856 Card Was Mailed To Me
YSC1790165857 Case Was Received
YSC1790165858 Case Was Received
YSC1790165859 Case Was Received
YSC1790165860 Card Was Mailed To Me
YSC1790165861 Name Was Updated
YSC1790165862 Card Was Mailed To Me
YSC1790165863 Case Was Received
YSC1790165864 Case Was Received
YSC1790165865 Card Was Mailed To Me
YSC1790165866 Card Was Mailed To Me
YSC1790165867 Case Was Received
YSC1790165868 Case Was Received
YSC1790165869 Name Was Updated
YSC1790165870 Card Was Mailed To Me
YSC1790165871 Name Was Updated
YSC1790165872 Case Was Received
YSC1790165873 Card Was Mailed To Me
YSC1790165874 New Card Is Being Produced
YSC1790165875 Card Was Mailed To Me
YSC1790165876 Card Was Mailed To Me
YSC1790165877 New Card Is Being Produced
YSC1790165878 Case Was Received
YSC1790165879 Card Was Mailed To Me
YSC1790165880 Case Was Received
YSC1790165881 Card Was Mailed To Me
YSC1790165882 Card Was Mailed To Me
YSC1790165883 New Card Is Being Produced
YSC1790165884 Card Was Mailed To Me
YSC1790165885 Card Was Mailed To Me
YSC1790165886 New Card Is Being Produced
YSC1790165887 Case Was Received
YSC1790165888 Card Was Mailed To Me
YSC1790165889 Case Was Received
YSC1790165890 Case Was Received
YSC1790165891 Card Was Mailed To Me
YSC1790165892 Card Was Mailed To Me
YSC1790165893 Notice Was Returned To USCIS Because The Post Office Could Not Deliver It
YSC1790165894 Case Was Received
YSC1790165895 New Card Is Being Produced
YSC1790165896 Case Was Received
YSC1790165897 Card Was Mailed To Me
YSC1790165898 New Card Is Being Produced
YSC1790165899 Card Was Mailed To Me
YSC1790165900 New Card Is Being Produced
YSC1790165901 New Card Is Being Produced
YSC1790165902 Case Was Received
YSC1790165903 New Card Is Being Produced
YSC1790165904 Card Was Mailed To Me
YSC1790165905 Case Rejected Because The Version Of The Form I Sent Is No Longer Accepted
YSC1790165906 Case Was Received
YSC1790165907 Case Was Received
YSC1790165908 Card Was Mailed To Me
YSC1790165909 Case Was Received
YSC1790165910 New Card Is Being Produced
YSC1790165911 New Card Is Being Produced
YSC1790165912 Case Was Received
YSC1790165913 Card Was Mailed To Me
YSC1790165914 Case Was Received
YSC1790165915 Case Was Received
YSC1790165916 New Card Is Being Produced
YSC1790165917 Case Was Received
YSC1790165918 Card Was Mailed To Me
YSC1790165919 New Card Is Being Produced
YSC1790165920 Card Was Mailed To Me
YSC1790165921 New Card Is Being Produced
YSC1790165922 Card Was Mailed To Me
YSC1790165923 Case Was Received
YSC1790165924 Card Was Mailed To Me
YSC1790165925 Card Was Mailed To Me
YSC1790165926 New Card Is Being Produced
YSC1790165927 Card Was Mailed To Me
YSC1790165928 New Card Is Being Produced
YSC1790165929 Card Was Mailed To Me
YSC1790165930 Card Was Mailed To Me
YSC1790165931 Card Was Mailed To Me
YSC1790165932 Case Was Received
YSC1790165933 Card Was Mailed To Me
YSC1790165934 Case Was Received
YSC1790165935 Card Was Mailed To Me
YSC1790165936 Case Was Received
YSC1790165937 New Card Is Being Produced
YSC1790165938 New Card Is Being Produced
YSC1790165939 Case Was Received
YSC1790165940 Case Was Received
YSC1790165941 Card Was Mailed To Me
YSC1790165942 Card Was Mailed To Me
YSC1790165943 Name Was Updated
YSC1790165944 Card Was Mailed To Me
YSC1790165945 Card Was Mailed To Me
YSC1790165946 Name Was Updated
YSC1790165947 New Card Is Being Produced
YSC1790165948 Card Was Mailed To Me
YSC1790165949 Case Was Received
YSC1790165950 Card Was Mailed To Me
YSC1790165951 Card Was Mailed To Me
YSC1790165952 Card Was Mailed To Me
YSC1790165953 Case Was Received
YSC1790165954 Case Was Received
YSC1790165955 Card Was Mailed To Me
YSC1790165956 Card Was Mailed To Me
YSC1790165957 Case Was Received
YSC1790165958 Card Was Mailed To Me
YSC1790165959 Card Was Mailed To Me
YSC1790165960 Card Was Mailed To Me
YSC1790165961 Card Was Mailed To Me
YSC1790165962 Card Was Mailed To Me
YSC1790165963 New Card Is Being Produced
YSC1790165964 Case Was Received
YSC1790165965 Card Was Mailed To Me
YSC1790165966 Case Was Received
YSC1790165967 Card Was Mailed To Me
YSC1790165968 Case Was Received
YSC1790165969 Card Was Mailed To Me
YSC1790165970 Card Was Mailed To Me
YSC1790165971 Case Was Received
YSC1790165972 Card Was Mailed To Me
YSC1790165973 New Card Is Being Produced
YSC1790165974 Card Was Mailed To Me
YSC1790165975 Card Was Mailed To Me
YSC1790165976 Card Was Mailed To Me
YSC1790165977 Card Was Mailed To Me
YSC1790165978 New Card Is Being Produced
YSC1790165979 Card Was Mailed To Me
YSC1790165980 Card Was Mailed To Me
YSC1790165981 Case Was Received
YSC1790165982 Case Was Received
YSC1790165983 New Card Is Being Produced
YSC1790165984 Card Was Mailed To Me
YSC1790165985 New Card Is Being Produced
YSC1790165986 Card Was Mailed To Me
YSC1790165987 Card Was Mailed To Me
YSC1790165988 Card Was Mailed To Me
YSC1790165989 Card Was Mailed To Me
YSC1790165990 Case Was Received
YSC1790165991 Card Was Mailed To Me
YSC1790165992 New Card Is Being Produced
YSC1790165993 New Card Is Being Produced
YSC1790165994 Card Was Mailed To Me
YSC1790165995 Card Was Mailed To Me
YSC1790165996 Card Was Mailed To Me
YSC1790165997 New Card Is Being Produced
YSC1790165998 New Card Is Being Produced
YSC1790165999 New Card Is Being Produced
YSC1790166000 Card Was Mailed To Me
