YSC1790165000 Case Rejected Because The Version Of The Form I Sent Is No Longer Accepted
YSC1790165001 Case Was Received
YSC1790165002 Case Was Received
YSC1790165003 Case Was Received
YSC1790165004 Case Was Received
YSC1790165005 Case Was Received
YSC1790165006 Case Was Received
YSC1790165007 Case Was Received
YSC1790165008 Case Was Received
YSC1790165009 Case Was Received
YSC1790165010 Case Was Received
YSC1790165011 Case Was Received
YSC1790165012 Case Was Received
YSC1790165013 New Card Is Being Produced
YSC1790165014 Card Was Mailed To Me
YSC1790165015 Card Was Mailed To Me
YSC1790165016 Card Was Mailed To Me
YSC1790165017 Case Was Received
YSC1790165018 Card Was Mailed To Me
YSC1790165019 Case Was Received
YSC1790165020 Duplicate Notice Was Mailed
YSC1790165021 New Card Is Being Produced
YSC1790165022 Case Was Received
YSC1790165023 Card Was Mailed To Me
YSC1790165024 New Card Is Being Produced
YSC1790165025 New Card Is Being Produced
YSC1790165026 Case Was Received
YSC1790165027 Card Was Mailed To Me
YSC1790165028 Case Was Received
YSC1790165029 New Card Is Being Produced
YSC1790165030 Case Was Received
YSC1790165031 Card Was Mailed To Me
YSC1790165032 Card Was Mailed To Me
YSC1790165033 Card Was Mailed To Me
YSC1790165034 Card Was Mailed To Me
YSC1790165035 New Card Is Being Produced
YSC1790165036 Case Was Received
YSC1790165037 Card Was Mailed To Me
YSC1790165038 Case Was Received
YSC1790165039 New Card Is Being Produced
YSC1790165040 Card Was Mailed To Me
YSC1790165041 Case Was Received
YSC1790165042 Case Was Received
YSC1790165043 Case Was Received
YSC1790165044 Case Was Received
YSC1790165045 Case Was Received
YSC1790165046 Card Was Mailed To Me
YSC1790165047 Card Was Mailed To Me
YSC1790165048 Card Was Mailed To Me
YSC1790165049 Notice Was Returned To USCIS Because The Post Office Could Not Deliver It
YSC1790165050 Card Was Mailed To Me
YSC1790165051 Card Was Mailed To Me
YSC1790165052 New Card Is Being Produced
YSC1790165053 Case Was Received
YSC1790165054 New Card Is Being Produced
YSC1790165055 New Card Is Being Produced
YSC1790165056 New Card Is Being Produced
YSC1790165057 Case Was Received
YSC1790165058 Case Was Received
YSC1790165059 Case Was Received
YSC1790165060 Case Was Received
YSC1790165061 New Card Is Being Produced
YSC1790165062 Card Was Mailed To Me
YSC1790165063 Card Was Mailed To Me
YSC1790165064 Card Was Mailed To Me
YSC1790165065 Card Was Mailed To Me
YSC1790165066 Case Was Received
YSC1790165067 Card Was Mailed To Me
YSC1790165068 Case Was Received
YSC1790165069 Card Was Mailed To Me
YSC1790165070 Case Was Received
YSC1790165071 Case Was Received
YSC1790165072 New Card Is Being Produced
YSC1790165073 New Card Is Being Produced
YSC1790165074 Case Was Received
YSC1790165075 Card Was Mailed To Me
YSC1790165076 Card Was Mailed To Me
YSC1790165077 Case Was Received
YSC1790165078 Case Was Received
YSC1790165079 Case Was Received
YSC1790165080 Case Was Received
YSC1790165081 Case Was Received
YSC1790165082 Case Was Received
YSC1790165083 Case Was Received
YSC1790165084 Request for Initial Evidence Was Mailed
YSC1790165085 Case Was Received
YSC1790165086 New Card Is Being Produced
YSC1790165087 Case Was Received
YSC1790165088 New Card Is Being Produced
YSC1790165089 Card Was Mailed To Me
YSC1790165090 New Card Is Being Produced
YSC1790165091 Case Was Received
YSC1790165092 New Card Is Being Produced
YSC1790165093 Case Was Received
YSC1790165094 Case Was Received
YSC1790165095 New Card Is Being Produced
YSC1790165096 New Card Is Being Produced
YSC1790165097 Case Was Received
YSC1790165098 New Card Is Being Produced
YSC1790165099 New Card Is Being Produced
YSC1790165100 New Card Is Being Produced
YSC1790165101 Case Was Received
YSC1790165102 Case Was Received
YSC1790165103 New Card Is Being Produced
YSC1790165104 Card Was Mailed To Me
YSC1790165105 Case Was Received
YSC1790165106 Card Was Mailed To Me
YSC1790165107 Case Was Received
YSC1790165108 Case Was Received
YSC1790165109 Case Was Received
YSC1790165110 New Card Is Being Produced
YSC1790165111 Case Was Received
YSC1790165112 Request for Initial Evidence Was Mailed
YSC1790165113 Card Was Mailed To Me
YSC1790165114 Case Was Received
YSC1790165115 New Card Is Being Produced
YSC1790165116 Case Was Received
YSC1790165117 Case Was Received
YSC1790165118 New Card Is Being Produced
YSC1790165119 Card Was Mailed To Me
YSC1790165120 Case Was Received
YSC1790165121 Card Was Mailed To Me
YSC1790165122 Case Was Received
YSC1790165123 Case Was Received
YSC1790165124 New Card Is Being Produced
YSC1790165125 Case Was Received
YSC1790165126 Case Was Received
YSC1790165127 Case Was Received
YSC1790165128 Card Was Mailed To Me
YSC1790165129 Card Was Mailed To Me
YSC1790165130 Case Was Received
YSC1790165131 Card Was Mailed To Me
YSC1790165132 New Card Is Being Produced
YSC1790165133 Case Was Received
YSC1790165134 Card Was Mailed To Me
YSC1790165135 Case Was Received
YSC1790165136 Case Was Received
YSC1790165137 Card Was Mailed To Me
YSC1790165138 Card Was Mailed To Me
YSC1790165139 Card Was Mailed To Me
YSC1790165140 Card Was Mailed To Me
YSC1790165141 Case Was Received
YSC1790165142 Card Was Mailed To Me
YSC1790165143 Case Was Received
YSC1790165144 Card Was Mailed To Me
YSC1790165145 Case Was Received
YSC1790165146 Card Was Mailed To Me
YSC1790165147 Case Was Received
YSC1790165148 New Card Is Being Produced
YSC1790165149 New Card Is Being Produced
YSC1790165150 Case Was Received
YSC1790165151 Case Was Received
YSC1790165152 Case Was Received
YSC1790165153 Case Was Received
YSC1790165154 Card Was Mailed To Me
YSC1790165155 Case Was Received
YSC1790165156 New Card Is Being Produced
YSC1790165157 Case Was Received
YSC1790165158 Case Was Received
YSC1790165159 Case Was Received
YSC1790165160 Case Was Received
YSC1790165161 Case Was Received
YSC1790165162 Case Was Received
YSC1790165163 Case Was Received
YSC1790165164 Case Was Received
YSC1790165165 Case Was Received
YSC1790165166 Card Was Mailed To Me
YSC1790165167 Case Was Received
YSC1790165168 Card Was Mailed To Me
YSC1790165169 New Card Is Being Produced
YSC1790165170 New Card Is Being Produced
YSC1790165171 Case Was Received
YSC1790165172 Case Was Received
YSC1790165173 Case Was Received
YSC1790165174 Case Was Received
YSC1790165175 New Card Is Being Produced
YSC1790165176 Case Was Received
YSC1790165177 New Card Is Being Produced
YSC1790165178 Case Was Received
YSC1790165179 New Card Is Being Produced
YSC1790165180 New Card Is Being Produced
YSC1790165181 Card Was Mailed To Me
YSC1790165182 New Card Is Being Produced
YSC1790165183 Case Was Received
YSC1790165184 Case Was Received
YSC1790165185 Case Was Received
YSC1790165186 Case Was Received
YSC1790165187 Case Was Received
YSC1790165188 Case Was Received
YSC1790165189 Card Was Mailed To Me
YSC1790165190 Case Was Received
YSC1790165191 New Card Is Being Produced
YSC1790165192 Notice Was Returned To USCIS Because The Post Office Could Not Deliver It
YSC1790165193 Response To USCIS' Request For Evidence Was Received
YSC1790165194 Case Was Received
YSC1790165195 Case Was Received
YSC1790165196 Case Was Received
YSC1790165197 Case Was Received
YSC1790165198 Card Was Mailed To Me
YSC1790165199 New Card Is Being Produced
YSC1790165200 Case Was Received
YSC1790165201 Case Was Received
YSC1790165202 Card Was Mailed To Me
YSC1790165203 Case Was Received
YSC1790165204 Case Was Received
YSC1790165205 Card Was Mailed To Me
YSC1790165206 Card Was Mailed To Me
YSC1790165207 Card Was Mailed To Me
YSC1790165208 Notice Was Returned To USCIS Because The Post Office Could Not Deliver It
YSC1790165209 Case Was Received
YSC1790165210 Case Was Received
YSC1790165211 Case Was Received
YSC1790165212 Case Was Received
YSC1790165213 Case Was Received
YSC1790165214 Case Was Received
YSC1790165215 Case Was Received
YSC1790165216 Case Was Received
YSC1790165217 Case Was Received
YSC1790165218 Card Was Mailed To Me
YSC1790165219 Card Was Mailed To Me
YSC1790165220 Withdrawal Acknowledgement Notice Was Sent
YSC1790165221 Card Was Mailed To Me
YSC1790165222 New Card Is Being Produced
YSC1790165223 Case Was Received
YSC1790165224 Card Was Mailed To Me
YSC1790165225 New Card Is Being Produced
YSC1790165226 Card Was Mailed To Me
YSC1790165227 New Card Is Being Produced
YSC1790165228 Case Was Received
YSC1790165229 Case Was Received
YSC1790165230 Case Was Received
YSC1790165231 Card Was Mailed To Me
YSC1790165232 New Card Is Being Produced
YSC1790165233 Card Was Mailed To Me
YSC1790165234 Case Was Received
YSC1790165235 Case Was Received
YSC1790165236 Card Was Mailed To Me
YSC1790165237 Case Was Received
YSC1790165238 Case Was Received
YSC1790165239 Card Was Mailed To Me
YSC1790165240 Case Was Received
YSC1790165241 Card Was Mailed To Me
YSC1790165242 Case Was Received
YSC1790165243 Card Was Mailed To Me
YSC1790165244 New Card Is Being Produced
YSC1790165245 Card Was Mailed To Me
YSC1790165246 Case Was Received
YSC1790165247 Case Was Received
YSC1790165248 Card Was Mailed To Me
YSC1790165249 Notice Was Returned To USCIS Because The Post Office Could Not Deliver It
YSC1790165250 Case Was Received
YSC1790165251 Card Was Mailed To Me
YSC1790165252 Card Was Mailed To Me
YSC1790165253 Case Was Received
YSC1790165254 Card Was Mailed To Me
YSC1790165255 New Card Is Being Produced
YSC1790165256 New Card Is Being Produced
YSC1790165257 Card Was Mailed To Me
YSC1790165258 New Card Is Being Produced
YSC1790165259 Case Was Received
YSC1790165260 New Card Is Being Produced
YSC1790165261 Case Was Received
YSC1790165262 New Card Is Being Produced
YSC1790165263 New Card Is Being Produced
YSC1790165264 Card Was Mailed To Me
YSC1790165265 Card Was Mailed To Me
YSC1790165266 Case Was Received
YSC1790165267 New Card Is Being Produced
YSC1790165268 Card Was Mailed To Me
YSC1790165269 Card Was Mailed To Me
YSC1790165270 Card Was Mailed To Me
YSC1790165271 Card Was Mailed To Me
YSC1790165272 Case Was Received
YSC1790165273 New Card Is Being Produced
YSC1790165274 Card Was Mailed To Me
YSC1790165275 Case Was Received
YSC1790165276 New Card Is Being Produced
YSC1790165277 New Card Is Being Produced
YSC1790165278 New Card Is Being Produced
YSC1790165279 Case Was Received
YSC1790165280 Card Was Mailed To Me
YSC1790165281 New Card Is Being Produced
YSC1790165282 New Card Is Being Produced
YSC1790165283 Case Was Received
YSC1790165284 Case Was Received
YSC1790165285 Case Was Received
YSC1790165286 Case Was Received
YSC1790165287 Case Was Received
YSC1790165288 Case Was Received
YSC1790165289 Case Was Received
YSC1790165290 Card Was Mailed To Me
YSC1790165291 Card Was Mailed To Me
YSC1790165292 Card Was Mailed To Me
YSC1790165293 Case Was Received
YSC1790165294 Case Was Received
YSC1790165295 Case Was Received
YSC1790165296 New Card Is Being Produced
YSC1790165297 Card Was Mailed To Me
YSC1790165298 Case Was Received
YSC1790165299 Case Was Received
YSC1790165300 Card Was Mailed To Me
YSC1790165301 New Card Is Being Produced
YSC1790165302 Card Was Mailed To Me
YSC1790165303 Card Was Mailed To Me
YSC1790165304 New Card Is Being Produced
YSC1790165305 Case Was Received
YSC1790165306 Case Was Received
YSC1790165307 Case Was Received
YSC1790165308 Case Was Received
YSC1790165309 Case Was Received
YSC1790165310 Case Was Received
YSC1790165311 Case Was Received
YSC1790165312 Case Was Received
YSC1790165313 Case Was Received
YSC1790165314 Case Was Received
YSC1790165315 Case Was Received
YSC1790165316 Case Was Received
YSC1790165317 Case Was Received
YSC1790165318 Case Was Received
YSC1790165319 Case Was Received
YSC1790165320 Notice Was Returned To USCIS Because The Post Office Could Not Deliver It
YSC1790165321 Case Was Received
YSC1790165322 Case Was Received
YSC1790165323 Case Was Received
YSC1790165324 New Card Is Being Produced
YSC1790165325 Case Was Received
YSC1790165326 Case Was Received
YSC1790165327 Case Was Received
YSC1790165328 New Card Is Being Produced
YSC1790165329 Case Was Received
YSC1790165330 New Card Is Being Produced
YSC1790165331 Card Was Mailed To Me
YSC1790165332 New Card Is Being Produced
YSC1790165333 Notice Was Returned To USCIS Because The Post Office Could Not Deliver It
YSC1790165334 Case Was Received
YSC1790165335 Request for Initial Evidence Was Mailed
YSC1790165336 Card Was Mailed To Me
YSC1790165337 Card Was Mailed To Me
YSC1790165338 New Card Is Being Produced
YSC1790165339 Request for Initial Evidence Was Mailed
YSC1790165340 New Card Is Being Produced
YSC1790165341 Card Was Mailed To Me
YSC1790165342 Card Was Mailed To Me
YSC1790165343 Case Was Received
YSC1790165344 Case Was Received
YSC1790165345 Card Was Mailed To Me
YSC1790165346 Case Was Received
YSC1790165347 Card Was Mailed To Me
YSC1790165348 Card Was Mailed To Me
YSC1790165349 Case Was Received
YSC1790165350 Card Was Mailed To Me
YSC1790165351 Card Was Mailed To Me
YSC1790165352 New Card Is Being Produced
YSC1790165353 Case Was Received
YSC1790165354 Case Was Received
YSC1790165355 Case Was Received
YSC1790165356 Card Was Mailed To Me
YSC1790165357 New Card Is Being Produced
YSC1790165358 Card Was Mailed To Me
YSC1790165359 New Card Is Being Produced
YSC1790165360 Card Was Mailed To Me
YSC1790165361 New Card Is Being Produced
YSC1790165362 New Card Is Being Produced
YSC1790165363 Card Was Mailed To Me
YSC1790165364 New Card Is Being Produced
YSC1790165365 Card Was Mailed To Me
YSC1790165366 Card Was Mailed To Me
YSC1790165367 Case Was Received
YSC1790165368 Card Was Mailed To Me
YSC1790165369 Card Was Mailed To Me
YSC1790165370 Card Was Mailed To Me
YSC1790165371 Card Was Mailed To Me
YSC1790165372 Case Was Received
YSC1790165373 Card Was Mailed To Me
YSC1790165374 New Card Is Being Produced
YSC1790165375 Case Was Received
YSC1790165376 New Card Is Being Produced
YSC1790165377 Case Was Received
YSC1790165378 Card Was Mailed To Me
YSC1790165379 Card Was Mailed To Me
YSC1790165380 Case Was Received
YSC1790165381 Card Was Mailed To Me
YSC1790165382 Case Was Received
YSC1790165383 Card Was Mailed To Me
YSC1790165384 Case Was Received
YSC1790165385 New Card Is Being Produced
YSC1790165386 Card Was Mailed To Me
YSC1790165387 Case Was Received
YSC1790165388 Card Was Mailed To Me
YSC1790165389 Case Was Received
YSC1790165390 Case Was Received
YSC1790165391 Card Was Mailed To Me
YSC1790165392 New Card Is Being Produced
YSC1790165393 Case Was Received
YSC1790165394 New Card Is Being Produced
YSC1790165395 Case Was Received
YSC1790165396 New Card Is Being Produced
YSC1790165397 New Card Is Being Produced
YSC1790165398 Card Was Mailed To Me
YSC1790165399 Card Was Mailed To Me
YSC1790165400 Card Was Mailed To Me
YSC1790165401 Case Was Received
YSC1790165402 Case Was Received
YSC1790165403 Case Was Received
YSC1790165404 Case Was Received
YSC1790165405 Case Was Received
YSC1790165406 Case Was Received
YSC1790165407 Card Was Mailed To Me
YSC1790165408 New Card Is Being Produced
YSC1790165409 Card Was Mailed To Me
YSC1790165410 New Card Is Being Produced
YSC1790165411 Card Was Mailed To Me
YSC1790165412 Card Was Mailed To Me
YSC1790165413 Case Was Received
YSC1790165414 Case Was Received
YSC1790165415 Case Was Received
YSC1790165416 Case Was Received
YSC1790165417 New Card Is Being Produced
YSC1790165418 New Card Is Being Produced
YSC1790165419 Card Was Mailed To Me
YSC1790165420 Case Was Received
YSC1790165421 Name Was Updated
YSC1790165422 Card Was Mailed To Me
YSC1790165423 Card Was Mailed To Me
YSC1790165424 Card Was Mailed To Me
YSC1790165425 Card Was Mailed To Me
YSC1790165426 Case Was Received
YSC1790165427 New Card Is Being Produced
YSC1790165428 Case Was Received
YSC1790165429 Request for Initial Evidence Was Mailed
YSC1790165430 Card Was Mailed To Me
YSC1790165431 New Card Is Being Produced
YSC1790165432 New Card Is Being Produced
YSC1790165433 Card Was Mailed To Me
YSC1790165434 New Card Is Being Produced
YSC1790165435 Case Was Received
YSC1790165436 Case Was Received
YSC1790165437 Case Was Received
YSC1790165438 Card Was Mailed To Me
YSC1790165439 Case Was Received
YSC1790165440 Case Was Received
YSC1790165441 Case Was Received
YSC1790165442 Card Was Mailed To Me
YSC1790165443 Case Was Received
YSC1790165444 Card Was Mailed To Me
YSC1790165445 Case Was Received
YSC1790165446 Card Was Mailed To Me
YSC1790165447 Card Was Mailed To Me
YSC1790165448 Case Was Received
YSC1790165449 Card Was Mailed To Me
YSC1790165450 Case Was Received
YSC1790165451 Card Was Mailed To Me
YSC1790165452 Withdrawal Acknowledgement Notice Was Sent
YSC1790165453 Card Was Mailed To Me
YSC1790165454 Card Was Mailed To Me
YSC1790165455 Case Was Received
YSC1790165456 Case Was Received
YSC1790165457 Case Was Received
YSC1790165458 Card Was Mailed To Me
YSC1790165459 Case Was Received
YSC1790165460 New Card Is Being Produced
YSC1790165461 New Card Is Being Produced
YSC1790165462 Card Was Mailed To Me
YSC1790165463 Card Was Mailed To Me
YSC1790165464 New Card Is Being Produced
YSC1790165465 Card Was Mailed To Me
YSC1790165466 Card Was Mailed To Me
YSC1790165467 Card Was Mailed To Me
YSC1790165468 New Card Is Being Produced
YSC1790165469 Case Was Received
YSC1790165470 Case Was Received
YSC1790165471 Request for Initial Evidence Was Mailed
YSC1790165472 New Card Is Being Produced
YSC1790165473 Case Was Received
YSC1790165474 Card Was Mailed To Me
YSC1790165475 New Card Is Being Produced
YSC1790165476 Card Was Mailed To Me
YSC1790165477 New Card Is Being Produced
YSC1790165478 New Card Is Being Produced
YSC1790165479 Case Was Received
YSC1790165480 New Card Is Being Produced
YSC1790165481 Case Was Received
YSC1790165482 Case Was Received
YSC1790165483 Case Was Received
YSC1790165484 Card Was Mailed To Me
YSC1790165485 New Card Is Being Produced
YSC1790165486 New Card Is Being Produced
YSC1790165487 Case Was Received
YSC1790165488 Case Was Received
YSC1790165489 New Card Is Being Produced
YSC1790165490 Case Was Received
YSC1790165491 Card Was Mailed To Me
YSC1790165492 Case Was Received
YSC1790165493 Card Was Mailed To Me
YSC1790165494 Case Was Received
YSC1790165495 Case Was Received
YSC1790165496 New Card Is Being Produced
YSC1790165497 Case Was Received
YSC1790165498 Card Was Mailed To Me
YSC1790165499 New Card Is Being Produced
YSC1790165500 Case Was Received
