YSC1790162500 Case Was Received
YSC1790162501 Case Was Received
YSC1790162502 Case Was Received
YSC1790162503 Case Was Received
YSC1790162504 Case Was Received
YSC1790162505 Card Was Mailed To Me
YSC1790162506 Card Was Mailed To Me
YSC1790162507 Card Was Mailed To Me
YSC1790162508 Card Was Mailed To Me
YSC1790162509 Case Was Received
YSC1790162510 New Card Is Being Produced
YSC1790162511 New Card Is Being Produced
YSC1790162512 New Card Is Being Produced
YSC1790162513 New Card Is Being Produced
YSC1790162514 Card Was Mailed To Me
YSC1790162515 Case Was Received
YSC1790162516 Card Was Mailed To Me
YSC1790162517 New Card Is Being Produced
YSC1790162518 New Card Is Being Produced
YSC1790162519 Card Was Mailed To Me
YSC1790162520 Case Was Received
YSC1790162521 Card Was Mailed To Me
YSC1790162522 Card Was Mailed To Me
YSC1790162523 Card Was Mailed To Me
YSC1790162524 Card Was Mailed To Me
YSC1790162525 New Card Is Being Produced
YSC1790162526 New Card Is Being Produced
YSC1790162527 Card Was Mailed To Me
YSC1790162528 Fees Were Waived
YSC1790162529 Fees Were Waived
YSC1790162530 New Card Is Being Produced
YSC1790162531 Card Was Mailed To Me
YSC1790162532 Card Was Mailed To Me
YSC1790162533 New Card Is Being Produced
YSC1790162534 Case Was Received
YSC1790162535 Card Was Mailed To Me
YSC1790162536 Card Was Mailed To Me
YSC1790162537 Card Was Mailed To Me
YSC1790162538 Card Was Mailed To Me
YSC1790162539 New Card Is Being Produced
YSC1790162540 Card Was Mailed To Me
YSC1790162541 Case Was Received
YSC1790162542 Case Was Received
YSC1790162543 Request for Initial Evidence Was Mailed
YSC1790162544 Case Was Received
YSC1790162545 Case Was Received
YSC1790162546 Case Was Received
YSC1790162547 Card Was Mailed To Me
YSC1790162548 Card Was Mailed To Me
YSC1790162549 Card Was Mailed To Me
YSC1790162550 Card Was Mailed To Me
YSC1790162551 Card Was Mailed To Me
YSC1790162552 Card Was Mailed To Me
YSC1790162553 Card Was Mailed To Me
YSC1790162554 Card Was Mailed To Me
YSC1790162555 Case Was Received
YSC1790162556 Card Was Mailed To Me
YSC1790162557 Case Was Received
YSC1790162558 Card Was Mailed To Me
YSC1790162559 Name Was Updated
YSC1790162560 Card Was Mailed To Me
YSC1790162561 Case Was Received
YSC1790162562 Case Was Received
YSC1790162563 Card Was Mailed To Me
YSC1790162564 Case Was Received
YSC1790162565 Date of Birth Was Updated
YSC1790162566 Card Was Mailed To Me
YSC1790162567 Card Was Mailed To Me
YSC1790162568 New Card Is Being Produced
YSC1790162569 Case Was Received
YSC1790162570 Card Was Mailed To Me
YSC1790162571 Card Was Mailed To Me
YSC1790162572 Card Was Mailed To Me
YSC1790162573 Card Was Mailed To Me
YSC1790162574 Case Was Received
YSC1790162575 Card Was Mailed To Me
YSC1790162576 Card Was Mailed To Me
YSC1790162577 Case Was Received
YSC1790162578 Case Was Received
YSC1790162579 Card Was Mailed To Me
YSC1790162580 New Card Is Being Produced
YSC1790162581 Card Was Mailed To Me
YSC1790162582 Case Was Received
YSC1790162583 Case Was Received
YSC1790162584 Card Was Mailed To Me
YSC1790162585 Card Was Mailed To Me
YSC1790162586 Card Was Mailed To Me
YSC1790162587 Card Was Mailed To Me
YSC1790162588 Card Was Mailed To Me
YSC1790162589 Card Was Mailed To Me
YSC1790162590 Case Was Received
YSC1790162591 New Card Is Being Produced
YSC1790162592 Case Was Received
YSC1790162593 Case Was Received
YSC1790162594 Card Was Mailed To Me
YSC1790162595 Case Was Received
YSC1790162596 Card Was Mailed To Me
YSC1790162597 Card Was Mailed To Me
YSC1790162598 New Card Is Being Produced
YSC1790162599 New Card Is Being Produced
YSC1790162600 Card Was Mailed To Me
YSC1790162601 Case Was Received
YSC1790162602 Case Was Received
YSC1790162603 Request for Additional Evidence Was Mailed
YSC1790162604 Card Was Mailed To Me
YSC1790162605 Case Was Received
YSC1790162606 Card Was Mailed To Me
YSC1790162607 Case Was Received
YSC1790162608 Card Was Mailed To Me
YSC1790162609 Card Was Mailed To Me
YSC1790162610 Case Was Received
YSC1790162611 Card Was Mailed To Me
YSC1790162612 Case Was Received
YSC1790162613 Card Was Mailed To Me
YSC1790162614 Case Was Received
YSC1790162615 Case Was Received
YSC1790162616 Case Was Received
YSC1790162617 Card Was Mailed To Me
YSC1790162618 Card Was Mailed To Me
YSC1790162619 New Card Is Being Produced
YSC1790162620 Request for Initial Evidence Was Mailed
YSC1790162621 Case Was Received
YSC1790162622 New Card Is Being Produced
YSC1790162623 Card Was Mailed To Me
YSC1790162624 Card Was Mailed To Me
YSC1790162625 Card Was Mailed To Me
YSC1790162626 Case Was Received
YSC1790162627 Case Rejected Because I Sent An Incorrect Fee
YSC1790162628 Case Rejected Because I Sent An Incorrect Fee
YSC1790162629 Case Was Received
YSC1790162630 Case Was Received
YSC1790162631 New Card Is Being Produced
YSC1790162632 Case Was Received
YSC1790162633 Case Was Received
YSC1790162634 Card Was Mailed To Me
YSC1790162635 Request for Initial Evidence Was Mailed
YSC1790162636 Card Was Mailed To Me
YSC1790162637 Case Was Received
YSC1790162638 Case Was Received
YSC1790162639 Card Was Mailed To Me
YSC1790162640 Card Was Mailed To Me
YSC1790162641 New Card Is Being Produced
YSC1790162642 Card Was Mailed To Me
YSC1790162643 Case Was Received
YSC1790162644 Case Was Received
YSC1790162645 Card Was Mailed To Me
YSC1790162646 Card Was Mailed To Me
YSC1790162647 Case Was Received
YSC1790162648 Card Was Mailed To Me
YSC1790162649 Card Was Mailed To Me
YSC1790162650 Card Was Mailed To Me
YSC1790162651 Card Was Mailed To Me
YSC1790162652 Card Was Mailed To Me
YSC1790162653 Notice Was Returned To USCIS Because The Post Office Could Not Deliver It
YSC1790162654 Card Was Mailed To Me
YSC1790162655 Case Was Received
YSC1790162656 Card Was Mailed To Me
YSC1790162657 New Card Is Being Produced
YSC1790162658 Card Was Mailed To Me
YSC1790162659 Card Was Mailed To Me
YSC1790162660 Case Was Received
YSC1790162661 Card Was Mailed To Me
YSC1790162662 Card Was Mailed To Me
YSC1790162663 Card Was Mailed To Me
YSC1790162664 Card Was Mailed To Me
YSC1790162665 Card Was Mailed To Me
YSC1790162666 Case Was Received
YSC1790162667 Case Was Received
YSC1790162668 Case Was Received
YSC1790162669 Card Was Mailed To Me
YSC1790162670 Card Was Mailed To Me
YSC1790162671 Case Was Received
YSC1790162672 Card Was Mailed To Me
YSC1790162673 New Card Is Being Produced
YSC1790162674 Case Was Received
YSC1790162675 New Card Is Being Produced
YSC1790162676 Case Was Received
YSC1790162677 Case Was Received
YSC1790162678 Case Was Received
YSC1790162679 Case Was Received
YSC1790162680 Card Was Mailed To Me
YSC1790162681 New Card Is Being Produced
YSC1790162682 New Card Is Being Produced
YSC1790162683 New Card Is Being Produced
YSC1790162684 Card Was Mailed To Me
YSC1790162685 Case Rejected Because I Sent An Incorrect Fee
YSC1790162686 Case Was Received
YSC1790162687 Case Was Received
YSC1790162688 Case Was Received
YSC1790162689 Notice Was Returned To USCIS Because The Post Office Could Not Deliver It
YSC1790162690 Case Was Received
YSC1790162691 Case Was Received
YSC1790162692 Case Was Received
YSC1790162693 Case Was Received
YSC1790162694 Case Was Received
YSC1790162695 Case Was Received
YSC1790162696 Case Was Received
YSC1790162697 Case Was Received
YSC1790162698 Case Was Received
YSC1790162699 Case Was Received
YSC1790162700 Case Was Received
YSC1790162701 Case Was Received
YSC1790162702 Case Was Received
YSC1790162703 Case Was Received
YSC1790162704 Case Was Received
YSC1790162705 Case Was Received
YSC1790162706 Case Was Received
YSC1790162707 Case Rejected Because The Version Of The Form I Sent Is No Longer Accepted
YSC1790162708 Case Rejected Because I Sent An Incorrect Fee
YSC1790162709 Case Rejected Because The Version Of The Form I Sent Is No Longer Accepted
YSC1790162710 Case Was Received
YSC1790162711 Case Was Received
YSC1790162712 Case Was Received
YSC1790162713 Case Was Received
YSC1790162714 Case Was Received
YSC1790162715 Case Was Received
YSC1790162716 Case Was Received
YSC1790162717 Case Was Received
YSC1790162718 Case Was Received
YSC1790162719 Case Was Received
YSC1790162720 Case Was Received
YSC1790162721 Case Was Received
YSC1790162722 Case Was Received
YSC1790162723 Case Rejected Because I Sent An Incorrect Fee
YSC1790162724 Case Rejected Because I Sent An Incorrect Fee
YSC1790162725 Case Rejected Because I Sent An Incorrect Fee
YSC1790162726 Case Rejected Because I Sent An Incorrect Fee
YSC1790162727 Case Was Received
YSC1790162728 Correspondence Was Received And USCIS Is Reviewing It
YSC1790162729 Case Was Received
YSC1790162730 Case Was Received
YSC1790162731 Case Was Received
YSC1790162732 Case Was Received
YSC1790162733 Case Was Received
YSC1790162734 Case Was Received
YSC1790162735 Case Was Received
YSC1790162736 Case Was Received
YSC1790162737 Case Was Received
YSC1790162738 Case Was Received
YSC1790162739 Case Was Received
YSC1790162740 Case Was Received
YSC1790162741 Case Was Received
YSC1790162742 Case Was Received
YSC1790162743 Case Was Received
YSC1790162744 Case Was Received
YSC1790162745 Case Was Received
YSC1790162746 Case Was Received
YSC1790162747 Case Was Received
YSC1790162748 Case Was Received
YSC1790162749 Case Was Received
YSC1790162750 Case Was Received
YSC1790162751 Case Was Received
YSC1790162752 Case Was Received
YSC1790162753 Case Was Received
YSC1790162754 Case Was Received
YSC1790162755 Case Was Received
YSC1790162756 Case Was Received
YSC1790162757 Case Was Received
YSC1790162758 Case Was Received
YSC1790162759 Case Was Received
YSC1790162760 Correspondence Was Received And USCIS Is Reviewing It
YSC1790162761 Case Was Received
YSC1790162762 Case Was Received
YSC1790162763 Case Was Received
YSC1790162764 Case Was Received
YSC1790162765 Case Was Received
YSC1790162766 Case Was Received
YSC1790162767 Case Was Received
YSC1790162768 Case Was Received
YSC1790162769 Case Was Received
YSC1790162770 Case Was Received
YSC1790162771 Case Was Received
YSC1790162772 Case Was Received
YSC1790162773 Case Was Received
YSC1790162774 Case Was Received
YSC1790162775 Case Was Received
YSC1790162776 Case Was Received
YSC1790162777 Case Was Received
YSC1790162778 Case Was Received
YSC1790162779 Case Was Received
YSC1790162780 Case Was Received
YSC1790162781 Case Was Received
YSC1790162782 Case Was Received
YSC1790162783 Case Was Received
YSC1790162784 Case Was Received
YSC1790162785 Case Was Received
YSC1790162786 Case Was Received
YSC1790162787 Case Was Received
YSC1790162788 Case Was Received
YSC1790162789 Case Rejected Because The Version Of The Form I Sent Is No Longer Accepted
YSC1790162790 Case Rejected Because The Version Of The Form I Sent Is No Longer Accepted
YSC1790162791 Case Rejected Because The Version Of The Form I Sent Is No Longer Accepted
YSC1790162792 Case Rejected Because The Version Of The Form I Sent Is No Longer Accepted
YSC1790162793 Case Was Received
YSC1790162794 Case Was Received
YSC1790162795 Case Was Received
YSC1790162796 Case Was Received
YSC1790162797 Case Was Received
YSC1790162798 Case Was Received
YSC1790162799 Case Was Received
YSC1790162800 Case Was Received
YSC1790162801 Case Was Received
YSC1790162802 Decision Notice Mailed
YSC1790162803 Card Was Mailed To Me
YSC1790162804 Card Was Mailed To Me
YSC1790162805 Case Was Received
YSC1790162806 Card Was Mailed To Me
YSC1790162807 Case Was Received
YSC1790162808 Card Was Mailed To Me
YSC1790162809 New Card Is Being Produced
YSC1790162810 Case Was Received
YSC1790162811 Card Was Mailed To Me
YSC1790162812 Case Was Received
YSC1790162813 Card Was Mailed To Me
YSC1790162814 Case Was Received
YSC1790162815 Case Was Received
YSC1790162816 New Card Is Being Produced
YSC1790162817 New Card Is Being Produced
YSC1790162818 New Card Is Being Produced
YSC1790162819 Card Was Mailed To Me
YSC1790162820 Case Was Received
YSC1790162821 Card Was Mailed To Me
YSC1790162822 Case Was Received
YSC1790162823 Card Was Mailed To Me
YSC1790162824 Case Was Received
YSC1790162825 New Card Is Being Produced
YSC1790162826 Card Was Mailed To Me
YSC1790162827 Card Was Mailed To Me
YSC1790162828 New Card Is Being Produced
YSC1790162829 Card Was Mailed To Me
YSC1790162830 Case Was Received
YSC1790162831 Case Was Received
YSC1790162832 New Card Is Being Produced
YSC1790162833 Case Was Received
YSC1790162834 Case Was Received
YSC1790162835 Card Was Mailed To Me
YSC1790162836 Case Was Received
YSC1790162837 Case Was Received
YSC1790162838 Case Was Received
YSC1790162839 Card Was Mailed To Me
YSC1790162840 Case Was Received
YSC1790162841 Case Was Received
YSC1790162842 New Card Is Being Produced
YSC1790162843 Card Was Mailed To Me
YSC1790162844 Card Was Mailed To Me
YSC1790162845 Card Was Mailed To Me
YSC1790162846 Card Was Mailed To Me
YSC1790162847 Case Was Received
YSC1790162848 Case Was Received
YSC1790162849 New Card Is Being Produced
YSC1790162850 Card Was Mailed To Me
YSC1790162851 Name Was Updated
YSC1790162852 Card Was Mailed To Me
YSC1790162853 Case Was Received
YSC1790162854 Card Was Mailed To Me
YSC1790162855 Card Was Mailed To Me
YSC1790162856 New Card Is Being Produced
YSC1790162857 New Card Is Being Produced
YSC1790162858 Case Was Received
YSC1790162859 Case Was Received
YSC1790162860 Card Was Mailed To Me
YSC1790162861 New Card Is Being Produced
YSC1790162862 Case Was Received
YSC1790162863 Card Was Mailed To Me
YSC1790162864 Card Was Mailed To Me
YSC1790162865 Case Was Received
YSC1790162866 New Card Is Being Produced
YSC1790162867 Case Was Received
YSC1790162868 Request for Initial Evidence Was Mailed
YSC1790162869 Card Was Mailed To Me
YSC1790162870 Card Was Mailed To Me
YSC1790162871 Case Was Received
YSC1790162872 Case Was Received
YSC1790162873 Card Was Mailed To Me
YSC1790162874 Case Was Received
YSC1790162875 Case Was Received
YSC1790162876 Case Was Received
YSC1790162877 Name Was Updated
YSC1790162878 New Card Is Being Produced
YSC1790162879 Case Was Received
YSC1790162880 Case Was Received
YSC1790162881 Card Was Mailed To Me
YSC1790162882 Card Was Mailed To Me
YSC1790162883 Card Was Mailed To Me
YSC1790162884 Card Was Mailed To Me
YSC1790162885 New Card Is Being Produced
YSC1790162886 Card Was Mailed To Me
YSC1790162887 Case Was Received
YSC1790162888 New Card Is Being Produced
YSC1790162889 Case Was Received
YSC1790162890 Case Was Received
YSC1790162891 Case Was Received
YSC1790162892 Card Was Mailed To Me
YSC1790162893 Correspondence Was Received And USCIS Is Reviewing It
YSC1790162894 Case Was Received
YSC1790162895 Card Was Mailed To Me
YSC1790162896 Case Was Received
YSC1790162897 Card Was Mailed To Me
YSC1790162898 Case Was Received
YSC1790162899 Case Was Received
YSC1790162900 Card Was Mailed To Me
YSC1790162901 Case Was Received
YSC1790162902 Card Was Mailed To Me
YSC1790162903 New Card Is Being Produced
YSC1790162904 Card Was Mailed To Me
YSC1790162905 New Card Is Being Produced
YSC1790162906 Card Was Mailed To Me
YSC1790162907 Card Was Mailed To Me
YSC1790162908 New Card Is Being Produced
YSC1790162909 Card Was Mailed To Me
YSC1790162910 Card Was Mailed To Me
YSC1790162911 New Card Is Being Produced
YSC1790162912 Case Was Received
YSC1790162913 Card Was Mailed To Me
YSC1790162914 Case Was Received
YSC1790162915 Card Was Mailed To Me
YSC1790162916 Case Was Received
YSC1790162917 Case Was Received
YSC1790162918 Card Was Mailed To Me
YSC1790162919 Card Was Mailed To Me
YSC1790162920 New Card Is Being Produced
YSC1790162921 Card Was Mailed To Me
YSC1790162922 Card Was Mailed To Me
YSC1790162923 Case Was Received
YSC1790162924 Case Was Received
YSC1790162925 New Card Is Being Produced
YSC1790162926 Case Was Received
YSC1790162927 Case Was Received
YSC1790162928 Case Was Received
YSC1790162929 Case Was Received
YSC1790162930 Card Was Mailed To Me
YSC1790162931 Case Was Received
YSC1790162932 Case Was Received
YSC1790162933 Case Was Received
YSC1790162934 Case Was Received
YSC1790162935 New Card Is Being Produced
YSC1790162936 Card Was Mailed To Me
YSC1790162937 New Card Is Being Produced
YSC1790162938 Card Was Mailed To Me
YSC1790162939 Case Was Received
YSC1790162940 Card Was Mailed To Me
YSC1790162941 Case Was Received
YSC1790162942 New Card Is Being Produced
YSC1790162943 New Card Is Being Produced
YSC1790162944 Card Was Mailed To Me
YSC1790162945 Case Was Received
YSC1790162946 Case Was Received
YSC1790162947 New Card Is Being Produced
YSC1790162948 New Card Is Being Produced
YSC1790162949 Case Was Received
YSC1790162950 Card Was Mailed To Me
YSC1790162951 Case Was Received
YSC1790162952 Card Was Mailed To Me
YSC1790162953 Card Was Mailed To Me
YSC1790162954 Case Was Received
YSC1790162955 New Card Is Being Produced
YSC1790162956 Notice Was Returned To USCIS Because The Post Office Could Not Deliver It
YSC1790162957 Card Was Mailed To Me
YSC1790162958 New Card Is Being Produced
YSC1790162959 Case Was Received
YSC1790162960 Case Was Received
YSC1790162961 Case Was Received
YSC1790162962 New Card Is Being Produced
YSC1790162963 Case Was Received
YSC1790162964 New Card Is Being Produced
YSC1790162965 Card Was Mailed To Me
YSC1790162966 Card Was Mailed To Me
YSC1790162967 Card Was Mailed To Me
YSC1790162968 Request for Initial Evidence Was Mailed
YSC1790162969 Case Was Received
YSC1790162970 Card Was Mailed To Me
YSC1790162971 Card Was Mailed To Me
YSC1790162972 Case Was Received
YSC1790162973 Card Was Mailed To Me
YSC1790162974 Card Was Mailed To Me
YSC1790162975 Card Was Mailed To Me
YSC1790162976 Case Was Received
YSC1790162977 New Card Is Being Produced
YSC1790162978 New Card Is Being Produced
YSC1790162979 Card Was Mailed To Me
YSC1790162980 Card Was Mailed To Me
YSC1790162981 Case Was Received
YSC1790162982 Card Was Mailed To Me
YSC1790162983 Case Was Received
YSC1790162984 Notice Was Returned To USCIS Because The Post Office Could Not Deliver It
YSC1790162985 Case Was Received
YSC1790162986 Case Was Received
YSC1790162987 Case Was Received
YSC1790162988 Case Was Received
YSC1790162989 Card Was Mailed To Me
YSC1790162990 New Card Is Being Produced
YSC1790162991 Card Was Mailed To Me
YSC1790162992 New Card Is Being Produced
YSC1790162993 Case Was Received
YSC1790162994 Card Was Mailed To Me
YSC1790162995 Card Was Mailed To Me
YSC1790162996 Case Was Received
YSC1790162997 New Card Is Being Produced
YSC1790162998 Case Was Received
YSC1790162999 Card Was Mailed To Me
YSC1790163000 Case Was Received
