YSC1790171500 Case Was Received
YSC1790171501 Case Was Received
YSC1790171502 Case Was Received
YSC1790171503 Case Was Received
YSC1790171504 Case Was Received
YSC1790171505 Case Was Received
YSC1790171506 Case Was Received
YSC1790171507 Case Was Received
YSC1790171508 Case Was Received
YSC1790171509 Case Was Received
YSC1790171510 New Card Is Being Produced
YSC1790171511 Case Was Received
YSC1790171512 Case Was Received
YSC1790171513 Case Was Received
YSC1790171514 Case Was Received
YSC1790171515 Case Was Received
YSC1790171516 Case Was Received
YSC1790171517 Case Was Received
YSC1790171518 Case Was Received
YSC1790171519 Case Was Received
YSC1790171520 Case Was Received
YSC1790171521 Case Was Received
YSC1790171522 Case Was Received
YSC1790171523 Case Was Received
YSC1790171524 Case Was Received
YSC1790171525 Case Was Received
YSC1790171526 Case Was Received
YSC1790171527 Case Was Received
YSC1790171528 New Card Is Being Produced
YSC1790171529 Case Was Received
YSC1790171530 Case Was Received
YSC1790171531 Case Was Received
YSC1790171532 Case Was Received
YSC1790171533 Case Was Received
YSC1790171534 Case Was Received
YSC1790171535 Case Was Received
YSC1790171536 Case Was Received
YSC1790171537 Case Was Received
YSC1790171538 Correspondence Was Received And USCIS Is Reviewing It
YSC1790171539 Case Was Received
YSC1790171540 Correspondence Was Received And USCIS Is Reviewing It
YSC1790171541 Case Was Received
YSC1790171542 Case Was Received
YSC1790171543 New Card Is Being Produced
YSC1790171544 Case Was Received
YSC1790171545 Case Was Received
YSC1790171546 Case Was Received
YSC1790171547 Case Was Received
YSC1790171548 Case Was Received
YSC1790171549 Case Was Received
YSC1790171550 Case Was Received
YSC1790171551 Case Was Received
YSC1790171552 Case Was Received
YSC1790171553 Case Was Received
YSC1790171554 Case Was Received
YSC1790171555 Case Was Received
YSC1790171556 Case Was Received
YSC1790171557 Case Was Received
YSC1790171558 New Card Is Being Produced
YSC1790171559 New Card Is Being Produced
YSC1790171560 New Card Is Being Produced
YSC1790171561 Case Was Received
YSC1790171562 Case Was Received
YSC1790171563 Case Was Received
YSC1790171564 Case Was Received
YSC1790171565 Case Was Received
YSC1790171566 Case Was Received
YSC1790171567 Case Was Received
YSC1790171568 Case Was Received
YSC1790171569 New Card Is Being Produced
YSC1790171570 Case Was Received
YSC1790171571 Case Was Received
YSC1790171572 Case Was Received
YSC1790171573 Case Was Received
YSC1790171574 Case Was Received
YSC1790171575 Case Was Received
YSC1790171576 Case Was Received
YSC1790171577 Notice Was Returned To USCIS Because The Post Office Could Not Deliver It
YSC1790171578 Card Was Mailed To Me
YSC1790171579 Case Was Received
YSC1790171580 Name Was Updated
YSC1790171581 Case Was Received
YSC1790171582 Case Was Received
YSC1790171583 Notice Was Returned To USCIS Because The Post Office Could Not Deliver It
YSC1790171584 Case Was Received
YSC1790171585 Case Was Received
YSC1790171586 Case Was Received
YSC1790171587 Case Was Received
YSC1790171588 Case Was Received
YSC1790171589 Case Was Received
YSC1790171590 Notice Was Returned To USCIS Because The Post Office Could Not Deliver It
YSC1790171591 Case Was Received
YSC1790171592 Case Was Received
YSC1790171593 Case Was Received
YSC1790171594 Case Was Received
YSC1790171595 Case Was Received
YSC1790171596 Case Was Received
YSC1790171597 Case Was Received
YSC1790171598 Case Was Received
YSC1790171599 Case Was Received
YSC1790171600 Case Was Received
YSC1790171601 Case Was Received
YSC1790171602 Case Was Received
YSC1790171603 Case Was Received
YSC1790171604 Case Was Received
YSC1790171605 New Card Is Being Produced
YSC1790171606 Case Was Received
YSC1790171607 Case Was Received
YSC1790171608 Case Was Received
YSC1790171609 New Card Is Being Produced
YSC1790171610 Case Was Received
YSC1790171611 Case Was Received
YSC1790171612 Case Was Received
YSC1790171613 Case Was Received
YSC1790171614 Case Was Received
YSC1790171615 New Card Is Being Produced
YSC1790171616 Correspondence Was Received And USCIS Is Reviewing It
YSC1790171617 Case Was Received
YSC1790171618 Case Was Received
YSC1790171619 Case Was Received
YSC1790171620 Case Was Received
YSC1790171621 Case Was Received
YSC1790171622 Case Was Received
YSC1790171623 Case Was Received
YSC1790171624 Case Was Received
YSC1790171625 Case Was Received
YSC1790171626 Case Was Received
YSC1790171627 Case Was Received
YSC1790171628 Case Was Received
YSC1790171629 Case Was Received
YSC1790171630 Case Was Received
YSC1790171631 Case Was Received
YSC1790171632 Case Was Received
YSC1790171633 Case Was Received
YSC1790171634 New Card Is Being Produced
YSC1790171635 Case Was Received
YSC1790171636 Case Was Received
YSC1790171637 Case Was Received
YSC1790171638 Case Was Received
YSC1790171639 Case Was Received
YSC1790171640 Name Was Updated
YSC1790171641 Case Was Received
YSC1790171642 Case Was Received
YSC1790171643 Case Was Received
YSC1790171644 Case Was Received
YSC1790171645 Case Was Received
YSC1790171646 Case Was Received
YSC1790171647 Case Was Received
YSC1790171648 Case Was Received
YSC1790171649 Case Was Received
YSC1790171650 New Card Is Being Produced
YSC1790171651 Case Was Received
YSC1790171652 Case Was Received
YSC1790171653 Notice Was Returned To USCIS Because The Post Office Could Not Deliver It
YSC1790171654 Case Was Received
YSC1790171655 Case Was Received
YSC1790171656 Case Was Received
YSC1790171657 Case Was Received
YSC1790171658 Case Was Received
YSC1790171659 Case Was Received
YSC1790171660 Name Was Updated
YSC1790171661 Case Was Received
YSC1790171662 New Card Is Being Produced
YSC1790171663 Case Was Received
YSC1790171664 Case Was Received
YSC1790171665 Case Was Received
YSC1790171666 New Card Is Being Produced
YSC1790171667 Case Was Received
YSC1790171668 Case Was Received
YSC1790171669 Case Was Received
YSC1790171670 New Card Is Being Produced
YSC1790171671 Case Was Received
YSC1790171672 Case Was Received
YSC1790171673 Case Was Received
YSC1790171674 Case Was Received
YSC1790171675 Notice Was Returned To USCIS Because The Post Office Could Not Deliver It
YSC1790171676 Notice Was Returned To USCIS Because The Post Office Could Not Deliver It
YSC1790171677 Case Was Received
YSC1790171678 Case Was Received
YSC1790171679 New Card Is Being Produced
YSC1790171680 Case Was Received
YSC1790171681 Case Was Received
YSC1790171682 Case Was Received
YSC1790171683 Case Was Received
YSC1790171684 New Card Is Being Produced
YSC1790171685 Case Was Received
YSC1790171686 Case Was Received
YSC1790171687 New Card Is Being Produced
YSC1790171688 Case Was Received
YSC1790171689 New Card Is Being Produced
YSC1790171690 Case Was Received
YSC1790171691 Case Was Received
YSC1790171692 Case Was Received
YSC1790171693 Case Was Received
YSC1790171694 Case Was Received
YSC1790171695 Case Was Received
YSC1790171696 Case Was Received
YSC1790171697 Case Was Received
YSC1790171698 Case Was Received
YSC1790171699 Case Was Received
YSC1790171700 Case Was Received
YSC1790171701 Case Was Received
YSC1790171702 Case Was Received
YSC1790171703 Case Was Received
YSC1790171704 Notice Was Returned To USCIS Because The Post Office Could Not Deliver It
YSC1790171705 Case Was Received
YSC1790171706 Case Was Received
YSC1790171707 Case Was Received
YSC1790171708 Case Was Received
YSC1790171709 Case Was Received
YSC1790171710 New Card Is Being Produced
YSC1790171711 New Card Is Being Produced
YSC1790171712 Case Was Received
YSC1790171713 New Card Is Being Produced
YSC1790171714 Case Was Received
YSC1790171715 Case Was Received
YSC1790171716 Case Was Received
YSC1790171717 Case Was Received
YSC1790171718 Case Was Received
YSC1790171719 Case Was Received
YSC1790171720 Case Was Received
YSC1790171721 Case Was Received
YSC1790171722 Case Was Received
YSC1790171723 Case Was Received
YSC1790171724 Case Was Received
YSC1790171725 Case Was Received
YSC1790171726 New Card Is Being Produced
YSC1790171727 Case Was Received
YSC1790171728 Case Was Received
YSC1790171729 Case Was Received
YSC1790171730 Case Was Received
YSC1790171731 Case Was Received
YSC1790171732 Case Was Received
YSC1790171733 Case Was Received
YSC1790171734 Case Was Received
YSC1790171735 Case Was Received
YSC1790171736 New Card Is Being Produced
YSC1790171737 Case Was Received
YSC1790171738 Case Was Received
YSC1790171739 Case Was Received
YSC1790171740 Case Was Received
YSC1790171741 Case Was Received
YSC1790171742 Case Was Received
YSC1790171743 Case Was Received
YSC1790171744 Case Was Received
YSC1790171745 Name Was Updated
YSC1790171746 Case Was Received
YSC1790171747 Case Was Received
YSC1790171748 Case Was Received
YSC1790171749 Case Was Received
YSC1790171750 Case Was Received
YSC1790171751 Case Was Received
YSC1790171752 Case Was Received
YSC1790171753 Case Was Received
YSC1790171754 Case Was Received
YSC1790171755 Case Was Received
YSC1790171756 Case Was Received
YSC1790171757 Case Was Received
YSC1790171758 Case Was Received
YSC1790171759 Case Was Received
YSC1790171760 Case Was Received
YSC1790171761 Case Was Received
YSC1790171762 New Card Is Being Produced
YSC1790171763 Case Was Received
YSC1790171764 New Card Is Being Produced
YSC1790171765 Case Was Received
YSC1790171766 Case Was Received
YSC1790171767 New Card Is Being Produced
YSC1790171768 Case Was Received
YSC1790171769 New Card Is Being Produced
YSC1790171770 Case Was Received
YSC1790171771 Case Was Received
YSC1790171772 Case Was Received
YSC1790171773 Case Was Received
YSC1790171774 Case Was Received
YSC1790171775 Case Was Received
YSC1790171776 Case Was Received
YSC1790171777 Case Was Received
YSC1790171778 Case Was Received
YSC1790171779 Case Was Received
YSC1790171780 Case Was Received
YSC1790171781 Case Was Received
YSC1790171782 Case Was Received
YSC1790171783 Case Was Received
YSC1790171784 Case Was Received
YSC1790171785 Case Was Received
YSC1790171786 Case Was Received
YSC1790171787 Case Was Received
YSC1790171788 Case Was Received
YSC1790171789 Case Was Received
YSC1790171790 Case Was Received
YSC1790171791 Case Was Received
YSC1790171792 Case Was Received
YSC1790171793 Case Was Received
YSC1790171794 New Card Is Being Produced
YSC1790171795 New Card Is Being Produced
YSC1790171796 Case Was Received
YSC1790171797 Case Was Received
YSC1790171798 Case Was Received
YSC1790171799 Case Was Received
YSC1790171800 Case Was Received
YSC1790171801 Case Was Received
YSC1790171802 Case Was Received
YSC1790171803 Case Was Received
YSC1790171804 Notice Was Returned To USCIS Because The Post Office Could Not Deliver It
YSC1790171805 Case Was Received
YSC1790171806 New Card Is Being Produced
YSC1790171807 New Card Is Being Produced
YSC1790171808 Case Was Received
YSC1790171809 Case Was Received
YSC1790171810 Case Was Received
YSC1790171811 Case Was Received
YSC1790171812 Case Was Received
YSC1790171813 Case Was Received
YSC1790171814 New Card Is Being Produced
YSC1790171815 Case Was Received
YSC1790171816 New Card Is Being Produced
YSC1790171817 Case Was Received
YSC1790171818 Case Was Received
YSC1790171819 Case Was Received
YSC1790171820 Case Was Received
YSC1790171821 Case Was Received
YSC1790171822 Case Was Received
YSC1790171823 Case Was Received
YSC1790171824 Case Was Received
YSC1790171825 Case Was Received
YSC1790171826 Notice Was Returned To USCIS Because The Post Office Could Not Deliver It
YSC1790171827 Case Was Received
YSC1790171828 Case Was Received
YSC1790171829 Case Was Received
YSC1790171830 Case Was Received
YSC1790171831 Case Was Received
YSC1790171832 New Card Is Being Produced
YSC1790171833 Case Was Received
YSC1790171834 Case Was Received
YSC1790171835 New Card Is Being Produced
YSC1790171836 Case Was Received
YSC1790171837 Case Was Received
YSC1790171838 Case Was Received
YSC1790171839 Case Was Received
YSC1790171840 New Card Is Being Produced
YSC1790171841 Case Was Received
YSC1790171842 Case Was Received
YSC1790171843 Case Was Received
YSC1790171844 Case Was Received
YSC1790171845 Case Was Received
YSC1790171846 Case Was Received
YSC1790171847 Case Was Received
YSC1790171848 Case Was Received
YSC1790171849 Case Was Received
YSC1790171850 Case Was Received
YSC1790171851 Case Was Received
YSC1790171852 Case Was Received
YSC1790171853 Case Was Received
YSC1790171854 Case Was Received
YSC1790171855 Case Was Received
YSC1790171856 Case Was Received
YSC1790171857 Notice Was Returned To USCIS Because The Post Office Could Not Deliver It
YSC1790171858 Case Was Received
YSC1790171859 Case Was Received
YSC1790171860 Case Was Received
YSC1790171861 Case Was Received
YSC1790171862 Case Was Received
YSC1790171863 Case Was Received
YSC1790171864 Case Was Received
YSC1790171865 Case Was Received
YSC1790171866 Case Was Received
YSC1790171867 New Card Is Being Produced
YSC1790171868 Case Was Received
YSC1790171869 Case Was Received
YSC1790171870 Case Was Received
YSC1790171871 Case Was Received
YSC1790171872 Case Was Received
YSC1790171873 Case Was Received
YSC1790171874 Case Was Received
YSC1790171875 Case Was Received
YSC1790171876 Case Was Received
YSC1790171877 Case Was Received
YSC1790171878 Case Was Received
YSC1790171879 Case Was Received
YSC1790171880 Case Was Received
YSC1790171881 Case Was Received
YSC1790171882 Case Was Received
YSC1790171883 Case Was Received
YSC1790171884 Case Was Received
YSC1790171885 Case Was Received
YSC1790171886 New Card Is Being Produced
YSC1790171887 Case Was Received
YSC1790171888 Case Was Received
YSC1790171889 Case Was Received
YSC1790171890 Case Was Received
YSC1790171891 Case Was Received
YSC1790171892 Case Was Received
YSC1790171893 Case Was Received
YSC1790171894 Correspondence Was Received And USCIS Is Reviewing It
YSC1790171895 Case Was Received
YSC1790171896 Case Was Received
YSC1790171897 Case Was Received
YSC1790171898 Case Was Received
YSC1790171899 Case Was Received
YSC1790171900 Case Was Received
YSC1790171901 Case Was Received
YSC1790171902 Case Was Received
YSC1790171903 Case Was Received
YSC1790171904 Case Was Received
YSC1790171905 Case Was Received
YSC1790171906 Case Was Received
YSC1790171907 Case Was Received
YSC1790171908 Case Was Received
YSC1790171909 Case Was Received
YSC1790171910 Case Was Received
YSC1790171911 Request for Initial Evidence Was Mailed
YSC1790171912 Case Was Received
YSC1790171913 New Card Is Being Produced
YSC1790171914 Case Was Received
YSC1790171915 Case Was Received
YSC1790171916 Case Was Received
YSC1790171917 Case Was Received
YSC1790171918 Case Was Received
YSC1790171919 New Card Is Being Produced
YSC1790171920 Case Was Received
YSC1790171921 Case Was Received
YSC1790171922 Case Was Received
YSC1790171923 Case Was Received
YSC1790171924 Case Was Received
YSC1790171925 Notice Was Returned To USCIS Because The Post Office Could Not Deliver It
YSC1790171926 Name Was Updated
YSC1790171927 Case Was Received
YSC1790171928 Case Was Received
YSC1790171929 Case Was Received
YSC1790171930 Case Was Received
YSC1790171931 Case Was Received
YSC1790171932 Notice Was Returned To USCIS Because The Post Office Could Not Deliver It
YSC1790171933 Case Was Received
YSC1790171934 Case Was Received
YSC1790171935 New Card Is Being Produced
YSC1790171936 Case Was Received
YSC1790171937 Case Was Received
YSC1790171938 Case Was Received
YSC1790171939 Case Was Received
YSC1790171940 Case Was Received
YSC1790171941 Case Was Received
YSC1790171942 Case Was Received
YSC1790171943 Case Was Received
YSC1790171944 Case Was Received
YSC1790171945 Case Was Received
YSC1790171946 Case Was Received
YSC1790171947 Case Was Received
YSC1790171948 Case Was Received
YSC1790171949 Case Was Received
YSC1790171950 Case Was Received
YSC1790171951 Case Was Received
YSC1790171952 Case Was Received
YSC1790171953 Case Rejected Because The Version Of The Form I Sent Is No Longer Accepted
YSC1790171954 Case Was Received
YSC1790171955 Case Was Received
YSC1790171956 Case Was Received
YSC1790171957 Case Rejected Because I Sent An Incorrect Fee
YSC1790171958 Case Was Received
YSC1790171959 Case Was Received
YSC1790171960 New Card Is Being Produced
YSC1790171961 New Card Is Being Produced
YSC1790171962 New Card Is Being Produced
YSC1790171963 New Card Is Being Produced
YSC1790171964 Notice Was Returned To USCIS Because The Post Office Could Not Deliver It
YSC1790171965 Case Was Received
YSC1790171966 Case Was Received
YSC1790171967 Case Was Received
YSC1790171968 Case Was Received
YSC1790171969 Case Was Received
YSC1790171970 Case Was Received
YSC1790171971 Case Was Received
YSC1790171972 Case Was Received
YSC1790171973 Case Was Received
YSC1790171974 Case Was Received
YSC1790171975 Case Was Received
YSC1790171976 Case Was Received
YSC1790171977 Case Was Received
YSC1790171978 Case Was Received
YSC1790171979 Case Was Received
YSC1790171980 Case Was Received
YSC1790171981 Notice Was Returned To USCIS Because The Post Office Could Not Deliver It
YSC1790171982 Case Was Received
YSC1790171983 Case Was Received
YSC1790171984 Case Was Received
YSC1790171985 Case Was Received
YSC1790171986 Case Was Received
YSC1790171987 Case Was Received
YSC1790171988 Case Was Received
YSC1790171989 Case Was Received
YSC1790171990 Case Was Received
YSC1790171991 New Card Is Being Produced
YSC1790171992 New Card Is Being Produced
YSC1790171993 Case Was Received
YSC1790171994 New Card Is Being Produced
YSC1790171995 Case Was Received
YSC1790171996 Case Was Received
YSC1790171997 Case Was Received
YSC1790171998 New Card Is Being Produced
YSC1790171999 Case Was Received
YSC1790172000 Case Was Received
