YSC1790169000 Case Was Received
YSC1790169001 Case Was Received
YSC1790169002 Case Was Received
YSC1790169003 Case Was Received
YSC1790169004 Case Was Received
YSC1790169005 Case Was Received
YSC1790169006 Case Was Received
YSC1790169007 Case Was Received
YSC1790169008 Case Was Received
YSC1790169009 Case Was Received
YSC1790169010 Case Was Received
YSC1790169011 Case Was Received
YSC1790169012 Case Was Received
YSC1790169013 Case Was Received
YSC1790169014 Case Was Received
YSC1790169015 New Card Is Being Produced
YSC1790169016 Case Was Received
YSC1790169017 Case Was Received
YSC1790169018 Case Was Received
YSC1790169019 Case Was Received
YSC1790169020 New Card Is Being Produced
YSC1790169021 Case Was Received
YSC1790169022 Name Was Updated
YSC1790169023 Case Was Received
YSC1790169024 Case Was Received
YSC1790169025 Case Was Received
YSC1790169026 Case Was Received
YSC1790169027 Case Was Received
YSC1790169028 Case Was Received
YSC1790169029 New Card Is Being Produced
YSC1790169030 Case Was Received
YSC1790169031 Case Was Received
YSC1790169032 Card Was Mailed To Me
YSC1790169033 Card Was Mailed To Me
YSC1790169034 Correspondence Was Received And USCIS Is Reviewing It
YSC1790169035 New Card Is Being Produced
YSC1790169036 Case Was Received
YSC1790169037 Case Was Received
YSC1790169038 Case Was Received
YSC1790169039 Case Was Received
YSC1790169040 Case Was Received
YSC1790169041 Card Was Mailed To Me
YSC1790169042 Case Was Received
YSC1790169043 New Card Is Being Produced
YSC1790169044 Case Was Received
YSC1790169045 Card Was Mailed To Me
YSC1790169046 Case Was Received
YSC1790169047 Case Was Received
YSC1790169048 Card Was Mailed To Me
YSC1790169049 Case Was Received
YSC1790169050 Card Was Mailed To Me
YSC1790169051 Case Was Received
YSC1790169052 Card Was Mailed To Me
YSC1790169053 New Card Is Being Produced
YSC1790169054 Case Was Received
YSC1790169055 New Card Is Being Produced
YSC1790169056 New Card Is Being Produced
YSC1790169057 New Card Is Being Produced
YSC1790169058 New Card Is Being Produced
YSC1790169059 Case Was Received
YSC1790169060 New Card Is Being Produced
YSC1790169061 Case Was Received
YSC1790169062 New Card Is Being Produced
YSC1790169063 New Card Is Being Produced
YSC1790169064 Case Was Received
YSC1790169065 Case Was Received
YSC1790169066 New Card Is Being Produced
YSC1790169067 Case Was Received
YSC1790169068 Case Was Received
YSC1790169069 Notice Was Returned To USCIS Because The Post Office Could Not Deliver It
YSC1790169070 Case Was Received
YSC1790169071 Card Was Mailed To Me
YSC1790169072 Case Was Received
YSC1790169073 New Card Is Being Produced
YSC1790169074 New Card Is Being Produced
YSC1790169075 Case Was Received
YSC1790169076 Case Was Received
YSC1790169077 Case Was Received
YSC1790169078 Case Was Received
YSC1790169079 Case Was Received
YSC1790169080 Case Was Received
YSC1790169081 Case Was Received
YSC1790169082 Case Was Received
YSC1790169083 Case Was Received
YSC1790169084 Case Was Received
YSC1790169085 Case Was Received
YSC1790169086 Case Was Received
YSC1790169087 Case Was Received
YSC1790169088 Case Was Received
YSC1790169089 Case Was Received
YSC1790169090 Date of Birth Was Updated
YSC1790169091 Case Was Received
YSC1790169092 Case Was Received
YSC1790169093 Case Was Received
YSC1790169094 Case Was Received
YSC1790169095 New Card Is Being Produced
YSC1790169096 Case Was Received
YSC1790169097 Case Was Received
YSC1790169098 Card Was Mailed To Me
YSC1790169099 Case Was Received
YSC1790169100 Case Was Received
YSC1790169101 New Card Is Being Produced
YSC1790169102 Card Was Mailed To Me
YSC1790169103 New Card Is Being Produced
YSC1790169104 Card Was Mailed To Me
YSC1790169105 Case Was Received
YSC1790169106 Card Was Mailed To Me
YSC1790169107 Card Was Mailed To Me
YSC1790169108 New Card Is Being Produced
YSC1790169109 Case Was Received
YSC1790169110 New Card Is Being Produced
YSC1790169111 Case Was Received
YSC1790169112 Case Was Received
YSC1790169113 Case Was Received
YSC1790169114 Case Was Received
YSC1790169115 Case Was Received
YSC1790169116 Case Was Received
YSC1790169117 New Card Is Being Produced
YSC1790169118 Card Was Mailed To Me
YSC1790169119 Case Was Received
YSC1790169120 New Card Is Being Produced
YSC1790169121 New Card Is Being Produced
YSC1790169122 Case Was Received
YSC1790169123 Card Was Mailed To Me
YSC1790169124 Case Was Received
YSC1790169125 New Card Is Being Produced
YSC1790169126 Card Was Mailed To Me
YSC1790169127 Card Was Mailed To Me
YSC1790169128 New Card Is Being Produced
YSC1790169129 Notice Was Returned To USCIS Because The Post Office Could Not Deliver It
YSC1790169130 Card Was Mailed To Me
YSC1790169131 Case Was Received
YSC1790169132 New Card Is Being Produced
YSC1790169133 New Card Is Being Produced
YSC1790169134 New Card Is Being Produced
YSC1790169135 Card Was Mailed To Me
YSC1790169136 Case Was Received
YSC1790169137 Case Was Received
YSC1790169138 Case Was Received
YSC1790169139 Notice Was Returned To USCIS Because The Post Office Could Not Deliver It
YSC1790169140 Case Was Received
YSC1790169141 Card Was Mailed To Me
YSC1790169142 Case Was Received
YSC1790169143 Case Was Received
YSC1790169144 Notice Was Returned To USCIS Because The Post Office Could Not Deliver It
YSC1790169145 Case Was Received
YSC1790169146 Case Was Received
YSC1790169147 Case Was Received
YSC1790169148 New Card Is Being Produced
YSC1790169149 Card Was Mailed To Me
YSC1790169150 Case Was Received
YSC1790169151 Case Was Received
YSC1790169152 Case Was Received
YSC1790169153 New Card Is Being Produced
YSC1790169154 New Card Is Being Produced
YSC1790169155 Case Was Received
YSC1790169156 Case Was Received
YSC1790169157 Case Was Received
YSC1790169158 Case Was Received
YSC1790169159 New Card Is Being Produced
YSC1790169160 Case Was Received
YSC1790169161 Case Was Received
YSC1790169162 Case Was Received
YSC1790169163 Case Was Received
YSC1790169164 Card Was Mailed To Me
YSC1790169165 New Card Is Being Produced
YSC1790169166 Notice Was Returned To USCIS Because The Post Office Could Not Deliver It
YSC1790169167 Case Was Received
YSC1790169168 New Card Is Being Produced
YSC1790169169 New Card Is Being Produced
YSC1790169170 Case Was Received
YSC1790169171 New Card Is Being Produced
YSC1790169172 Case Was Received
YSC1790169173 New Card Is Being Produced
YSC1790169174 Case Was Received
YSC1790169175 New Card Is Being Produced
YSC1790169176 New Card Is Being Produced
YSC1790169177 Case Was Received
YSC1790169178 New Card Is Being Produced
YSC1790169179 Case Was Received
YSC1790169180 Case Was Received
YSC1790169181 Case Was Received
YSC1790169182 Card Was Mailed To Me
YSC1790169183 Case Was Received
YSC1790169184 Notice Was Returned To USCIS Because The Post Office Could Not Deliver It
YSC1790169185 Case Was Received
YSC1790169186 New Card Is Being Produced
YSC1790169187 Case Was Received
YSC1790169188 Case Was Received
YSC1790169189 New Card Is Being Produced
YSC1790169190 New Card Is Being Produced
YSC1790169191 New Card Is Being Produced
YSC1790169192 New Card Is Being Produced
YSC1790169193 Case Was Received
YSC1790169194 Card Was Mailed To Me
YSC1790169195 Card Was Mailed To Me
YSC1790169196 Card Was Mailed To Me
YSC1790169197 Case Was Received
YSC1790169198 Card Was Mailed To Me
YSC1790169199 Card Was Mailed To Me
YSC1790169200 Case Was Received
YSC1790169201 Case Was Received
YSC1790169202 Case Was Received
YSC1790169203 New Card Is Being Produced
YSC1790169204 New Card Is Being Produced
YSC1790169205 New Card Is Being Produced
YSC1790169206 New Card Is Being Produced
YSC1790169207 New Card Is Being Produced
YSC1790169208 Case Was Received
YSC1790169209 New Card Is Being Produced
YSC1790169210 Case Was Received
YSC1790169211 Card Was Mailed To Me
YSC1790169212 New Card Is Being Produced
YSC1790169213 New Card Is Being Produced
YSC1790169214 Case Was Received
YSC1790169215 Case Was Received
YSC1790169216 Case Was Received
YSC1790169217 Card Was Mailed To Me
YSC1790169218 New Card Is Being Produced
YSC1790169219 New Card Is Being Produced
YSC1790169220 New Card Is Being Produced
YSC1790169221 New Card Is Being Produced
YSC1790169222 Card Was Mailed To Me
YSC1790169223 Card Was Mailed To Me
YSC1790169224 New Card Is Being Produced
YSC1790169225 Case Was Received
YSC1790169226 Case Was Received
YSC1790169227 Case Was Received
YSC1790169228 Case Was Received
YSC1790169229 Case Was Received
YSC1790169230 Case Was Received
YSC1790169231 Case Was Received
YSC1790169232 Case Was Received
YSC1790169233 Case Was Received
YSC1790169234 Case Was Received
YSC1790169235 Case Was Received
YSC1790169236 New Card Is Being Produced
YSC1790169237 Case Was Received
YSC1790169238 Case Was Received
YSC1790169239 Case Was Received
YSC1790169240 Case Was Received
YSC1790169241 Case Was Received
YSC1790169242 Case Was Received
YSC1790169243 Case Was Received
YSC1790169244 Case Was Received
YSC1790169245 Case Was Received
YSC1790169246 Case Was Received
YSC1790169247 Case Was Received
YSC1790169248 Case Was Received
YSC1790169249 Case Was Received
YSC1790169250 Case Was Received
YSC1790169251 New Card Is Being Produced
YSC1790169252 New Card Is Being Produced
YSC1790169253 Case Was Received
YSC1790169254 New Card Is Being Produced
YSC1790169255 New Card Is Being Produced
YSC1790169256 Case Was Received
YSC1790169257 New Card Is Being Produced
YSC1790169258 New Card Is Being Produced
YSC1790169259 New Card Is Being Produced
YSC1790169260 New Card Is Being Produced
YSC1790169261 Case Was Received
YSC1790169262 Case Was Received
YSC1790169263 New Card Is Being Produced
YSC1790169264 New Card Is Being Produced
YSC1790169265 Card Was Mailed To Me
YSC1790169266 Case Was Received
YSC1790169267 Case Was Received
YSC1790169268 New Card Is Being Produced
YSC1790169269 Case Was Received
YSC1790169270 New Card Is Being Produced
YSC1790169271 Case Was Received
YSC1790169272 Card Was Mailed To Me
YSC1790169273 Card Was Mailed To Me
YSC1790169274 Card Was Mailed To Me
YSC1790169275 Case Was Received
YSC1790169276 Case Was Received
YSC1790169277 New Card Is Being Produced
YSC1790169278 Case Was Received
YSC1790169279 New Card Is Being Produced
YSC1790169280 Case Was Received
YSC1790169281 Case Was Received
YSC1790169282 Case Was Received
YSC1790169283 Case Was Received
YSC1790169284 Case Was Received
YSC1790169285 Case Was Received
YSC1790169286 Case Was Received
YSC1790169287 Case Was Received
YSC1790169288 Case Was Received
YSC1790169289 Case Was Received
YSC1790169290 Case Was Received
YSC1790169291 Case Was Received
YSC1790169292 Case Was Received
YSC1790169293 Case Was Received
YSC1790169294 Case Was Received
YSC1790169295 Case Was Received
YSC1790169296 New Card Is Being Produced
YSC1790169297 Case Was Received
YSC1790169298 Case Was Received
YSC1790169299 New Card Is Being Produced
YSC1790169300 New Card Is Being Produced
YSC1790169301 Case Was Received
YSC1790169302 Case Was Received
YSC1790169303 Card Was Mailed To Me
YSC1790169304 Case Was Received
YSC1790169305 Case Was Received
YSC1790169306 Notice Was Returned To USCIS Because The Post Office Could Not Deliver It
YSC1790169307 Case Was Received
YSC1790169308 Case Was Received
YSC1790169309 New Card Is Being Produced
YSC1790169310 Card Was Mailed To Me
YSC1790169311 Card Was Mailed To Me
YSC1790169312 Card Was Mailed To Me
YSC1790169313 Card Was Mailed To Me
YSC1790169314 New Card Is Being Produced
YSC1790169315 Case Was Received
YSC1790169316 Case Was Received
YSC1790169317 Card Was Mailed To Me
YSC1790169318 New Card Is Being Produced
YSC1790169319 Case Was Received
YSC1790169320 New Card Is Being Produced
YSC1790169321 New Card Is Being Produced
YSC1790169322 New Card Is Being Produced
YSC1790169323 Case Was Received
YSC1790169324 New Card Is Being Produced
YSC1790169325 New Card Is Being Produced
YSC1790169326 New Card Is Being Produced
YSC1790169327 Name Was Updated
YSC1790169328 Case Was Received
YSC1790169329 Case Was Received
YSC1790169330 New Card Is Being Produced
YSC1790169331 New Card Is Being Produced
YSC1790169332 New Card Is Being Produced
YSC1790169333 Case Was Received
YSC1790169334 Case Was Received
YSC1790169335 Case Was Received
YSC1790169336 Case Was Received
YSC1790169337 Case Was Received
YSC1790169338 New Card Is Being Produced
YSC1790169339 Case Was Received
YSC1790169340 Case Was Received
YSC1790169341 Case Was Received
YSC1790169342 New Card Is Being Produced
YSC1790169343 Case Was Received
YSC1790169344 Case Was Received
YSC1790169345 New Card Is Being Produced
YSC1790169346 Case Was Received
YSC1790169347 Case Was Received
YSC1790169348 Case Was Received
YSC1790169349 Case Was Received
YSC1790169350 Case Was Received
YSC1790169351 Case Was Received
YSC1790169352 Case Was Received
YSC1790169353 Notice Was Returned To USCIS Because The Post Office Could Not Deliver It
YSC1790169354 Case Was Received
YSC1790169355 Case Was Received
YSC1790169356 Case Was Received
YSC1790169357 Case Rejected Because The Version Of The Form I Sent Is No Longer Accepted
YSC1790169358 Case Rejected Because The Version Of The Form I Sent Is No Longer Accepted
YSC1790169359 Case Rejected Because The Version Of The Form I Sent Is No Longer Accepted
YSC1790169360 Case Was Received
YSC1790169361 Case Was Received
YSC1790169362 Case Was Received
YSC1790169363 Case Was Received
YSC1790169364 Case Was Received
YSC1790169365 Card Was Mailed To Me
YSC1790169366 Card Was Mailed To Me
YSC1790169367 Case Was Received
YSC1790169368 Case Was Received
YSC1790169369 Case Was Received
YSC1790169370 New Card Is Being Produced
YSC1790169371 Card Was Mailed To Me
YSC1790169372 New Card Is Being Produced
YSC1790169373 New Card Is Being Produced
YSC1790169374 New Card Is Being Produced
YSC1790169375 Case Was Received
YSC1790169376 Case Was Received
YSC1790169377 Name Was Updated
YSC1790169378 New Card Is Being Produced
YSC1790169379 Case Was Received
YSC1790169380 New Card Is Being Produced
YSC1790169381 Card Was Mailed To Me
YSC1790169382 Card Was Mailed To Me
YSC1790169383 Card Was Mailed To Me
YSC1790169384 Card Was Mailed To Me
YSC1790169385 Card Was Mailed To Me
YSC1790169386 Case Was Received
YSC1790169387 Name Was Updated
YSC1790169388 New Card Is Being Produced
YSC1790169389 New Card Is Being Produced
YSC1790169390 Case Was Received
YSC1790169391 Case Was Received
YSC1790169392 Card Was Mailed To Me
YSC1790169393 Card Was Mailed To Me
YSC1790169394 Card Was Mailed To Me
YSC1790169395 Card Was Mailed To Me
YSC1790169396 Case Was Received
YSC1790169397 Card Was Mailed To Me
YSC1790169398 Card Was Mailed To Me
YSC1790169399 Card Was Mailed To Me
YSC1790169400 Card Was Mailed To Me
YSC1790169401 Case Rejected Because I Sent An Incorrect Fee
YSC1790169402 Case Rejected Because The Version Of The Form I Sent Is No Longer Accepted
YSC1790169403 Case Rejected Because I Sent An Incorrect Fee
YSC1790169404 Case Rejected Because I Sent An Incorrect Fee
YSC1790169405 Case Was Received
YSC1790169406 Case Was Received
YSC1790169407 Case Was Received
YSC1790169408 Case Was Received
YSC1790169409 Case Was Received
YSC1790169410 Case Was Received
YSC1790169411 Correspondence Was Received And USCIS Is Reviewing It
YSC1790169412 Case Was Received
YSC1790169413 Case Was Received
YSC1790169414 Case Was Received
YSC1790169415 Case Was Received
YSC1790169416 Case Was Received
YSC1790169417 Notice Was Returned To USCIS Because The Post Office Could Not Deliver It
YSC1790169418 Case Was Received
YSC1790169419 Case Was Received
YSC1790169420 Case Was Received
YSC1790169421 Case Was Received
YSC1790169422 Case Was Received
YSC1790169423 Case Was Received
YSC1790169424 New Card Is Being Produced
YSC1790169425 New Card Is Being Produced
YSC1790169426 Case Was Received
YSC1790169427 New Card Is Being Produced
YSC1790169428 Case Was Received
YSC1790169429 Case Was Received
YSC1790169430 Case Was Received
YSC1790169431 Case Was Received
YSC1790169432 Case Was Received
YSC1790169433 Case Was Received
YSC1790169434 Case Was Received
YSC1790169435 Case Was Received
YSC1790169436 Case Was Received
YSC1790169437 New Card Is Being Produced
YSC1790169438 Case Was Received
YSC1790169439 Case Was Received
YSC1790169440 Case Was Received
YSC1790169441 Case Was Received
YSC1790169442 Case Was Received
YSC1790169443 Case Was Received
YSC1790169444 New Card Is Being Produced
YSC1790169445 Case Was Received
YSC1790169446 Case Was Received
YSC1790169447 Case Was Received
YSC1790169448 New Card Is Being Produced
YSC1790169449 Case Was Received
YSC1790169450 New Card Is Being Produced
YSC1790169451 Case Was Received
YSC1790169452 Case Was Received
YSC1790169453 New Card Is Being Produced
YSC1790169454 Case Was Received
YSC1790169455 Case Was Received
YSC1790169456 Case Was Received
YSC1790169457 Case Was Received
YSC1790169458 Case Was Received
YSC1790169459 Case Was Received
YSC1790169460 New Card Is Being Produced
YSC1790169461 Case Was Received
YSC1790169462 New Card Is Being Produced
YSC1790169463 Case Was Received
YSC1790169464 New Card Is Being Produced
YSC1790169465 Case Was Received
YSC1790169466 New Card Is Being Produced
YSC1790169467 Case Was Received
YSC1790169468 New Card Is Being Produced
YSC1790169469 Case Was Received
YSC1790169470 New Card Is Being Produced
YSC1790169471 Case Was Received
YSC1790169472 Case Was Received
YSC1790169473 Case Was Received
YSC1790169474 Case Was Received
YSC1790169475 Case Was Received
YSC1790169476 Case Was Received
YSC1790169477 Case Was Received
YSC1790169478 Case Was Received
YSC1790169479 Case Was Received
YSC1790169480 Case Was Received
YSC1790169481 Case Was Received
YSC1790169482 Case Was Received
YSC1790169483 Case Was Received
YSC1790169484 Case Was Received
YSC1790169485 Case Was Received
YSC1790169486 Case Was Received
YSC1790169487 Case Was Received
YSC1790169488 Case Was Received
YSC1790169489 Case Was Received
YSC1790169490 Case Was Received
YSC1790169491 Case Was Received
YSC1790169492 Case Was Received
YSC1790169493 New Card Is Being Produced
YSC1790169494 Case Was Received
YSC1790169495 Case Was Received
YSC1790169496 Case Was Received
YSC1790169497 New Card Is Being Produced
YSC1790169498 Case Was Received
YSC1790169499 Case Was Received
YSC1790169500 Case Was Received
