YSC1790168500 Correspondence Was Received And USCIS Is Reviewing It
YSC1790168501 Case Was Received
YSC1790168502 Card Was Mailed To Me
YSC1790168503 New Card Is Being Produced
YSC1790168504 Case Was Received
YSC1790168505 Notice Was Returned To USCIS Because The Post Office Could Not Deliver It
YSC1790168506 Case Was Received
YSC1790168507 Case Was Received
YSC1790168508 Case Was Received
YSC1790168509 Case Was Received
YSC1790168510 New Card Is Being Produced
YSC1790168511 Case Was Received
YSC1790168512 New Card Is Being Produced
YSC1790168513 Case Was Received
YSC1790168514 New Card Is Being Produced
YSC1790168515 Case Was Received
YSC1790168516 Case Was Received
YSC1790168517 Case Was Received
YSC1790168518 Name Was Updated
YSC1790168519 Case Was Received
YSC1790168520 Case Was Received
YSC1790168521 Case Was Received
YSC1790168522 New Card Is Being Produced
YSC1790168523 New Card Is Being Produced
YSC1790168524 New Card Is Being Produced
YSC1790168525 Case Was Received
YSC1790168526 Case Was Received
YSC1790168527 Case Was Received
YSC1790168528 Case Was Received
YSC1790168529 Case Was Received
YSC1790168530 Case Was Received
YSC1790168531 Case Was Received
YSC1790168532 Case Was Received
YSC1790168533 New Card Is Being Produced
YSC1790168534 Case Was Received
YSC1790168535 Case Was Received
YSC1790168536 New Card Is Being Produced
YSC1790168537 Notice Was Returned To USCIS Because The Post Office Could Not Deliver It
YSC1790168538 Case Was Received
YSC1790168539 Case Was Received
YSC1790168540 Case Was Received
YSC1790168541 Case Was Received
YSC1790168542 Case Was Received
YSC1790168543 Case Was Received
YSC1790168544 Case Was Received
YSC1790168545 Case Was Received
YSC1790168546 Case Was Received
YSC1790168547 Case Was Received
YSC1790168548 Case Was Received
YSC1790168549 Case Was Received
YSC1790168550 Case Was Received
YSC1790168551 Case Was Received
YSC1790168552 Case Was Received
YSC1790168553 Case Was Received
YSC1790168554 Case Was Received
YSC1790168555 Case Was Received
YSC1790168556 Case Was Received
YSC1790168557 Case Was Received
YSC1790168558 Case Was Received
YSC1790168559 Case Was Received
YSC1790168560 Case Was Received
YSC1790168561 Case Was Received
YSC1790168562 Case Was Received
YSC1790168563 New Card Is Being Produced
YSC1790168564 Card Was Mailed To Me
YSC1790168565 Case Was Received
YSC1790168566 Case Was Received
YSC1790168567 New Card Is Being Produced
YSC1790168568 New Card Is Being Produced
YSC1790168569 Case Was Received
YSC1790168570 Case Was Received
YSC1790168571 Case Was Received
YSC1790168572 Case Was Received
YSC1790168573 Card Was Mailed To Me
YSC1790168574 Case Was Received
YSC1790168575 Case Was Received
YSC1790168576 Case Was Received
YSC1790168577 Card Was Mailed To Me
YSC1790168578 New Card Is Being Produced
YSC1790168579 Card Was Mailed To Me
YSC1790168580 New Card Is Being Produced
YSC1790168581 New Card Is Being Produced
YSC1790168582 Case Was Received
YSC1790168583 Case Was Received
YSC1790168584 Case Was Received
YSC1790168585 Case Was Received
YSC1790168586 Case Was Received
YSC1790168587 New Card Is Being Produced
YSC1790168588 Case Was Received
YSC1790168589 Case Was Received
YSC1790168590 Case Was Received
YSC1790168591 Case Was Received
YSC1790168592 Case Was Received
YSC1790168593 Case Was Received
YSC1790168594 Case Was Received
YSC1790168595 Case Was Received
YSC1790168596 Case Was Received
YSC1790168597 Case Was Received
YSC1790168598 New Card Is Being Produced
YSC1790168599 Case Was Received
YSC1790168600 Case Was Received
YSC1790168601 Card Was Mailed To Me
YSC1790168602 New Card Is Being Produced
YSC1790168603 Case Was Received
YSC1790168604 Case Was Received
YSC1790168605 Case Was Received
YSC1790168606 New Card Is Being Produced
YSC1790168607 Card Was Mailed To Me
YSC1790168608 Card Was Mailed To Me
YSC1790168609 Case Was Received
YSC1790168610 Case Was Received
YSC1790168611 New Card Is Being Produced
YSC1790168612 New Card Is Being Produced
YSC1790168613 Case Was Received
YSC1790168614 New Card Is Being Produced
YSC1790168615 Case Was Received
YSC1790168616 Case Was Received
YSC1790168617 Case Was Received
YSC1790168618 Case Was Received
YSC1790168619 Case Was Received
YSC1790168620 New Card Is Being Produced
YSC1790168621 Case Was Received
YSC1790168622 Case Was Received
YSC1790168623 Case Was Received
YSC1790168624 Case Was Received
YSC1790168625 Case Was Received
YSC1790168626 Case Was Received
YSC1790168627 Case Was Received
YSC1790168628 Case Was Received
YSC1790168629 Case Was Received
YSC1790168630 Case Was Received
YSC1790168631 Case Was Received
YSC1790168632 Case Was Received
YSC1790168633 Case Was Received
YSC1790168634 Case Was Received
YSC1790168635 Case Was Received
YSC1790168636 Case Was Received
YSC1790168637 Case Was Received
YSC1790168638 Case Was Received
YSC1790168639 Case Was Received
YSC1790168640 Case Was Received
YSC1790168641 Case Was Received
YSC1790168642 Case Was Received
YSC1790168643 Case Was Received
YSC1790168644 Case Was Received
YSC1790168645 New Card Is Being Produced
YSC1790168646 New Card Is Being Produced
YSC1790168647 New Card Is Being Produced
YSC1790168648 New Card Is Being Produced
YSC1790168649 New Card Is Being Produced
YSC1790168650 Card Was Mailed To Me
YSC1790168651 Card Was Mailed To Me
YSC1790168652 New Card Is Being Produced
YSC1790168653 Case Was Received
YSC1790168654 New Card Is Being Produced
YSC1790168655 Case Was Received
YSC1790168656 Case Was Received
YSC1790168657 New Card Is Being Produced
YSC1790168658 Case Was Received
YSC1790168659 Card Was Mailed To Me
YSC1790168660 New Card Is Being Produced
YSC1790168661 New Card Is Being Produced
YSC1790168662 New Card Is Being Produced
YSC1790168663 Case Was Received
YSC1790168664 Case Was Received
YSC1790168665 New Card Is Being Produced
YSC1790168666 Case Was Received
YSC1790168667 New Card Is Being Produced
YSC1790168668 Case Was Received
YSC1790168669 Case Was Received
YSC1790168670 New Card Is Being Produced
YSC1790168671 New Card Is Being Produced
YSC1790168672 New Card Is Being Produced
YSC1790168673 New Card Is Being Produced
YSC1790168674 Case Was Received
YSC1790168675 Case Was Received
YSC1790168676 Case Was Received
YSC1790168677 Case Was Received
YSC1790168678 Case Was Received
YSC1790168679 New Card Is Being Produced
YSC1790168680 Case Was Received
YSC1790168681 Case Was Received
YSC1790168682 Case Was Received
YSC1790168683 Case Was Received
YSC1790168684 Case Was Received
YSC1790168685 Case Was Received
YSC1790168686 Case Was Received
YSC1790168687 Case Was Received
YSC1790168688 Case Was Received
YSC1790168689 Correspondence Was Received And USCIS Is Reviewing It
YSC1790168690 Case Was Received
YSC1790168691 Card Was Mailed To Me
YSC1790168692 Case Was Received
YSC1790168693 New Card Is Being Produced
YSC1790168694 Case Was Received
YSC1790168695 Case Was Received
YSC1790168696 Case Was Received
YSC1790168697 Case Was Received
YSC1790168698 Case Was Received
YSC1790168699 New Card Is Being Produced
YSC1790168700 Case Was Received
YSC1790168701 Card Was Mailed To Me
YSC1790168702 Card Was Mailed To Me
YSC1790168703 Case Was Received
YSC1790168704 New Card Is Being Produced
YSC1790168705 Card Was Mailed To Me
YSC1790168706 Case Was Received
YSC1790168707 Card Was Mailed To Me
YSC1790168708 Case Was Received
YSC1790168709 New Card Is Being Produced
YSC1790168710 Card Was Mailed To Me
YSC1790168711 Card Was Mailed To Me
YSC1790168712 Card Was Mailed To Me
YSC1790168713 Card Was Mailed To Me
YSC1790168714 New Card Is Being Produced
YSC1790168715 Name Was Updated
YSC1790168716 New Card Is Being Produced
YSC1790168717 New Card Is Being Produced
YSC1790168718 New Card Is Being Produced
YSC1790168719 New Card Is Being Produced
YSC1790168720 Case Was Received
YSC1790168721 New Card Is Being Produced
YSC1790168722 New Card Is Being Produced
YSC1790168723 New Card Is Being Produced
YSC1790168724 Case Was Received
YSC1790168725 Name Was Updated
YSC1790168726 New Card Is Being Produced
YSC1790168727 Case Was Received
YSC1790168728 Case Was Received
YSC1790168729 Case Was Received
YSC1790168730 Case Was Received
YSC1790168731 Case Was Received
YSC1790168732 Case Was Received
YSC1790168733 Case Was Received
YSC1790168734 Case Was Received
YSC1790168735 Case Was Received
YSC1790168736 Case Was Received
YSC1790168737 Case Was Received
YSC1790168738 Card Was Mailed To Me
YSC1790168739 New Card Is Being Produced
YSC1790168740 Card Was Mailed To Me
YSC1790168741 Case Was Received
YSC1790168742 Correspondence Was Received And USCIS Is Reviewing It
YSC1790168743 Case Was Received
YSC1790168744 New Card Is Being Produced
YSC1790168745 New Card Is Being Produced
YSC1790168746 Case Was Received
YSC1790168747 New Card Is Being Produced
YSC1790168748 New Card Is Being Produced
YSC1790168749 New Card Is Being Produced
YSC1790168750 Card Was Mailed To Me
YSC1790168751 Case Was Received
YSC1790168752 New Card Is Being Produced
YSC1790168753 Case Was Received
YSC1790168754 New Card Is Being Produced
YSC1790168755 Case Was Received
YSC1790168756 Card Was Mailed To Me
YSC1790168757 Case Was Received
YSC1790168758 New Card Is Being Produced
YSC1790168759 Card Was Mailed To Me
YSC1790168760 Case Was Received
YSC1790168761 Card Was Mailed To Me
YSC1790168762 Card Was Mailed To Me
YSC1790168763 Case Was Received
YSC1790168764 New Card Is Being Produced
YSC1790168765 Case Was Received
YSC1790168766 Case Was Received
YSC1790168767 Case Was Received
YSC1790168768 New Card Is Being Produced
YSC1790168769 Case Was Received
YSC1790168770 New Card Is Being Produced
YSC1790168771 New Card Is Being Produced
YSC1790168772 Case Was Received
YSC1790168773 New Card Is Being Produced
YSC1790168774 Case Was Received
YSC1790168775 Case Was Received
YSC1790168776 New Card Is Being Produced
YSC1790168777 Case Was Received
YSC1790168778 Case Was Received
YSC1790168779 Case Was Received
YSC1790168780 New Card Is Being Produced
YSC1790168781 Case Was Received
YSC1790168782 Case Was Received
YSC1790168783 Case Was Received
YSC1790168784 Case Was Received
YSC1790168785 New Card Is Being Produced
YSC1790168786 Case Was Received
YSC1790168787 Case Was Received
YSC1790168788 New Card Is Being Produced
YSC1790168789 New Card Is Being Produced
YSC1790168790 Case Was Received
YSC1790168791 Case Was Received
YSC1790168792 Case Was Received
YSC1790168793 Case Was Received
YSC1790168794 Card Was Mailed To Me
YSC1790168795 Case Was Received
YSC1790168796 Case Was Received
YSC1790168797 Card Was Mailed To Me
YSC1790168798 Case Was Received
YSC1790168799 Case Was Received
YSC1790168800 New Card Is Being Produced
YSC1790168801 Case Was Received
YSC1790168802 New Card Is Being Produced
YSC1790168803 Case Was Received
YSC1790168804 Case Was Received
YSC1790168805 Case Was Received
YSC1790168806 Case Was Received
YSC1790168807 Case Was Received
YSC1790168808 Case Was Received
YSC1790168809 Case Was Received
YSC1790168810 Case Was Received
YSC1790168811 Case Was Received
YSC1790168812 Case Was Received
YSC1790168813 Case Was Received
YSC1790168814 Case Was Received
YSC1790168815 Case Was Received
YSC1790168816 Case Was Received
YSC1790168817 Case Was Received
YSC1790168818 Case Was Received
YSC1790168819 Case Was Received
YSC1790168820 Case Was Received
YSC1790168821 Case Was Received
YSC1790168822 Case Was Received
YSC1790168823 Case Was Received
YSC1790168824 Case Was Received
YSC1790168825 Case Was Received
YSC1790168826 Case Was Received
YSC1790168827 Case Was Received
YSC1790168828 Case Was Received
YSC1790168829 Case Was Received
YSC1790168830 Case Was Received
YSC1790168831 Case Was Received
YSC1790168832 Case Was Received
YSC1790168833 Case Was Received
YSC1790168834 Case Was Received
YSC1790168835 Case Was Received
YSC1790168836 Case Was Received
YSC1790168837 Case Was Received
YSC1790168838 Case Was Received
YSC1790168839 Case Was Received
YSC1790168840 Case Was Received
YSC1790168841 Case Was Received
YSC1790168842 Case Was Received
YSC1790168843 Case Was Received
YSC1790168844 Notice Was Returned To USCIS Because The Post Office Could Not Deliver It
YSC1790168845 Notice Was Returned To USCIS Because The Post Office Could Not Deliver It
YSC1790168846 Case Was Received
YSC1790168847 Case Was Received
YSC1790168848 Case Was Received
YSC1790168849 Case Was Received
YSC1790168850 Case Was Received
YSC1790168851 Case Was Received
YSC1790168852 Case Was Received
YSC1790168853 Case Was Received
YSC1790168854 Case Was Received
YSC1790168855 Case Was Received
YSC1790168856 Case Was Received
YSC1790168857 Case Was Received
YSC1790168858 Case Was Received
YSC1790168859 New Card Is Being Produced
YSC1790168860 New Card Is Being Produced
YSC1790168861 Case Was Received
YSC1790168862 Card Was Mailed To Me
YSC1790168863 Case Was Received
YSC1790168864 New Card Is Being Produced
YSC1790168865 Case Was Received
YSC1790168866 Case Was Received
YSC1790168867 Case Was Received
YSC1790168868 Case Was Received
YSC1790168869 Case Was Received
YSC1790168870 Case Was Received
YSC1790168871 New Card Is Being Produced
YSC1790168872 Case Was Received
YSC1790168873 Case Was Received
YSC1790168874 Card Was Mailed To Me
YSC1790168875 New Card Is Being Produced
YSC1790168876 New Card Is Being Produced
YSC1790168877 Case Was Received
YSC1790168878 Card Was Mailed To Me
YSC1790168879 Request for Initial Evidence Was Mailed
YSC1790168880 Case Was Received
YSC1790168881 Case Was Received
YSC1790168882 Case Was Received
YSC1790168883 Case Was Received
YSC1790168884 Case Was Received
YSC1790168885 Card Was Mailed To Me
YSC1790168886 Notice Was Returned To USCIS Because The Post Office Could Not Deliver It
YSC1790168887 Case Was Received
YSC1790168888 Case Was Received
YSC1790168889 Case Was Received
YSC1790168890 Case Was Received
YSC1790168891 Case Was Received
YSC1790168892 Card Was Mailed To Me
YSC1790168893 Case Was Received
YSC1790168894 New Card Is Being Produced
YSC1790168895 Case Was Received
YSC1790168896 New Card Is Being Produced
YSC1790168897 Request for Initial Evidence Was Mailed
YSC1790168898 New Card Is Being Produced
YSC1790168899 Card Was Mailed To Me
YSC1790168900 New Card Is Being Produced
YSC1790168901 Case Was Received
YSC1790168902 New Card Is Being Produced
YSC1790168903 New Card Is Being Produced
YSC1790168904 Case Was Received
YSC1790168905 Request for Initial Evidence Was Mailed
YSC1790168906 Case Was Received
YSC1790168907 New Card Is Being Produced
YSC1790168908 Case Was Received
YSC1790168909 New Card Is Being Produced
YSC1790168910 New Card Is Being Produced
YSC1790168911 Correspondence Was Received And USCIS Is Reviewing It
YSC1790168912 Case Was Received
YSC1790168913 Notice Was Returned To USCIS Because The Post Office Could Not Deliver It
YSC1790168914 New Card Is Being Produced
YSC1790168915 Case Was Received
YSC1790168916 Case Was Received
YSC1790168917 Case Was Received
YSC1790168918 Case Was Received
YSC1790168919 Case Was Received
YSC1790168920 Case Was Received
YSC1790168921 Case Was Received
YSC1790168922 Case Was Received
YSC1790168923 Case Was Received
YSC1790168924 Case Was Received
YSC1790168925 New Card Is Being Produced
YSC1790168926 Case Was Received
YSC1790168927 Case Was Received
YSC1790168928 New Card Is Being Produced
YSC1790168929 Case Was Received
YSC1790168930 New Card Is Being Produced
YSC1790168931 New Card Is Being Produced
YSC1790168932 Case Was Received
YSC1790168933 Case Was Received
YSC1790168934 Case Was Received
YSC1790168935 New Card Is Being Produced
YSC1790168936 New Card Is Being Produced
YSC1790168937 New Card Is Being Produced
YSC1790168938 Card Was Mailed To Me
YSC1790168939 Card Was Mailed To Me
YSC1790168940 New Card Is Being Produced
YSC1790168941 Case Was Received
YSC1790168942 Case Was Received
YSC1790168943 Case Was Received
YSC1790168944 Case Was Received
YSC1790168945 Card Was Mailed To Me
YSC1790168946 New Card Is Being Produced
YSC1790168947 Case Was Received
YSC1790168948 Case Was Received
YSC1790168949 Case Was Received
YSC1790168950 New Card Is Being Produced
YSC1790168951 Case Was Received
YSC1790168952 Case Was Received
YSC1790168953 New Card Is Being Produced
YSC1790168954 Case Was Received
YSC1790168955 Case Was Received
YSC1790168956 Case Was Received
YSC1790168957 Case Was Received
YSC1790168958 New Card Is Being Produced
YSC1790168959 New Card Is Being Produced
YSC1790168960 Case Was Received
YSC1790168961 New Card Is Being Produced
YSC1790168962 New Card Is Being Produced
YSC1790168963 New Card Is Being Produced
YSC1790168964 New Card Is Being Produced
YSC1790168965 Case Was Received
YSC1790168966 Case Was Received
YSC1790168967 New Card Is Being Produced
YSC1790168968 New Card Is Being Produced
YSC1790168969 Card Was Mailed To Me
YSC1790168970 New Card Is Being Produced
YSC1790168971 Case Was Received
YSC1790168972 New Card Is Being Produced
YSC1790168973 Case Was Received
YSC1790168974 New Card Is Being Produced
YSC1790168975 New Card Is Being Produced
YSC1790168976 Card Was Mailed To Me
YSC1790168977 Card Was Mailed To Me
YSC1790168978 Card Was Mailed To Me
YSC1790168979 Case Was Received
YSC1790168980 Case Was Received
YSC1790168981 Case Was Received
YSC1790168982 Card Was Mailed To Me
YSC1790168983 Case Was Received
YSC1790168984 New Card Is Being Produced
YSC1790168985 Case Was Received
YSC1790168986 Case Was Received
YSC1790168987 Case Was Received
YSC1790168988 Case Was Received
YSC1790168989 Case Was Received
YSC1790168990 Case Was Received
YSC1790168991 Case Was Received
YSC1790168992 Case Was Received
YSC1790168993 Case Was Received
YSC1790168994 Case Was Received
YSC1790168995 Case Was Received
YSC1790168996 Case Was Received
YSC1790168997 Case Was Received
YSC1790168998 Case Was Received
YSC1790168999 Case Was Received
YSC1790169000 Case Was Received
