YSC1790166500 Case Was Received
YSC1790166501 New Card Is Being Produced
YSC1790166502 New Card Is Being Produced
YSC1790166503 Case Was Received
YSC1790166504 Case Was Received
YSC1790166505 New Card Is Being Produced
YSC1790166506 Case Was Received
YSC1790166507 New Card Is Being Produced
YSC1790166508 Case Was Received
YSC1790166509 Case Was Received
YSC1790166510 New Card Is Being Produced
YSC1790166511 Case Was Received
YSC1790166512 Case Was Received
YSC1790166513 New Card Is Being Produced
YSC1790166514 New Card Is Being Produced
YSC1790166515 Case Was Received
YSC1790166516 Case Was Received
YSC1790166517 New Card Is Being Produced
YSC1790166518 Case Was Received
YSC1790166519 New Card Is Being Produced
YSC1790166520 Case Was Received
YSC1790166521 Case Was Received
YSC1790166522 Case Was Received
YSC1790166523 New Card Is Being Produced
YSC1790166524 Case Was Received
YSC1790166525 Case Was Received
YSC1790166526 Case Was Received
YSC1790166527 Case Was Received
YSC1790166528 Case Was Received
YSC1790166529 Case Was Received
YSC1790166530 Case Was Received
YSC1790166531 Case Was Received
YSC1790166532 Case Was Received
YSC1790166533 Case Was Received
YSC1790166534 Case Was Received
YSC1790166535 Notice Was Returned To USCIS Because The Post Office Could Not Deliver It
YSC1790166536 Case Was Received
YSC1790166537 Case Was Received
YSC1790166538 Correspondence Was Received And USCIS Is Reviewing It
YSC1790166539 Case Was Received
YSC1790166540 Case Was Received
YSC1790166541 Case Was Received
YSC1790166542 Case Was Received
YSC1790166543 Request for Initial Evidence Was Mailed
YSC1790166544 Case Was Received
YSC1790166545 New Card Is Being Produced
YSC1790166546 Card Was Mailed To Me
YSC1790166547 New Card Is Being Produced
YSC1790166548 Name Was Updated
YSC1790166549 Card Was Mailed To Me
YSC1790166550 Card Was Mailed To Me
YSC1790166551 New Card Is Being Produced
YSC1790166552 Case Was Received
YSC1790166553 Case Was Received
YSC1790166554 Card Was Mailed To Me
YSC1790166555 Case Was Received
YSC1790166556 New Card Is Being Produced
YSC1790166557 Case Was Received
YSC1790166558 Card Was Mailed To Me
YSC1790166559 Case Was Received
YSC1790166560 Card Was Mailed To Me
YSC1790166561 Case Was Received
YSC1790166562 Fees Were Waived
YSC1790166563 Card Was Mailed To Me
YSC1790166564 Card Was Mailed To Me
YSC1790166565 Card Was Mailed To Me
YSC1790166566 Card Was Mailed To Me
YSC1790166567 Case Was Received
YSC1790166568 New Card Is Being Produced
YSC1790166569 Card Was Mailed To Me
YSC1790166570 Case Was Received
YSC1790166571 New Card Is Being Produced
YSC1790166572 Card Was Mailed To Me
YSC1790166573 Card Was Mailed To Me
YSC1790166574 New Card Is Being Produced
YSC1790166575 Case Was Received
YSC1790166576 New Card Is Being Produced
YSC1790166577 New Card Is Being Produced
YSC1790166578 Case Was Received
YSC1790166579 Case Was Received
YSC1790166580 Case Was Received
YSC1790166581 New Card Is Being Produced
YSC1790166582 Card Was Mailed To Me
YSC1790166583 Case Was Received
YSC1790166584 New Card Is Being Produced
YSC1790166585 Card Was Mailed To Me
YSC1790166586 Card Was Mailed To Me
YSC1790166587 Card Was Mailed To Me
YSC1790166588 Card Was Mailed To Me
YSC1790166589 Case Rejected Because The Version Of The Form I Sent Is No Longer Accepted
YSC1790166590 Case Was Rejected Because I Did Not Sign My Form
YSC1790166591 Case Was Rejected Because I Did Not Sign My Form
YSC1790166592 Case Rejected Because The Version Of The Form I Sent Is No Longer Accepted
YSC1790166593 Card Was Mailed To Me
YSC1790166594 Card Was Mailed To Me
YSC1790166595 New Card Is Being Produced
YSC1790166596 Case Was Received
YSC1790166597 Case Was Received
YSC1790166598 Case Was Received
YSC1790166599 New Card Is Being Produced
YSC1790166600 Case Was Received
YSC1790166601 Case Was Received
YSC1790166602 Case Was Received
YSC1790166603 Case Was Received
YSC1790166604 Case Was Received
YSC1790166605 Case Was Received
YSC1790166606 Case Was Received
YSC1790166607 Case Was Received
YSC1790166608 Case Was Received
YSC1790166609 Case Was Received
YSC1790166610 Case Was Received
YSC1790166611 Case Was Received
YSC1790166612 Case Was Received
YSC1790166613 New Card Is Being Produced
YSC1790166614 Case Rejected Because The Version Of The Form I Sent Is No Longer Accepted
YSC1790166615 Notice Was Returned To USCIS Because The Post Office Could Not Deliver It
YSC1790166616 Case Was Received
YSC1790166617 Case Was Received
YSC1790166618 New Card Is Being Produced
YSC1790166619 Case Was Received
YSC1790166620 New Card Is Being Produced
YSC1790166621 Case Was Received
YSC1790166622 Case Was Received
YSC1790166623 Case Was Received
YSC1790166624 New Card Is Being Produced
YSC1790166625 Case Was Received
YSC1790166626 Case Was Received
YSC1790166627 Case Was Received
YSC1790166628 Case Was Received
YSC1790166629 Case Was Received
YSC1790166630 Case Was Received
YSC1790166631 Case Was Received
YSC1790166632 Case Was Received
YSC1790166633 Case Was Received
YSC1790166634 Case Was Received
YSC1790166635 Correspondence Was Received And USCIS Is Reviewing It
YSC1790166636 Case Was Received
YSC1790166637 Case Was Received
YSC1790166638 Case Was Received
YSC1790166639 Case Was Received
YSC1790166640 Case Was Received
YSC1790166641 Case Was Received
YSC1790166642 Case Was Received
YSC1790166643 Case Was Received
YSC1790166644 Case Was Received
YSC1790166645 Case Was Received
YSC1790166646 Case Was Received
YSC1790166647 Case Was Received
YSC1790166648 Case Was Received
YSC1790166649 Case Was Received
YSC1790166650 Case Was Received
YSC1790166651 Case Was Received
YSC1790166652 Case Was Received
YSC1790166653 Case Was Received
YSC1790166654 Case Was Received
YSC1790166655 Case Was Received
YSC1790166656 Case Was Received
YSC1790166657 Case Was Received
YSC1790166658 Case Was Received
YSC1790166659 Case Was Received
YSC1790166660 Case Was Received
YSC1790166661 Case Was Received
YSC1790166662 Case Was Received
YSC1790166663 Case Was Received
YSC1790166664 Case Was Received
YSC1790166665 Case Was Received
YSC1790166666 Case Was Received
YSC1790166667 Case Was Received
YSC1790166668 Case Was Received
YSC1790166669 Notice Was Returned To USCIS Because The Post Office Could Not Deliver It
YSC1790166670 Case Was Received
YSC1790166671 Case Was Received
YSC1790166672 Case Was Received
YSC1790166673 Case Was Received
YSC1790166674 Case Was Received
YSC1790166675 Case Was Received
YSC1790166676 Case Was Received
YSC1790166677 Case Was Received
YSC1790166678 Case Was Received
YSC1790166679 Case Was Received
YSC1790166680 Case Was Received
YSC1790166681 Case Was Received
YSC1790166682 Case Was Received
YSC1790166683 Case Was Received
YSC1790166684 Case Was Received
YSC1790166685 Case Was Received
YSC1790166686 Card Was Mailed To Me
YSC1790166687 Card Was Mailed To Me
YSC1790166688 Card Was Mailed To Me
YSC1790166689 Card Was Mailed To Me
YSC1790166690 Card Was Mailed To Me
YSC1790166691 Case Was Received
YSC1790166692 Decision Notice Mailed
YSC1790166693 Case Was Received
YSC1790166694 Decision Notice Mailed
YSC1790166695 New Card Is Being Produced
YSC1790166696 New Card Is Being Produced
YSC1790166697 New Card Is Being Produced
YSC1790166698 Case Was Received
YSC1790166699 Case Was Received
YSC1790166700 Case Was Received
YSC1790166701 New Card Is Being Produced
YSC1790166702 New Card Is Being Produced
YSC1790166703 Case Was Received
YSC1790166704 Case Was Received
YSC1790166705 New Card Is Being Produced
YSC1790166706 Case Was Received
YSC1790166707 Case Was Received
YSC1790166708 Card Was Mailed To Me
YSC1790166709 Case Was Received
YSC1790166710 New Card Is Being Produced
YSC1790166711 Case Was Received
YSC1790166712 New Card Is Being Produced
YSC1790166713 Case Was Received
YSC1790166714 Case Was Received
YSC1790166715 Case Was Received
YSC1790166716 New Card Is Being Produced
YSC1790166717 Case Was Received
YSC1790166718 Case Was Received
YSC1790166719 New Card Is Being Produced
YSC1790166720 Case Was Received
YSC1790166721 Case Was Received
YSC1790166722 Case Was Received
YSC1790166723 Case Was Received
YSC1790166724 Case Was Received
YSC1790166725 Case Was Received
YSC1790166726 Case Was Received
YSC1790166727 Case Was Received
YSC1790166728 Case Was Received
YSC1790166729 Case Was Received
YSC1790166730 Case Was Received
YSC1790166731 Case Was Received
YSC1790166732 Case Was Received
YSC1790166733 Case Was Received
YSC1790166734 Case Was Received
YSC1790166735 Case Was Received
YSC1790166736 Notice Was Returned To USCIS Because The Post Office Could Not Deliver It
YSC1790166737 Case Was Received
YSC1790166738 Case Was Received
YSC1790166739 Case Was Received
YSC1790166740 Case Was Received
YSC1790166741 Case Was Received
YSC1790166742 Case Was Received
YSC1790166743 Case Was Received
YSC1790166744 Case Was Received
YSC1790166745 Case Was Received
YSC1790166746 Case Was Received
YSC1790166747 Case Was Received
YSC1790166748 Case Was Received
YSC1790166749 Case Was Received
YSC1790166750 Case Was Received
YSC1790166751 Case Was Received
YSC1790166752 Case Was Received
YSC1790166753 Case Was Received
YSC1790166754 Case Was Received
YSC1790166755 Case Was Received
YSC1790166756 Case Was Received
YSC1790166757 Case Was Received
YSC1790166758 New Card Is Being Produced
YSC1790166759 New Card Is Being Produced
YSC1790166760 New Card Is Being Produced
YSC1790166761 Case Was Received
YSC1790166762 New Card Is Being Produced
YSC1790166763 New Card Is Being Produced
YSC1790166764 Case Was Received
YSC1790166765 New Card Is Being Produced
YSC1790166766 Case Was Received
YSC1790166767 Card Was Mailed To Me
YSC1790166768 Case Was Received
YSC1790166769 Case Was Received
YSC1790166770 Card Was Mailed To Me
YSC1790166771 New Card Is Being Produced
YSC1790166772 Case Was Received
YSC1790166773 Case Was Received
YSC1790166774 New Card Is Being Produced
YSC1790166775 New Card Is Being Produced
YSC1790166776 Case Was Received
YSC1790166777 Card Was Mailed To Me
YSC1790166778 Case Was Received
YSC1790166779 Case Was Received
YSC1790166780 Case Was Received
YSC1790166781 Case Was Received
YSC1790166782 Case Was Received
YSC1790166783 Case Was Received
YSC1790166784 Case Was Received
YSC1790166785 Case Was Received
YSC1790166786 Case Was Received
YSC1790166787 Case Was Received
YSC1790166788 Case Was Received
YSC1790166789 Case Was Received
YSC1790166790 Case Was Received
YSC1790166791 Case Was Received
YSC1790166792 Case Was Received
YSC1790166793 Case Was Received
YSC1790166794 Case Was Received
YSC1790166795 Case Was Received
YSC1790166796 Case Was Received
YSC1790166797 Case Was Received
YSC1790166798 Case Was Received
YSC1790166799 Case Was Received
YSC1790166800 Case Was Received
YSC1790166801 Case Was Received
YSC1790166802 Case Was Received
YSC1790166803 Case Was Received
YSC1790166804 Case Was Received
YSC1790166805 Case Was Received
YSC1790166806 Case Was Received
YSC1790166807 Case Was Received
YSC1790166808 Case Was Received
YSC1790166809 Case Was Received
YSC1790166810 Case Was Received
YSC1790166811 Case Was Received
YSC1790166812 Case Was Received
YSC1790166813 Case Rejected Because The Version Of The Form I Sent Is No Longer Accepted
YSC1790166814 Case Rejected Because The Version Of The Form I Sent Is No Longer Accepted
YSC1790166815 Case Was Rejected Because It Was Improperly Filed
YSC1790166816 Case Rejected Because The Version Of The Form I Sent Is No Longer Accepted
YSC1790166817 Case Was Rejected Because I Did Not Sign My Form
YSC1790166818 Date of Birth Was Updated
YSC1790166819 Case Was Received
YSC1790166820 Case Was Received
YSC1790166821 Case Was Received
YSC1790166822 Case Was Received
YSC1790166823 Case Was Received
YSC1790166824 Case Was Received
YSC1790166825 Case Was Received
YSC1790166826 Case Was Received
YSC1790166827 Case Was Received
YSC1790166828 Case Was Received
YSC1790166829 Case Was Received
YSC1790166830 Case Was Received
YSC1790166831 Case Was Received
YSC1790166832 Notice Was Returned To USCIS Because The Post Office Could Not Deliver It
YSC1790166833 Case Was Received
YSC1790166834 Case Was Received
YSC1790166835 Case Was Received
YSC1790166836 Case Was Received
YSC1790166837 Case Was Received
YSC1790166838 Case Was Received
YSC1790166839 Case Was Received
YSC1790166840 Case Was Received
YSC1790166841 Case Was Received
YSC1790166842 Name Was Updated
YSC1790166843 Case Was Received
YSC1790166844 Case Was Received
YSC1790166845 Case Was Received
YSC1790166846 Case Was Received
YSC1790166847 Case Was Received
YSC1790166848 Case Was Received
YSC1790166849 Case Was Received
YSC1790166850 Case Was Received
YSC1790166851 Case Was Received
YSC1790166852 Case Was Received
YSC1790166853 Case Was Received
YSC1790166854 Case Rejected Because The Version Of The Form I Sent Is No Longer Accepted
YSC1790166855 Case Rejected Because The Version Of The Form I Sent Is No Longer Accepted
YSC1790166856 Case Rejected Because The Version Of The Form I Sent Is No Longer Accepted
YSC1790166857 Case Rejected Because The Version Of The Form I Sent Is No Longer Accepted
YSC1790166858 Case Rejected Because I Sent An Incorrect Fee
YSC1790166859 Case Rejected Because I Sent An Incorrect Fee
YSC1790166860 Case Rejected Because I Sent An Incorrect Fee
YSC1790166861 Case Rejected Because I Sent An Incorrect Fee
YSC1790166862 Case Rejected Because I Sent An Incorrect Fee
YSC1790166863 Card Was Mailed To Me
YSC1790166864 New Card Is Being Produced
YSC1790166865 New Card Is Being Produced
YSC1790166866 Case Was Received
YSC1790166867 New Card Is Being Produced
YSC1790166868 Case Was Received
YSC1790166869 Case Was Received
YSC1790166870 Card Was Mailed To Me
YSC1790166871 Case Was Received
YSC1790166872 Card Was Mailed To Me
YSC1790166873 New Card Is Being Produced
YSC1790166874 Card Was Mailed To Me
YSC1790166875 Case Was Received
YSC1790166876 New Card Is Being Produced
YSC1790166877 New Card Is Being Produced
YSC1790166878 New Card Is Being Produced
YSC1790166879 Case Was Received
YSC1790166880 Card Was Mailed To Me
YSC1790166881 Case Was Received
YSC1790166882 New Card Is Being Produced
YSC1790166883 New Card Is Being Produced
YSC1790166884 Request for Initial Evidence Was Mailed
YSC1790166885 Case Was Received
YSC1790166886 Card Was Mailed To Me
YSC1790166887 Case Was Received
YSC1790166888 Card Was Mailed To Me
YSC1790166889 Case Was Received
YSC1790166890 Case Was Received
YSC1790166891 Case Was Received
YSC1790166892 Case Was Received
YSC1790166893 Case Was Received
YSC1790166894 Case Was Received
YSC1790166895 New Card Is Being Produced
YSC1790166896 New Card Is Being Produced
YSC1790166897 Case Was Received
YSC1790166898 New Card Is Being Produced
YSC1790166899 Case Was Received
YSC1790166900 Case Was Received
YSC1790166901 Notice Was Returned To USCIS Because The Post Office Could Not Deliver It
YSC1790166902 New Card Is Being Produced
YSC1790166903 Case Was Received
YSC1790166904 New Card Is Being Produced
YSC1790166905 New Card Is Being Produced
YSC1790166906 Case Was Received
YSC1790166907 Case Was Received
YSC1790166908 Case Was Received
YSC1790166909 Case Was Received
YSC1790166910 Case Was Received
YSC1790166911 Case Was Received
YSC1790166912 New Card Is Being Produced
YSC1790166913 Name Was Updated
YSC1790166914 Case Was Received
YSC1790166915 Case Was Received
YSC1790166916 Case Was Received
YSC1790166917 Case Was Received
YSC1790166918 New Card Is Being Produced
YSC1790166919 Case Was Received
YSC1790166920 New Card Is Being Produced
YSC1790166921 Case Was Received
YSC1790166922 Case Rejected Because The Version Of The Form I Sent Is No Longer Accepted
YSC1790166923 Case Was Rejected Because It Was Improperly Filed
YSC1790166924 Case Rejected Because I Sent An Incorrect Fee
YSC1790166925 Case Was Received
YSC1790166926 Case Was Received
YSC1790166927 Case Was Received
YSC1790166928 New Card Is Being Produced
YSC1790166929 Case Was Received
YSC1790166930 New Card Is Being Produced
YSC1790166931 Case Was Received
YSC1790166932 New Card Is Being Produced
YSC1790166933 New Card Is Being Produced
YSC1790166934 Case Was Received
YSC1790166935 Card Was Mailed To Me
YSC1790166936 Card Was Mailed To Me
YSC1790166937 Case Was Received
YSC1790166938 Card Was Mailed To Me
YSC1790166939 Case Was Received
YSC1790166940 New Card Is Being Produced
YSC1790166941 New Card Is Being Produced
YSC1790166942 Case Was Received
YSC1790166943 Case Was Received
YSC1790166944 Card Was Mailed To Me
YSC1790166945 New Card Is Being Produced
YSC1790166946 Case Was Received
YSC1790166947 Case Was Received
YSC1790166948 Case Was Received
YSC1790166949 New Card Is Being Produced
YSC1790166950 New Card Is Being Produced
YSC1790166951 Case Was Received
YSC1790166952 Case Was Received
YSC1790166953 New Card Is Being Produced
YSC1790166954 Case Was Received
YSC1790166955 New Card Is Being Produced
YSC1790166956 Card Was Mailed To Me
YSC1790166957 Case Was Received
YSC1790166958 Case Was Received
YSC1790166959 Case Was Received
YSC1790166960 Case Was Received
YSC1790166961 Case Was Received
YSC1790166962 Correspondence Was Received And USCIS Is Reviewing It
YSC1790166963 Correspondence Was Received And USCIS Is Reviewing It
YSC1790166964 Case Was Received
YSC1790166965 Case Was Received
YSC1790166966 Case Was Received
YSC1790166967 Case Was Received
YSC1790166968 Case Was Received
YSC1790166969 Case Was Received
YSC1790166970 Case Was Received
YSC1790166971 Case Was Received
YSC1790166972 Case Was Received
YSC1790166973 Case Was Received
YSC1790166974 Case Was Received
YSC1790166975 Case Was Received
YSC1790166976 Case Was Received
YSC1790166977 Case Was Received
YSC1790166978 Case Was Received
YSC1790166979 Case Was Received
YSC1790166980 Case Was Received
YSC1790166981 Case Was Received
YSC1790166982 Case Was Received
YSC1790166983 Case Was Received
YSC1790166984 Case Was Received
YSC1790166985 Case Was Received
YSC1790166986 Name Was Updated
YSC1790166987 Case Was Received
YSC1790166988 Case Was Received
YSC1790166989 Case Was Received
YSC1790166990 Case Was Received
YSC1790166991 New Card Is Being Produced
YSC1790166992 Card Was Mailed To Me
YSC1790166993 New Card Is Being Produced
YSC1790166994 New Card Is Being Produced
YSC1790166995 New Card Is Being Produced
YSC1790166996 New Card Is Being Produced
YSC1790166997 Case Was Received
YSC1790166998 New Card Is Being Produced
YSC1790166999 New Card Is Being Produced
YSC1790167000 New Card Is Being Produced
