YSC1790172500 Card Was Mailed To Me
YSC1790172501 Card Was Mailed To Me
YSC1790172502 Card Was Mailed To Me
YSC1790172503 Case Was Approved
YSC1790172504 New Card Is Being Produced
YSC1790172505 Card Was Mailed To Me
YSC1790172506 Card Was Mailed To Me
YSC1790172507 Card Was Mailed To Me
YSC1790172508 Case Was Received
YSC1790172509 New Card Is Being Produced
YSC1790172510 Decision Notice Mailed
YSC1790172511 Case Was Approved
YSC1790172512 Card Was Mailed To Me
YSC1790172513 Case Was Approved
YSC1790172514 Card Was Mailed To Me
YSC1790172515 Card Was Mailed To Me
YSC1790172516 New Card Is Being Produced
YSC1790172517 Card Was Mailed To Me
YSC1790172518 Card Was Mailed To Me
YSC1790172519 Request for Initial Evidence Was Mailed
YSC1790172520 Card Was Mailed To Me
YSC1790172521 Case Was Received
YSC1790172522 Card Was Mailed To Me
YSC1790172523 Card Was Mailed To Me
YSC1790172524 Case Was Received
YSC1790172525 Card Was Mailed To Me
YSC1790172526 Card Was Mailed To Me
YSC1790172527 Card Was Mailed To Me
YSC1790172528 Card Was Mailed To Me
YSC1790172529 Card Was Mailed To Me
YSC1790172530 Case Was Received
YSC1790172531 Card Was Mailed To Me
YSC1790172532 Card Was Mailed To Me
YSC1790172533 Card Was Mailed To Me
YSC1790172534 Card Was Mailed To Me
YSC1790172535 Card Was Mailed To Me
YSC1790172536 Card Was Mailed To Me
YSC1790172537 Card Was Mailed To Me
YSC1790172538 Card Was Mailed To Me
YSC1790172539 Card Was Mailed To Me
YSC1790172540 Card Was Mailed To Me
YSC1790172541 Card Was Mailed To Me
YSC1790172542 Request for Initial Evidence Was Mailed
YSC1790172543 Card Was Mailed To Me
YSC1790172544 Card Was Mailed To Me
YSC1790172545 Card Was Mailed To Me
YSC1790172546 Card Was Mailed To Me
YSC1790172547 New Card Is Being Produced
YSC1790172548 Card Was Mailed To Me
YSC1790172549 Card Was Mailed To Me
YSC1790172550 Decision Notice Mailed
YSC1790172551 Card Was Mailed To Me
YSC1790172552 Request for Initial Evidence Was Mailed
YSC1790172553 Card Was Mailed To Me
YSC1790172554 Card Was Mailed To Me
YSC1790172555 New Card Is Being Produced
YSC1790172556 Card Was Mailed To Me
YSC1790172557 Card Was Mailed To Me
YSC1790172558 Card Was Mailed To Me
YSC1790172559 Correspondence Was Received And USCIS Is Reviewing It
YSC1790172560 Case Was Received
YSC1790172561 Card Was Mailed To Me
YSC1790172562 Case Was Received
YSC1790172563 Card Was Mailed To Me
YSC1790172564 Card Was Mailed To Me
YSC1790172565 Correspondence Was Received And USCIS Is Reviewing It
YSC1790172566 Card Was Mailed To Me
YSC1790172567 Card Was Mailed To Me
YSC1790172568 Card Was Mailed To Me
YSC1790172569 Card Was Mailed To Me
YSC1790172570 Card Was Mailed To Me
YSC1790172571 Card Was Mailed To Me
YSC1790172572 Case Was Received
YSC1790172573 Decision Notice Mailed
YSC1790172574 Card Was Mailed To Me
YSC1790172575 Card Was Mailed To Me
YSC1790172576 Card Was Mailed To Me
YSC1790172577 Card Was Mailed To Me
YSC1790172578 Card Was Mailed To Me
YSC1790172579 Card Was Mailed To Me
YSC1790172580 Card Was Mailed To Me
YSC1790172581 Card Was Mailed To Me
YSC1790172582 Card Was Mailed To Me
YSC1790172583 Card Was Mailed To Me
YSC1790172584 Case Was Received
YSC1790172585 Case Was Received
YSC1790172586 Case Was Received
YSC1790172587 Case Was Received
YSC1790172588 Case Was Received
YSC1790172589 Case Was Received
YSC1790172590 Case Was Received
YSC1790172591 Case Was Received
YSC1790172592 Case Was Received
YSC1790172593 Case Was Received
YSC1790172594 Case Was Received
YSC1790172595 Case Was Received
YSC1790172596 Case Was Received
YSC1790172597 Case Was Received
YSC1790172598 Case Was Received
YSC1790172599 Case Was Received
YSC1790172600 Case Was Transferred And A New Office Has Jurisdiction
YSC1790172601 Case Was Received
YSC1790172602 Case Was Received
YSC1790172603 Case Was Received
YSC1790172604 Case Was Received
YSC1790172605 Case Was Received
YSC1790172606 Correspondence Was Received And USCIS Is Reviewing It
YSC1790172607 Case Was Received
YSC1790172608 Card Was Mailed To Me
YSC1790172609 Card Was Mailed To Me
YSC1790172610 Case Was Received
YSC1790172611 Card Was Mailed To Me
YSC1790172612 Card Was Mailed To Me
YSC1790172613 Card Was Mailed To Me
YSC1790172614 Card Was Mailed To Me
YSC1790172615 Card Was Mailed To Me
YSC1790172616 Card Was Mailed To Me
YSC1790172617 Card Was Mailed To Me
YSC1790172618 Card Was Mailed To Me
YSC1790172619 Card Was Mailed To Me
YSC1790172620 Card Was Mailed To Me
YSC1790172621 New Card Is Being Produced
YSC1790172622 Card Was Mailed To Me
YSC1790172623 Card Was Mailed To Me
YSC1790172624 Card Was Mailed To Me
YSC1790172625 Case Was Received
YSC1790172626 Card Was Mailed To Me
YSC1790172627 Card Was Mailed To Me
YSC1790172628 Card Was Mailed To Me
YSC1790172629 New Card Is Being Produced
YSC1790172630 Card Was Mailed To Me
YSC1790172631 Card Was Mailed To Me
YSC1790172632 Case Was Approved
YSC1790172633 Card Was Mailed To Me
YSC1790172634 Card Was Mailed To Me
YSC1790172635 Card Was Mailed To Me
YSC1790172636 Card Was Mailed To Me
YSC1790172637 Card Was Mailed To Me
YSC1790172638 Card Was Mailed To Me
YSC1790172639 Card Was Mailed To Me
YSC1790172640 Card Was Mailed To Me
YSC1790172641 Card Was Mailed To Me
YSC1790172642 Card Was Mailed To Me
YSC1790172643 Card Was Mailed To Me
YSC1790172644 Card Was Mailed To Me
YSC1790172645 Request for Initial Evidence Was Mailed
YSC1790172646 Card Was Mailed To Me
YSC1790172647 Card Was Mailed To Me
YSC1790172648 Card Was Mailed To Me
YSC1790172649 Card Was Mailed To Me
YSC1790172650 Card Was Mailed To Me
YSC1790172651 Card Was Mailed To Me
YSC1790172652 Card Was Mailed To Me
YSC1790172653 Card Was Mailed To Me
YSC1790172654 Card Was Mailed To Me
YSC1790172655 Card Was Mailed To Me
YSC1790172656 Card Was Mailed To Me
YSC1790172657 Card Was Mailed To Me
YSC1790172658 Card Was Mailed To Me
YSC1790172659 Correspondence Was Received And USCIS Is Reviewing It
YSC1790172660 Case Was Received
YSC1790172661 Case Was Received
YSC1790172662 Case Was Received
YSC1790172663 Case Was Received
YSC1790172664 Case Was Received
YSC1790172665 Case Was Received
YSC1790172666 Card Was Mailed To Me
YSC1790172667 Card Was Mailed To Me
YSC1790172668 Card Was Mailed To Me
YSC1790172669 Card Was Mailed To Me
YSC1790172670 Card Was Mailed To Me
YSC1790172671 Card Was Mailed To Me
YSC1790172672 Card Was Mailed To Me
YSC1790172673 Card Was Mailed To Me
YSC1790172674 Card Was Mailed To Me
YSC1790172675 Card Was Mailed To Me
YSC1790172676 Card Was Mailed To Me
YSC1790172677 Card Was Mailed To Me
YSC1790172678 New Card Is Being Produced
YSC1790172679 Card Was Mailed To Me
YSC1790172680 Case Was Approved
YSC1790172681 Case Was Received
YSC1790172682 Card Was Mailed To Me
YSC1790172683 Card Was Mailed To Me
YSC1790172684 Case Was Approved
YSC1790172685 Card Was Mailed To Me
YSC1790172686 Card Was Mailed To Me
YSC1790172687 Card Was Mailed To Me
YSC1790172688 Card Was Mailed To Me
YSC1790172689 Card Was Mailed To Me
YSC1790172690 Card Was Mailed To Me
YSC1790172691 Card Was Mailed To Me
YSC1790172692 Card Was Mailed To Me
YSC1790172693 Card Was Mailed To Me
YSC1790172694 Card Was Mailed To Me
YSC1790172695 Card Was Mailed To Me
YSC1790172696 Card Was Mailed To Me
YSC1790172697 Card Was Mailed To Me
YSC1790172698 Card Was Mailed To Me
YSC1790172699 Card Was Mailed To Me
YSC1790172700 Card Was Mailed To Me
YSC1790172701 Card Was Mailed To Me
YSC1790172702 Card Was Mailed To Me
YSC1790172703 Card Was Mailed To Me
YSC1790172704 Card Was Mailed To Me
YSC1790172705 Case Was Received
YSC1790172706 Case Was Received
YSC1790172707 Card Was Mailed To Me
YSC1790172708 Case Was Received
YSC1790172709 Card Was Mailed To Me
YSC1790172710 Card Was Mailed To Me
YSC1790172711 Card Was Mailed To Me
YSC1790172712 Card Was Mailed To Me
YSC1790172713 Notice Was Returned To USCIS Because The Post Office Could Not Deliver It
YSC1790172714 Card Was Mailed To Me
YSC1790172715 Case Was Received
YSC1790172716 Card Was Mailed To Me
YSC1790172717 Card Was Mailed To Me
YSC1790172718 Card Was Mailed To Me
YSC1790172719 Card Was Mailed To Me
YSC1790172720 Card Was Mailed To Me
YSC1790172721 New Card Is Being Produced
YSC1790172722 New Card Is Being Produced
YSC1790172723 Card Was Mailed To Me
YSC1790172724 New Card Is Being Produced
YSC1790172725 Card Was Mailed To Me
YSC1790172726 New Card Is Being Produced
YSC1790172727 New Card Is Being Produced
YSC1790172728 Card Was Mailed To Me
YSC1790172729 New Card Is Being Produced
YSC1790172730 Case Was Received
YSC1790172731 Case Was Received
YSC1790172732 Case Was Received
YSC1790172733 Card Was Mailed To Me
YSC1790172734 New Card Is Being Produced
YSC1790172735 Card Was Mailed To Me
YSC1790172736 Card Was Mailed To Me
YSC1790172737 Request for Initial Evidence Was Mailed
YSC1790172738 Card Was Mailed To Me
YSC1790172739 Card Was Mailed To Me
YSC1790172740 Card Was Mailed To Me
YSC1790172741 Case Was Received
YSC1790172742 Card Was Mailed To Me
YSC1790172743 Case Was Received
YSC1790172744 Card Was Mailed To Me
YSC1790172745 Case Was Received
YSC1790172746 Card Was Mailed To Me
YSC1790172747 Request for Initial Evidence Was Mailed
YSC1790172748 Card Was Mailed To Me
YSC1790172749 Card Was Mailed To Me
YSC1790172750 Card Was Mailed To Me
YSC1790172751 Card Was Mailed To Me
YSC1790172752 New Card Is Being Produced
YSC1790172753 Card Was Mailed To Me
YSC1790172754 Request for Initial Evidence Was Mailed
YSC1790172755 New Card Is Being Produced
YSC1790172756 Card Was Mailed To Me
YSC1790172757 New Card Is Being Produced
YSC1790172758 Card Was Mailed To Me
YSC1790172759 Case Was Received
YSC1790172760 Request for Initial Evidence Was Mailed
YSC1790172761 Request for Initial Evidence Was Mailed
YSC1790172762 New Card Is Being Produced
YSC1790172763 Card Was Mailed To Me
YSC1790172764 Card Was Mailed To Me
YSC1790172765 Response To USCIS' Request For Evidence Was Received
YSC1790172766 Withdrawal Acknowledgement Notice Was Sent
YSC1790172767 Card Was Mailed To Me
YSC1790172768 Card Was Mailed To Me
YSC1790172769 Card Was Mailed To Me
YSC1790172770 Card Was Mailed To Me
YSC1790172771 Card Was Mailed To Me
YSC1790172772 New Card Is Being Produced
YSC1790172773 New Card Is Being Produced
YSC1790172774 Card Was Mailed To Me
YSC1790172775 New Card Is Being Produced
YSC1790172776 Card Was Mailed To Me
YSC1790172777 Case Was Received
YSC1790172778 Card Was Mailed To Me
YSC1790172779 Case Was Received
YSC1790172780 Card Was Mailed To Me
YSC1790172781 Card Was Mailed To Me
YSC1790172782 Card Was Mailed To Me
YSC1790172783 Card Was Mailed To Me
YSC1790172784 Card Was Mailed To Me
YSC1790172785 Card Was Mailed To Me
YSC1790172786 Case Was Received
YSC1790172787 Case Was Received
YSC1790172788 Card Was Mailed To Me
YSC1790172789 New Card Is Being Produced
YSC1790172790 Card Was Mailed To Me
YSC1790172791 New Card Is Being Produced
YSC1790172792 Case Was Received
YSC1790172793 Case Was Received
YSC1790172794 New Card Is Being Produced
YSC1790172795 Card Was Mailed To Me
YSC1790172796 New Card Is Being Produced
YSC1790172797 Card Was Mailed To Me
YSC1790172798 Card Was Mailed To Me
YSC1790172799 Case Was Received
YSC1790172800 Case Was Received
YSC1790172801 Case Was Received
YSC1790172802 Case Was Received
YSC1790172803 Case Was Received
YSC1790172804 Case Was Received
YSC1790172805 Case Was Received
YSC1790172806 Case Was Received
YSC1790172807 Case Was Received
YSC1790172808 Case Was Received
YSC1790172809 Case Was Received
YSC1790172810 Case Was Received
YSC1790172811 Case Was Received
YSC1790172812 Case Was Received
YSC1790172813 Case Was Received
YSC1790172814 Case Was Received
YSC1790172815 Case Was Received
YSC1790172816 Case Was Received
YSC1790172817 Case Was Received
YSC1790172818 Case Was Received
YSC1790172819 Case Was Received
YSC1790172820 Card Was Mailed To Me
YSC1790172821 New Card Is Being Produced
YSC1790172822 Card Was Mailed To Me
YSC1790172823 Case Was Received
YSC1790172824 New Card Is Being Produced
YSC1790172825 Case Was Received
YSC1790172826 Case Was Received
YSC1790172827 Case Was Received
YSC1790172828 New Card Is Being Produced
YSC1790172829 Card Was Mailed To Me
YSC1790172830 Card Was Mailed To Me
YSC1790172831 Card Was Mailed To Me
YSC1790172832 Case Was Received
YSC1790172833 Card Was Mailed To Me
YSC1790172834 Case Was Received
YSC1790172835 Card Was Mailed To Me
YSC1790172836 Card Was Mailed To Me
YSC1790172837 Case Was Received
YSC1790172838 Card Was Mailed To Me
YSC1790172839 New Card Is Being Produced
YSC1790172840 Card Was Mailed To Me
YSC1790172841 Case Was Received
YSC1790172842 Case Was Received
YSC1790172843 New Card Is Being Produced
YSC1790172844 Card Was Mailed To Me
YSC1790172845 Card Was Mailed To Me
YSC1790172846 Card Was Mailed To Me
YSC1790172847 Card Was Mailed To Me
YSC1790172848 Card Was Mailed To Me
YSC1790172849 Case Was Received
YSC1790172850 Card Was Mailed To Me
YSC1790172851 New Card Is Being Produced
YSC1790172852 Card Was Mailed To Me
YSC1790172853 Card Was Mailed To Me
YSC1790172854 Case Was Received
YSC1790172855 Card Was Mailed To Me
YSC1790172856 Case Was Received
YSC1790172857 Card Was Mailed To Me
YSC1790172858 New Card Is Being Produced
YSC1790172859 Card Was Mailed To Me
YSC1790172860 New Card Is Being Produced
YSC1790172861 Case Was Received
YSC1790172862 Case Was Received
YSC1790172863 Case Was Received
YSC1790172864 Card Was Mailed To Me
YSC1790172865 Case Was Received
YSC1790172866 Card Was Mailed To Me
YSC1790172867 New Card Is Being Produced
YSC1790172868 Card Was Mailed To Me
YSC1790172869 Card Was Mailed To Me
YSC1790172870 Card Was Mailed To Me
YSC1790172871 New Card Is Being Produced
YSC1790172872 Card Was Mailed To Me
YSC1790172873 Card Was Mailed To Me
YSC1790172874 Card Was Mailed To Me
YSC1790172875 Card Was Mailed To Me
YSC1790172876 Case Was Received
YSC1790172877 Card Was Mailed To Me
YSC1790172878 Card Was Mailed To Me
YSC1790172879 Card Was Mailed To Me
YSC1790172880 Card Was Mailed To Me
YSC1790172881 Card Was Mailed To Me
YSC1790172882 Card Was Mailed To Me
YSC1790172883 Case Was Received
YSC1790172884 Case Was Received
YSC1790172885 Case Was Received
YSC1790172886 Case Was Approved
YSC1790172887 Case Was Received
YSC1790172888 New Card Is Being Produced
YSC1790172889 Card Was Mailed To Me
YSC1790172890 Card Was Mailed To Me
YSC1790172891 Request for Initial Evidence Was Mailed
YSC1790172892 Case Was Received
YSC1790172893 Card Was Mailed To Me
YSC1790172894 Card Was Mailed To Me
YSC1790172895 Card Was Mailed To Me
YSC1790172896 Case Was Received
YSC1790172897 New Card Is Being Produced
YSC1790172898 Card Was Mailed To Me
YSC1790172899 New Card Is Being Produced
YSC1790172900 Card Was Mailed To Me
YSC1790172901 Card Was Mailed To Me
YSC1790172902 Card Was Mailed To Me
YSC1790172903 Case Was Received
YSC1790172904 Card Was Mailed To Me
YSC1790172905 Case Was Received
YSC1790172906 Card Was Mailed To Me
YSC1790172907 Card Was Mailed To Me
YSC1790172908 Case Was Received
YSC1790172909 Card Was Mailed To Me
YSC1790172910 Card Was Mailed To Me
YSC1790172911 Card Was Mailed To Me
YSC1790172912 Card Was Mailed To Me
YSC1790172913 Request for Initial Evidence Was Mailed
YSC1790172914 Card Was Mailed To Me
YSC1790172915 Card Was Mailed To Me
YSC1790172916 New Card Is Being Produced
YSC1790172917 Request for Initial Evidence Was Mailed
YSC1790172918 Card Was Mailed To Me
YSC1790172919 Case Was Received
YSC1790172920 Card Was Mailed To Me
YSC1790172921 New Card Is Being Produced
YSC1790172922 Card Was Mailed To Me
YSC1790172923 Case Was Received
YSC1790172924 New Card Is Being Produced
YSC1790172925 Case Was Received
YSC1790172926 Card Was Mailed To Me
YSC1790172927 Card Was Mailed To Me
YSC1790172928 Card Was Mailed To Me
YSC1790172929 Card Was Mailed To Me
YSC1790172930 Card Was Mailed To Me
YSC1790172931 New Card Is Being Produced
YSC1790172932 New Card Is Being Produced
YSC1790172933 Case Was Received
YSC1790172934 Case Was Received
YSC1790172935 Case Was Received
YSC1790172936 Case Was Received
YSC1790172937 Case Was Received
YSC1790172938 Case Was Received
YSC1790172939 Case Was Received
YSC1790172940 Case Was Received
YSC1790172941 Case Was Received
YSC1790172942 Case Was Received
YSC1790172943 Case Was Received
YSC1790172944 Case Was Received
YSC1790172945 Case Was Received
YSC1790172946 Date of Birth Was Updated
YSC1790172947 Case Was Received
YSC1790172948 Case Was Received
YSC1790172949 Case Was Received
YSC1790172950 Name Was Updated
YSC1790172951 Case Was Received
YSC1790172952 Card Was Mailed To Me
YSC1790172953 Case Was Received
YSC1790172954 Card Was Mailed To Me
YSC1790172955 Case Was Received
YSC1790172956 Card Was Mailed To Me
YSC1790172957 New Card Is Being Produced
YSC1790172958 Case Was Received
YSC1790172959 Card Was Mailed To Me
YSC1790172960 Case Was Received
YSC1790172961 Case Was Received
YSC1790172962 New Card Is Being Produced
YSC1790172963 Card Was Mailed To Me
YSC1790172964 Card Was Mailed To Me
YSC1790172965 New Card Is Being Produced
YSC1790172966 Card Was Mailed To Me
YSC1790172967 Card Was Mailed To Me
YSC1790172968 Card Was Mailed To Me
YSC1790172969 New Card Is Being Produced
YSC1790172970 Case Was Received
YSC1790172971 Card Was Mailed To Me
YSC1790172972 Case Was Received
YSC1790172973 Case Was Received
YSC1790172974 Card Was Mailed To Me
YSC1790172975 Case Was Received
YSC1790172976 Card Was Mailed To Me
YSC1790172977 Case Was Received
YSC1790172978 Case Was Approved
YSC1790172979 Case Was Received
YSC1790172980 Case Was Approved
YSC1790172981 Case Was Received
YSC1790172982 Case Was Received
YSC1790172983 Request for Initial Evidence Was Mailed
YSC1790172984 Case Was Received
YSC1790172985 Case Was Received
YSC1790172986 Case Was Received
YSC1790172987 Case Was Received
YSC1790172988 Case Was Received
YSC1790172989 Case Was Received
YSC1790172990 Case Was Received
YSC1790172991 Case Was Received
YSC1790172992 Case Was Received
YSC1790172993 Case Was Received
YSC1790172994 Case Was Received
YSC1790172995 Case Was Received
YSC1790172996 Case Was Received
YSC1790172997 Case Was Received
YSC1790172998 Case Was Received
YSC1790172999 Case Was Received
YSC1790173000 Card Was Mailed To Me