YSC1790179500 Case Was Received
YSC1790179501 Case Was Received
YSC1790179502 New Card Is Being Produced
YSC1790179503 Case Was Received
YSC1790179504 Card Was Mailed To Me
YSC1790179505 Case Was Received
YSC1790179506 Case Was Received
YSC1790179507 Case Was Received
YSC1790179508 Case Was Received
YSC1790179509 Case Was Received
YSC1790179510 Case Was Received
YSC1790179511 Case Was Received
YSC1790179512 New Card Is Being Produced
YSC1790179513 Case Was Received
YSC1790179514 Case Was Received
YSC1790179515 Decision Notice Mailed
YSC1790179516 Case Was Received
YSC1790179517 Case Was Received
YSC1790179518 Case Was Received
YSC1790179519 Case Was Received
YSC1790179520 Case Was Received
YSC1790179521 Case Was Received
YSC1790179522 Case Was Received
YSC1790179523 Case Was Received
YSC1790179524 Case Was Received
YSC1790179525 Case Was Received
YSC1790179526 Case Was Received
YSC1790179527 Case Rejected Because The Version Of The Form I Sent Is No Longer Accepted
YSC1790179528 Case Was Received
YSC1790179529 Case Was Rejected Because It Was Improperly Filed
YSC1790179530 Case Was Received
YSC1790179531 Case Was Received
YSC1790179532 Case Was Received
YSC1790179533 Case Was Received
YSC1790179534 Case Was Approved
YSC1790179535 Case Was Received
YSC1790179536 Case Was Received
YSC1790179537 Case Was Received
YSC1790179538 Case Was Received
YSC1790179539 Case Was Received
YSC1790179540 Case Was Received
YSC1790179541 Case Was Received
YSC1790179542 Case Was Received
YSC1790179543 Case Was Received
YSC1790179544 Case Was Received
YSC1790179545 Case Was Received
YSC1790179546 Case Was Received
YSC1790179547 Case Was Received
YSC1790179548 Case Was Received
YSC1790179549 Case Was Received
YSC1790179550 Case Was Received
YSC1790179551 Card Was Mailed To Me
YSC1790179552 Case Was Approved
YSC1790179553 Case Was Approved
YSC1790179554 Case Was Received
YSC1790179555 Case Was Approved
YSC1790179556 Case Was Received
YSC1790179557 Case Was Received
YSC1790179558 Case Was Received
YSC1790179559 Case Was Received
YSC1790179560 Case Was Approved
YSC1790179561 Case Was Received
YSC1790179562 Case Was Received
YSC1790179563 Case Was Received
YSC1790179564 Case Was Received
YSC1790179565 Case Was Received
YSC1790179566 Case Was Received
YSC1790179567 Case Was Received
YSC1790179568 Case Was Received
YSC1790179569 Case Was Received
YSC1790179570 Case Was Received
YSC1790179571 Case Was Received
YSC1790179572 Card Was Mailed To Me
YSC1790179573 Case Was Received
YSC1790179574 New Card Is Being Produced
YSC1790179575 Case Was Received
YSC1790179576 Case Was Received
YSC1790179577 Case Was Received
YSC1790179578 Case Was Received
YSC1790179579 Case Was Received
YSC1790179580 Case Was Received
YSC1790179581 Case Was Received
YSC1790179582 Case Was Received
YSC1790179583 Case Was Received
YSC1790179584 Case Was Received
YSC1790179585 New Card Is Being Produced
YSC1790179586 New Card Is Being Produced
YSC1790179587 New Card Is Being Produced
YSC1790179588 Case Was Received
YSC1790179589 New Card Is Being Produced
YSC1790179590 Case Was Received
YSC1790179591 Case Was Received
YSC1790179592 Case Was Received
YSC1790179593 New Card Is Being Produced
YSC1790179594 Case Was Received
YSC1790179595 Case Was Received
YSC1790179596 Case Was Received
YSC1790179597 Case Was Received
YSC1790179598 Case Was Received
YSC1790179599 Case Was Approved
YSC1790179600 Case Was Received
YSC1790179601 Case Was Received
YSC1790179602 Case Was Received
YSC1790179603 Case Was Received
YSC1790179604 Case Was Received
YSC1790179605 Case Was Received
YSC1790179606 Case Was Received
YSC1790179607 Case Was Received
YSC1790179608 Case Was Received
YSC1790179609 Case Was Received
YSC1790179610 Case Was Received
YSC1790179611 Case Was Received
YSC1790179612 Case Was Received
YSC1790179613 Case Was Received
YSC1790179614 Case Was Received
YSC1790179615 Case Was Received
YSC1790179616 Case Was Received
YSC1790179617 New Card Is Being Produced
YSC1790179618 Name Was Updated
YSC1790179619 Case Was Received
YSC1790179620 Case Was Received
YSC1790179621 Case Was Received
YSC1790179622 Case Was Received
YSC1790179623 Case Was Received
YSC1790179624 Case Was Received
YSC1790179625 Case Was Approved
YSC1790179626 Case Was Received
YSC1790179627 New Card Is Being Produced
YSC1790179628 Case Was Received
YSC1790179629 Card Was Mailed To Me
YSC1790179630 Case Was Received
YSC1790179631 Case Was Received
YSC1790179632 New Card Is Being Produced
YSC1790179633 Case Was Received
YSC1790179634 Name Was Updated
YSC1790179635 Case Was Received
YSC1790179636 Case Was Received
YSC1790179637 Case Was Received
YSC1790179638 Case Was Received
YSC1790179639 Case Was Received
YSC1790179640 Case Was Received
YSC1790179641 Case Was Received
YSC1790179642 Case Was Received
YSC1790179643 Case Was Received
YSC1790179644 Case Was Received
YSC1790179645 Case Was Received
YSC1790179646 Case Was Received
YSC1790179647 Case Was Received
YSC1790179648 Case Was Received
YSC1790179649 Case Was Received
YSC1790179650 Case Was Received
YSC1790179651 Case Was Received
YSC1790179652 Case Was Received
YSC1790179653 Case Was Received
YSC1790179654 Case Was Received
YSC1790179655 Case Was Received
YSC1790179656 New Card Is Being Produced
YSC1790179657 Case Was Received
YSC1790179658 Case Was Received
YSC1790179659 Case Was Received
YSC1790179660 Case Was Received
YSC1790179661 Case Was Received
YSC1790179662 Case Was Received
YSC1790179663 Case Was Received
YSC1790179664 Case Was Received
YSC1790179665 Case Was Received
YSC1790179666 Case Was Received
YSC1790179667 Case Was Received
YSC1790179668 Case Was Received
YSC1790179669 Card Was Mailed To Me
YSC1790179670 Case Was Received
YSC1790179671 Case Was Received
YSC1790179672 Case Was Received
YSC1790179673 New Card Is Being Produced
YSC1790179674 Case Was Received
YSC1790179675 Card Was Mailed To Me
YSC1790179676 Card Was Mailed To Me
YSC1790179677 Case Was Received
YSC1790179678 Case Was Received
YSC1790179679 Case Was Received
YSC1790179680 Case Was Received
YSC1790179681 Case Was Received
YSC1790179682 Case Was Received
YSC1790179683 Case Was Received
YSC1790179684 New Card Is Being Produced
YSC1790179685 Case Was Received
YSC1790179686 Case Was Received
YSC1790179687 New Card Is Being Produced
YSC1790179688 Case Was Received
YSC1790179689 Case Was Received
YSC1790179690 Case Was Received
YSC1790179691 Case Was Received
YSC1790179692 Case Was Received
YSC1790179693 Case Was Received
YSC1790179694 Case Was Received
YSC1790179695 Case Was Received
YSC1790179696 New Card Is Being Produced
YSC1790179697 Case Was Received
YSC1790179698 Case Was Received
YSC1790179699 Notice Was Returned To USCIS Because The Post Office Could Not Deliver It
YSC1790179700 Case Was Received
YSC1790179701 Case Was Received
YSC1790179702 Case Was Received
YSC1790179703 Case Was Received
YSC1790179704 Case Was Received
YSC1790179705 Case Was Received
YSC1790179706 Case Was Received
YSC1790179707 Case Was Received
YSC1790179708 Case Was Received
YSC1790179709 New Card Is Being Produced
YSC1790179710 Card Was Mailed To Me
YSC1790179711 Case Was Received
YSC1790179712 Decision Notice Mailed
YSC1790179713 Case Was Received
YSC1790179714 Case Was Received
YSC1790179715 Case Was Received
YSC1790179716 Case Was Received
YSC1790179717 Case Was Received
YSC1790179718 Case Was Received
YSC1790179719 Case Was Received
YSC1790179720 Case Was Approved
YSC1790179721 Case Was Received
YSC1790179722 New Card Is Being Produced
YSC1790179723 Case Was Received
YSC1790179724 Card Was Mailed To Me
YSC1790179725 Card Was Mailed To Me
YSC1790179726 Case Was Received
YSC1790179727 Case Was Received
YSC1790179728 Case Was Received
YSC1790179729 Case Was Received
YSC1790179730 Case Was Received
YSC1790179731 New Card Is Being Produced
YSC1790179732 Case Was Received
YSC1790179733 Case Was Received
YSC1790179734 Case Was Received
YSC1790179735 New Card Is Being Produced
YSC1790179736 Case Was Received
YSC1790179737 Case Was Received
YSC1790179738 Correspondence Was Received And USCIS Is Reviewing It
YSC1790179739 Case Was Received
YSC1790179740 Case Was Received
YSC1790179741 Case Was Received
YSC1790179742 Case Was Received
YSC1790179743 Case Was Received
YSC1790179744 Case Was Received
YSC1790179745 Case Was Received
YSC1790179746 Case Was Received
YSC1790179747 Case Was Received
YSC1790179748 Case Was Received
YSC1790179749 Case Was Received
YSC1790179750 Case Was Received
YSC1790179751 Case Was Received
YSC1790179752 Case Was Received
YSC1790179753 Case Was Received
YSC1790179754 Case Was Received
YSC1790179755 Case Was Received
YSC1790179756 Case Was Received
YSC1790179757 Case Was Received
YSC1790179758 Case Was Received
YSC1790179759 Card Was Mailed To Me
YSC1790179760 Case Was Received
YSC1790179761 Case Was Received
YSC1790179762 Case Was Received
YSC1790179763 Case Was Received
YSC1790179764 Case Was Received
YSC1790179765 Case Was Received
YSC1790179766 Name Was Updated
YSC1790179767 Case Was Received
YSC1790179768 Case Was Received
YSC1790179769 Case Was Received
YSC1790179770 Case Was Received
YSC1790179771 Case Was Received
YSC1790179772 Case Was Received
YSC1790179773 Card Was Mailed To Me
YSC1790179774 Case Was Received
YSC1790179775 Card Was Mailed To Me
YSC1790179776 Case Was Received
YSC1790179777 Case Was Received
YSC1790179778 Case Was Received
YSC1790179779 Case Was Received
YSC1790179780 Case Was Received
YSC1790179781 Case Was Received
YSC1790179782 Case Was Received
YSC1790179783 Case Was Received
YSC1790179784 Case Was Received
YSC1790179785 Case Was Received
YSC1790179786 Case Was Received
YSC1790179787 New Card Is Being Produced
YSC1790179788 Case Was Received
YSC1790179789 Case Was Received
YSC1790179790 Card Was Mailed To Me
YSC1790179791 Case Was Received
YSC1790179792 Case Was Received
YSC1790179793 Case Was Received
YSC1790179794 Case Was Received
YSC1790179795 Case Was Received
YSC1790179796 Case Was Received
YSC1790179797 Case Was Received
YSC1790179798 Case Was Received
YSC1790179799 New Card Is Being Produced
YSC1790179800 Notice Was Returned To USCIS Because The Post Office Could Not Deliver It
YSC1790179801 Case Was Received
YSC1790179802 Case Was Received
YSC1790179803 Case Was Received
YSC1790179804 Case Was Received
YSC1790179805 Case Was Received
YSC1790179806 Case Was Received
YSC1790179807 Case Was Received
YSC1790179808 Case Was Received
YSC1790179809 Case Was Received
YSC1790179810 Case Was Received
YSC1790179811 Case Was Received
YSC1790179812 Case Was Received
YSC1790179813 Notice Was Returned To USCIS Because The Post Office Could Not Deliver It
YSC1790179814 Case Was Received
YSC1790179815 Case Was Received
YSC1790179816 New Card Is Being Produced
YSC1790179817 Case Was Received
YSC1790179818 Card Was Mailed To Me
YSC1790179819 Case Was Received
YSC1790179820 Case Was Received
YSC1790179821 Case Was Received
YSC1790179822 Case Was Received
YSC1790179823 Case Was Received
YSC1790179824 Card Was Mailed To Me
YSC1790179825 Case Was Received
YSC1790179826 Card Was Mailed To Me
YSC1790179827 Case Was Received
YSC1790179828 Card Was Mailed To Me
YSC1790179829 Card Was Mailed To Me
YSC1790179830 Case Was Received
YSC1790179831 New Card Is Being Produced
YSC1790179832 Card Was Mailed To Me
YSC1790179833 Case Was Received
YSC1790179834 Card Was Mailed To Me
YSC1790179835 New Card Is Being Produced
YSC1790179836 Card Was Mailed To Me
YSC1790179837 Card Was Mailed To Me
YSC1790179838 Case Was Received
YSC1790179839 Case Was Received
YSC1790179840 Case Was Received
YSC1790179841 Case Was Received
YSC1790179842 Case Was Received
YSC1790179843 Case Was Received
YSC1790179844 Case Was Received
YSC1790179845 New Card Is Being Produced
YSC1790179846 Case Was Received
YSC1790179847 Case Was Received
YSC1790179848 Case Was Received
YSC1790179849 Case Was Received
YSC1790179850 Case Was Received
YSC1790179851 Case Was Approved
YSC1790179852 Case Was Received
YSC1790179853 Case Was Received
YSC1790179854 Case Was Received
YSC1790179855 Case Was Received
YSC1790179856 Case Was Received
YSC1790179857 Case Was Received
YSC1790179858 Case Was Received
YSC1790179859 Card Was Mailed To Me
YSC1790179860 Case Was Received
YSC1790179861 New Card Is Being Produced
YSC1790179862 Notice Was Returned To USCIS Because The Post Office Could Not Deliver It
YSC1790179863 Case Was Approved
YSC1790179864 Card Was Mailed To Me
YSC1790179865 Case Was Received
YSC1790179866 Case Was Received
YSC1790179867 Case Was Received
YSC1790179868 Notice Was Returned To USCIS Because The Post Office Could Not Deliver It
YSC1790179869 Case Was Received
YSC1790179870 Case Was Received
YSC1790179871 New Card Is Being Produced
YSC1790179872 Case Was Received
YSC1790179873 Case Was Received
YSC1790179874 Case Was Received
YSC1790179875 Case Was Received
YSC1790179876 Case Was Received
YSC1790179877 Case Was Received
YSC1790179878 Case Was Received
YSC1790179879 Case Was Received
YSC1790179880 Case Was Received
YSC1790179881 Case Was Received
YSC1790179882 Case Was Received
YSC1790179883 New Card Is Being Produced
YSC1790179884 Case Was Received
YSC1790179885 Case Was Received
YSC1790179886 Case Was Received
YSC1790179887 Case Was Received
YSC1790179888 Case Was Received
YSC1790179889 Case Was Received
YSC1790179890 Case Was Received
YSC1790179891 Case Was Received
YSC1790179892 Case Was Received
YSC1790179893 Case Was Received
YSC1790179894 Case Was Received
YSC1790179895 Case Was Received
YSC1790179896 Case Was Received
YSC1790179897 Case Was Received
YSC1790179898 Case Was Received
YSC1790179899 Case Was Received
YSC1790179900 Case Was Received
YSC1790179901 Case Was Received
YSC1790179902 Case Was Received
YSC1790179903 Case Was Received
YSC1790179904 Case Was Received
YSC1790179905 Card Was Mailed To Me
YSC1790179906 Case Was Rejected Because It Was Improperly Filed
YSC1790179907 Case Was Received
YSC1790179908 Case Was Received
YSC1790179909 Case Was Received
YSC1790179910 Case Was Received
YSC1790179911 Case Was Received
YSC1790179912 Case Was Received
YSC1790179913 New Card Is Being Produced
YSC1790179914 Case Was Received
YSC1790179915 Case Was Received
YSC1790179916 Case Was Received
YSC1790179917 Case Was Received
YSC1790179918 Case Was Received
YSC1790179919 Correspondence Was Received And USCIS Is Reviewing It
YSC1790179920 Case Was Received
YSC1790179921 Case Was Received
YSC1790179922 Case Was Received
YSC1790179923 Case Was Received
YSC1790179924 Card Was Mailed To Me
YSC1790179925 Case Was Received
YSC1790179926 Case Was Received
YSC1790179927 Card Was Mailed To Me
YSC1790179928 Card Was Mailed To Me
YSC1790179929 Case Was Received
YSC1790179930 Card Was Mailed To Me
YSC1790179931 Case Was Received
YSC1790179932 Card Was Mailed To Me
YSC1790179933 Card Was Mailed To Me
YSC1790179934 Case Was Received
YSC1790179935 Case Was Received
YSC1790179936 Case Was Received
YSC1790179937 New Card Is Being Produced
YSC1790179938 New Card Is Being Produced
YSC1790179939 Case Was Received
YSC1790179940 Case Was Received
YSC1790179941 New Card Is Being Produced
YSC1790179942 Case Was Received
YSC1790179943 Case Was Received
YSC1790179944 Case Was Received
YSC1790179945 New Card Is Being Produced
YSC1790179946 Case Was Received
YSC1790179947 Case Was Received
YSC1790179948 Case Was Received
YSC1790179949 New Card Is Being Produced
YSC1790179950 Case Was Received
YSC1790179951 Case Was Received
YSC1790179952 Case Was Received
YSC1790179953 Case Was Received
YSC1790179954 Case Was Received
YSC1790179955 Notice Was Returned To USCIS Because The Post Office Could Not Deliver It
YSC1790179956 Case Was Received
YSC1790179957 Case Was Received
YSC1790179958 Case Was Received
YSC1790179959 Case Was Received
YSC1790179960 Case Was Received
YSC1790179961 Case Was Received
YSC1790179962 Case Was Received
YSC1790179963 New Card Is Being Produced
YSC1790179964 Case Was Received
YSC1790179965 Case Was Received
YSC1790179966 Case Was Received
YSC1790179967 Case Was Received
YSC1790179968 Case Was Received
YSC1790179969 Case Was Received
YSC1790179970 New Card Is Being Produced
YSC1790179971 Case Was Received
YSC1790179972 Case Was Received
YSC1790179973 Case Was Received
YSC1790179974 Case Was Received
YSC1790179975 Case Was Received
YSC1790179976 Case Was Received
YSC1790179977 Case Was Received
YSC1790179978 Card Was Mailed To Me
YSC1790179979 Card Was Mailed To Me
YSC1790179980 Case Was Received
YSC1790179981 Case Was Received
YSC1790179982 New Card Is Being Produced
YSC1790179983 Case Was Received
YSC1790179984 Case Was Received
YSC1790179985 New Card Is Being Produced
YSC1790179986 Case Was Received
YSC1790179987 Case Was Received
YSC1790179988 Case Was Received
YSC1790179989 Case Was Received
YSC1790179990 Notice Was Returned To USCIS Because The Post Office Could Not Deliver It
YSC1790179991 Case Was Received
YSC1790179992 Case Was Received
YSC1790179993 Case Was Received
YSC1790179994 Case Was Received
YSC1790179995 Case Was Received
YSC1790179996 Case Was Received
YSC1790179997 Case Was Received
YSC1790179998 Case Was Received
YSC1790179999 Case Was Received
YSC1790180000 Case Was Received