YSC1790182000 Case Was Received
YSC1790182001 Case Was Received
YSC1790182002 New Card Is Being Produced
YSC1790182003 Case Was Received
YSC1790182004 New Card Is Being Produced
YSC1790182005 Request for Initial Evidence Was Mailed
YSC1790182006 Case Was Received
YSC1790182007 Case Was Received
YSC1790182008 Case Was Received
YSC1790182009 Correspondence Was Received And USCIS Is Reviewing It
YSC1790182010 Case Was Received
YSC1790182011 Case Was Received
YSC1790182012 Case Was Received
YSC1790182013 Case Was Received
YSC1790182014 Case Was Received
YSC1790182015 Case Was Received
YSC1790182016 Case Was Received
YSC1790182017 Case Was Received
YSC1790182018 Case Was Received
YSC1790182019 Case Was Received
YSC1790182020 Case Was Received
YSC1790182021 Case Was Received
YSC1790182022 Case Was Received
YSC1790182023 Case Was Received
YSC1790182024 Case Was Received
YSC1790182025 Case Was Received
YSC1790182026 Case Was Received
YSC1790182027 Case Was Received
YSC1790182028 Case Was Received
YSC1790182029 Case Was Received
YSC1790182030 Case Was Received
YSC1790182031 Case Was Received
YSC1790182032 Case Was Received
YSC1790182033 Case Was Received
YSC1790182034 Case Was Received
YSC1790182035 Case Was Received
YSC1790182036 Case Was Received
YSC1790182037 Case Was Received
YSC1790182038 Case Was Received
YSC1790182039 Case Was Received
YSC1790182040 Case Was Received
YSC1790182041 Case Was Received
YSC1790182042 New Card Is Being Produced
YSC1790182043 Case Was Received
YSC1790182044 Case Was Received
YSC1790182045 Case Was Received
YSC1790182046 Case Was Received
YSC1790182047 Case Was Received
YSC1790182048 Case Was Received
YSC1790182049 Case Was Received
YSC1790182050 Case Was Received
YSC1790182051 Case Was Received
YSC1790182052 Case Was Received
YSC1790182053 Case Was Received
YSC1790182054 Case Was Received
YSC1790182055 Case Was Received
YSC1790182056 Case Was Received
YSC1790182057 Case Was Received
YSC1790182058 Case Was Received
YSC1790182059 Case Was Received
YSC1790182060 Case Was Received
YSC1790182061 Case Was Received
YSC1790182062 Case Was Received
YSC1790182063 Case Was Received
YSC1790182064 Case Was Received
YSC1790182065 Case Was Received
YSC1790182066 Case Was Received
YSC1790182067 Case Was Received
YSC1790182068 Case Was Received
YSC1790182069 Case Was Received
YSC1790182070 Case Was Received
YSC1790182071 Name Was Updated
YSC1790182072 Case Was Received
YSC1790182073 Case Was Received
YSC1790182074 Case Was Received
YSC1790182075 Case Was Received
YSC1790182076 Case Was Received
YSC1790182077 Case Was Received
YSC1790182078 Case Was Received
YSC1790182079 Case Was Received
YSC1790182080 Case Was Received
YSC1790182081 Case Was Received
YSC1790182082 Case Was Received
YSC1790182083 Name Was Updated
YSC1790182084 Case Was Received
YSC1790182085 Case Was Received
YSC1790182086 New Card Is Being Produced
YSC1790182087 Case Was Received
YSC1790182088 Case Was Received
YSC1790182089 Case Was Received
YSC1790182090 Case Was Received
YSC1790182091 Case Was Received
YSC1790182092 Case Was Received
YSC1790182093 Case Was Received
YSC1790182094 Case Was Received
YSC1790182095 Case Was Received
YSC1790182096 Case Was Received
YSC1790182097 Case Was Received
YSC1790182098 Case Was Received
YSC1790182099 Case Was Received
YSC1790182100 Case Was Received
YSC1790182101 Case Was Received
YSC1790182102 Case Was Received
YSC1790182103 Case Was Received
YSC1790182104 Case Was Received
YSC1790182105 Case Was Received
YSC1790182106 Case Was Received
YSC1790182107 Case Was Received
YSC1790182108 Case Was Received
YSC1790182109 Case Was Received
YSC1790182110 Case Was Received
YSC1790182111 Case Was Received
YSC1790182112 Case Was Received
YSC1790182113 Case Was Received
YSC1790182114 Case Was Received
YSC1790182115 Case Was Received
YSC1790182116 Case Was Received
YSC1790182117 Case Was Received
YSC1790182118 Case Was Received
YSC1790182119 Case Was Received
YSC1790182120 Case Was Received
YSC1790182121 Case Was Received
YSC1790182122 Case Was Received
YSC1790182123 Case Was Received
YSC1790182124 Case Was Received
YSC1790182125 Case Was Received
YSC1790182126 New Card Is Being Produced
YSC1790182127 Case Was Received
YSC1790182128 Request for Initial Evidence Was Mailed
YSC1790182129 Case Was Received
YSC1790182130 Case Was Received
YSC1790182131 Case Was Received
YSC1790182132 Case Was Received
YSC1790182133 Case Was Received
YSC1790182134 Case Was Received
YSC1790182135 Case Was Received
YSC1790182136 Case Was Received
YSC1790182137 Case Was Received
YSC1790182138 Case Was Received
YSC1790182139 New Card Is Being Produced
YSC1790182140 Case Was Received
YSC1790182141 Case Was Received
YSC1790182142 Case Was Received
YSC1790182143 Case Was Received
YSC1790182144 Case Was Received
YSC1790182145 Case Was Received
YSC1790182146 Case Was Received
YSC1790182147 Case Was Received
YSC1790182148 Case Was Received
YSC1790182149 Case Was Received
YSC1790182150 Case Was Received
YSC1790182151 Case Was Received
YSC1790182152 Case Was Received
YSC1790182153 Case Was Received
YSC1790182154 Case Was Received
YSC1790182155 Case Was Received
YSC1790182156 Case Was Received
YSC1790182157 Case Was Received
YSC1790182158 Case Was Received
YSC1790182159 New Card Is Being Produced
YSC1790182160 Case Was Received
YSC1790182161 Case Was Received
YSC1790182162 Case Was Received
YSC1790182163 Notice Was Returned To USCIS Because The Post Office Could Not Deliver It
YSC1790182164 Case Was Received
YSC1790182165 Case Was Received
YSC1790182166 Case Was Received
YSC1790182167 Case Was Received
YSC1790182168 Case Was Received
YSC1790182169 Case Was Received
YSC1790182170 Case Was Received
YSC1790182171 Case Was Received
YSC1790182172 Case Was Received
YSC1790182173 Card Was Mailed To Me
YSC1790182174 Name Was Updated
YSC1790182175 Case Was Received
YSC1790182176 Case Was Received
YSC1790182177 Case Was Received
YSC1790182178 New Card Is Being Produced
YSC1790182179 Case Was Received
YSC1790182180 Case Was Received
YSC1790182181 Case Was Received
YSC1790182182 Case Was Received
YSC1790182183 Case Was Received
YSC1790182184 Case Was Received
YSC1790182185 Case Was Received
YSC1790182186 Case Was Received
YSC1790182187 Case Was Received
YSC1790182188 Case Was Received
YSC1790182189 Case Was Received
YSC1790182190 Case Was Received
YSC1790182191 Case Was Received
YSC1790182192 Case Was Received
YSC1790182193 Case Was Received
YSC1790182194 Case Was Received
YSC1790182195 Case Was Received
YSC1790182196 Case Was Received
YSC1790182197 Case Was Received
YSC1790182198 New Card Is Being Produced
YSC1790182199 Case Was Received
YSC1790182200 Case Was Received
YSC1790182201 Case Was Received
YSC1790182202 Case Was Received
YSC1790182203 Case Was Received
YSC1790182204 Case Was Received
YSC1790182205 Case Was Received
YSC1790182206 New Card Is Being Produced
YSC1790182207 Case Was Received
YSC1790182208 Case Was Received
YSC1790182209 Case Was Received
YSC1790182210 Case Was Received
YSC1790182211 Case Was Received
YSC1790182212 New Card Is Being Produced
YSC1790182213 Case Was Received
YSC1790182214 Notice Was Returned To USCIS Because The Post Office Could Not Deliver It
YSC1790182215 Case Was Received
YSC1790182216 Case Was Received
YSC1790182217 Case Was Received
YSC1790182218 Case Was Received
YSC1790182219 Case Was Received
YSC1790182220 Case Was Received
YSC1790182221 Case Was Received
YSC1790182222 Case Was Received
YSC1790182223 Case Was Received
YSC1790182224 Case Was Received
YSC1790182225 Case Was Received
YSC1790182226 New Card Is Being Produced
YSC1790182227 Case Was Received
YSC1790182228 Case Was Received
YSC1790182229 Case Was Received
YSC1790182230 Case Was Received
YSC1790182231 New Card Is Being Produced
YSC1790182232 Case Was Received
YSC1790182233 Correspondence Was Received And USCIS Is Reviewing It
YSC1790182234 Case Was Received
YSC1790182235 New Card Is Being Produced
YSC1790182236 Case Was Received
YSC1790182237 Case Was Received
YSC1790182238 Case Was Received
YSC1790182239 Case Was Received
YSC1790182240 Case Was Received
YSC1790182241 Case Was Received
YSC1790182242 New Card Is Being Produced
YSC1790182243 Case Was Received
YSC1790182244 Case Was Received
YSC1790182245 Case Was Received
YSC1790182246 Case Was Received
YSC1790182247 Case Was Received
YSC1790182248 Case Was Received
YSC1790182249 New Card Is Being Produced
YSC1790182250 Notice Was Returned To USCIS Because The Post Office Could Not Deliver It
YSC1790182251 Case Was Received
YSC1790182252 Case Was Received
YSC1790182253 Case Was Received
YSC1790182254 Case Was Received
YSC1790182255 Case Was Received
YSC1790182256 Case Was Received
YSC1790182257 Case Was Received
YSC1790182258 Case Was Received
YSC1790182259 Case Was Received
YSC1790182260 Case Was Received
YSC1790182261 Case Was Received
YSC1790182262 Case Was Received
YSC1790182263 Case Was Received
YSC1790182264 Case Was Received
YSC1790182265 Case Was Received
YSC1790182266 Case Was Received
YSC1790182267 Case Was Received
YSC1790182268 Case Was Received
YSC1790182269 Case Was Received
YSC1790182270 Case Was Received
YSC1790182271 Case Was Received
YSC1790182272 Case Was Received
YSC1790182273 Case Was Received
YSC1790182274 Case Was Received
YSC1790182275 Case Was Received
YSC1790182276 Notice Was Returned To USCIS Because The Post Office Could Not Deliver It
YSC1790182277 Case Was Received
YSC1790182278 Case Was Received
YSC1790182279 Case Was Received
YSC1790182280 Case Was Received
YSC1790182281 Case Was Received
YSC1790182282 Case Was Received
YSC1790182283 Case Was Received
YSC1790182284 Case Was Received
YSC1790182285 Case Was Received
YSC1790182286 Case Was Received
YSC1790182287 Case Was Received
YSC1790182288 Case Was Received
YSC1790182289 Case Was Received
YSC1790182290 Correspondence Was Received And USCIS Is Reviewing It
YSC1790182291 Case Was Received
YSC1790182292 Case Was Received
YSC1790182293 Case Was Received
YSC1790182294 Case Was Received
YSC1790182295 Case Was Received
YSC1790182296 Case Was Received
YSC1790182297 Case Was Received
YSC1790182298 Case Was Received
YSC1790182299 Case Was Received
YSC1790182300 Case Was Received
YSC1790182301 Case Was Received
YSC1790182302 Case Was Transferred And A New Office Has Jurisdiction
YSC1790182303 Case Was Received
YSC1790182304 Case Was Transferred And A New Office Has Jurisdiction
YSC1790182305 Case Was Received
YSC1790182306 Case Was Received
YSC1790182307 Case Was Received
YSC1790182308 Case Was Received
YSC1790182309 Case Was Transferred And A New Office Has Jurisdiction
YSC1790182310 Case Was Received
YSC1790182311 Case Was Received
YSC1790182312 Case Was Received
YSC1790182313 Case Was Received
YSC1790182314 Case Was Received
YSC1790182315 Case Was Received
YSC1790182316 Notice Was Returned To USCIS Because The Post Office Could Not Deliver It
YSC1790182317 Case Was Received
YSC1790182318 Case Was Received
YSC1790182319 Case Was Received
YSC1790182320 Case Was Received
YSC1790182321 Case Was Received
YSC1790182322 Case Was Received
YSC1790182323 Case Was Received
YSC1790182324 Case Was Received
YSC1790182325 Name Was Updated
YSC1790182326 Case Was Received
YSC1790182327 Case Was Received
YSC1790182328 Case Was Received
YSC1790182329 Case Was Received
YSC1790182330 Case Was Received
YSC1790182331 Case Was Received
YSC1790182332 Case Was Received
YSC1790182333 Case Was Received
YSC1790182334 Notice Was Returned To USCIS Because The Post Office Could Not Deliver It
YSC1790182335 Case Was Received
YSC1790182336 Case Was Received
YSC1790182337 Case Was Received
YSC1790182338 Case Was Received
YSC1790182339 Case Was Received
YSC1790182340 Case Was Received
YSC1790182341 Case Was Received
YSC1790182342 Case Was Received
YSC1790182343 Case Was Received
YSC1790182344 Case Was Received
YSC1790182345 Case Was Received
YSC1790182346 Case Was Received
YSC1790182347 Case Was Received
YSC1790182348 Case Was Received
YSC1790182349 Case Was Received
YSC1790182350 Case Was Received
YSC1790182351 Case Was Received
YSC1790182352 Case Was Received
YSC1790182353 Case Was Received
YSC1790182354 Case Was Received
YSC1790182355 Case Was Received
YSC1790182356 Case Was Received
YSC1790182357 Case Was Received
YSC1790182358 Case Was Received
YSC1790182359 Case Was Received
YSC1790182360 Case Was Received
YSC1790182361 Case Was Received
YSC1790182362 Case Was Received
YSC1790182363 Case Was Received
YSC1790182364 Case Was Received
YSC1790182365 Case Was Received
YSC1790182366 Case Was Received
YSC1790182367 Case Was Received
YSC1790182368 Case Was Received
YSC1790182369 Case Was Received
YSC1790182370 Case Was Received
YSC1790182371 Case Was Received
YSC1790182372 Case Was Received
YSC1790182373 Case Was Received
YSC1790182374 Case Was Received
YSC1790182375 Case Was Received
YSC1790182376 Case Was Received
YSC1790182377 Case Was Received
YSC1790182378 Case Was Received
YSC1790182379 Case Was Received
YSC1790182380 Case Was Received
YSC1790182381 Case Was Received
YSC1790182382 Case Was Received
YSC1790182383 Case Was Received
YSC1790182384 Case Was Received
YSC1790182385 Case Was Received
YSC1790182386 Case Was Received
YSC1790182387 Case Was Received
YSC1790182388 Case Was Received
YSC1790182389 Case Was Received
YSC1790182390 Case Was Received
YSC1790182391 Name Was Updated
YSC1790182392 Case Was Received
YSC1790182393 Case Was Received
YSC1790182394 Case Was Received
YSC1790182395 Case Was Received
YSC1790182396 Case Was Received
YSC1790182397 Case Was Received
YSC1790182398 Case Was Received
YSC1790182399 Case Was Received
YSC1790182400 Case Was Received
YSC1790182401 Case Was Received
YSC1790182402 Case Was Received
YSC1790182403 Case Was Received
YSC1790182404 Case Was Received
YSC1790182405 Case Was Received
YSC1790182406 Case Was Received
YSC1790182407 Case Was Received
YSC1790182408 Notice Was Returned To USCIS Because The Post Office Could Not Deliver It
YSC1790182409 Case Was Received
YSC1790182410 Case Was Received
YSC1790182411 Case Was Received
YSC1790182412 Notice Was Returned To USCIS Because The Post Office Could Not Deliver It
YSC1790182413 Case Was Received
YSC1790182414 Case Was Received
YSC1790182415 Case Was Received
YSC1790182416 Case Was Received
YSC1790182417 Case Was Received
YSC1790182418 Case Was Received
YSC1790182419 Case Was Received
YSC1790182420 Case Was Received
YSC1790182421 Case Was Received
YSC1790182422 Case Was Received
YSC1790182423 Case Was Received
YSC1790182424 Case Was Received
YSC1790182425 Case Was Received
YSC1790182426 Case Was Received
YSC1790182427 Case Was Received
YSC1790182428 Case Was Received
YSC1790182429 Case Was Received
YSC1790182430 Name Was Updated
YSC1790182431 Case Was Received
YSC1790182432 Case Was Received
YSC1790182433 Case Was Received
YSC1790182434 Case Was Received
YSC1790182435 Case Was Received
YSC1790182436 Case Was Received
YSC1790182437 Case Was Received
YSC1790182438 Case Was Received
YSC1790182439 Case Was Received
YSC1790182440 Case Was Received
YSC1790182441 Case Was Received
YSC1790182442 Case Was Received
YSC1790182443 Case Was Received
YSC1790182444 Case Was Received
YSC1790182445 Case Was Received
YSC1790182446 Case Was Received
YSC1790182447 Case Was Received
YSC1790182448 Case Was Received
YSC1790182449 Case Was Received
YSC1790182450 Case Was Received
YSC1790182451 Case Was Received
YSC1790182452 Case Rejected Because I Sent An Incorrect Fee
YSC1790182453 Case Rejected Because I Sent An Incorrect Fee
YSC1790182454 Case Was Received
YSC1790182455 New Card Is Being Produced
YSC1790182456 Duplicate Notice Was Mailed
YSC1790182457 Card Was Mailed To Me
YSC1790182458 Case Rejected Because The Version Of The Form I Sent Is No Longer Accepted
YSC1790182459 Case Rejected Because The Version Of The Form I Sent Is No Longer Accepted
YSC1790182460 Case Rejected Because The Version Of The Form I Sent Is No Longer Accepted
YSC1790182461 Case Rejected Because The Version Of The Form I Sent Is No Longer Accepted
YSC1790182462 Case Rejected Because The Version Of The Form I Sent Is No Longer Accepted
YSC1790182463 Case Was Received
YSC1790182464 Case Was Received
YSC1790182465 Case Was Received
YSC1790182466 Case Was Received
YSC1790182467 Case Was Received
YSC1790182468 Case Was Received
YSC1790182469 Case Was Received
YSC1790182470 Case Was Received
YSC1790182471 Case Was Received
YSC1790182472 Case Was Received
YSC1790182473 Case Was Received
YSC1790182474 Case Was Received
YSC1790182475 Case Was Received
YSC1790182476 Case Was Received
YSC1790182477 Case Was Received
YSC1790182478 Case Was Received
YSC1790182479 Case Was Received
YSC1790182480 Case Rejected Because The Version Of The Form I Sent Is No Longer Accepted
YSC1790182481 Case Was Received
YSC1790182482 Case Was Received
YSC1790182483 Case Was Received
YSC1790182484 Case Was Received
YSC1790182485 Case Was Received
YSC1790182486 Case Was Received
YSC1790182487 Notice Was Returned To USCIS Because The Post Office Could Not Deliver It
YSC1790182488 Case Was Received
YSC1790182489 Case Was Received
YSC1790182490 Case Was Received
YSC1790182491 Case Was Received
YSC1790182492 Case Was Received
YSC1790182493 Case Was Received
YSC1790182494 Case Was Received
YSC1790182495 Case Was Received
YSC1790182496 Case Was Received
YSC1790182497 Case Was Received
YSC1790182498 Case Was Received
YSC1790182499 Case Was Received
YSC1790182500 Case Was Received