YSC1790180500 Case Was Received
YSC1790180501 Case Was Received
YSC1790180502 Case Was Received
YSC1790180503 Notice Was Returned To USCIS Because The Post Office Could Not Deliver It
YSC1790180504 Case Was Received
YSC1790180505 Case Was Received
YSC1790180506 Case Was Received
YSC1790180507 Case Was Received
YSC1790180508 Case Was Received
YSC1790180509 Case Was Received
YSC1790180510 Case Was Received
YSC1790180511 Case Was Received
YSC1790180512 Case Was Received
YSC1790180513 Case Was Received
YSC1790180514 Case Was Received
YSC1790180515 New Card Is Being Produced
YSC1790180516 Case Was Received
YSC1790180517 Case Was Received
YSC1790180518 Case Was Received
YSC1790180519 Case Was Received
YSC1790180520 Case Was Received
YSC1790180521 Case Was Received
YSC1790180522 Case Was Received
YSC1790180523 Case Was Received
YSC1790180524 New Card Is Being Produced
YSC1790180525 Case Was Received
YSC1790180526 Case Was Received
YSC1790180527 Case Was Received
YSC1790180528 Case Was Received
YSC1790180529 Case Was Received
YSC1790180530 New Card Is Being Produced
YSC1790180531 Case Was Received
YSC1790180532 Case Was Received
YSC1790180533 Case Was Received
YSC1790180534 New Card Is Being Produced
YSC1790180535 Case Was Received
YSC1790180536 Request for Initial Evidence Was Mailed
YSC1790180537 Case Was Received
YSC1790180538 New Card Is Being Produced
YSC1790180539 Case Was Received
YSC1790180540 Case Was Received
YSC1790180541 Case Was Received
YSC1790180542 Case Was Received
YSC1790180543 Case Was Received
YSC1790180544 Case Was Received
YSC1790180545 Case Rejected Because The Version Of The Form I Sent Is No Longer Accepted
YSC1790180546 Case Was Received
YSC1790180547 Case Was Received
YSC1790180548 Case Was Received
YSC1790180549 Case Was Received
YSC1790180550 Case Was Received
YSC1790180551 Case Was Received
YSC1790180552 Case Was Received
YSC1790180553 Case Was Received
YSC1790180554 Case Was Received
YSC1790180555 Case Was Received
YSC1790180556 Case Was Received
YSC1790180557 Case Was Received
YSC1790180558 Case Was Received
YSC1790180559 Case Was Received
YSC1790180560 Case Was Received
YSC1790180561 Case Was Received
YSC1790180562 Case Was Received
YSC1790180563 Case Was Received
YSC1790180564 Case Was Received
YSC1790180565 Case Was Received
YSC1790180566 Case Was Received
YSC1790180567 Case Was Received
YSC1790180568 Case Was Received
YSC1790180569 Case Was Received
YSC1790180570 New Card Is Being Produced
YSC1790180571 Case Was Received
YSC1790180572 Case Was Received
YSC1790180573 Case Was Received
YSC1790180574 New Card Is Being Produced
YSC1790180575 Case Was Received
YSC1790180576 Case Was Received
YSC1790180577 Case Was Received
YSC1790180578 Case Was Received
YSC1790180579 Notice Was Returned To USCIS Because The Post Office Could Not Deliver It
YSC1790180580 Case Was Received
YSC1790180581 Case Was Received
YSC1790180582 New Card Is Being Produced
YSC1790180583 Case Was Received
YSC1790180584 Card Was Mailed To Me
YSC1790180585 Case Was Received
YSC1790180586 New Card Is Being Produced
YSC1790180587 Case Was Received
YSC1790180588 Case Was Received
YSC1790180589 Case Was Received
YSC1790180590 Card Was Mailed To Me
YSC1790180591 Case Was Received
YSC1790180592 Case Was Received
YSC1790180593 Case Was Received
YSC1790180594 New Card Is Being Produced
YSC1790180595 New Card Is Being Produced
YSC1790180596 Card Was Mailed To Me
YSC1790180597 Case Was Received
YSC1790180598 Case Was Received
YSC1790180599 Case Was Received
YSC1790180600 Case Was Received
YSC1790180601 Case Was Received
YSC1790180602 Case Was Received
YSC1790180603 New Card Is Being Produced
YSC1790180604 Case Was Received
YSC1790180605 Case Was Received
YSC1790180606 New Card Is Being Produced
YSC1790180607 Case Was Received
YSC1790180608 Card Was Mailed To Me
YSC1790180609 Case Was Received
YSC1790180610 Case Was Received
YSC1790180611 Case Was Received
YSC1790180612 Case Was Received
YSC1790180613 Case Was Received
YSC1790180614 Case Was Received
YSC1790180615 Case Was Received
YSC1790180616 Card Was Mailed To Me
YSC1790180617 Case Was Received
YSC1790180618 Case Was Received
YSC1790180619 Case Was Received
YSC1790180620 Case Was Received
YSC1790180621 Case Was Received
YSC1790180622 Case Was Received
YSC1790180623 Card Was Mailed To Me
YSC1790180624 Case Was Received
YSC1790180625 Card Was Mailed To Me
YSC1790180626 Case Was Received
YSC1790180627 Case Was Received
YSC1790180628 Case Was Received
YSC1790180629 New Card Is Being Produced
YSC1790180630 Case Was Received
YSC1790180631 Case Was Received
YSC1790180632 Case Was Received
YSC1790180633 New Card Is Being Produced
YSC1790180634 Case Was Received
YSC1790180635 Card Was Mailed To Me
YSC1790180636 Case Was Received
YSC1790180637 Case Was Received
YSC1790180638 Withdrawal Acknowledgement Notice Was Sent
YSC1790180639 Card Was Mailed To Me
YSC1790180640 Case Was Received
YSC1790180641 Case Was Received
YSC1790180642 Case Was Received
YSC1790180643 Card Was Mailed To Me
YSC1790180644 Case Was Received
YSC1790180645 Case Was Received
YSC1790180646 Case Was Received
YSC1790180647 Case Was Received
YSC1790180648 Case Was Received
YSC1790180649 New Card Is Being Produced
YSC1790180650 Case Was Received
YSC1790180651 New Card Is Being Produced
YSC1790180652 Case Was Received
YSC1790180653 New Card Is Being Produced
YSC1790180654 Case Was Received
YSC1790180655 New Card Is Being Produced
YSC1790180656 Case Was Received
YSC1790180657 Case Was Received
YSC1790180658 Case Was Received
YSC1790180659 Case Was Received
YSC1790180660 New Card Is Being Produced
YSC1790180661 Case Was Received
YSC1790180662 Case Was Received
YSC1790180663 New Card Is Being Produced
YSC1790180664 Case Was Received
YSC1790180665 Case Was Received
YSC1790180666 Case Was Received
YSC1790180667 Case Was Received
YSC1790180668 Case Was Received
YSC1790180669 Case Was Received
YSC1790180670 New Card Is Being Produced
YSC1790180671 Case Was Received
YSC1790180672 Case Was Received
YSC1790180673 Case Was Received
YSC1790180674 Case Was Received
YSC1790180675 Case Was Received
YSC1790180676 Case Was Received
YSC1790180677 Case Was Received
YSC1790180678 Case Was Received
YSC1790180679 Case Was Received
YSC1790180680 Case Was Received
YSC1790180681 Case Was Received
YSC1790180682 Case Was Received
YSC1790180683 Case Was Received
YSC1790180684 Case Was Received
YSC1790180685 Case Was Received
YSC1790180686 New Card Is Being Produced
YSC1790180687 Case Was Received
YSC1790180688 Case Was Received
YSC1790180689 Case Was Received
YSC1790180690 Case Was Received
YSC1790180691 Case Was Received
YSC1790180692 Case Was Received
YSC1790180693 Case Was Received
YSC1790180694 Case Was Received
YSC1790180695 Case Was Received
YSC1790180696 New Card Is Being Produced
YSC1790180697 Case Was Received
YSC1790180698 Case Was Received
YSC1790180699 Case Was Received
YSC1790180700 Case Was Received
YSC1790180701 Case Was Received
YSC1790180702 Case Was Received
YSC1790180703 Case Was Received
YSC1790180704 Case Was Received
YSC1790180705 Case Was Received
YSC1790180706 Case Was Received
YSC1790180707 Case Was Received
YSC1790180708 Case Was Received
YSC1790180709 Case Was Received
YSC1790180710 Case Was Received
YSC1790180711 Case Was Received
YSC1790180712 Case Was Received
YSC1790180713 Case Was Received
YSC1790180714 Case Was Received
YSC1790180715 Case Was Received
YSC1790180716 Case Was Received
YSC1790180717 Case Was Received
YSC1790180718 New Card Is Being Produced
YSC1790180719 Case Was Received
YSC1790180720 Case Was Received
YSC1790180721 Case Was Received
YSC1790180722 Case Was Received
YSC1790180723 Case Was Received
YSC1790180724 Case Was Received
YSC1790180725 New Card Is Being Produced
YSC1790180726 Case Was Received
YSC1790180727 Case Was Received
YSC1790180728 Case Was Received
YSC1790180729 Case Was Received
YSC1790180730 Case Was Received
YSC1790180731 Case Was Received
YSC1790180732 New Card Is Being Produced
YSC1790180733 Case Was Received
YSC1790180734 Case Was Received
YSC1790180735 Case Was Received
YSC1790180736 New Card Is Being Produced
YSC1790180737 Case Was Received
YSC1790180738 Case Was Received
YSC1790180739 Case Was Received
YSC1790180740 New Card Is Being Produced
YSC1790180741 Case Was Received
YSC1790180742 Correspondence Was Received And USCIS Is Reviewing It
YSC1790180743 Case Was Received
YSC1790180744 Case Was Received
YSC1790180745 Case Was Received
YSC1790180746 Case Was Received
YSC1790180747 Case Was Received
YSC1790180748 Case Was Received
YSC1790180749 Case Was Received
YSC1790180750 Case Was Received
YSC1790180751 Case Was Received
YSC1790180752 Case Was Received
YSC1790180753 Case Was Received
YSC1790180754 Case Was Received
YSC1790180755 Case Was Received
YSC1790180756 Case Was Received
YSC1790180757 New Card Is Being Produced
YSC1790180758 Case Was Received
YSC1790180759 Case Was Received
YSC1790180760 Case Was Received
YSC1790180761 Case Was Received
YSC1790180762 Card Was Mailed To Me
YSC1790180763 Case Was Received
YSC1790180764 Case Rejected Because The Version Of The Form I Sent Is No Longer Accepted
YSC1790180765 Case Was Received
YSC1790180766 New Card Is Being Produced
YSC1790180767 Case Was Received
YSC1790180768 Case Was Received
YSC1790180769 Case Was Received
YSC1790180770 Case Was Received
YSC1790180771 New Card Is Being Produced
YSC1790180772 Case Was Received
YSC1790180773 Case Was Received
YSC1790180774 New Card Is Being Produced
YSC1790180775 Case Was Received
YSC1790180776 Case Was Received
YSC1790180777 Case Was Received
YSC1790180778 Case Was Received
YSC1790180779 Case Was Received
YSC1790180780 Case Was Received
YSC1790180781 Case Was Received
YSC1790180782 Case Was Received
YSC1790180783 Case Was Received
YSC1790180784 Case Was Received
YSC1790180785 Case Was Received
YSC1790180786 Case Was Received
YSC1790180787 Case Was Received
YSC1790180788 Case Was Received
YSC1790180789 Case Was Received
YSC1790180790 Response To USCIS' Request For Evidence Was Received
YSC1790180791 Notice Was Returned To USCIS Because The Post Office Could Not Deliver It
YSC1790180792 Case Was Received
YSC1790180793 Case Was Received
YSC1790180794 Case Was Received
YSC1790180795 Case Was Received
YSC1790180796 Case Was Received
YSC1790180797 Case Was Received
YSC1790180798 Case Was Received
YSC1790180799 Case Was Received
YSC1790180800 Case Was Received
YSC1790180801 Case Was Received
YSC1790180802 Case Was Received
YSC1790180803 Case Was Received
YSC1790180804 Case Was Received
YSC1790180805 New Card Is Being Produced
YSC1790180806 Case Was Received
YSC1790180807 Case Was Received
YSC1790180808 Case Was Received
YSC1790180809 Case Was Received
YSC1790180810 Case Was Received
YSC1790180811 New Card Is Being Produced
YSC1790180812 New Card Is Being Produced
YSC1790180813 Case Was Received
YSC1790180814 Case Was Received
YSC1790180815 New Card Is Being Produced
YSC1790180816 Case Was Received
YSC1790180817 Case Was Received
YSC1790180818 Case Was Received
YSC1790180819 Case Was Received
YSC1790180820 Case Was Received
YSC1790180821 Case Was Received
YSC1790180822 Case Was Received
YSC1790180823 Case Was Received
YSC1790180824 Case Was Received
YSC1790180825 Case Was Received
YSC1790180826 Case Rejected Because The Version Of The Form I Sent Is No Longer Accepted
YSC1790180827 Case Was Received
YSC1790180828 Case Was Received
YSC1790180829 New Card Is Being Produced
YSC1790180830 Case Was Received
YSC1790180831 Case Was Received
YSC1790180832 Case Was Received
YSC1790180833 Case Was Received
YSC1790180834 Case Was Received
YSC1790180835 Case Was Received
YSC1790180836 Name Was Updated
YSC1790180837 Case Was Received
YSC1790180838 Case Was Received
YSC1790180839 Case Was Received
YSC1790180840 Name Was Updated
YSC1790180841 Case Was Received
YSC1790180842 Case Was Received
YSC1790180843 Case Was Received
YSC1790180844 Case Was Received
YSC1790180845 Case Was Received
YSC1790180846 Case Was Received
YSC1790180847 Case Was Received
YSC1790180848 Case Was Received
YSC1790180849 Case Was Received
YSC1790180850 New Card Is Being Produced
YSC1790180851 Case Was Received
YSC1790180852 Case Was Received
YSC1790180853 Case Was Received
YSC1790180854 Case Was Received
YSC1790180855 Case Was Received
YSC1790180856 Case Was Received
YSC1790180857 Case Was Received
YSC1790180858 Case Was Received
YSC1790180859 Case Was Received
YSC1790180860 Case Was Received
YSC1790180861 Case Was Received
YSC1790180862 Case Was Received
YSC1790180863 Case Was Received
YSC1790180864 Card Was Mailed To Me
YSC1790180865 Case Was Received
YSC1790180866 Case Was Received
YSC1790180867 Card Was Mailed To Me
YSC1790180868 Card Was Mailed To Me
YSC1790180869 Case Was Received
YSC1790180870 Case Was Received
YSC1790180871 New Card Is Being Produced
YSC1790180872 Card Was Mailed To Me
YSC1790180873 Notice Was Returned To USCIS Because The Post Office Could Not Deliver It
YSC1790180874 Case Was Received
YSC1790180875 Case Was Received
YSC1790180876 Case Was Received
YSC1790180877 Case Was Received
YSC1790180878 Name Was Updated
YSC1790180879 Case Was Received
YSC1790180880 Card Was Mailed To Me
YSC1790180881 Case Was Received
YSC1790180882 Card Was Mailed To Me
YSC1790180883 Case Was Received
YSC1790180884 Case Was Received
YSC1790180885 Case Was Received
YSC1790180886 Case Was Received
YSC1790180887 Case Was Received
YSC1790180888 Case Was Received
YSC1790180889 Case Was Received
YSC1790180890 Card Was Mailed To Me
YSC1790180891 Case Was Received
YSC1790180892 Case Was Received
YSC1790180893 Case Was Received
YSC1790180894 Case Was Received
YSC1790180895 Case Rejected Because The Version Of The Form I Sent Is No Longer Accepted
YSC1790180896 Case Was Received
YSC1790180897 Case Was Received
YSC1790180898 Date of Birth Was Updated
YSC1790180899 Case Was Received
YSC1790180900 Case Was Received
YSC1790180901 Case Was Received
YSC1790180902 Case Was Received
YSC1790180903 Case Was Received
YSC1790180904 Case Was Received
YSC1790180905 Case Was Received
YSC1790180906 Case Was Received
YSC1790180907 Case Was Received
YSC1790180908 Case Was Received
YSC1790180909 New Card Is Being Produced
YSC1790180910 Case Was Received
YSC1790180911 Case Was Received
YSC1790180912 Case Was Received
YSC1790180913 Case Was Received
YSC1790180914 Case Was Received
YSC1790180915 Case Was Received
YSC1790180916 Case Was Received
YSC1790180917 Case Was Received
YSC1790180918 Case Was Received
YSC1790180919 Case Was Received
YSC1790180920 Case Was Received
YSC1790180921 Withdrawal Acknowledgement Notice Was Sent
YSC1790180922 Case Was Received
YSC1790180923 Case Was Received
YSC1790180924 Case Was Received
YSC1790180925 Case Was Received
YSC1790180926 Case Was Received
YSC1790180927 Case Was Received
YSC1790180928 New Card Is Being Produced
YSC1790180929 Case Was Received
YSC1790180930 Case Was Received
YSC1790180931 Case Was Received
YSC1790180932 Card Was Mailed To Me
YSC1790180933 Case Was Received
YSC1790180934 Card Was Mailed To Me
YSC1790180935 Case Was Received
YSC1790180936 New Card Is Being Produced
YSC1790180937 Case Was Received
YSC1790180938 Case Was Received
YSC1790180939 Case Was Received
YSC1790180940 Case Was Received
YSC1790180941 Case Was Received
YSC1790180942 Case Was Received
YSC1790180943 Case Was Received
YSC1790180944 Case Was Received
YSC1790180945 Case Was Received
YSC1790180946 Request for Initial Evidence Was Mailed
YSC1790180947 Case Was Received
YSC1790180948 Case Was Received
YSC1790180949 Case Was Received
YSC1790180950 Case Was Received
YSC1790180951 Case Was Received
YSC1790180952 Case Was Received
YSC1790180953 Case Was Received
YSC1790180954 Notice Explaining USCIS' Actions Was Mailed
YSC1790180955 Case Was Received
YSC1790180956 Case Was Received
YSC1790180957 Case Was Received
YSC1790180958 Case Was Received
YSC1790180959 Date of Birth Was Updated
YSC1790180960 Case Was Received
YSC1790180961 Response To USCIS' Request For Evidence Was Received
YSC1790180962 Case Was Received
YSC1790180963 Case Was Received
YSC1790180964 Case Was Received
YSC1790180965 Case Was Received
YSC1790180966 Case Was Received
YSC1790180967 Case Was Received
YSC1790180968 New Card Is Being Produced
YSC1790180969 Case Was Received
YSC1790180970 Case Was Received
YSC1790180971 Case Was Received
YSC1790180972 Case Was Received
YSC1790180973 Case Was Received
YSC1790180974 Case Was Received
YSC1790180975 Case Was Received
YSC1790180976 Case Was Received
YSC1790180977 New Card Is Being Produced
YSC1790180978 Case Was Received
YSC1790180979 Case Was Received
YSC1790180980 Case Was Received
YSC1790180981 New Card Is Being Produced
YSC1790180982 New Card Is Being Produced
YSC1790180983 Case Was Received
YSC1790180984 Case Was Received
YSC1790180985 Case Was Received
YSC1790180986 Case Was Received
YSC1790180987 Case Was Received
YSC1790180988 Case Was Received
YSC1790180989 Case Was Received
YSC1790180990 Case Was Received
YSC1790180991 Case Was Received
YSC1790180992 Case Was Received
YSC1790180993 Case Was Received
YSC1790180994 Case Was Received
YSC1790180995 Case Was Received
YSC1790180996 Case Was Received
YSC1790180997 Case Was Received
YSC1790180998 Case Was Received
YSC1790180999 Case Was Received
YSC1790181000 Case Was Received