YSC1790181000 Case Was Received
YSC1790181001 Case Was Received
YSC1790181002 Case Was Received
YSC1790181003 Case Was Received
YSC1790181004 Case Was Received
YSC1790181005 Case Was Received
YSC1790181006 Case Was Received
YSC1790181007 Case Was Received
YSC1790181008 Case Was Received
YSC1790181009 Case Was Received
YSC1790181010 Case Was Received
YSC1790181011 Case Was Received
YSC1790181012 Case Was Received
YSC1790181013 New Card Is Being Produced
YSC1790181014 Case Was Received
YSC1790181015 Case Was Received
YSC1790181016 Case Was Received
YSC1790181017 New Card Is Being Produced
YSC1790181018 Case Was Received
YSC1790181019 New Card Is Being Produced
YSC1790181020 Case Was Received
YSC1790181021 Case Was Received
YSC1790181022 Card Was Mailed To Me
YSC1790181023 Case Was Received
YSC1790181024 Case Was Received
YSC1790181025 Case Was Received
YSC1790181026 New Card Is Being Produced
YSC1790181027 Case Was Received
YSC1790181028 New Card Is Being Produced
YSC1790181029 Case Was Received
YSC1790181030 Case Was Received
YSC1790181031 Case Was Received
YSC1790181032 Case Was Received
YSC1790181033 Case Was Received
YSC1790181034 Case Was Received
YSC1790181035 Case Was Received
YSC1790181036 Case Was Received
YSC1790181037 Fees Were Waived
YSC1790181038 Case Was Received
YSC1790181039 Case Was Received
YSC1790181040 Case Was Received
YSC1790181041 Case Was Received
YSC1790181042 Case Was Received
YSC1790181043 Case Was Received
YSC1790181044 Duplicate Notice Was Mailed
YSC1790181045 Case Was Received
YSC1790181046 Case Was Received
YSC1790181047 Case Was Received
YSC1790181048 Case Was Received
YSC1790181049 Case Was Received
YSC1790181050 Case Was Received
YSC1790181051 Case Was Received
YSC1790181052 Name Was Updated
YSC1790181053 Case Was Received
YSC1790181054 Case Was Received
YSC1790181055 Case Was Received
YSC1790181056 Case Was Received
YSC1790181057 Case Was Received
YSC1790181058 Case Was Received
YSC1790181059 Case Was Received
YSC1790181060 Case Was Received
YSC1790181061 Case Was Received
YSC1790181062 Case Was Received
YSC1790181063 Case Was Received
YSC1790181064 Case Was Received
YSC1790181065 Name Was Updated
YSC1790181066 Case Was Received
YSC1790181067 Case Was Received
YSC1790181068 Case Was Received
YSC1790181069 Case Was Received
YSC1790181070 Case Was Received
YSC1790181071 Case Was Received
YSC1790181072 Case Was Received
YSC1790181073 Case Was Received
YSC1790181074 Card Was Mailed To Me
YSC1790181075 Case Was Received
YSC1790181076 Case Was Received
YSC1790181077 Case Was Received
YSC1790181078 Case Was Received
YSC1790181079 Case Was Received
YSC1790181080 Case Was Received
YSC1790181081 Case Was Received
YSC1790181082 Case Was Received
YSC1790181083 Case Was Received
YSC1790181084 Case Was Received
YSC1790181085 Case Was Received
YSC1790181086 Case Was Received
YSC1790181087 Notice Was Returned To USCIS Because The Post Office Could Not Deliver It
YSC1790181088 Case Was Received
YSC1790181089 Notice Was Returned To USCIS Because The Post Office Could Not Deliver It
YSC1790181090 Case Was Received
YSC1790181091 Case Was Received
YSC1790181092 Case Was Received
YSC1790181093 Case Was Received
YSC1790181094 Case Was Received
YSC1790181095 Case Was Received
YSC1790181096 Case Was Received
YSC1790181097 Case Was Received
YSC1790181098 Case Was Received
YSC1790181099 Case Was Received
YSC1790181100 Case Was Received
YSC1790181101 Case Was Received
YSC1790181102 Case Was Received
YSC1790181103 Case Was Received
YSC1790181104 Case Was Received
YSC1790181105 Case Was Received
YSC1790181106 Case Was Received
YSC1790181107 Case Was Received
YSC1790181108 Case Was Received
YSC1790181109 Case Was Received
YSC1790181110 Case Was Received
YSC1790181111 Case Was Received
YSC1790181112 Case Was Received
YSC1790181113 Case Was Received
YSC1790181114 Case Was Received
YSC1790181115 Correspondence Was Received And USCIS Is Reviewing It
YSC1790181116 Case Was Received
YSC1790181117 New Card Is Being Produced
YSC1790181118 Case Was Received
YSC1790181119 Case Was Received
YSC1790181120 Case Was Received
YSC1790181121 Case Was Received
YSC1790181122 Case Was Received
YSC1790181123 Case Was Received
YSC1790181124 Case Was Received
YSC1790181125 Case Was Received
YSC1790181126 Case Was Received
YSC1790181127 Case Was Received
YSC1790181128 Case Was Received
YSC1790181129 Case Was Received
YSC1790181130 Case Was Received
YSC1790181131 Case Was Received
YSC1790181132 Case Was Received
YSC1790181133 Case Was Received
YSC1790181134 Case Was Received
YSC1790181135 Case Was Received
YSC1790181136 Case Was Received
YSC1790181137 Case Was Received
YSC1790181138 Card Was Mailed To Me
YSC1790181139 Case Was Received
YSC1790181140 Case Was Received
YSC1790181141 New Card Is Being Produced
YSC1790181142 Case Was Received
YSC1790181143 Case Was Received
YSC1790181144 Case Was Received
YSC1790181145 Case Was Received
YSC1790181146 Case Was Received
YSC1790181147 Case Was Received
YSC1790181148 Case Was Received
YSC1790181149 Case Was Received
YSC1790181150 Case Was Received
YSC1790181151 Case Was Received
YSC1790181152 Case Was Received
YSC1790181153 Case Was Received
YSC1790181154 Case Was Received
YSC1790181155 Case Was Received
YSC1790181156 Case Was Received
YSC1790181157 Case Was Received
YSC1790181158 Case Was Received
YSC1790181159 Case Was Received
YSC1790181160 Case Was Received
YSC1790181161 Case Was Received
YSC1790181162 Case Was Received
YSC1790181163 Case Was Received
YSC1790181164 Case Was Received
YSC1790181165 Case Was Received
YSC1790181166 Case Was Received
YSC1790181167 Case Was Received
YSC1790181168 Case Was Received
YSC1790181169 Case Was Received
YSC1790181170 Case Was Received
YSC1790181171 Case Was Received
YSC1790181172 Notice Was Returned To USCIS Because The Post Office Could Not Deliver It
YSC1790181173 Case Was Received
YSC1790181174 Case Was Received
YSC1790181175 Case Was Received
YSC1790181176 Case Was Received
YSC1790181177 Case Was Received
YSC1790181178 Case Was Received
YSC1790181179 Case Was Received
YSC1790181180 Case Was Received
YSC1790181181 Case Was Received
YSC1790181182 Case Was Received
YSC1790181183 Case Was Received
YSC1790181184 Case Was Received
YSC1790181185 Case Was Received
YSC1790181186 Case Was Received
YSC1790181187 Case Was Received
YSC1790181188 Case Was Received
YSC1790181189 Case Was Received
YSC1790181190 Case Was Received
YSC1790181191 Case Was Received
YSC1790181192 Case Was Received
YSC1790181193 Case Was Received
YSC1790181194 Case Was Received
YSC1790181195 Case Was Received
YSC1790181196 Case Was Received
YSC1790181197 Case Was Received
YSC1790181198 Case Was Received
YSC1790181199 Case Was Received
YSC1790181200 Case Was Received
YSC1790181201 Case Was Received
YSC1790181202 Case Was Received
YSC1790181203 Case Was Received
YSC1790181204 New Card Is Being Produced
YSC1790181205 Case Was Received
YSC1790181206 Case Was Received
YSC1790181207 Case Was Received
YSC1790181208 Case Was Approved
YSC1790181209 Case Was Received
YSC1790181210 Card Was Mailed To Me
YSC1790181211 Case Was Received
YSC1790181212 Case Was Received
YSC1790181213 Withdrawal Acknowledgement Notice Was Sent
YSC1790181214 Case Was Received
YSC1790181215 Case Was Received
YSC1790181216 Case Was Received
YSC1790181217 Case Was Received
YSC1790181218 Case Was Received
YSC1790181219 Case Was Received
YSC1790181220 Case Was Received
YSC1790181221 Case Was Received
YSC1790181222 Case Was Received
YSC1790181223 Case Was Received
YSC1790181224 Case Was Received
YSC1790181225 Case Was Received
YSC1790181226 Case Was Received
YSC1790181227 Case Was Received
YSC1790181228 Case Was Received
YSC1790181229 Case Was Received
YSC1790181230 Case Was Received
YSC1790181231 Case Was Received
YSC1790181232 Case Was Received
YSC1790181233 Case Was Received
YSC1790181234 Case Was Received
YSC1790181235 Case Was Received
YSC1790181236 Case Was Received
YSC1790181237 Case Was Received
YSC1790181238 Case Was Received
YSC1790181239 Case Was Received
YSC1790181240 Case Was Received
YSC1790181241 Case Was Received
YSC1790181242 Case Was Received
YSC1790181243 Case Was Received
YSC1790181244 Case Was Received
YSC1790181245 Case Was Received
YSC1790181246 Case Was Received
YSC1790181247 Case Was Received
YSC1790181248 Case Was Received
YSC1790181249 Case Was Received
YSC1790181250 Case Was Received
YSC1790181251 Case Was Received
YSC1790181252 Case Was Received
YSC1790181253 Case Was Received
YSC1790181254 Case Was Received
YSC1790181255 Case Was Received
YSC1790181256 Case Was Received
YSC1790181257 Case Was Received
YSC1790181258 Case Was Received
YSC1790181259 Case Was Received
YSC1790181260 Case Was Received
YSC1790181261 Case Was Received
YSC1790181262 Case Was Received
YSC1790181263 Case Was Received
YSC1790181264 Case Was Received
YSC1790181265 Case Was Received
YSC1790181266 Case Was Received
YSC1790181267 Case Was Received
YSC1790181268 Case Was Received
YSC1790181269 Case Was Received
YSC1790181270 Case Was Received
YSC1790181271 Case Was Received
YSC1790181272 Case Was Received
YSC1790181273 Case Was Received
YSC1790181274 Case Was Received
YSC1790181275 Case Was Received
YSC1790181276 Case Was Received
YSC1790181277 Case Was Received
YSC1790181278 Case Was Received
YSC1790181279 Case Was Received
YSC1790181280 Case Was Received
YSC1790181281 Notice Was Returned To USCIS Because The Post Office Could Not Deliver It
YSC1790181282 Case Was Received
YSC1790181283 Case Was Received
YSC1790181284 Case Was Received
YSC1790181285 Case Was Received
YSC1790181286 Case Was Received
YSC1790181287 Case Was Received
YSC1790181288 Case Was Received
YSC1790181289 Notice Was Returned To USCIS Because The Post Office Could Not Deliver It
YSC1790181290 Case Was Received
YSC1790181291 Case Was Received
YSC1790181292 Case Was Received
YSC1790181293 Notice Was Returned To USCIS Because The Post Office Could Not Deliver It
YSC1790181294 Case Was Received
YSC1790181295 Case Was Received
YSC1790181296 Case Was Received
YSC1790181297 Case Was Received
YSC1790181298 Case Was Received
YSC1790181299 Case Was Received
YSC1790181300 Case Was Received
YSC1790181301 Case Was Received
YSC1790181302 Case Was Received
YSC1790181303 Case Was Received
YSC1790181304 Case Was Received
YSC1790181305 Case Was Received
YSC1790181306 Case Was Received
YSC1790181307 Case Was Received
YSC1790181308 Case Was Received
YSC1790181309 Case Was Received
YSC1790181310 Case Was Received
YSC1790181311 Case Was Received
YSC1790181312 Case Was Received
YSC1790181313 New Card Is Being Produced
YSC1790181314 Notice Was Returned To USCIS Because The Post Office Could Not Deliver It
YSC1790181315 Case Was Received
YSC1790181316 Case Was Received
YSC1790181317 Request for Initial Evidence Was Mailed
YSC1790181318 Case Was Received
YSC1790181319 Case Was Received
YSC1790181320 Case Was Received
YSC1790181321 Case Was Received
YSC1790181322 Case Was Received
YSC1790181323 Case Was Received
YSC1790181324 Case Was Received
YSC1790181325 Case Was Received
YSC1790181326 Case Was Received
YSC1790181327 Case Was Received
YSC1790181328 Case Was Received
YSC1790181329 Case Was Received
YSC1790181330 Case Was Received
YSC1790181331 Case Was Received
YSC1790181332 Case Was Received
YSC1790181333 Case Was Received
YSC1790181334 Case Was Received
YSC1790181335 Case Was Received
YSC1790181336 Case Was Received
YSC1790181337 Case Was Received
YSC1790181338 Case Was Received
YSC1790181339 Case Was Received
YSC1790181340 Name Was Updated
YSC1790181341 Case Was Received
YSC1790181342 Case Was Received
YSC1790181343 Case Was Received
YSC1790181344 Case Was Received
YSC1790181345 Case Was Received
YSC1790181346 Case Was Received
YSC1790181347 Case Was Received
YSC1790181348 Case Was Received
YSC1790181349 Case Was Received
YSC1790181350 Case Was Received
YSC1790181351 Case Was Received
YSC1790181352 Case Was Received
YSC1790181353 Case Was Received
YSC1790181354 Case Was Received
YSC1790181355 Case Was Received
YSC1790181356 Case Was Received
YSC1790181357 Case Was Received
YSC1790181358 Name Was Updated
YSC1790181359 Case Was Received
YSC1790181360 Case Was Received
YSC1790181361 Case Was Received
YSC1790181362 Case Was Received
YSC1790181363 Case Was Received
YSC1790181364 Case Was Received
YSC1790181365 Case Was Received
YSC1790181366 Case Was Received
YSC1790181367 Case Was Received
YSC1790181368 Case Was Received
YSC1790181369 Case Was Received
YSC1790181370 Case Was Received
YSC1790181371 Case Was Received
YSC1790181372 Case Was Received
YSC1790181373 Case Was Received
YSC1790181374 Case Was Received
YSC1790181375 Case Was Received
YSC1790181376 New Card Is Being Produced
YSC1790181377 Case Was Received
YSC1790181378 Case Was Received
YSC1790181379 Case Was Received
YSC1790181380 Case Was Received
YSC1790181381 Case Was Received
YSC1790181382 Case Was Received
YSC1790181383 Case Was Received
YSC1790181384 Case Was Received
YSC1790181385 Case Was Received
YSC1790181386 New Card Is Being Produced
YSC1790181387 Case Was Received
YSC1790181388 Case Was Received
YSC1790181389 Case Was Received
YSC1790181390 Case Was Received
YSC1790181391 Case Was Received
YSC1790181392 Case Was Received
YSC1790181393 Case Was Received
YSC1790181394 Case Was Received
YSC1790181395 Case Was Received
YSC1790181396 Case Was Received
YSC1790181397 Case Was Received
YSC1790181398 Case Was Received
YSC1790181399 Case Was Received
YSC1790181400 Case Was Received
YSC1790181401 Case Was Received
YSC1790181402 Case Was Received
YSC1790181403 Case Was Received
YSC1790181404 Case Was Received
YSC1790181405 Case Was Received
YSC1790181406 Case Was Received
YSC1790181407 Case Was Received
YSC1790181408 Case Was Received
YSC1790181409 Notice Was Returned To USCIS Because The Post Office Could Not Deliver It
YSC1790181410 Case Was Received
YSC1790181411 Case Was Received
YSC1790181412 Case Was Received
YSC1790181413 Case Was Received
YSC1790181414 Case Was Received
YSC1790181415 Case Was Received
YSC1790181416 New Card Is Being Produced
YSC1790181417 New Card Is Being Produced
YSC1790181418 Case Was Received
YSC1790181419 Case Was Received
YSC1790181420 Case Was Received
YSC1790181421 Notice Was Returned To USCIS Because The Post Office Could Not Deliver It
YSC1790181422 Case Was Received
YSC1790181423 Case Was Received
YSC1790181424 Case Was Received
YSC1790181425 Case Was Received
YSC1790181426 Case Was Received
YSC1790181427 Case Was Received
YSC1790181428 Case Was Received
YSC1790181429 Notice Was Returned To USCIS Because The Post Office Could Not Deliver It
YSC1790181430 Case Was Received
YSC1790181431 Case Was Received
YSC1790181432 Case Was Received
YSC1790181433 Case Was Received
YSC1790181434 Case Was Received
YSC1790181435 Case Was Received
YSC1790181436 Case Was Received
YSC1790181437 Case Was Received
YSC1790181438 Case Was Received
YSC1790181439 Case Was Received
YSC1790181440 Case Was Received
YSC1790181441 Case Was Received
YSC1790181442 Notice Was Returned To USCIS Because The Post Office Could Not Deliver It
YSC1790181443 Case Was Received
YSC1790181444 Case Was Received
YSC1790181445 Case Was Received
YSC1790181446 Case Was Received
YSC1790181447 Case Was Received
YSC1790181448 Case Was Received
YSC1790181449 Case Was Received
YSC1790181450 Case Was Received
YSC1790181451 Case Was Received
YSC1790181452 Case Was Received
YSC1790181453 Notice Was Returned To USCIS Because The Post Office Could Not Deliver It
YSC1790181454 Case Was Received
YSC1790181455 Case Was Received
YSC1790181456 Request for Initial Evidence Was Mailed
YSC1790181457 Case Was Received
YSC1790181458 Case Was Received
YSC1790181459 Case Was Received
YSC1790181460 Case Was Received
YSC1790181461 Date of Birth Was Updated
YSC1790181462 Case Was Received
YSC1790181463 Correspondence Was Received And USCIS Is Reviewing It
YSC1790181464 Case Was Received
YSC1790181465 Case Was Received
YSC1790181466 New Card Is Being Produced
YSC1790181467 Case Was Received
YSC1790181468 Case Was Received
YSC1790181469 Case Was Received
YSC1790181470 Case Was Received
YSC1790181471 Case Was Received
YSC1790181472 Case Was Received
YSC1790181473 Case Was Received
YSC1790181474 Case Was Received
YSC1790181475 Case Was Received
YSC1790181476 Case Was Received
YSC1790181477 New Card Is Being Produced
YSC1790181478 Case Was Received
YSC1790181479 Case Was Received
YSC1790181480 Case Was Received
YSC1790181481 Case Was Received
YSC1790181482 Case Was Received
YSC1790181483 Case Was Received
YSC1790181484 Case Was Received
YSC1790181485 Notice Was Returned To USCIS Because The Post Office Could Not Deliver It
YSC1790181486 Case Was Received
YSC1790181487 Case Was Received
YSC1790181488 Case Was Received
YSC1790181489 Case Was Received
YSC1790181490 Case Was Received
YSC1790181491 Case Was Received
YSC1790181492 Case Was Received
YSC1790181493 Case Was Received
YSC1790181494 Case Was Received
YSC1790181495 Case Was Received
YSC1790181496 Case Was Received
YSC1790181497 Case Was Received
YSC1790181498 Case Was Received
YSC1790181499 Case Was Received
YSC1790181500 Case Was Received