YSC1790173500 Case Was Received
YSC1790173501 Case Was Received
YSC1790173502 Request for Initial Evidence Was Mailed
YSC1790173503 New Card Is Being Produced
YSC1790173504 Card Was Mailed To Me
YSC1790173505 Card Was Mailed To Me
YSC1790173506 Card Was Mailed To Me
YSC1790173507 Card Was Mailed To Me
YSC1790173508 Card Was Mailed To Me
YSC1790173509 New Card Is Being Produced
YSC1790173510 Case Was Received
YSC1790173511 New Card Is Being Produced
YSC1790173512 Card Was Mailed To Me
YSC1790173513 Card Was Mailed To Me
YSC1790173514 New Card Is Being Produced
YSC1790173515 Case Was Received
YSC1790173516 New Card Is Being Produced
YSC1790173517 Card Was Mailed To Me
YSC1790173518 Card Was Mailed To Me
YSC1790173519 New Card Is Being Produced
YSC1790173520 Card Was Mailed To Me
YSC1790173521 Card Was Mailed To Me
YSC1790173522 Card Was Mailed To Me
YSC1790173523 Card Was Mailed To Me
YSC1790173524 Card Was Mailed To Me
YSC1790173525 Card Was Mailed To Me
YSC1790173526 Case Was Received
YSC1790173527 Name Was Updated
YSC1790173528 Card Was Mailed To Me
YSC1790173529 Case Was Received
YSC1790173530 Case Was Received
YSC1790173531 New Card Is Being Produced
YSC1790173532 Card Was Mailed To Me
YSC1790173533 Card Was Mailed To Me
YSC1790173534 Card Was Mailed To Me
YSC1790173535 Card Was Mailed To Me
YSC1790173536 Card Was Mailed To Me
YSC1790173537 Case Was Received
YSC1790173538 Card Was Mailed To Me
YSC1790173539 Card Was Mailed To Me
YSC1790173540 Case Was Received
YSC1790173541 Card Was Mailed To Me
YSC1790173542 Card Was Mailed To Me
YSC1790173543 Case Was Received
YSC1790173544 Card Was Mailed To Me
YSC1790173545 Card Was Mailed To Me
YSC1790173546 Card Was Mailed To Me
YSC1790173547 Card Was Mailed To Me
YSC1790173548 New Card Is Being Produced
YSC1790173549 Card Was Mailed To Me
YSC1790173550 Notice Was Returned To USCIS Because The Post Office Could Not Deliver It
YSC1790173551 Card Was Mailed To Me
YSC1790173552 Card Was Mailed To Me
YSC1790173553 Card Was Mailed To Me
YSC1790173554 Card Was Mailed To Me
YSC1790173555 Card Was Mailed To Me
YSC1790173556 Card Was Mailed To Me
YSC1790173557 Card Was Mailed To Me
YSC1790173558 Card Was Mailed To Me
YSC1790173559 Case Was Received
YSC1790173560 Card Was Mailed To Me
YSC1790173561 Case Was Received
YSC1790173562 Case Was Received
YSC1790173563 Card Was Mailed To Me
YSC1790173564 Card Was Mailed To Me
YSC1790173565 Case Was Received
YSC1790173566 Case Was Received
YSC1790173567 Case Was Received
YSC1790173568 Case Was Received
YSC1790173569 Card Was Mailed To Me
YSC1790173570 New Card Is Being Produced
YSC1790173571 Card Was Mailed To Me
YSC1790173572 Case Was Received
YSC1790173573 Card Was Mailed To Me
YSC1790173574 Case Was Received
YSC1790173575 Card Was Mailed To Me
YSC1790173576 Card Was Mailed To Me
YSC1790173577 Case Was Received
YSC1790173578 Case Was Received
YSC1790173579 Card Was Mailed To Me
YSC1790173580 Case Was Received
YSC1790173581 Case Was Received
YSC1790173582 Case Was Received
YSC1790173583 New Card Is Being Produced
YSC1790173584 New Card Is Being Produced
YSC1790173585 Card Was Mailed To Me
YSC1790173586 Card Was Mailed To Me
YSC1790173587 Card Was Mailed To Me
YSC1790173588 New Card Is Being Produced
YSC1790173589 Case Was Received
YSC1790173590 Notice Was Returned To USCIS Because The Post Office Could Not Deliver It
YSC1790173591 Case Was Received
YSC1790173592 Card Was Mailed To Me
YSC1790173593 Case Was Received
YSC1790173594 New Card Is Being Produced
YSC1790173595 Card Was Mailed To Me
YSC1790173596 Case Was Received
YSC1790173597 New Card Is Being Produced
YSC1790173598 Card Was Mailed To Me
YSC1790173599 Card Was Mailed To Me
YSC1790173600 Card Was Mailed To Me
YSC1790173601 Card Was Mailed To Me
YSC1790173602 Case Was Received
YSC1790173603 Card Was Mailed To Me
YSC1790173604 Card Was Mailed To Me
YSC1790173605 Card Was Mailed To Me
YSC1790173606 Case Was Received
YSC1790173607 Card Was Mailed To Me
YSC1790173608 Case Was Received
YSC1790173609 Card Was Mailed To Me
YSC1790173610 New Card Is Being Produced
YSC1790173611 Case Was Approved
YSC1790173612 Case Was Received
YSC1790173613 Card Was Mailed To Me
YSC1790173614 New Card Is Being Produced
YSC1790173615 Case Was Received
YSC1790173616 New Card Is Being Produced
YSC1790173617 Card Was Mailed To Me
YSC1790173618 Case Was Received
YSC1790173619 New Card Is Being Produced
YSC1790173620 Card Was Mailed To Me
YSC1790173621 Card Was Mailed To Me
YSC1790173622 Card Was Mailed To Me
YSC1790173623 Case Was Received
YSC1790173624 Case Was Received
YSC1790173625 Card Was Mailed To Me
YSC1790173626 Card Was Mailed To Me
YSC1790173627 Case Was Received
YSC1790173628 New Card Is Being Produced
YSC1790173629 Case Was Received
YSC1790173630 Card Was Mailed To Me
YSC1790173631 Case Was Received
YSC1790173632 Card Was Mailed To Me
YSC1790173633 Card Was Mailed To Me
YSC1790173634 Card Was Mailed To Me
YSC1790173635 Card Was Mailed To Me
YSC1790173636 Card Was Mailed To Me
YSC1790173637 Card Was Mailed To Me
YSC1790173638 Card Was Mailed To Me
YSC1790173639 Correspondence Was Received And USCIS Is Reviewing It
YSC1790173640 Card Was Mailed To Me
YSC1790173641 Card Was Mailed To Me
YSC1790173642 Card Was Mailed To Me
YSC1790173643 Card Was Mailed To Me
YSC1790173644 Card Was Mailed To Me
YSC1790173645 Case Was Approved
YSC1790173646 Case Was Received
YSC1790173647 New Card Is Being Produced
YSC1790173648 Card Was Mailed To Me
YSC1790173649 New Card Is Being Produced
YSC1790173650 Card Was Mailed To Me
YSC1790173651 Decision Notice Mailed
YSC1790173652 Card Was Mailed To Me
YSC1790173653 New Card Is Being Produced
YSC1790173654 Card Was Mailed To Me
YSC1790173655 Card Was Mailed To Me
YSC1790173656 Card Was Mailed To Me
YSC1790173657 Card Was Mailed To Me
YSC1790173658 Case Was Received
YSC1790173659 Card Was Mailed To Me
YSC1790173660 New Card Is Being Produced
YSC1790173661 Card Was Mailed To Me
YSC1790173662 New Card Is Being Produced
YSC1790173663 Case Was Approved
YSC1790173664 New Card Is Being Produced
YSC1790173665 Case Was Received
YSC1790173666 Card Was Mailed To Me
YSC1790173667 Case Was Received
YSC1790173668 Card Was Mailed To Me
YSC1790173669 Card Was Mailed To Me
YSC1790173670 Card Was Mailed To Me
YSC1790173671 Card Was Mailed To Me
YSC1790173672 Card Was Mailed To Me
YSC1790173673 Case Was Received
YSC1790173674 Case Was Received
YSC1790173675 Case Was Received
YSC1790173676 Card Was Mailed To Me
YSC1790173677 Case Was Received
YSC1790173678 Card Was Mailed To Me
YSC1790173679 Card Was Mailed To Me
YSC1790173680 Card Was Mailed To Me
YSC1790173681 New Card Is Being Produced
YSC1790173682 Card Was Mailed To Me
YSC1790173683 New Card Is Being Produced
YSC1790173684 Card Was Mailed To Me
YSC1790173685 Card Was Mailed To Me
YSC1790173686 Card Was Mailed To Me
YSC1790173687 New Card Is Being Produced
YSC1790173688 Card Was Mailed To Me
YSC1790173689 Card Was Mailed To Me
YSC1790173690 Card Was Mailed To Me
YSC1790173691 Card Was Mailed To Me
YSC1790173692 Card Was Mailed To Me
YSC1790173693 Case Was Received
YSC1790173694 Case Was Received
YSC1790173695 Card Was Mailed To Me
YSC1790173696 Card Was Mailed To Me
YSC1790173697 Card Was Mailed To Me
YSC1790173698 Card Was Mailed To Me
YSC1790173699 Card Was Mailed To Me
YSC1790173700 Case Was Received
YSC1790173701 Card Was Mailed To Me
YSC1790173702 Card Was Mailed To Me
YSC1790173703 Card Was Mailed To Me
YSC1790173704 New Card Is Being Produced
YSC1790173705 New Card Is Being Produced
YSC1790173706 Card Was Mailed To Me
YSC1790173707 Card Was Mailed To Me
YSC1790173708 New Card Is Being Produced
YSC1790173709 Card Was Mailed To Me
YSC1790173710 Card Was Mailed To Me
YSC1790173711 New Card Is Being Produced
YSC1790173712 Card Was Mailed To Me
YSC1790173713 Case Was Received
YSC1790173714 Request for Initial Evidence Was Mailed
YSC1790173715 Case Was Received
YSC1790173716 Case Was Received
YSC1790173717 New Card Is Being Produced
YSC1790173718 Case Was Received
YSC1790173719 Card Was Mailed To Me
YSC1790173720 Case Was Received
YSC1790173721 Card Was Mailed To Me
YSC1790173722 Case Was Approved
YSC1790173723 Case Was Received
YSC1790173724 Case Was Received
YSC1790173725 Case Was Received
YSC1790173726 Case Was Approved
YSC1790173727 Card Was Mailed To Me
YSC1790173728 Case Was Received
YSC1790173729 Card Was Mailed To Me
YSC1790173730 Case Was Received
YSC1790173731 Card Was Mailed To Me
YSC1790173732 Case Was Received
YSC1790173733 Card Was Mailed To Me
YSC1790173734 Case Was Received
YSC1790173735 Card Was Mailed To Me
YSC1790173736 Case Was Received
YSC1790173737 Case Was Received
YSC1790173738 Case Was Received
YSC1790173739 Case Was Received
YSC1790173740 Card Was Mailed To Me
YSC1790173741 Case Was Received
YSC1790173742 Request for Initial Evidence Was Mailed
YSC1790173743 Card Was Mailed To Me
YSC1790173744 Case Was Received
YSC1790173745 Card Was Mailed To Me
YSC1790173746 Card Was Mailed To Me
YSC1790173747 New Card Is Being Produced
YSC1790173748 New Card Is Being Produced
YSC1790173749 Card Was Mailed To Me
YSC1790173750 New Card Is Being Produced
YSC1790173751 New Card Is Being Produced
YSC1790173752 New Card Is Being Produced
YSC1790173753 Case Was Received
YSC1790173754 New Card Is Being Produced
YSC1790173755 Card Was Mailed To Me
YSC1790173756 Case Was Received
YSC1790173757 Case Was Received
YSC1790173758 Case Was Received
YSC1790173759 Card Was Mailed To Me
YSC1790173760 Card Was Mailed To Me
YSC1790173761 Case Was Received
YSC1790173762 Card Was Mailed To Me
YSC1790173763 Case Was Received
YSC1790173764 Card Was Mailed To Me
YSC1790173765 Card Was Mailed To Me
YSC1790173766 Card Was Mailed To Me
YSC1790173767 Card Was Mailed To Me
YSC1790173768 Card Was Mailed To Me
YSC1790173769 Decision Notice Mailed
YSC1790173770 Withdrawal Acknowledgement Notice Was Sent
YSC1790173771 Card Was Mailed To Me
YSC1790173772 Case Was Received
YSC1790173773 Card Was Mailed To Me
YSC1790173774 Case Was Received
YSC1790173775 Card Was Mailed To Me
YSC1790173776 Case Was Received
YSC1790173777 Case Was Received
YSC1790173778 Case Was Received
YSC1790173779 Case Was Received
YSC1790173780 Case Was Received
YSC1790173781 Case Was Received
YSC1790173782 Case Was Received
YSC1790173783 Case Was Received
YSC1790173784 Case Was Received
YSC1790173785 Card Was Mailed To Me
YSC1790173786 Card Was Mailed To Me
YSC1790173787 Card Was Mailed To Me
YSC1790173788 Notice Was Returned To USCIS Because The Post Office Could Not Deliver It
YSC1790173789 Card Was Mailed To Me
YSC1790173790 Case Was Received
YSC1790173791 New Card Is Being Produced
YSC1790173792 Request for Initial Evidence Was Mailed
YSC1790173793 Card Was Mailed To Me
YSC1790173794 Case Was Received
YSC1790173795 Case Was Received
YSC1790173796 Case Was Received
YSC1790173797 Case Was Received
YSC1790173798 Card Was Mailed To Me
YSC1790173799 Case Was Received
YSC1790173800 New Card Is Being Produced
YSC1790173801 Card Was Mailed To Me
YSC1790173802 Card Was Mailed To Me
YSC1790173803 Case Was Received
YSC1790173804 Card Was Mailed To Me
YSC1790173805 Card Was Mailed To Me
YSC1790173806 Card Was Mailed To Me
YSC1790173807 Card Was Mailed To Me
YSC1790173808 Card Was Mailed To Me
YSC1790173809 Card Was Mailed To Me
YSC1790173810 Card Was Mailed To Me
YSC1790173811 Card Was Mailed To Me
YSC1790173812 Card Was Mailed To Me
YSC1790173813 Card Was Mailed To Me
YSC1790173814 New Card Is Being Produced
YSC1790173815 Case Was Received
YSC1790173816 Case Was Received
YSC1790173817 Card Was Mailed To Me
YSC1790173818 Case Was Received
YSC1790173819 Case Was Received
YSC1790173820 Card Was Mailed To Me
YSC1790173821 Case Was Received
YSC1790173822 Case Was Received
YSC1790173823 Case Was Received
YSC1790173824 Card Was Mailed To Me
YSC1790173825 Case Was Received
YSC1790173826 New Card Is Being Produced
YSC1790173827 Card Was Mailed To Me
YSC1790173828 Case Was Received
YSC1790173829 Case Was Received
YSC1790173830 Card Was Mailed To Me
YSC1790173831 New Card Is Being Produced
YSC1790173832 Case Was Received
YSC1790173833 Card Was Mailed To Me
YSC1790173834 Case Was Received
YSC1790173835 Card Was Mailed To Me
YSC1790173836 Case Was Received
YSC1790173837 Case Was Received
YSC1790173838 Case Was Received
YSC1790173839 Case Was Received
YSC1790173840 Case Was Received
YSC1790173841 Case Was Received
YSC1790173842 Case Was Received
YSC1790173843 Case Was Received
YSC1790173844 Card Was Mailed To Me
YSC1790173845 Case Was Received
YSC1790173846 Notice Was Returned To USCIS Because The Post Office Could Not Deliver It
YSC1790173847 Case Was Received
YSC1790173848 New Card Is Being Produced
YSC1790173849 Case Was Received
YSC1790173850 Card Was Mailed To Me
YSC1790173851 Case Was Received
YSC1790173852 Card Was Mailed To Me
YSC1790173853 Notice Was Returned To USCIS Because The Post Office Could Not Deliver It
YSC1790173854 Card Was Mailed To Me
YSC1790173855 Case Was Received
YSC1790173856 Case Was Received
YSC1790173857 New Card Is Being Produced
YSC1790173858 Card Was Mailed To Me
YSC1790173859 Case Was Received
YSC1790173860 Card Was Mailed To Me
YSC1790173861 Case Was Received
YSC1790173862 Case Was Received
YSC1790173863 New Card Is Being Produced
YSC1790173864 Case Was Received
YSC1790173865 New Card Is Being Produced
YSC1790173866 Case Was Received
YSC1790173867 Case Was Received
YSC1790173868 Card Was Mailed To Me
YSC1790173869 Withdrawal Acknowledgement Notice Was Sent
YSC1790173870 New Card Is Being Produced
YSC1790173871 Card Was Mailed To Me
YSC1790173872 Case Was Received
YSC1790173873 Case Was Received
YSC1790173874 New Card Is Being Produced
YSC1790173875 Case Was Received
YSC1790173876 Card Was Mailed To Me
YSC1790173877 Card Was Mailed To Me
YSC1790173878 Case Was Received
YSC1790173879 Card Was Mailed To Me
YSC1790173880 Case Was Received
YSC1790173881 New Card Is Being Produced
YSC1790173882 New Card Is Being Produced
YSC1790173883 Case Was Received
YSC1790173884 Case Was Received
YSC1790173885 Case Was Received
YSC1790173886 Card Was Mailed To Me
YSC1790173887 New Card Is Being Produced
YSC1790173888 Case Was Received
YSC1790173889 Case Was Received
YSC1790173890 Card Was Mailed To Me
YSC1790173891 New Card Is Being Produced
YSC1790173892 Case Was Approved
YSC1790173893 Card Was Mailed To Me
YSC1790173894 Card Was Mailed To Me
YSC1790173895 Case Was Received
YSC1790173896 Case Was Received
YSC1790173897 Card Was Mailed To Me
YSC1790173898 Case Was Received
YSC1790173899 New Card Is Being Produced
YSC1790173900 Card Was Mailed To Me
YSC1790173901 Card Was Mailed To Me
YSC1790173902 Case Was Received
YSC1790173903 Card Was Mailed To Me
YSC1790173904 New Card Is Being Produced
YSC1790173905 Card Was Mailed To Me
YSC1790173906 New Card Is Being Produced
YSC1790173907 Card Was Mailed To Me
YSC1790173908 Request for Initial Evidence Was Mailed
YSC1790173909 Card Was Mailed To Me
YSC1790173910 Case Was Received
YSC1790173911 New Card Is Being Produced
YSC1790173912 New Card Is Being Produced
YSC1790173913 Card Was Mailed To Me
YSC1790173914 Card Was Mailed To Me
YSC1790173915 Card Was Mailed To Me
YSC1790173916 Case Was Received
YSC1790173917 Case Was Received
YSC1790173918 Case Was Received
YSC1790173919 Card Was Mailed To Me
YSC1790173920 Case Was Received
YSC1790173921 Case Was Received
YSC1790173922 Case Was Received
YSC1790173923 Case Was Received
YSC1790173924 Card Was Mailed To Me
YSC1790173925 Case Was Received
YSC1790173926 Card Was Mailed To Me
YSC1790173927 Card Was Mailed To Me
YSC1790173928 Card Was Mailed To Me
YSC1790173929 Card Was Mailed To Me
YSC1790173930 Card Was Mailed To Me
YSC1790173931 Card Was Mailed To Me
YSC1790173932 Card Was Mailed To Me
YSC1790173933 Card Was Mailed To Me
YSC1790173934 Card Was Mailed To Me
YSC1790173935 Card Was Mailed To Me
YSC1790173936 Card Was Mailed To Me
YSC1790173937 Card Was Mailed To Me
YSC1790173938 Case Was Received
YSC1790173939 Card Was Mailed To Me
YSC1790173940 Card Was Mailed To Me
YSC1790173941 Decision Notice Mailed
YSC1790173942 Card Was Mailed To Me
YSC1790173943 Case Was Received
YSC1790173944 Case Was Received
YSC1790173945 Case Was Received
YSC1790173946 Card Was Mailed To Me
YSC1790173947 Case Was Received
YSC1790173948 Case Was Approved
YSC1790173949 Case Was Received
YSC1790173950 New Card Is Being Produced
YSC1790173951 New Card Is Being Produced
YSC1790173952 Case Was Received
YSC1790173953 Case Was Approved
YSC1790173954 Card Was Mailed To Me
YSC1790173955 Card Was Mailed To Me
YSC1790173956 Case Was Received
YSC1790173957 Card Was Mailed To Me
YSC1790173958 New Card Is Being Produced
YSC1790173959 Card Was Mailed To Me
YSC1790173960 Card Was Mailed To Me
YSC1790173961 Card Was Mailed To Me
YSC1790173962 Card Was Mailed To Me
YSC1790173963 Card Was Mailed To Me
YSC1790173964 Card Was Mailed To Me
YSC1790173965 Card Was Mailed To Me
YSC1790173966 Case Was Received
YSC1790173967 Card Was Mailed To Me
YSC1790173968 Card Was Mailed To Me
YSC1790173969 New Card Is Being Produced
YSC1790173970 Case Was Received
YSC1790173971 New Card Is Being Produced
YSC1790173972 Card Was Mailed To Me
YSC1790173973 Case Was Received
YSC1790173974 Case Was Received
YSC1790173975 Case Was Received
YSC1790173976 Card Was Mailed To Me
YSC1790173977 Card Was Mailed To Me
YSC1790173978 Case Was Received
YSC1790173979 Case Was Received
YSC1790173980 Case Was Received
YSC1790173981 Case Was Received
YSC1790173982 Case Was Received
YSC1790173983 Case Was Received
YSC1790173984 Case Was Received
YSC1790173985 Case Was Received
YSC1790173986 Card Was Mailed To Me
YSC1790173987 Case Was Received
YSC1790173988 New Card Is Being Produced
YSC1790173989 Card Was Mailed To Me
YSC1790173990 Case Was Received
YSC1790173991 Card Was Mailed To Me
YSC1790173992 Case Was Received
YSC1790173993 Card Was Mailed To Me
YSC1790173994 Case Was Received
YSC1790173995 Case Was Received
YSC1790173996 Card Was Mailed To Me
YSC1790173997 New Card Is Being Produced
YSC1790173998 Card Was Mailed To Me
YSC1790173999 Card Was Mailed To Me
YSC1790174000 Case Was Received