YSC1790178000 Name Was Updated
YSC1790178001 Case Was Received
YSC1790178002 New Card Is Being Produced
YSC1790178003 Case Was Received
YSC1790178004 Case Was Received
YSC1790178005 Case Was Received
YSC1790178006 New Card Is Being Produced
YSC1790178007 Card Was Mailed To Me
YSC1790178008 Case Was Received
YSC1790178009 Case Was Received
YSC1790178010 New Card Is Being Produced
YSC1790178011 Case Was Received
YSC1790178012 Case Was Received
YSC1790178013 Case Was Received
YSC1790178014 Case Was Received
YSC1790178015 Case Was Received
YSC1790178016 Case Was Received
YSC1790178017 Case Was Received
YSC1790178018 Case Was Received
YSC1790178019 Case Was Received
YSC1790178020 Case Was Received
YSC1790178021 Case Was Received
YSC1790178022 Case Was Received
YSC1790178023 Case Was Received
YSC1790178024 Case Was Received
YSC1790178025 Case Was Received
YSC1790178026 Case Was Received
YSC1790178027 Case Was Received
YSC1790178028 Case Was Received
YSC1790178029 Case Was Received
YSC1790178030 Case Was Received
YSC1790178031 Correspondence Was Received And USCIS Is Reviewing It
YSC1790178032 Case Was Received
YSC1790178033 Case Was Received
YSC1790178034 Case Was Received
YSC1790178035 Case Was Received
YSC1790178036 Case Was Received
YSC1790178037 Case Was Received
YSC1790178038 Case Was Received
YSC1790178039 Case Was Received
YSC1790178040 New Card Is Being Produced
YSC1790178041 Case Was Received
YSC1790178042 Case Was Received
YSC1790178043 Notice Was Returned To USCIS Because The Post Office Could Not Deliver It
YSC1790178044 Case Was Received
YSC1790178045 Case Was Received
YSC1790178046 Case Was Received
YSC1790178047 Case Was Received
YSC1790178048 Case Was Received
YSC1790178049 Case Was Received
YSC1790178050 Case Was Received
YSC1790178051 Case Was Received
YSC1790178052 Card Was Mailed To Me
YSC1790178053 Case Was Received
YSC1790178054 Case Was Received
YSC1790178055 Request for Initial Evidence Was Mailed
YSC1790178056 Case Was Received
YSC1790178057 New Card Is Being Produced
YSC1790178058 Case Was Received
YSC1790178059 New Card Is Being Produced
YSC1790178060 Case Was Received
YSC1790178061 Case Was Received
YSC1790178062 Case Was Received
YSC1790178063 Case Was Received
YSC1790178064 Case Was Received
YSC1790178065 Case Was Received
YSC1790178066 Case Was Received
YSC1790178067 Case Was Received
YSC1790178068 Case Was Received
YSC1790178069 Case Was Received
YSC1790178070 Case Was Received
YSC1790178071 Case Was Received
YSC1790178072 Case Was Received
YSC1790178073 Case Was Received
YSC1790178074 Case Was Received
YSC1790178075 Case Was Received
YSC1790178076 Case Was Received
YSC1790178077 Withdrawal Acknowledgement Notice Was Sent
YSC1790178078 Notice Was Returned To USCIS Because The Post Office Could Not Deliver It
YSC1790178079 New Card Is Being Produced
YSC1790178080 Case Was Received
YSC1790178081 Name Was Updated
YSC1790178082 Case Was Received
YSC1790178083 Case Was Approved
YSC1790178084 Case Was Received
YSC1790178085 Case Was Received
YSC1790178086 New Card Is Being Produced
YSC1790178087 Case Was Received
YSC1790178088 Case Was Received
YSC1790178089 Case Was Received
YSC1790178090 Case Was Received
YSC1790178091 Case Was Received
YSC1790178092 Case Was Received
YSC1790178093 Case Was Received
YSC1790178094 Card Was Mailed To Me
YSC1790178095 Case Was Received
YSC1790178096 Case Was Received
YSC1790178097 Card Was Mailed To Me
YSC1790178098 Case Was Received
YSC1790178099 Case Was Received
YSC1790178100 Case Was Received
YSC1790178101 Case Was Received
YSC1790178102 Case Was Received
YSC1790178103 Notice Was Returned To USCIS Because The Post Office Could Not Deliver It
YSC1790178104 Case Was Received
YSC1790178105 Card Was Mailed To Me
YSC1790178106 Case Was Received
YSC1790178107 New Card Is Being Produced
YSC1790178108 Case Was Received
YSC1790178109 Case Was Received
YSC1790178110 Case Was Received
YSC1790178111 Case Was Received
YSC1790178112 Case Was Received
YSC1790178113 Case Was Received
YSC1790178114 Case Was Received
YSC1790178115 Case Was Received
YSC1790178116 Request for Initial Evidence Was Mailed
YSC1790178117 Card Was Mailed To Me
YSC1790178118 Card Was Mailed To Me
YSC1790178119 Case Was Received
YSC1790178120 Case Was Received
YSC1790178121 Case Was Received
YSC1790178122 Case Was Received
YSC1790178123 Case Was Received
YSC1790178124 Case Was Received
YSC1790178125 Case Was Received
YSC1790178126 Case Was Received
YSC1790178127 Case Was Received
YSC1790178128 Case Was Received
YSC1790178129 Case Was Received
YSC1790178130 Case Was Received
YSC1790178131 Case Was Received
YSC1790178132 Case Was Received
YSC1790178133 Case Was Received
YSC1790178134 Case Was Received
YSC1790178135 Case Was Received
YSC1790178136 Case Was Received
YSC1790178137 Notice Was Returned To USCIS Because The Post Office Could Not Deliver It
YSC1790178138 Case Was Received
YSC1790178139 Case Was Received
YSC1790178140 Name Was Updated
YSC1790178141 Notice Was Returned To USCIS Because The Post Office Could Not Deliver It
YSC1790178142 Correspondence Was Received And USCIS Is Reviewing It
YSC1790178143 New Card Is Being Produced
YSC1790178144 Case Was Received
YSC1790178145 Case Was Received
YSC1790178146 Case Was Received
YSC1790178147 Case Was Received
YSC1790178148 Case Was Received
YSC1790178149 Case Was Received
YSC1790178150 Case Was Received
YSC1790178151 Case Was Received
YSC1790178152 Case Was Received
YSC1790178153 Case Was Received
YSC1790178154 Case Was Received
YSC1790178155 Case Was Received
YSC1790178156 Name Was Updated
YSC1790178157 Case Was Received
YSC1790178158 Notice Was Returned To USCIS Because The Post Office Could Not Deliver It
YSC1790178159 Case Was Received
YSC1790178160 Case Was Received
YSC1790178161 Case Was Received
YSC1790178162 Case Was Received
YSC1790178163 Case Was Received
YSC1790178164 Case Was Received
YSC1790178165 Case Was Received
YSC1790178166 Case Was Received
YSC1790178167 Case Was Received
YSC1790178168 Case Was Received
YSC1790178169 Case Was Received
YSC1790178170 Case Was Received
YSC1790178171 Case Was Received
YSC1790178172 Case Was Received
YSC1790178173 Case Was Received
YSC1790178174 Case Was Received
YSC1790178175 Case Was Received
YSC1790178176 Case Was Received
YSC1790178177 Case Was Received
YSC1790178178 Case Was Received
YSC1790178179 Case Was Received
YSC1790178180 Case Was Received
YSC1790178181 Case Was Received
YSC1790178182 Case Was Received
YSC1790178183 Case Was Received
YSC1790178184 Case Was Received
YSC1790178185 Case Was Received
YSC1790178186 Case Was Received
YSC1790178187 Case Was Received
YSC1790178188 Case Was Received
YSC1790178189 Case Was Received
YSC1790178190 Case Was Received
YSC1790178191 Withdrawal Acknowledgement Notice Was Sent
YSC1790178192 Case Was Received
YSC1790178193 Case Was Received
YSC1790178194 Case Was Received
YSC1790178195 Case Was Received
YSC1790178196 Case Was Received
YSC1790178197 Case Was Received
YSC1790178198 Case Was Received
YSC1790178199 Case Was Received
YSC1790178200 Case Was Received
YSC1790178201 Case Was Received
YSC1790178202 Card Was Mailed To Me
YSC1790178203 Case Was Received
YSC1790178204 Case Was Received
YSC1790178205 Case Was Received
YSC1790178206 Case Was Received
YSC1790178207 Case Was Received
YSC1790178208 Case Was Received
YSC1790178209 Case Was Received
YSC1790178210 Case Was Received
YSC1790178211 Case Was Received
YSC1790178212 Case Was Received
YSC1790178213 Case Was Received
YSC1790178214 Case Was Received
YSC1790178215 Case Was Received
YSC1790178216 Case Was Received
YSC1790178217 Name Was Updated
YSC1790178218 Case Was Received
YSC1790178219 Card Was Mailed To Me
YSC1790178220 Case Was Received
YSC1790178221 Card Was Mailed To Me
YSC1790178222 Card Was Mailed To Me
YSC1790178223 Case Was Received
YSC1790178224 Case Was Received
YSC1790178225 Case Was Received
YSC1790178226 Case Was Received
YSC1790178227 Case Was Received
YSC1790178228 Card Was Mailed To Me
YSC1790178229 Case Was Received
YSC1790178230 Case Was Received
YSC1790178231 Case Was Received
YSC1790178232 Case Was Received
YSC1790178233 Case Was Received
YSC1790178234 Card Was Mailed To Me
YSC1790178235 Case Was Received
YSC1790178236 Case Was Received
YSC1790178237 New Card Is Being Produced
YSC1790178238 Case Was Received
YSC1790178239 Case Was Received
YSC1790178240 New Card Is Being Produced
YSC1790178241 Case Was Received
YSC1790178242 New Card Is Being Produced
YSC1790178243 Case Was Received
YSC1790178244 New Card Is Being Produced
YSC1790178245 Case Was Received
YSC1790178246 Case Was Received
YSC1790178247 Case Was Received
YSC1790178248 Case Was Received
YSC1790178249 Case Was Received
YSC1790178250 Card Was Mailed To Me
YSC1790178251 Case Was Received
YSC1790178252 Case Was Received
YSC1790178253 Case Was Received
YSC1790178254 Case Was Received
YSC1790178255 Case Was Received
YSC1790178256 Case Was Received
YSC1790178257 Case Was Received
YSC1790178258 Case Was Received
YSC1790178259 Case Was Received
YSC1790178260 Case Was Received
YSC1790178261 Case Was Received
YSC1790178262 Case Was Received
YSC1790178263 Case Was Received
YSC1790178264 Case Was Received
YSC1790178265 Case Was Received
YSC1790178266 Case Was Received
YSC1790178267 Card Was Mailed To Me
YSC1790178268 Case Was Received
YSC1790178269 Correspondence Was Received And USCIS Is Reviewing It
YSC1790178270 Case Was Received
YSC1790178271 Case Was Received
YSC1790178272 Name Was Updated
YSC1790178273 Card Was Mailed To Me
YSC1790178274 New Card Is Being Produced
YSC1790178275 Case Was Received
YSC1790178276 Case Was Received
YSC1790178277 Case Was Received
YSC1790178278 Case Was Received
YSC1790178279 Case Was Received
YSC1790178280 Case Was Received
YSC1790178281 Card Was Mailed To Me
YSC1790178282 Card Was Mailed To Me
YSC1790178283 Case Was Received
YSC1790178284 Case Was Received
YSC1790178285 Case Was Received
YSC1790178286 Case Was Received
YSC1790178287 Card Was Mailed To Me
YSC1790178288 Case Was Received
YSC1790178289 Case Was Received
YSC1790178290 Case Was Received
YSC1790178291 Card Was Mailed To Me
YSC1790178292 Case Was Received
YSC1790178293 Case Was Received
YSC1790178294 Case Was Received
YSC1790178295 Case Was Received
YSC1790178296 Case Was Received
YSC1790178297 Case Was Received
YSC1790178298 Case Was Received
YSC1790178299 Case Was Received
YSC1790178300 Case Was Received
YSC1790178301 Request for Initial Evidence Was Mailed
YSC1790178302 Card Was Mailed To Me
YSC1790178303 Case Was Received
YSC1790178304 Case Was Received
YSC1790178305 Case Was Received
YSC1790178306 Case Was Received
YSC1790178307 Case Was Received
YSC1790178308 Case Was Received
YSC1790178309 Case Was Received
YSC1790178310 New Card Is Being Produced
YSC1790178311 Date of Birth Was Updated
YSC1790178312 Case Was Received
YSC1790178313 New Card Is Being Produced
YSC1790178314 Case Was Received
YSC1790178315 Case Was Received
YSC1790178316 New Card Is Being Produced
YSC1790178317 Case Was Received
YSC1790178318 Case Was Received
YSC1790178319 Case Was Received
YSC1790178320 Case Was Received
YSC1790178321 Case Was Received
YSC1790178322 New Card Is Being Produced
YSC1790178323 Case Was Received
YSC1790178324 Case Was Received
YSC1790178325 Case Was Received
YSC1790178326 New Card Is Being Produced
YSC1790178327 Case Was Received
YSC1790178328 Case Was Received
YSC1790178329 Case Was Received
YSC1790178330 Case Was Received
YSC1790178331 Case Was Received
YSC1790178332 Case Was Received
YSC1790178333 Case Was Received
YSC1790178334 Case Was Received
YSC1790178335 Case Was Received
YSC1790178336 Case Was Received
YSC1790178337 Case Was Received
YSC1790178338 Case Was Received
YSC1790178339 Case Was Received
YSC1790178340 New Card Is Being Produced
YSC1790178341 Case Was Received
YSC1790178342 Case Was Received
YSC1790178343 Case Was Received
YSC1790178344 Case Was Received
YSC1790178345 Case Was Approved
YSC1790178346 Case Was Received
YSC1790178347 Case Was Received
YSC1790178348 Card Was Mailed To Me
YSC1790178349 Case Was Received
YSC1790178350 Case Was Received
YSC1790178351 Case Was Received
YSC1790178352 New Card Is Being Produced
YSC1790178353 Case Was Received
YSC1790178354 Case Was Received
YSC1790178355 Case Was Received
YSC1790178356 Case Was Received
YSC1790178357 Case Was Received
YSC1790178358 Case Was Received
YSC1790178359 Case Was Received
YSC1790178360 Case Was Received
YSC1790178361 Case Was Received
YSC1790178362 Case Was Received
YSC1790178363 Case Was Received
YSC1790178364 Case Was Received
YSC1790178365 Case Was Received
YSC1790178366 Case Was Received
YSC1790178367 Case Was Received
YSC1790178368 Case Was Received
YSC1790178369 Case Was Received
YSC1790178370 Case Was Received
YSC1790178371 Case Was Received
YSC1790178372 Case Was Received
YSC1790178373 Case Was Received
YSC1790178374 Case Was Received
YSC1790178375 Case Was Received
YSC1790178376 Case Was Received
YSC1790178377 Case Was Received
YSC1790178378 Case Was Received
YSC1790178379 Case Was Received
YSC1790178380 Case Was Received
YSC1790178381 Case Was Received
YSC1790178382 Case Was Received
YSC1790178383 Case Was Received
YSC1790178384 Case Was Received
YSC1790178385 Case Was Received
YSC1790178386 New Card Is Being Produced
YSC1790178387 Case Was Received
YSC1790178388 Case Was Received
YSC1790178389 Case Was Received
YSC1790178390 Case Was Received
YSC1790178391 Case Was Received
YSC1790178392 New Card Is Being Produced
YSC1790178393 Case Was Received
YSC1790178394 Case Was Received
YSC1790178395 Case Was Received
YSC1790178396 Case Was Received
YSC1790178397 Case Was Received
YSC1790178398 New Card Is Being Produced
YSC1790178399 Case Was Received
YSC1790178400 Case Was Received
YSC1790178401 New Card Is Being Produced
YSC1790178402 Case Was Received
YSC1790178403 Case Was Received
YSC1790178404 Case Was Received
YSC1790178405 Case Was Received
YSC1790178406 Case Was Received
YSC1790178407 Card Was Mailed To Me
YSC1790178408 Case Was Received
YSC1790178409 Case Was Received
YSC1790178410 Case Was Received
YSC1790178411 Case Was Received
YSC1790178412 Case Was Received
YSC1790178413 Case Was Received
YSC1790178414 Name Was Updated
YSC1790178415 Case Was Received
YSC1790178416 Case Was Received
YSC1790178417 Case Was Received
YSC1790178418 Case Was Received
YSC1790178419 Case Was Received
YSC1790178420 Case Was Received
YSC1790178421 Case Was Received
YSC1790178422 Case Was Received
YSC1790178423 Case Was Received
YSC1790178424 Case Was Received
YSC1790178425 Case Was Received
YSC1790178426 Case Was Received
YSC1790178427 New Card Is Being Produced
YSC1790178428 Case Was Received
YSC1790178429 Case Was Received
YSC1790178430 Case Was Received
YSC1790178431 Case Was Received
YSC1790178432 Case Was Received
YSC1790178433 Case Was Received
YSC1790178434 Case Was Received
YSC1790178435 Case Was Received
YSC1790178436 Case Was Received
YSC1790178437 Case Was Received
YSC1790178438 Case Was Received
YSC1790178439 Case Was Received
YSC1790178440 Case Was Received
YSC1790178441 Case Was Received
YSC1790178442 Case Was Received
YSC1790178443 Case Was Received
YSC1790178444 Case Was Received
YSC1790178445 Case Was Received
YSC1790178446 Case Was Received
YSC1790178447 Case Was Received
YSC1790178448 Case Was Received
YSC1790178449 Case Was Received
YSC1790178450 Case Was Received
YSC1790178451 Case Was Received
YSC1790178452 Case Was Received
YSC1790178453 Withdrawal Acknowledgement Notice Was Sent
YSC1790178454 Case Was Received
YSC1790178455 Case Was Received
YSC1790178456 Case Was Received
YSC1790178457 Case Was Received
YSC1790178458 Case Was Received
YSC1790178459 Case Was Received
YSC1790178460 Case Was Received
YSC1790178461 Case Was Received
YSC1790178462 Case Was Received
YSC1790178463 Request for Initial Evidence Was Mailed
YSC1790178464 Card Was Mailed To Me
YSC1790178465 Case Was Received
YSC1790178466 Case Was Received
YSC1790178467 Card Was Mailed To Me
YSC1790178468 Case Was Received
YSC1790178469 Case Was Received
YSC1790178470 Case Was Received
YSC1790178471 Case Was Received
YSC1790178472 Case Was Received
YSC1790178473 Case Was Received
YSC1790178474 Case Was Received
YSC1790178475 Case Was Received
YSC1790178476 Case Was Received
YSC1790178477 Case Was Received
YSC1790178478 Case Was Received
YSC1790178479 Case Was Received
YSC1790178480 Case Was Received
YSC1790178481 Case Was Received
YSC1790178482 Case Was Received
YSC1790178483 Case Was Received
YSC1790178484 Case Was Received
YSC1790178485 Case Was Received
YSC1790178486 New Card Is Being Produced
YSC1790178487 Case Was Received
YSC1790178488 Case Was Received
YSC1790178489 Case Was Received
YSC1790178490 Case Was Received
YSC1790178491 Case Was Received
YSC1790178492 Case Was Received
YSC1790178493 Case Was Received
YSC1790178494 Case Was Received
YSC1790178495 Withdrawal Acknowledgement Notice Was Sent
YSC1790178496 Case Was Received
YSC1790178497 Case Was Received
YSC1790178498 Case Was Received
YSC1790178499 Case Was Received
YSC1790178500 Case Was Received