YSC1790178500 Case Was Received
YSC1790178501 Case Was Received
YSC1790178502 Card Was Mailed To Me
YSC1790178503 Case Was Received
YSC1790178504 Case Was Received
YSC1790178505 Case Was Received
YSC1790178506 Case Was Received
YSC1790178507 Case Was Received
YSC1790178508 Case Was Received
YSC1790178509 Case Was Received
YSC1790178510 Case Was Received
YSC1790178511 Case Was Received
YSC1790178512 New Card Is Being Produced
YSC1790178513 Case Was Received
YSC1790178514 Card Was Mailed To Me
YSC1790178515 Case Was Received
YSC1790178516 Case Was Received
YSC1790178517 Case Was Received
YSC1790178518 Case Was Received
YSC1790178519 Case Was Received
YSC1790178520 Case Was Received
YSC1790178521 Case Was Received
YSC1790178522 Case Was Received
YSC1790178523 Case Was Received
YSC1790178524 Case Was Received
YSC1790178525 Notice Was Returned To USCIS Because The Post Office Could Not Deliver It
YSC1790178526 Case Was Received
YSC1790178527 Case Was Received
YSC1790178528 Case Was Received
YSC1790178529 Case Was Received
YSC1790178530 Case Was Received
YSC1790178531 Name Was Updated
YSC1790178532 Case Was Received
YSC1790178533 Case Was Received
YSC1790178534 Case Was Received
YSC1790178535 Case Was Received
YSC1790178536 Case Was Received
YSC1790178537 Case Was Received
YSC1790178538 Case Was Received
YSC1790178539 New Card Is Being Produced
YSC1790178540 Case Was Received
YSC1790178541 Card Was Mailed To Me
YSC1790178542 Case Was Received
YSC1790178543 Case Was Received
YSC1790178544 Case Was Received
YSC1790178545 Case Was Received
YSC1790178546 Case Was Received
YSC1790178547 Case Was Received
YSC1790178548 Card Was Mailed To Me
YSC1790178549 Case Was Received
YSC1790178550 Case Was Received
YSC1790178551 Case Was Received
YSC1790178552 Case Was Received
YSC1790178553 Case Was Approved
YSC1790178554 Case Was Received
YSC1790178555 Case Was Received
YSC1790178556 Case Was Received
YSC1790178557 Case Was Received
YSC1790178558 Case Was Received
YSC1790178559 Card Was Mailed To Me
YSC1790178560 Case Was Received
YSC1790178561 New Card Is Being Produced
YSC1790178562 Case Was Received
YSC1790178563 New Card Is Being Produced
YSC1790178564 Card Was Mailed To Me
YSC1790178565 Case Was Received
YSC1790178566 Case Was Received
YSC1790178567 Case Was Received
YSC1790178568 Case Was Received
YSC1790178569 Case Was Received
YSC1790178570 Case Was Received
YSC1790178571 Date of Birth Was Updated
YSC1790178572 Case Was Received
YSC1790178573 Case Was Received
YSC1790178574 Case Was Received
YSC1790178575 Case Was Received
YSC1790178576 Case Was Received
YSC1790178577 Date of Birth Was Updated
YSC1790178578 Case Was Received
YSC1790178579 Case Was Received
YSC1790178580 Case Was Received
YSC1790178581 Case Was Received
YSC1790178582 Case Was Received
YSC1790178583 Case Was Received
YSC1790178584 Case Was Received
YSC1790178585 Case Was Received
YSC1790178586 New Card Is Being Produced
YSC1790178587 Card Was Mailed To Me
YSC1790178588 Notice Was Returned To USCIS Because The Post Office Could Not Deliver It
YSC1790178589 Case Was Received
YSC1790178590 Case Was Received
YSC1790178591 Case Was Received
YSC1790178592 Case Was Received
YSC1790178593 Case Was Received
YSC1790178594 Case Was Received
YSC1790178595 Case Was Received
YSC1790178596 Case Was Received
YSC1790178597 Case Was Received
YSC1790178598 Case Was Received
YSC1790178599 Case Was Received
YSC1790178600 Case Was Received
YSC1790178601 Case Was Received
YSC1790178602 Case Was Received
YSC1790178603 Case Was Received
YSC1790178604 Case Was Received
YSC1790178605 Case Was Received
YSC1790178606 Case Was Received
YSC1790178607 Case Was Received
YSC1790178608 Case Was Received
YSC1790178609 Case Was Received
YSC1790178610 Case Was Received
YSC1790178611 Case Was Received
YSC1790178612 Case Was Received
YSC1790178613 Case Was Received
YSC1790178614 Case Was Received
YSC1790178615 Case Was Received
YSC1790178616 Case Was Received
YSC1790178617 Case Was Received
YSC1790178618 Case Was Received
YSC1790178619 Case Was Received
YSC1790178620 Case Was Received
YSC1790178621 Case Was Received
YSC1790178622 Case Was Received
YSC1790178623 Case Was Received
YSC1790178624 Case Was Received
YSC1790178625 Case Was Received
YSC1790178626 Case Was Received
YSC1790178627 Case Was Received
YSC1790178628 Notice Was Returned To USCIS Because The Post Office Could Not Deliver It
YSC1790178629 Case Was Received
YSC1790178630 Card Was Mailed To Me
YSC1790178631 Case Was Received
YSC1790178632 Case Was Received
YSC1790178633 Case Was Received
YSC1790178634 Case Was Received
YSC1790178635 Case Was Received
YSC1790178636 Case Was Received
YSC1790178637 Case Was Received
YSC1790178638 Case Was Received
YSC1790178639 Case Was Received
YSC1790178640 Case Was Received
YSC1790178641 Case Was Received
YSC1790178642 Case Was Received
YSC1790178643 Case Was Received
YSC1790178644 Case Was Received
YSC1790178645 Case Was Received
YSC1790178646 Case Was Received
YSC1790178647 Case Was Received
YSC1790178648 Notice Was Returned To USCIS Because The Post Office Could Not Deliver It
YSC1790178649 Case Was Received
YSC1790178650 Case Was Received
YSC1790178651 Case Was Received
YSC1790178652 Case Was Received
YSC1790178653 Case Was Received
YSC1790178654 Case Was Received
YSC1790178655 Case Was Received
YSC1790178656 Case Was Received
YSC1790178657 New Card Is Being Produced
YSC1790178658 Case Was Received
YSC1790178659 Case Was Received
YSC1790178660 Case Was Received
YSC1790178661 Case Was Received
YSC1790178662 Case Was Received
YSC1790178663 Case Was Received
YSC1790178664 Card Was Mailed To Me
YSC1790178665 Case Was Received
YSC1790178666 New Card Is Being Produced
YSC1790178667 Case Was Received
YSC1790178668 Case Was Received
YSC1790178669 New Card Is Being Produced
YSC1790178670 Case Was Received
YSC1790178671 Case Was Received
YSC1790178672 Case Was Received
YSC1790178673 Case Was Received
YSC1790178674 Case Was Received
YSC1790178675 Case Was Received
YSC1790178676 Case Was Received
YSC1790178677 Case Was Received
YSC1790178678 Case Was Received
YSC1790178679 Case Was Received
YSC1790178680 Case Was Received
YSC1790178681 Case Was Received
YSC1790178682 Case Was Approved
YSC1790178683 Case Was Received
YSC1790178684 Case Was Received
YSC1790178685 Case Was Received
YSC1790178686 Case Was Received
YSC1790178687 Case Was Received
YSC1790178688 Case Was Received
YSC1790178689 Case Was Received
YSC1790178690 Case Was Received
YSC1790178691 Case Was Received
YSC1790178692 Case Was Received
YSC1790178693 Case Was Received
YSC1790178694 Case Was Received
YSC1790178695 Case Was Received
YSC1790178696 Case Was Received
YSC1790178697 Case Was Received
YSC1790178698 Case Was Received
YSC1790178699 Case Was Received
YSC1790178700 Case Was Received
YSC1790178701 Case Was Received
YSC1790178702 Case Was Received
YSC1790178703 Case Was Received
YSC1790178704 Case Was Received
YSC1790178705 Case Was Received
YSC1790178706 Case Was Received
YSC1790178707 Case Was Received
YSC1790178708 Case Was Received
YSC1790178709 Case Was Received
YSC1790178710 Case Was Received
YSC1790178711 Case Was Received
YSC1790178712 Card Was Mailed To Me
YSC1790178713 Case Was Received
YSC1790178714 Case Was Received
YSC1790178715 Case Was Received
YSC1790178716 Case Was Received
YSC1790178717 Case Was Received
YSC1790178718 Case Was Received
YSC1790178719 Card Was Mailed To Me
YSC1790178720 Card Was Mailed To Me
YSC1790178721 Case Was Received
YSC1790178722 Card Was Mailed To Me
YSC1790178723 Case Was Received
YSC1790178724 Case Was Received
YSC1790178725 Case Was Received
YSC1790178726 Case Was Received
YSC1790178727 Case Was Received
YSC1790178728 Case Was Received
YSC1790178729 Case Was Received
YSC1790178730 Case Was Received
YSC1790178731 Case Was Received
YSC1790178732 Case Was Received
YSC1790178733 Case Was Received
YSC1790178734 Case Was Received
YSC1790178735 Case Was Received
YSC1790178736 Case Was Received
YSC1790178737 Case Was Received
YSC1790178738 Case Was Received
YSC1790178739 Case Was Received
YSC1790178740 New Card Is Being Produced
YSC1790178741 Case Was Received
YSC1790178742 Case Was Received
YSC1790178743 Case Was Received
YSC1790178744 Case Was Received
YSC1790178745 Card Was Mailed To Me
YSC1790178746 Case Was Received
YSC1790178747 Case Was Received
YSC1790178748 Case Was Received
YSC1790178749 Card Was Mailed To Me
YSC1790178750 Case Was Received
YSC1790178751 Case Was Received
YSC1790178752 Card Was Mailed To Me
YSC1790178753 Case Was Received
YSC1790178754 Case Was Received
YSC1790178755 New Card Is Being Produced
YSC1790178756 Case Was Received
YSC1790178757 Card Was Mailed To Me
YSC1790178758 Case Was Received
YSC1790178759 Case Was Received
YSC1790178760 Card Was Mailed To Me
YSC1790178761 Case Was Received
YSC1790178762 Case Was Received
YSC1790178763 Case Was Approved
YSC1790178764 Case Was Received
YSC1790178765 Case Was Received
YSC1790178766 Case Was Received
YSC1790178767 Case Was Received
YSC1790178768 Case Was Received
YSC1790178769 Case Was Received
YSC1790178770 Card Was Mailed To Me
YSC1790178771 Case Was Received
YSC1790178772 Case Was Received
YSC1790178773 Case Was Received
YSC1790178774 Case Was Received
YSC1790178775 Case Was Received
YSC1790178776 Card Was Mailed To Me
YSC1790178777 New Card Is Being Produced
YSC1790178778 Card Was Mailed To Me
YSC1790178779 Card Was Mailed To Me
YSC1790178780 Card Was Mailed To Me
YSC1790178781 Card Was Mailed To Me
YSC1790178782 New Card Is Being Produced
YSC1790178783 Case Was Received
YSC1790178784 Card Was Mailed To Me
YSC1790178785 Case Was Received
YSC1790178786 Card Was Mailed To Me
YSC1790178787 Case Was Received
YSC1790178788 Case Was Received
YSC1790178789 Case Was Received
YSC1790178790 Case Was Received
YSC1790178791 Case Was Received
YSC1790178792 Case Was Received
YSC1790178793 Case Was Received
YSC1790178794 Case Was Received
YSC1790178795 Request for Initial Evidence Was Mailed
YSC1790178796 Case Was Received
YSC1790178797 Case Was Received
YSC1790178798 Case Was Received
YSC1790178799 Case Was Received
YSC1790178800 Case Was Received
YSC1790178801 Case Was Received
YSC1790178802 New Card Is Being Produced
YSC1790178803 Case Was Received
YSC1790178804 Case Was Received
YSC1790178805 Case Was Received
YSC1790178806 Case Was Received
YSC1790178807 Case Was Received
YSC1790178808 Case Was Received
YSC1790178809 Case Was Received
YSC1790178810 Case Was Received
YSC1790178811 Case Was Received
YSC1790178812 Card Was Mailed To Me
YSC1790178813 Case Was Received
YSC1790178814 Case Was Received
YSC1790178815 Case Was Received
YSC1790178816 Case Was Received
YSC1790178817 Case Was Received
YSC1790178818 Case Was Received
YSC1790178819 Case Was Received
YSC1790178820 Case Was Received
YSC1790178821 New Card Is Being Produced
YSC1790178822 New Card Is Being Produced
YSC1790178823 Case Was Received
YSC1790178824 Card Was Mailed To Me
YSC1790178825 Card Was Mailed To Me
YSC1790178826 Case Was Received
YSC1790178827 Case Was Received
YSC1790178828 Card Was Mailed To Me
YSC1790178829 Case Was Received
YSC1790178830 Case Was Received
YSC1790178831 Case Was Received
YSC1790178832 Case Was Received
YSC1790178833 Case Was Received
YSC1790178834 Case Was Received
YSC1790178835 Case Was Received
YSC1790178836 Case Was Received
YSC1790178837 Case Was Received
YSC1790178838 Case Was Received
YSC1790178839 Case Was Received
YSC1790178840 Case Was Received
YSC1790178841 Name Was Updated
YSC1790178842 Case Was Received
YSC1790178843 Case Was Received
YSC1790178844 Case Was Received
YSC1790178845 Case Was Received
YSC1790178846 Case Was Received
YSC1790178847 Case Was Received
YSC1790178848 Case Was Received
YSC1790178849 Case Was Received
YSC1790178850 Case Was Received
YSC1790178851 New Card Is Being Produced
YSC1790178852 Card Was Mailed To Me
YSC1790178853 Card Was Mailed To Me
YSC1790178854 Case Was Received
YSC1790178855 Card Was Mailed To Me
YSC1790178856 Case Was Received
YSC1790178857 Case Was Received
YSC1790178858 Card Was Mailed To Me
YSC1790178859 Card Was Mailed To Me
YSC1790178860 Card Was Mailed To Me
YSC1790178861 Case Was Received
YSC1790178862 Case Was Received
YSC1790178863 Notice Was Returned To USCIS Because The Post Office Could Not Deliver It
YSC1790178864 Case Was Received
YSC1790178865 Case Was Approved
YSC1790178866 Case Was Received
YSC1790178867 Case Was Received
YSC1790178868 Case Was Received
YSC1790178869 Notice Was Returned To USCIS Because The Post Office Could Not Deliver It
YSC1790178870 Case Was Received
YSC1790178871 Case Was Received
YSC1790178872 Case Was Received
YSC1790178873 Case Was Received
YSC1790178874 Case Was Received
YSC1790178875 Case Was Received
YSC1790178876 Case Was Received
YSC1790178877 Case Was Received
YSC1790178878 Case Was Received
YSC1790178879 Case Was Received
YSC1790178880 Case Was Received
YSC1790178881 Case Was Received
YSC1790178882 New Card Is Being Produced
YSC1790178883 Case Was Received
YSC1790178884 Case Was Received
YSC1790178885 Case Was Received
YSC1790178886 Case Was Received
YSC1790178887 Case Was Received
YSC1790178888 Case Was Received
YSC1790178889 Case Was Received
YSC1790178890 Case Was Received
YSC1790178891 Case Was Received
YSC1790178892 Case Was Received
YSC1790178893 Case Was Received
YSC1790178894 Case Was Received
YSC1790178895 Case Was Received
YSC1790178896 Withdrawal Acknowledgement Notice Was Sent
YSC1790178897 Case Was Received
YSC1790178898 Case Was Received
YSC1790178899 Case Was Received
YSC1790178900 Case Was Received
YSC1790178901 Case Was Received
YSC1790178902 Case Was Received
YSC1790178903 Case Was Received
YSC1790178904 Case Was Received
YSC1790178905 Case Was Received
YSC1790178906 Case Was Received
YSC1790178907 Case Was Received
YSC1790178908 Case Was Received
YSC1790178909 Case Was Received
YSC1790178910 Case Was Received
YSC1790178911 Case Was Received
YSC1790178912 Case Was Received
YSC1790178913 Case Was Received
YSC1790178914 Case Was Received
YSC1790178915 Case Was Received
YSC1790178916 Case Was Received
YSC1790178917 Case Was Received
YSC1790178918 Case Was Received
YSC1790178919 Case Was Received
YSC1790178920 Case Was Received
YSC1790178921 Case Was Received
YSC1790178922 Case Was Received
YSC1790178923 Case Was Received
YSC1790178924 Case Was Received
YSC1790178925 New Card Is Being Produced
YSC1790178926 Case Was Received
YSC1790178927 Case Was Approved
YSC1790178928 Case Was Approved
YSC1790178929 Case Was Received
YSC1790178930 Case Was Approved
YSC1790178931 Case Was Received
YSC1790178932 Case Was Received
YSC1790178933 Case Was Received
YSC1790178934 Case Was Received
YSC1790178935 Case Was Received
YSC1790178936 Case Was Received
YSC1790178937 Case Was Received
YSC1790178938 Notice Was Returned To USCIS Because The Post Office Could Not Deliver It
YSC1790178939 Case Was Approved
YSC1790178940 Case Was Received
YSC1790178941 Case Was Received
YSC1790178942 Case Was Received
YSC1790178943 New Card Is Being Produced
YSC1790178944 Case Was Received
YSC1790178945 Case Was Received
YSC1790178946 Case Was Received
YSC1790178947 Card Was Mailed To Me
YSC1790178948 Card Was Mailed To Me
YSC1790178949 Case Was Received
YSC1790178950 Case Was Received
YSC1790178951 Case Was Received
YSC1790178952 Case Was Received
YSC1790178953 Case Was Received
YSC1790178954 Case Was Received
YSC1790178955 Case Was Received
YSC1790178956 Case Was Received
YSC1790178957 New Card Is Being Produced
YSC1790178958 Case Was Received
YSC1790178959 Name Was Updated
YSC1790178960 Case Was Received
YSC1790178961 Case Was Received
YSC1790178962 Case Was Received
YSC1790178963 Case Was Approved
YSC1790178964 Name Was Updated
YSC1790178965 Case Was Approved
YSC1790178966 Case Was Received
YSC1790178967 New Card Is Being Produced
YSC1790178968 Case Was Received
YSC1790178969 Case Was Received
YSC1790178970 Case Was Received
YSC1790178971 New Card Is Being Produced
YSC1790178972 Case Was Received
YSC1790178973 Case Was Received
YSC1790178974 Card Was Mailed To Me
YSC1790178975 Request for Initial Evidence Was Mailed
YSC1790178976 Card Was Mailed To Me
YSC1790178977 Case Was Received
YSC1790178978 Request for Initial Evidence Was Mailed
YSC1790178979 Case Was Received
YSC1790178980 New Card Is Being Produced
YSC1790178981 Case Was Received
YSC1790178982 New Card Is Being Produced
YSC1790178983 New Card Is Being Produced
YSC1790178984 Case Was Received
YSC1790178985 New Card Is Being Produced
YSC1790178986 Case Was Received
YSC1790178987 Case Was Received
YSC1790178988 Notice Was Returned To USCIS Because The Post Office Could Not Deliver It
YSC1790178989 Case Was Received
YSC1790178990 Case Was Received
YSC1790178991 Case Was Received
YSC1790178992 Case Was Received
YSC1790178993 Withdrawal Acknowledgement Notice Was Sent
YSC1790178994 Case Was Received
YSC1790178995 Case Was Received
YSC1790178996 Case Was Received
YSC1790178997 Case Was Received
YSC1790178998 Case Was Approved
YSC1790178999 Case Was Received
YSC1790179000 Case Was Received