YSC1790173000 Card Was Mailed To Me
YSC1790173001 Card Was Mailed To Me
YSC1790173002 Card Was Mailed To Me
YSC1790173003 Case Was Received
YSC1790173004 Card Was Mailed To Me
YSC1790173005 Case Was Received
YSC1790173006 Case Was Received
YSC1790173007 Card Was Mailed To Me
YSC1790173008 Card Was Mailed To Me
YSC1790173009 New Card Is Being Produced
YSC1790173010 Case Was Received
YSC1790173011 Case Was Received
YSC1790173012 Card Was Mailed To Me
YSC1790173013 Case Was Received
YSC1790173014 Case Was Received
YSC1790173015 Case Was Received
YSC1790173016 Case Was Received
YSC1790173017 Case Was Received
YSC1790173018 Card Was Mailed To Me
YSC1790173019 Case Was Approved
YSC1790173020 Card Was Mailed To Me
YSC1790173021 Case Was Received
YSC1790173022 Case Was Received
YSC1790173023 Case Was Received
YSC1790173024 Case Was Received
YSC1790173025 Case Was Received
YSC1790173026 Case Was Received
YSC1790173027 Case Was Received
YSC1790173028 Case Was Received
YSC1790173029 Case Was Received
YSC1790173030 Notice Was Returned To USCIS Because The Post Office Could Not Deliver It
YSC1790173031 Case Was Received
YSC1790173032 Case Was Received
YSC1790173033 Case Was Received
YSC1790173034 Case Was Received
YSC1790173035 Case Was Received
YSC1790173036 Case Was Received
YSC1790173037 Case Was Received
YSC1790173038 Case Was Received
YSC1790173039 Case Was Received
YSC1790173040 Case Was Received
YSC1790173041 Case Was Received
YSC1790173042 Case Was Received
YSC1790173043 Case Was Received
YSC1790173044 Case Was Received
YSC1790173045 Case Was Received
YSC1790173046 Case Was Received
YSC1790173047 Case Was Received
YSC1790173048 Name Was Updated
YSC1790173049 Case Was Received
YSC1790173050 New Card Is Being Produced
YSC1790173051 Request for Initial Evidence Was Mailed
YSC1790173052 Case Was Received
YSC1790173053 Card Was Mailed To Me
YSC1790173054 New Card Is Being Produced
YSC1790173055 Card Was Mailed To Me
YSC1790173056 Card Was Mailed To Me
YSC1790173057 Card Was Mailed To Me
YSC1790173058 Card Was Mailed To Me
YSC1790173059 Request for Initial Evidence Was Mailed
YSC1790173060 New Card Is Being Produced
YSC1790173061 Case Was Received
YSC1790173062 New Card Is Being Produced
YSC1790173063 Card Was Mailed To Me
YSC1790173064 New Card Is Being Produced
YSC1790173065 Case Was Received
YSC1790173066 Case Was Received
YSC1790173067 Case Was Received
YSC1790173068 Case Was Received
YSC1790173069 Case Was Rejected Because I Did Not Sign My Form
YSC1790173070 Case Rejected Because I Sent An Incorrect Fee
YSC1790173071 Case Rejected Because I Sent An Incorrect Fee
YSC1790173072 Case Rejected Because I Sent An Incorrect Fee
YSC1790173073 Decision Notice Mailed
YSC1790173074 Case Was Received
YSC1790173075 Case Was Received
YSC1790173076 Case Was Approved
YSC1790173077 New Card Is Being Produced
YSC1790173078 Case Was Received
YSC1790173079 Card Was Mailed To Me
YSC1790173080 Card Was Mailed To Me
YSC1790173081 Case Was Received
YSC1790173082 Card Was Mailed To Me
YSC1790173083 Card Was Mailed To Me
YSC1790173084 Card Was Mailed To Me
YSC1790173085 Date of Birth Was Updated
YSC1790173086 Case Was Received
YSC1790173087 Card Was Mailed To Me
YSC1790173088 Card Was Mailed To Me
YSC1790173089 Case Was Received
YSC1790173090 Case Was Received
YSC1790173091 Card Was Mailed To Me
YSC1790173092 Case Was Received
YSC1790173093 Card Was Mailed To Me
YSC1790173094 New Card Is Being Produced
YSC1790173095 Card Was Mailed To Me
YSC1790173096 New Card Is Being Produced
YSC1790173097 Case Was Received
YSC1790173098 New Card Is Being Produced
YSC1790173099 Card Was Mailed To Me
YSC1790173100 New Card Is Being Produced
YSC1790173101 Case Was Received
YSC1790173102 Case Was Received
YSC1790173103 Case Was Received
YSC1790173104 Case Was Received
YSC1790173105 Case Was Received
YSC1790173106 Case Was Received
YSC1790173107 Case Was Received
YSC1790173108 Card Was Mailed To Me
YSC1790173109 Case Was Received
YSC1790173110 Card Was Mailed To Me
YSC1790173111 Case Was Received
YSC1790173112 Card Was Mailed To Me
YSC1790173113 Case Was Received
YSC1790173114 Card Was Mailed To Me
YSC1790173115 Card Was Mailed To Me
YSC1790173116 Card Was Mailed To Me
YSC1790173117 Case Was Received
YSC1790173118 Card Was Mailed To Me
YSC1790173119 Case Was Received
YSC1790173120 Card Was Mailed To Me
YSC1790173121 Card Was Mailed To Me
YSC1790173122 Card Was Mailed To Me
YSC1790173123 Case Was Approved
YSC1790173124 New Card Is Being Produced
YSC1790173125 New Card Is Being Produced
YSC1790173126 Case Was Received
YSC1790173127 Case Was Received
YSC1790173128 Card Was Mailed To Me
YSC1790173129 Card Was Mailed To Me
YSC1790173130 Card Was Mailed To Me
YSC1790173131 Card Was Mailed To Me
YSC1790173132 Case Was Received
YSC1790173133 Withdrawal Acknowledgement Notice Was Sent
YSC1790173134 Request for Initial Evidence Was Mailed
YSC1790173135 Card Was Mailed To Me
YSC1790173136 Card Was Mailed To Me
YSC1790173137 Card Was Mailed To Me
YSC1790173138 Card Was Mailed To Me
YSC1790173139 New Card Is Being Produced
YSC1790173140 Case Was Received
YSC1790173141 Case Was Received
YSC1790173142 New Card Is Being Produced
YSC1790173143 Card Was Mailed To Me
YSC1790173144 Card Was Mailed To Me
YSC1790173145 New Card Is Being Produced
YSC1790173146 Card Was Mailed To Me
YSC1790173147 Card Was Mailed To Me
YSC1790173148 New Card Is Being Produced
YSC1790173149 Card Was Mailed To Me
YSC1790173150 Card Was Mailed To Me
YSC1790173151 Card Was Mailed To Me
YSC1790173152 Card Was Mailed To Me
YSC1790173153 Case Was Received
YSC1790173154 Case Was Received
YSC1790173155 Card Was Mailed To Me
YSC1790173156 Card Was Mailed To Me
YSC1790173157 Case Was Received
YSC1790173158 Case Was Approved
YSC1790173159 Case Was Received
YSC1790173160 Case Was Received
YSC1790173161 Card Was Mailed To Me
YSC1790173162 Case Was Received
YSC1790173163 Case Was Received
YSC1790173164 Case Was Received
YSC1790173165 Card Was Mailed To Me
YSC1790173166 Card Was Mailed To Me
YSC1790173167 Card Was Mailed To Me
YSC1790173168 Card Was Mailed To Me
YSC1790173169 Card Was Mailed To Me
YSC1790173170 Card Was Mailed To Me
YSC1790173171 Card Was Mailed To Me
YSC1790173172 Card Was Mailed To Me
YSC1790173173 Case Was Rejected Because I Did Not Sign My Form
YSC1790173174 Card Was Mailed To Me
YSC1790173175 Card Was Mailed To Me
YSC1790173176 Card Was Mailed To Me
YSC1790173177 Card Was Mailed To Me
YSC1790173178 Case Rejected For Form Not Signed And Incorrect Form Version
YSC1790173179 Case Was Received
YSC1790173180 New Card Is Being Produced
YSC1790173181 Case Was Received
YSC1790173182 Card Was Mailed To Me
YSC1790173183 Card Was Mailed To Me
YSC1790173184 Case Was Received
YSC1790173185 Case Was Received
YSC1790173186 Card Was Mailed To Me
YSC1790173187 Case Was Received
YSC1790173188 Request for Initial Evidence Was Mailed
YSC1790173189 Case Was Received
YSC1790173190 Card Was Mailed To Me
YSC1790173191 Withdrawal Acknowledgement Notice Was Sent
YSC1790173192 Case Was Received
YSC1790173193 New Card Is Being Produced
YSC1790173194 Card Was Mailed To Me
YSC1790173195 Card Was Mailed To Me
YSC1790173196 Case Rejected Because I Sent An Incorrect Fee
YSC1790173197 Case Rejected Because I Sent An Incorrect Fee
YSC1790173198 Case Rejected Because I Sent An Incorrect Fee
YSC1790173199 Card Was Mailed To Me
YSC1790173200 Card Was Mailed To Me
YSC1790173201 Card Was Mailed To Me
YSC1790173202 Card Was Mailed To Me
YSC1790173203 Card Was Mailed To Me
YSC1790173204 Card Was Mailed To Me
YSC1790173205 Case Was Received
YSC1790173206 Card Was Mailed To Me
YSC1790173207 Card Was Mailed To Me
YSC1790173208 Case Rejected Because I Sent An Incorrect Fee
YSC1790173209 Case Rejected Because I Sent An Incorrect Fee
YSC1790173210 Card Was Mailed To Me
YSC1790173211 Request for Initial Evidence Was Mailed
YSC1790173212 Card Was Mailed To Me
YSC1790173213 Card Was Mailed To Me
YSC1790173214 Card Was Mailed To Me
YSC1790173215 Card Was Mailed To Me
YSC1790173216 Case Was Received
YSC1790173217 Case Was Received
YSC1790173218 Card Was Mailed To Me
YSC1790173219 Card Was Mailed To Me
YSC1790173220 Card Was Mailed To Me
YSC1790173221 Card Was Mailed To Me
YSC1790173222 Case Was Received
YSC1790173223 Card Was Mailed To Me
YSC1790173224 Card Was Mailed To Me
YSC1790173225 Card Was Mailed To Me
YSC1790173226 Card Was Mailed To Me
YSC1790173227 Card Was Mailed To Me
YSC1790173228 Card Was Mailed To Me
YSC1790173229 Card Was Mailed To Me
YSC1790173230 Case Was Received
YSC1790173231 Case Was Received
YSC1790173232 Case Was Received
YSC1790173233 Case Was Received
YSC1790173234 Case Was Received
YSC1790173235 Case Was Received
YSC1790173236 Case Was Received
YSC1790173237 Case Was Received
YSC1790173238 Case Was Received
YSC1790173239 Case Was Received
YSC1790173240 Case Was Received
YSC1790173241 Case Was Received
YSC1790173242 Fees Were Waived
YSC1790173243 Card Was Mailed To Me
YSC1790173244 Card Was Mailed To Me
YSC1790173245 Card Was Mailed To Me
YSC1790173246 Card Was Mailed To Me
YSC1790173247 Card Was Mailed To Me
YSC1790173248 Card Was Mailed To Me
YSC1790173249 Card Was Mailed To Me
YSC1790173250 Card Was Mailed To Me
YSC1790173251 Case Was Received
YSC1790173252 Card Was Mailed To Me
YSC1790173253 Card Was Mailed To Me
YSC1790173254 Card Was Mailed To Me
YSC1790173255 Card Was Mailed To Me
YSC1790173256 Card Was Mailed To Me
YSC1790173257 Case Was Received
YSC1790173258 New Card Is Being Produced
YSC1790173259 Case Was Received
YSC1790173260 Card Was Mailed To Me
YSC1790173261 Card Was Mailed To Me
YSC1790173262 Card Was Mailed To Me
YSC1790173263 Case Was Received
YSC1790173264 Case Was Received
YSC1790173265 New Card Is Being Produced
YSC1790173266 Case Was Received
YSC1790173267 Case Was Received
YSC1790173268 Case Was Received
YSC1790173269 Case Was Received
YSC1790173270 Case Was Received
YSC1790173271 Card Was Mailed To Me
YSC1790173272 Case Was Received
YSC1790173273 Card Was Mailed To Me
YSC1790173274 Case Was Received
YSC1790173275 Case Rejected Because I Sent An Incorrect Fee
YSC1790173276 Case Rejected Because I Sent An Incorrect Fee
YSC1790173277 Notice Was Returned To USCIS Because The Post Office Could Not Deliver It
YSC1790173278 Case Was Received
YSC1790173279 Case Was Received
YSC1790173280 Notice Was Returned To USCIS Because The Post Office Could Not Deliver It
YSC1790173281 Case Was Received
YSC1790173282 Case Was Received
YSC1790173283 Case Was Received
YSC1790173284 Case Was Received
YSC1790173285 Case Was Received
YSC1790173286 Case Was Received
YSC1790173287 Case Was Received
YSC1790173288 Case Was Received
YSC1790173289 Case Was Received
YSC1790173290 Case Was Received
YSC1790173291 Case Was Received
YSC1790173292 Case Was Received
YSC1790173293 Case Was Received
YSC1790173294 Case Was Received
YSC1790173295 Case Was Received
YSC1790173296 Case Was Received
YSC1790173297 Notice Was Returned To USCIS Because The Post Office Could Not Deliver It
YSC1790173298 Card Was Mailed To Me
YSC1790173299 Card Was Mailed To Me
YSC1790173300 Case Was Received
YSC1790173301 Card Was Mailed To Me
YSC1790173302 Case Was Received
YSC1790173303 New Card Is Being Produced
YSC1790173304 Case Was Approved
YSC1790173305 Case Was Received
YSC1790173306 Case Was Received
YSC1790173307 Card Was Mailed To Me
YSC1790173308 Case Was Received
YSC1790173309 Case Was Received
YSC1790173310 Case Was Received
YSC1790173311 Case Was Received
YSC1790173312 Case Was Received
YSC1790173313 Case Was Received
YSC1790173314 New Card Is Being Produced
YSC1790173315 Card Was Mailed To Me
YSC1790173316 Card Was Mailed To Me
YSC1790173317 Notice Was Returned To USCIS Because The Post Office Could Not Deliver It
YSC1790173318 Card Was Mailed To Me
YSC1790173319 Card Was Mailed To Me
YSC1790173320 Card Was Mailed To Me
YSC1790173321 Case Was Received
YSC1790173322 Card Was Mailed To Me
YSC1790173323 Card Was Mailed To Me
YSC1790173324 Case Was Received
YSC1790173325 Case Was Received
YSC1790173326 New Card Is Being Produced
YSC1790173327 New Card Is Being Produced
YSC1790173328 Card Was Mailed To Me
YSC1790173329 Card Was Mailed To Me
YSC1790173330 Case Was Received
YSC1790173331 Case Was Received
YSC1790173332 Correspondence Was Received And USCIS Is Reviewing It
YSC1790173333 Case Was Received
YSC1790173334 Case Was Received
YSC1790173335 Case Was Received
YSC1790173336 Case Was Received
YSC1790173337 Case Was Received
YSC1790173338 Case Was Received
YSC1790173339 Case Was Received
YSC1790173340 Case Was Received
YSC1790173341 Case Was Received
YSC1790173342 Case Was Received
YSC1790173343 Case Was Received
YSC1790173344 Case Was Received
YSC1790173345 Case Was Received
YSC1790173346 Case Was Received
YSC1790173347 Case Was Received
YSC1790173348 Case Was Received
YSC1790173349 Case Was Received
YSC1790173350 Case Was Received
YSC1790173351 Case Was Received
YSC1790173352 Case Was Received
YSC1790173353 Case Was Received
YSC1790173354 Case Was Received
YSC1790173355 Case Was Received
YSC1790173356 Case Was Received
YSC1790173357 Case Was Received
YSC1790173358 Case Was Received
YSC1790173359 Case Was Received
YSC1790173360 Correspondence Was Received And USCIS Is Reviewing It
YSC1790173361 Case Was Received
YSC1790173362 Case Was Received
YSC1790173363 Case Was Received
YSC1790173364 Case Was Received
YSC1790173365 Case Was Received
YSC1790173366 Case Was Received
YSC1790173367 Case Was Received
YSC1790173368 Case Was Received
YSC1790173369 Case Was Received
YSC1790173370 Case Was Received
YSC1790173371 Case Was Received
YSC1790173372 Case Was Received
YSC1790173373 Case Was Received
YSC1790173374 Case Was Received
YSC1790173375 Case Was Rejected Because I Did Not Sign My Form
YSC1790173376 Case Was Rejected Because I Did Not Sign My Form
YSC1790173377 Case Was Rejected Because I Did Not Sign My Form
YSC1790173378 Case Was Received
YSC1790173379 Case Was Received
YSC1790173380 Case Was Received
YSC1790173381 Case Was Received
YSC1790173382 Request for Initial Evidence Was Mailed
YSC1790173383 Case Was Received
YSC1790173384 Case Was Received
YSC1790173385 Card Was Mailed To Me
YSC1790173386 Case Was Approved
YSC1790173387 Card Was Mailed To Me
YSC1790173388 Decision Notice Mailed
YSC1790173389 Card Was Mailed To Me
YSC1790173390 Case Was Received
YSC1790173391 Card Was Mailed To Me
YSC1790173392 New Card Is Being Produced
YSC1790173393 New Card Is Being Produced
YSC1790173394 Case Was Received
YSC1790173395 New Card Is Being Produced
YSC1790173396 Case Was Received
YSC1790173397 Name Was Updated
YSC1790173398 New Card Is Being Produced
YSC1790173399 Case Was Received
YSC1790173400 Card Was Mailed To Me
YSC1790173401 Case Was Received
YSC1790173402 Card Was Mailed To Me
YSC1790173403 Card Was Mailed To Me
YSC1790173404 New Card Is Being Produced
YSC1790173405 Card Was Mailed To Me
YSC1790173406 Card Was Mailed To Me
YSC1790173407 Card Was Mailed To Me
YSC1790173408 Card Was Mailed To Me
YSC1790173409 Card Was Mailed To Me
YSC1790173410 Card Was Mailed To Me
YSC1790173411 Card Was Mailed To Me
YSC1790173412 Case Was Received
YSC1790173413 Card Was Mailed To Me
YSC1790173414 Case Was Received
YSC1790173415 New Card Is Being Produced
YSC1790173416 Case Was Received
YSC1790173417 Case Was Received
YSC1790173418 Case Was Received
YSC1790173419 Card Was Mailed To Me
YSC1790173420 Card Was Mailed To Me
YSC1790173421 Card Was Mailed To Me
YSC1790173422 Case Was Received
YSC1790173423 Case Was Received
YSC1790173424 Case Was Approved
YSC1790173425 Case Was Received
YSC1790173426 Case Was Received
YSC1790173427 Case Was Received
YSC1790173428 New Card Is Being Produced
YSC1790173429 Card Was Mailed To Me
YSC1790173430 Card Was Mailed To Me
YSC1790173431 Card Was Mailed To Me
YSC1790173432 Case Was Received
YSC1790173433 Card Was Mailed To Me
YSC1790173434 Card Was Mailed To Me
YSC1790173435 Card Was Mailed To Me
YSC1790173436 Card Was Mailed To Me
YSC1790173437 Card Was Mailed To Me
YSC1790173438 Request for Initial Evidence Was Mailed
YSC1790173439 Request for Initial Evidence Was Mailed
YSC1790173440 Card Was Mailed To Me
YSC1790173441 Card Was Mailed To Me
YSC1790173442 New Card Is Being Produced
YSC1790173443 Case Was Received
YSC1790173444 Card Was Mailed To Me
YSC1790173445 Card Was Mailed To Me
YSC1790173446 Case Was Received
YSC1790173447 New Card Is Being Produced
YSC1790173448 New Card Is Being Produced
YSC1790173449 Card Was Mailed To Me
YSC1790173450 Case Was Approved
YSC1790173451 Card Was Mailed To Me
YSC1790173452 Card Was Mailed To Me
YSC1790173453 Card Was Mailed To Me
YSC1790173454 Card Was Mailed To Me
YSC1790173455 Card Was Mailed To Me
YSC1790173456 Card Was Mailed To Me
YSC1790173457 New Card Is Being Produced
YSC1790173458 Card Was Mailed To Me
YSC1790173459 Card Was Mailed To Me
YSC1790173460 Card Was Mailed To Me
YSC1790173461 Card Was Mailed To Me
YSC1790173462 New Card Is Being Produced
YSC1790173463 New Card Is Being Produced
YSC1790173464 Case Was Received
YSC1790173465 Card Was Mailed To Me
YSC1790173466 Case Was Received
YSC1790173467 Case Was Received
YSC1790173468 Card Was Mailed To Me
YSC1790173469 Case Was Received
YSC1790173470 New Card Is Being Produced
YSC1790173471 Card Was Mailed To Me
YSC1790173472 Card Was Mailed To Me
YSC1790173473 New Card Is Being Produced
YSC1790173474 Case Was Received
YSC1790173475 Card Was Mailed To Me
YSC1790173476 Notice Was Returned To USCIS Because The Post Office Could Not Deliver It
YSC1790173477 Card Was Mailed To Me
YSC1790173478 Case Was Received
YSC1790173479 Card Was Mailed To Me
YSC1790173480 Card Was Mailed To Me
YSC1790173481 Request for Initial Evidence Was Mailed
YSC1790173482 Card Was Mailed To Me
YSC1790173483 Name Was Updated
YSC1790173484 Case Was Received
YSC1790173485 Case Was Received
YSC1790173486 Case Was Received
YSC1790173487 Case Was Received
YSC1790173488 Case Was Received
YSC1790173489 Card Was Mailed To Me
YSC1790173490 Case Was Received
YSC1790173491 Case Was Received
YSC1790173492 Card Was Mailed To Me
YSC1790173493 Case Was Received
YSC1790173494 Case Was Received
YSC1790173495 Case Was Received
YSC1790173496 Case Was Received
YSC1790173497 Case Was Received
YSC1790173498 Case Was Received
YSC1790173499 Case Was Received
YSC1790173500 Case Was Received