YSC1790171000 Card Was Mailed To Me
YSC1790171001 Card Was Mailed To Me
YSC1790171002 Card Was Mailed To Me
YSC1790171003 Request for Initial Evidence Was Mailed
YSC1790171004 Case Was Received
YSC1790171005 Card Was Mailed To Me
YSC1790171006 Card Was Mailed To Me
YSC1790171007 Card Was Mailed To Me
YSC1790171008 Card Was Mailed To Me
YSC1790171009 Card Was Mailed To Me
YSC1790171010 New Card Is Being Produced
YSC1790171011 Card Was Mailed To Me
YSC1790171012 Card Was Mailed To Me
YSC1790171013 Request for Initial Evidence Was Mailed
YSC1790171014 Card Was Mailed To Me
YSC1790171015 Card Was Mailed To Me
YSC1790171016 Card Was Mailed To Me
YSC1790171017 Card Was Mailed To Me
YSC1790171018 Case Was Received
YSC1790171019 Card Was Mailed To Me
YSC1790171020 Card Was Mailed To Me
YSC1790171021 Card Was Mailed To Me
YSC1790171022 Card Was Mailed To Me
YSC1790171023 Card Was Mailed To Me
YSC1790171024 Card Was Mailed To Me
YSC1790171025 Case Was Received
YSC1790171026 Card Was Mailed To Me
YSC1790171027 Card Was Mailed To Me
YSC1790171028 Card Was Mailed To Me
YSC1790171029 Card Was Mailed To Me
YSC1790171030 Case Was Received
YSC1790171031 Case Was Received
YSC1790171032 Card Was Mailed To Me
YSC1790171033 Card Was Mailed To Me
YSC1790171034 Card Was Mailed To Me
YSC1790171035 Card Was Mailed To Me
YSC1790171036 Card Was Mailed To Me
YSC1790171037 Card Was Mailed To Me
YSC1790171038 Card Was Mailed To Me
YSC1790171039 Card Was Mailed To Me
YSC1790171040 Card Was Mailed To Me
YSC1790171041 Card Was Mailed To Me
YSC1790171042 Case Was Received
YSC1790171043 Card Was Mailed To Me
YSC1790171044 Card Was Mailed To Me
YSC1790171045 Case Was Received
YSC1790171046 Case Was Received
YSC1790171047 Case Was Received
YSC1790171048 Case Was Received
YSC1790171049 Case Was Received
YSC1790171050 Case Was Received
YSC1790171051 Case Was Received
YSC1790171052 Case Was Received
YSC1790171053 Case Was Received
YSC1790171054 Case Was Received
YSC1790171055 Case Was Received
YSC1790171056 Case Rejected Because The Version Of The Form I Sent Is No Longer Accepted
YSC1790171057 Card Was Mailed To Me
YSC1790171058 Card Was Mailed To Me
YSC1790171059 Card Was Mailed To Me
YSC1790171060 Case Was Received
YSC1790171061 Card Was Mailed To Me
YSC1790171062 New Card Is Being Produced
YSC1790171063 Card Was Mailed To Me
YSC1790171064 Card Was Mailed To Me
YSC1790171065 Card Was Mailed To Me
YSC1790171066 Case Was Received
YSC1790171067 Card Was Mailed To Me
YSC1790171068 Withdrawal Acknowledgement Notice Was Sent
YSC1790171069 Case Was Received
YSC1790171070 Card Was Mailed To Me
YSC1790171071 Card Was Mailed To Me
YSC1790171072 Case Was Received
YSC1790171073 Card Was Mailed To Me
YSC1790171074 Case Was Received
YSC1790171075 Decision Notice Mailed
YSC1790171076 Decision Notice Mailed
YSC1790171077 Card Was Mailed To Me
YSC1790171078 Case Was Received
YSC1790171079 Case Was Received
YSC1790171080 Case Was Received
YSC1790171081 Card Was Mailed To Me
YSC1790171082 Card Was Mailed To Me
YSC1790171083 Card Was Mailed To Me
YSC1790171084 Card Was Mailed To Me
YSC1790171085 Card Was Mailed To Me
YSC1790171086 Card Was Mailed To Me
YSC1790171087 Card Was Mailed To Me
YSC1790171088 Card Was Mailed To Me
YSC1790171089 Card Was Mailed To Me
YSC1790171090 Card Was Mailed To Me
YSC1790171091 Card Was Mailed To Me
YSC1790171092 New Card Is Being Produced
YSC1790171093 Card Was Mailed To Me
YSC1790171094 Card Was Mailed To Me
YSC1790171095 Card Was Mailed To Me
YSC1790171096 Card Was Mailed To Me
YSC1790171097 Card Was Mailed To Me
YSC1790171098 Card Was Mailed To Me
YSC1790171099 Card Was Mailed To Me
YSC1790171100 Card Was Mailed To Me
YSC1790171101 Card Was Mailed To Me
YSC1790171102 Card Was Mailed To Me
YSC1790171103 New Card Is Being Produced
YSC1790171104 Card Was Mailed To Me
YSC1790171105 New Card Is Being Produced
YSC1790171106 Card Was Mailed To Me
YSC1790171107 Card Was Mailed To Me
YSC1790171108 Card Was Mailed To Me
YSC1790171109 Card Was Mailed To Me
YSC1790171110 Card Was Mailed To Me
YSC1790171111 Card Was Mailed To Me
YSC1790171112 Card Was Mailed To Me
YSC1790171113 Card Was Mailed To Me
YSC1790171114 Case Was Received
YSC1790171115 Card Was Mailed To Me
YSC1790171116 Card Was Mailed To Me
YSC1790171117 Card Was Mailed To Me
YSC1790171118 Case Was Received
YSC1790171119 Card Was Mailed To Me
YSC1790171120 Case Was Received
YSC1790171121 Card Was Mailed To Me
YSC1790171122 Card Was Mailed To Me
YSC1790171123 Card Was Mailed To Me
YSC1790171124 Card Was Mailed To Me
YSC1790171125 Card Was Mailed To Me
YSC1790171126 Card Was Mailed To Me
YSC1790171127 Card Was Mailed To Me
YSC1790171128 Card Was Mailed To Me
YSC1790171129 Card Was Mailed To Me
YSC1790171130 Card Was Mailed To Me
YSC1790171131 Withdrawal Acknowledgement Notice Was Sent
YSC1790171132 Card Was Mailed To Me
YSC1790171133 Request for Initial Evidence Was Mailed
YSC1790171134 Case Was Received
YSC1790171135 New Card Is Being Produced
YSC1790171136 Card Was Mailed To Me
YSC1790171137 New Card Is Being Produced
YSC1790171138 Card Was Mailed To Me
YSC1790171139 Card Was Mailed To Me
YSC1790171140 Card Was Mailed To Me
YSC1790171141 New Card Is Being Produced
YSC1790171142 Card Was Mailed To Me
YSC1790171143 New Card Is Being Produced
YSC1790171144 Card Was Mailed To Me
YSC1790171145 Case Was Received
YSC1790171146 Card Was Mailed To Me
YSC1790171147 Card Was Mailed To Me
YSC1790171148 Case Was Received
YSC1790171149 Case Was Received
YSC1790171150 Case Was Received
YSC1790171151 Card Was Mailed To Me
YSC1790171152 Request for Initial Evidence Was Mailed
YSC1790171153 New Card Is Being Produced
YSC1790171154 Request for Initial Evidence Was Mailed
YSC1790171155 Card Was Mailed To Me
YSC1790171156 Request for Initial Evidence Was Mailed
YSC1790171157 Card Was Mailed To Me
YSC1790171158 Card Was Mailed To Me
YSC1790171159 Card Was Mailed To Me
YSC1790171160 Card Was Mailed To Me
YSC1790171161 Card Was Mailed To Me
YSC1790171162 Card Was Mailed To Me
YSC1790171163 Card Was Mailed To Me
YSC1790171164 Card Was Mailed To Me
YSC1790171165 Card Was Mailed To Me
YSC1790171166 New Card Is Being Produced
YSC1790171167 Card Was Mailed To Me
YSC1790171168 New Card Is Being Produced
YSC1790171169 Card Was Mailed To Me
YSC1790171170 Card Was Mailed To Me
YSC1790171171 Card Was Mailed To Me
YSC1790171172 Card Was Mailed To Me
YSC1790171173 Card Was Mailed To Me
YSC1790171174 Case Was Received
YSC1790171175 Case Was Received
YSC1790171176 Request for Initial Evidence Was Mailed
YSC1790171177 Card Was Mailed To Me
YSC1790171178 Case Was Received
YSC1790171179 Card Was Mailed To Me
YSC1790171180 Case Was Received
YSC1790171181 Card Was Mailed To Me
YSC1790171182 Case Was Received
YSC1790171183 Card Was Mailed To Me
YSC1790171184 Case Was Received
YSC1790171185 Card Was Mailed To Me
YSC1790171186 Card Was Mailed To Me
YSC1790171187 Card Was Mailed To Me
YSC1790171188 Card Was Mailed To Me
YSC1790171189 Case Was Received
YSC1790171190 Card Was Mailed To Me
YSC1790171191 Card Was Mailed To Me
YSC1790171192 Card Was Mailed To Me
YSC1790171193 Card Was Mailed To Me
YSC1790171194 Card Was Mailed To Me
YSC1790171195 Case Was Received
YSC1790171196 Card Was Mailed To Me
YSC1790171197 Card Was Mailed To Me
YSC1790171198 Card Was Mailed To Me
YSC1790171199 Card Was Mailed To Me
YSC1790171200 Card Was Mailed To Me
YSC1790171201 Card Was Mailed To Me
YSC1790171202 Case Was Received
YSC1790171203 Case Was Received
YSC1790171204 Card Was Mailed To Me
YSC1790171205 Case Was Received
YSC1790171206 Card Was Mailed To Me
YSC1790171207 Card Was Mailed To Me
YSC1790171208 Case Was Received
YSC1790171209 Card Was Mailed To Me
YSC1790171210 Case Was Received
YSC1790171211 Card Was Mailed To Me
YSC1790171212 Card Was Mailed To Me
YSC1790171213 Case Was Received
YSC1790171214 Card Was Mailed To Me
YSC1790171215 Card Was Mailed To Me
YSC1790171216 Card Was Mailed To Me
YSC1790171217 Card Was Mailed To Me
YSC1790171218 Card Was Mailed To Me
YSC1790171219 Card Was Mailed To Me
YSC1790171220 Card Was Mailed To Me
YSC1790171221 Card Was Mailed To Me
YSC1790171222 Card Was Mailed To Me
YSC1790171223 Card Was Mailed To Me
YSC1790171224 Card Was Mailed To Me
YSC1790171225 Card Was Mailed To Me
YSC1790171226 Card Was Mailed To Me
YSC1790171227 Card Was Mailed To Me
YSC1790171228 Card Was Mailed To Me
YSC1790171229 Card Was Mailed To Me
YSC1790171230 Card Was Mailed To Me
YSC1790171231 Card Was Mailed To Me
YSC1790171232 Card Was Mailed To Me
YSC1790171233 Case Was Approved
YSC1790171234 Card Was Mailed To Me
YSC1790171235 Card Was Mailed To Me
YSC1790171236 Card Was Mailed To Me
YSC1790171237 Card Was Mailed To Me
YSC1790171238 Card Was Mailed To Me
YSC1790171239 Card Was Mailed To Me
YSC1790171240 Card Was Mailed To Me
YSC1790171241 Case Was Received
YSC1790171242 Card Was Mailed To Me
YSC1790171243 Case Was Received
YSC1790171244 Withdrawal Acknowledgement Notice Was Sent
YSC1790171245 Card Was Mailed To Me
YSC1790171246 Card Was Mailed To Me
YSC1790171247 Card Was Mailed To Me
YSC1790171248 Card Was Mailed To Me
YSC1790171249 New Card Is Being Produced
YSC1790171250 Card Was Mailed To Me
YSC1790171251 Card Was Mailed To Me
YSC1790171252 Card Was Mailed To Me
YSC1790171253 Card Was Mailed To Me
YSC1790171254 Card Was Mailed To Me
YSC1790171255 Case Was Received
YSC1790171256 Card Was Mailed To Me
YSC1790171257 Card Was Mailed To Me
YSC1790171258 Card Was Mailed To Me
YSC1790171259 Card Was Mailed To Me
YSC1790171260 Card Was Mailed To Me
YSC1790171261 Card Was Mailed To Me
YSC1790171262 Card Was Mailed To Me
YSC1790171263 New Card Is Being Produced
YSC1790171264 Card Was Mailed To Me
YSC1790171265 Case Was Received
YSC1790171266 Case Was Received
YSC1790171267 Case Was Received
YSC1790171268 Case Was Received
YSC1790171269 Case Was Received
YSC1790171270 Case Was Received
YSC1790171271 Case Was Received
YSC1790171272 Case Was Received
YSC1790171273 Case Was Received
YSC1790171274 Case Was Received
YSC1790171275 Case Was Received
YSC1790171276 Case Was Received
YSC1790171277 Case Was Received
YSC1790171278 Case Was Received
YSC1790171279 Notice Was Returned To USCIS Because The Post Office Could Not Deliver It
YSC1790171280 Case Was Received
YSC1790171281 Case Rejected Because The Version Of The Form I Sent Is No Longer Accepted
YSC1790171282 Case Rejected Because The Version Of The Form I Sent Is No Longer Accepted
YSC1790171283 Case Rejected Because The Version Of The Form I Sent Is No Longer Accepted
YSC1790171284 Card Was Mailed To Me
YSC1790171285 Request for Initial Evidence Was Mailed
YSC1790171286 Case Was Received
YSC1790171287 Card Was Mailed To Me
YSC1790171288 Card Was Mailed To Me
YSC1790171289 Case Rejected Because The Version Of The Form I Sent Is No Longer Accepted
YSC1790171290 Case Was Received
YSC1790171291 Case Was Received
YSC1790171292 Case Was Received
YSC1790171293 Case Was Received
YSC1790171294 Case Was Received
YSC1790171295 Case Rejected Because The Version Of The Form I Sent Is No Longer Accepted
YSC1790171296 Card Was Mailed To Me
YSC1790171297 Card Was Mailed To Me
YSC1790171298 Card Was Mailed To Me
YSC1790171299 Fees Were Waived
YSC1790171300 Card Was Mailed To Me
YSC1790171301 Card Was Mailed To Me
YSC1790171302 Case Was Received
YSC1790171303 Card Was Mailed To Me
YSC1790171304 Card Was Mailed To Me
YSC1790171305 Card Was Mailed To Me
YSC1790171306 Case Was Received
YSC1790171307 Case Closed Benefit Received By Other Means
YSC1790171308 Case Was Received
YSC1790171309 Case Was Received
YSC1790171310 Case Was Received
YSC1790171311 Card Was Mailed To Me
YSC1790171312 Card Was Mailed To Me
YSC1790171313 Card Was Mailed To Me
YSC1790171314 Card Was Mailed To Me
YSC1790171315 Card Was Mailed To Me
YSC1790171316 Card Was Mailed To Me
YSC1790171317 Case Was Received
YSC1790171318 Card Was Mailed To Me
YSC1790171319 Case Was Received
YSC1790171320 Request for Initial Evidence Was Mailed
YSC1790171321 Case Was Received
YSC1790171322 Card Was Mailed To Me
YSC1790171323 New Card Is Being Produced
YSC1790171324 Case Was Received
YSC1790171325 Name Was Updated
YSC1790171326 Card Was Mailed To Me
YSC1790171327 Card Was Mailed To Me
YSC1790171328 New Card Is Being Produced
YSC1790171329 Case Was Received
YSC1790171330 New Card Is Being Produced
YSC1790171331 Card Was Mailed To Me
YSC1790171332 Card Was Mailed To Me
YSC1790171333 Case Was Received
YSC1790171334 Card Was Mailed To Me
YSC1790171335 Request for Initial Evidence Was Mailed
YSC1790171336 Card Was Mailed To Me
YSC1790171337 Card Was Mailed To Me
YSC1790171338 Card Was Mailed To Me
YSC1790171339 Case Was Received
YSC1790171340 Card Was Mailed To Me
YSC1790171341 Card Was Mailed To Me
YSC1790171342 Card Was Mailed To Me
YSC1790171343 Case Was Received
YSC1790171344 Card Was Mailed To Me
YSC1790171345 Card Was Mailed To Me
YSC1790171346 Card Was Mailed To Me
YSC1790171347 Card Was Mailed To Me
YSC1790171348 Case Was Received
YSC1790171349 Case Was Received
YSC1790171350 Case Was Received
YSC1790171351 Card Was Mailed To Me
YSC1790171352 Case Was Received
YSC1790171353 Card Was Mailed To Me
YSC1790171354 Card Was Mailed To Me
YSC1790171355 Card Was Mailed To Me
YSC1790171356 Card Was Mailed To Me
YSC1790171357 Correspondence Was Received And USCIS Is Reviewing It
YSC1790171358 Case Was Received
YSC1790171359 Card Was Mailed To Me
YSC1790171360 Card Was Mailed To Me
YSC1790171361 Card Was Mailed To Me
YSC1790171362 Card Was Mailed To Me
YSC1790171363 Card Was Mailed To Me
YSC1790171364 Card Was Mailed To Me
YSC1790171365 Card Was Mailed To Me
YSC1790171366 Case Was Received
YSC1790171367 Card Was Mailed To Me
YSC1790171368 Card Was Mailed To Me
YSC1790171369 New Card Is Being Produced
YSC1790171370 Card Was Mailed To Me
YSC1790171371 Card Was Mailed To Me
YSC1790171372 Card Was Mailed To Me
YSC1790171373 Card Was Mailed To Me
YSC1790171374 Card Was Mailed To Me
YSC1790171375 Card Was Mailed To Me
YSC1790171376 Decision Notice Mailed
YSC1790171377 Case Rejected Because The Version Of The Form I Sent Is No Longer Accepted
YSC1790171378 Case Was Received
YSC1790171379 Case Was Received
YSC1790171380 Case Was Received
YSC1790171381 Card Was Mailed To Me
YSC1790171382 Case Was Received
YSC1790171383 Correspondence Was Received And USCIS Is Reviewing It
YSC1790171384 Card Was Mailed To Me
YSC1790171385 Card Was Mailed To Me
YSC1790171386 Case Was Received
YSC1790171387 Card Was Mailed To Me
YSC1790171388 Case Was Received
YSC1790171389 Case Was Received
YSC1790171390 Case Was Received
YSC1790171391 Case Was Received
YSC1790171392 Case Was Received
YSC1790171393 Case Was Received
YSC1790171394 Case Was Received
YSC1790171395 Case Was Received
YSC1790171396 Case Was Received
YSC1790171397 Case Was Received
YSC1790171398 Case Was Received
YSC1790171399 Card Was Mailed To Me
YSC1790171400 Card Was Mailed To Me
YSC1790171401 Card Was Mailed To Me
YSC1790171402 Card Was Mailed To Me
YSC1790171403 Case Was Received
YSC1790171404 Case Was Received
YSC1790171405 Card Was Mailed To Me
YSC1790171406 Card Was Mailed To Me
YSC1790171407 Card Was Mailed To Me
YSC1790171408 Case Was Received
YSC1790171409 Case Was Received
YSC1790171410 Case Was Received
YSC1790171411 Case Was Received
YSC1790171412 Case Was Received
YSC1790171413 Case Was Received
YSC1790171414 Case Was Transferred And A New Office Has Jurisdiction
YSC1790171415 Case Was Received
YSC1790171416 Case Was Received
YSC1790171417 Case Was Received
YSC1790171418 Case Was Received
YSC1790171419 Decision Notice Mailed
YSC1790171420 Card Was Mailed To Me
YSC1790171421 Card Was Mailed To Me
YSC1790171422 Case Was Received
YSC1790171423 Card Was Mailed To Me
YSC1790171424 Card Was Mailed To Me
YSC1790171425 Card Was Mailed To Me
YSC1790171426 Case Rejected Because I Sent An Incorrect Fee
YSC1790171427 Card Was Mailed To Me
YSC1790171428 Case Was Received
YSC1790171429 Case Was Received
YSC1790171430 Case Was Received
YSC1790171431 Case Was Received
YSC1790171432 Case Was Received
YSC1790171433 Case Was Received
YSC1790171434 Case Was Received
YSC1790171435 Case Was Received
YSC1790171436 Case Was Received
YSC1790171437 Case Was Received
YSC1790171438 Case Was Received
YSC1790171439 Case Was Received
YSC1790171440 Case Was Received
YSC1790171441 Case Was Received
YSC1790171442 Case Was Received
YSC1790171443 Case Was Received
YSC1790171444 Case Was Received
YSC1790171445 Case Was Received
YSC1790171446 Case Was Received
YSC1790171447 Card Was Mailed To Me
YSC1790171448 Card Was Mailed To Me
YSC1790171449 Card Was Mailed To Me
YSC1790171450 Card Was Mailed To Me
YSC1790171451 Card Was Mailed To Me
YSC1790171452 Case Was Received
YSC1790171453 Card Was Mailed To Me
YSC1790171454 Card Was Mailed To Me
YSC1790171455 Card Was Mailed To Me
YSC1790171456 Case Was Received
YSC1790171457 Card Was Mailed To Me
YSC1790171458 New Card Is Being Produced
YSC1790171459 Case Was Received
YSC1790171460 Card Was Mailed To Me
YSC1790171461 Card Was Mailed To Me
YSC1790171462 Case Was Received
YSC1790171463 Card Was Mailed To Me
YSC1790171464 Card Was Mailed To Me
YSC1790171465 Card Was Mailed To Me
YSC1790171466 Case Was Received
YSC1790171467 Card Was Mailed To Me
YSC1790171468 Card Was Mailed To Me
YSC1790171469 Card Was Mailed To Me
YSC1790171470 New Card Is Being Produced
YSC1790171471 Card Was Mailed To Me
YSC1790171472 Card Was Mailed To Me
YSC1790171473 Card Was Mailed To Me
YSC1790171474 Case Was Received
YSC1790171475 Card Was Mailed To Me
YSC1790171476 Card Was Mailed To Me
YSC1790171477 Card Was Mailed To Me
YSC1790171478 Card Was Mailed To Me
YSC1790171479 Request for Initial Evidence Was Mailed
YSC1790171480 Card Was Mailed To Me
YSC1790171481 Card Was Mailed To Me
YSC1790171482 Case Was Received
YSC1790171483 Card Was Mailed To Me
YSC1790171484 Correspondence Was Received And USCIS Is Reviewing It
YSC1790171485 Case Was Received
YSC1790171486 Card Was Mailed To Me
YSC1790171487 New Card Is Being Produced
YSC1790171488 Card Was Mailed To Me
YSC1790171489 Card Was Mailed To Me
YSC1790171490 Card Was Mailed To Me
YSC1790171491 Card Was Mailed To Me
YSC1790171492 Card Was Mailed To Me
YSC1790171493 Card Was Mailed To Me
YSC1790171494 Card Was Mailed To Me
YSC1790171495 Card Was Mailed To Me
YSC1790171496 Card Was Mailed To Me
YSC1790171497 Card Was Mailed To Me
YSC1790171498 Card Was Mailed To Me
YSC1790171499 Card Was Mailed To Me
YSC1790171500 Card Was Mailed To Me