YSC1790174500 Case Was Received
YSC1790174501 Case Was Received
YSC1790174502 Case Was Received
YSC1790174503 Case Was Received
YSC1790174504 Case Was Received
YSC1790174505 Case Was Received
YSC1790174506 Card Was Mailed To Me
YSC1790174507 New Card Is Being Produced
YSC1790174508 New Card Is Being Produced
YSC1790174509 Card Was Mailed To Me
YSC1790174510 New Card Is Being Produced
YSC1790174511 Card Was Mailed To Me
YSC1790174512 Case Was Received
YSC1790174513 Case Was Received
YSC1790174514 Card Was Mailed To Me
YSC1790174515 Case Was Received
YSC1790174516 Card Was Mailed To Me
YSC1790174517 Case Was Received
YSC1790174518 New Card Is Being Produced
YSC1790174519 New Card Is Being Produced
YSC1790174520 Case Was Received
YSC1790174521 Case Was Received
YSC1790174522 Case Was Received
YSC1790174523 Card Was Mailed To Me
YSC1790174524 Card Was Mailed To Me
YSC1790174525 Case Was Received
YSC1790174526 Case Was Received
YSC1790174527 Card Was Mailed To Me
YSC1790174528 Case Was Received
YSC1790174529 Card Was Mailed To Me
YSC1790174530 Case Was Received
YSC1790174531 Card Was Mailed To Me
YSC1790174532 Case Was Received
YSC1790174533 Case Was Received
YSC1790174534 Case Was Received
YSC1790174535 Case Was Received
YSC1790174536 Case Was Received
YSC1790174537 Case Was Received
YSC1790174538 New Card Is Being Produced
YSC1790174539 Case Was Received
YSC1790174540 Case Was Received
YSC1790174541 Case Was Received
YSC1790174542 New Card Is Being Produced
YSC1790174543 Case Was Received
YSC1790174544 Case Was Received
YSC1790174545 Card Was Mailed To Me
YSC1790174546 Case Was Received
YSC1790174547 Case Was Received
YSC1790174548 Decision Notice Mailed
YSC1790174549 New Card Is Being Produced
YSC1790174550 Card Was Mailed To Me
YSC1790174551 New Card Is Being Produced
YSC1790174552 New Card Is Being Produced
YSC1790174553 Request for Initial Evidence Was Mailed
YSC1790174554 Correspondence Was Received And USCIS Is Reviewing It
YSC1790174555 Case Was Received
YSC1790174556 Case Was Received
YSC1790174557 Case Was Received
YSC1790174558 Case Rejected Because The Version Of The Form I Sent Is No Longer Accepted
YSC1790174559 Case Was Received
YSC1790174560 Card Was Mailed To Me
YSC1790174561 Case Was Received
YSC1790174562 Case Was Received
YSC1790174563 Case Was Received
YSC1790174564 Card Was Mailed To Me
YSC1790174565 Case Was Received
YSC1790174566 Case Was Received
YSC1790174567 Case Was Received
YSC1790174568 Card Was Mailed To Me
YSC1790174569 Card Was Mailed To Me
YSC1790174570 New Card Is Being Produced
YSC1790174571 Card Was Mailed To Me
YSC1790174572 Card Was Mailed To Me
YSC1790174573 Card Was Mailed To Me
YSC1790174574 Case Was Received
YSC1790174575 Card Was Mailed To Me
YSC1790174576 Case Was Received
YSC1790174577 Case Was Received
YSC1790174578 Case Was Received
YSC1790174579 New Card Is Being Produced
YSC1790174580 Case Was Received
YSC1790174581 Case Was Received
YSC1790174582 Card Was Mailed To Me
YSC1790174583 Case Was Received
YSC1790174584 Card Was Mailed To Me
YSC1790174585 Case Was Received
YSC1790174586 Case Was Received
YSC1790174587 Case Was Received
YSC1790174588 Case Was Received
YSC1790174589 Case Was Received
YSC1790174590 Case Was Received
YSC1790174591 Case Was Received
YSC1790174592 Case Was Received
YSC1790174593 Case Was Received
YSC1790174594 Case Was Received
YSC1790174595 Notice Was Returned To USCIS Because The Post Office Could Not Deliver It
YSC1790174596 Case Was Received
YSC1790174597 Case Was Received
YSC1790174598 Case Was Received
YSC1790174599 Case Was Received
YSC1790174600 Case Was Received
YSC1790174601 Case Was Received
YSC1790174602 Case Was Received
YSC1790174603 Case Was Received
YSC1790174604 Case Was Received
YSC1790174605 Case Was Received
YSC1790174606 Case Was Received
YSC1790174607 Case Was Received
YSC1790174608 Case Was Received
YSC1790174609 Card Was Mailed To Me
YSC1790174610 Card Was Mailed To Me
YSC1790174611 Case Was Received
YSC1790174612 Case Was Received
YSC1790174613 Card Was Mailed To Me
YSC1790174614 Case Was Received
YSC1790174615 Case Was Received
YSC1790174616 Case Was Received
YSC1790174617 Case Was Received
YSC1790174618 Case Was Received
YSC1790174619 Case Was Received
YSC1790174620 Case Was Received
YSC1790174621 Case Was Approved
YSC1790174622 Card Was Mailed To Me
YSC1790174623 New Card Is Being Produced
YSC1790174624 Case Was Approved
YSC1790174625 Card Was Mailed To Me
YSC1790174626 Case Was Received
YSC1790174627 Card Was Mailed To Me
YSC1790174628 Card Was Mailed To Me
YSC1790174629 Case Was Received
YSC1790174630 Case Was Received
YSC1790174631 Card Was Mailed To Me
YSC1790174632 Case Was Received
YSC1790174633 Card Was Mailed To Me
YSC1790174634 Case Was Received
YSC1790174635 Card Was Mailed To Me
YSC1790174636 Case Was Received
YSC1790174637 New Card Is Being Produced
YSC1790174638 Case Was Received
YSC1790174639 Case Was Received
YSC1790174640 Case Was Received
YSC1790174641 New Card Is Being Produced
YSC1790174642 Notice Was Returned To USCIS Because The Post Office Could Not Deliver It
YSC1790174643 Case Was Received
YSC1790174644 Case Was Received
YSC1790174645 Card Was Mailed To Me
YSC1790174646 New Card Is Being Produced
YSC1790174647 New Card Is Being Produced
YSC1790174648 Card Was Mailed To Me
YSC1790174649 Card Was Mailed To Me
YSC1790174650 Case Was Received
YSC1790174651 Case Was Approved
YSC1790174652 Card Was Mailed To Me
YSC1790174653 Case Was Received
YSC1790174654 Case Was Received
YSC1790174655 Card Was Mailed To Me
YSC1790174656 Case Was Received
YSC1790174657 Correspondence Was Received And USCIS Is Reviewing It
YSC1790174658 Case Was Received
YSC1790174659 Card Was Mailed To Me
YSC1790174660 New Card Is Being Produced
YSC1790174661 Case Was Received
YSC1790174662 Case Was Received
YSC1790174663 Case Was Received
YSC1790174664 Card Was Mailed To Me
YSC1790174665 Case Was Received
YSC1790174666 Case Was Received
YSC1790174667 Case Was Received
YSC1790174668 Case Was Received
YSC1790174669 Case Was Received
YSC1790174670 Case Was Received
YSC1790174671 Case Was Received
YSC1790174672 Case Was Received
YSC1790174673 Card Was Mailed To Me
YSC1790174674 Case Was Received
YSC1790174675 Case Was Received
YSC1790174676 Case Was Received
YSC1790174677 Case Was Received
YSC1790174678 Case Was Received
YSC1790174679 Card Was Mailed To Me
YSC1790174680 Case Was Received
YSC1790174681 Card Was Mailed To Me
YSC1790174682 Card Was Mailed To Me
YSC1790174683 Card Was Mailed To Me
YSC1790174684 Case Was Received
YSC1790174685 Case Was Received
YSC1790174686 Case Was Received
YSC1790174687 Case Was Received
YSC1790174688 Card Was Mailed To Me
YSC1790174689 New Card Is Being Produced
YSC1790174690 Case Was Received
YSC1790174691 Case Was Received
YSC1790174692 Card Was Mailed To Me
YSC1790174693 Case Was Received
YSC1790174694 Case Was Approved
YSC1790174695 Withdrawal Acknowledgement Notice Was Sent
YSC1790174696 Case Was Received
YSC1790174697 Case Was Received
YSC1790174698 Case Was Received
YSC1790174699 Case Was Received
YSC1790174700 Card Was Mailed To Me
YSC1790174701 Card Was Mailed To Me
YSC1790174702 Case Was Received
YSC1790174703 Card Was Mailed To Me
YSC1790174704 Case Was Received
YSC1790174705 Case Was Received
YSC1790174706 Card Was Mailed To Me
YSC1790174707 New Card Is Being Produced
YSC1790174708 Case Was Approved
YSC1790174709 Case Was Approved
YSC1790174710 Case Was Received
YSC1790174711 Case Was Received
YSC1790174712 Case Was Received
YSC1790174713 Case Was Received
YSC1790174714 Case Was Received
YSC1790174715 Case Was Received
YSC1790174716 Case Was Received
YSC1790174717 New Card Is Being Produced
YSC1790174718 Case Was Received
YSC1790174719 Case Was Received
YSC1790174720 Case Was Received
YSC1790174721 Case Was Received
YSC1790174722 Case Was Received
YSC1790174723 Card Was Mailed To Me
YSC1790174724 Case Was Received
YSC1790174725 Card Was Mailed To Me
YSC1790174726 Case Was Received
YSC1790174727 Card Was Mailed To Me
YSC1790174728 Card Was Mailed To Me
YSC1790174729 Card Was Mailed To Me
YSC1790174730 Request for Initial Evidence Was Mailed
YSC1790174731 Case Was Received
YSC1790174732 Case Was Received
YSC1790174733 Case Was Received
YSC1790174734 Case Was Received
YSC1790174735 Case Was Received
YSC1790174736 Card Was Mailed To Me
YSC1790174737 Card Was Mailed To Me
YSC1790174738 Case Was Received
YSC1790174739 Case Was Received
YSC1790174740 Case Was Received
YSC1790174741 New Card Is Being Produced
YSC1790174742 Card Was Mailed To Me
YSC1790174743 Card Was Mailed To Me
YSC1790174744 Case Was Approved
YSC1790174745 Case Was Received
YSC1790174746 Case Was Received
YSC1790174747 Case Was Received
YSC1790174748 Card Was Mailed To Me
YSC1790174749 Case Was Received
YSC1790174750 New Card Is Being Produced
YSC1790174751 Case Was Received
YSC1790174752 New Card Is Being Produced
YSC1790174753 Card Was Mailed To Me
YSC1790174754 Card Was Mailed To Me
YSC1790174755 New Card Is Being Produced
YSC1790174756 New Card Is Being Produced
YSC1790174757 Case Was Received
YSC1790174758 Case Was Received
YSC1790174759 Card Was Mailed To Me
YSC1790174760 New Card Is Being Produced
YSC1790174761 Card Was Mailed To Me
YSC1790174762 Case Was Received
YSC1790174763 Withdrawal Acknowledgement Notice Was Sent
YSC1790174764 Case Was Received
YSC1790174765 Card Was Mailed To Me
YSC1790174766 Case Was Received
YSC1790174767 Case Was Received
YSC1790174768 Case Was Received
YSC1790174769 Case Was Received
YSC1790174770 New Card Is Being Produced
YSC1790174771 Case Was Received
YSC1790174772 Card Was Mailed To Me
YSC1790174773 Case Was Received
YSC1790174774 Case Was Received
YSC1790174775 Case Was Received
YSC1790174776 Case Was Received
YSC1790174777 Card Was Mailed To Me
YSC1790174778 Card Was Mailed To Me
YSC1790174779 Case Was Received
YSC1790174780 Case Was Received
YSC1790174781 Card Was Mailed To Me
YSC1790174782 Case Was Received
YSC1790174783 Card Was Mailed To Me
YSC1790174784 Card Was Mailed To Me
YSC1790174785 Case Was Received
YSC1790174786 Case Was Received
YSC1790174787 Case Was Received
YSC1790174788 Card Was Mailed To Me
YSC1790174789 Card Was Mailed To Me
YSC1790174790 Case Was Received
YSC1790174791 Case Was Received
YSC1790174792 Case Was Received
YSC1790174793 Card Was Mailed To Me
YSC1790174794 Case Was Received
YSC1790174795 Card Was Mailed To Me
YSC1790174796 Card Was Mailed To Me
YSC1790174797 Case Was Received
YSC1790174798 Card Was Mailed To Me
YSC1790174799 Card Was Mailed To Me
YSC1790174800 Card Was Mailed To Me
YSC1790174801 Card Was Mailed To Me
YSC1790174802 Case Was Received
YSC1790174803 Card Was Mailed To Me
YSC1790174804 New Card Is Being Produced
YSC1790174805 Card Was Mailed To Me
YSC1790174806 Card Was Mailed To Me
YSC1790174807 Card Was Mailed To Me
YSC1790174808 Card Was Mailed To Me
YSC1790174809 Case Was Received
YSC1790174810 Card Was Mailed To Me
YSC1790174811 Card Was Mailed To Me
YSC1790174812 Card Was Mailed To Me
YSC1790174813 Case Was Received
YSC1790174814 Card Was Mailed To Me
YSC1790174815 Case Was Received
YSC1790174816 Card Was Mailed To Me
YSC1790174817 Case Was Received
YSC1790174818 Case Was Received
YSC1790174819 New Card Is Being Produced
YSC1790174820 Card Was Mailed To Me
YSC1790174821 Case Was Received
YSC1790174822 Case Was Received
YSC1790174823 Case Was Received
YSC1790174824 Case Was Received
YSC1790174825 New Card Is Being Produced
YSC1790174826 Card Was Mailed To Me
YSC1790174827 Card Was Mailed To Me
YSC1790174828 Case Was Received
YSC1790174829 Case Was Received
YSC1790174830 Case Was Received
YSC1790174831 Case Was Received
YSC1790174832 Card Was Mailed To Me
YSC1790174833 Case Was Received
YSC1790174834 New Card Is Being Produced
YSC1790174835 Case Was Received
YSC1790174836 Case Was Received
YSC1790174837 Card Was Mailed To Me
YSC1790174838 Card Was Mailed To Me
YSC1790174839 Case Was Received
YSC1790174840 Card Was Mailed To Me
YSC1790174841 Case Was Received
YSC1790174842 Card Was Mailed To Me
YSC1790174843 Case Was Received
YSC1790174844 Case Was Received
YSC1790174845 Card Was Mailed To Me
YSC1790174846 Card Was Mailed To Me
YSC1790174847 Card Was Mailed To Me
YSC1790174848 Case Was Received
YSC1790174849 Case Was Received
YSC1790174850 Case Was Received
YSC1790174851 Case Was Received
YSC1790174852 Case Was Received
YSC1790174853 Case Was Received
YSC1790174854 Case Was Received
YSC1790174855 Case Was Received
YSC1790174856 Case Was Received
YSC1790174857 Case Was Received
YSC1790174858 Case Was Received
YSC1790174859 Case Was Received
YSC1790174860 Case Was Received
YSC1790174861 Case Was Received
YSC1790174862 Case Was Received
YSC1790174863 Case Was Received
YSC1790174864 Case Was Received
YSC1790174865 Case Was Received
YSC1790174866 Case Was Received
YSC1790174867 Case Was Received
YSC1790174868 Case Was Received
YSC1790174869 Case Was Received
YSC1790174870 New Card Is Being Produced
YSC1790174871 Case Was Received
YSC1790174872 Card Was Mailed To Me
YSC1790174873 Case Was Received
YSC1790174874 Card Was Mailed To Me
YSC1790174875 Case Rejected Because The Version Of The Form I Sent Is No Longer Accepted
YSC1790174876 New Card Is Being Produced
YSC1790174877 New Card Is Being Produced
YSC1790174878 Case Was Rejected Because It Was Improperly Filed
YSC1790174879 Case Rejected Because The Version Of The Form I Sent Is No Longer Accepted
YSC1790174880 Case Was Received
YSC1790174881 Card Was Mailed To Me
YSC1790174882 Card Was Mailed To Me
YSC1790174883 New Card Is Being Produced
YSC1790174884 Card Was Mailed To Me
YSC1790174885 Case Was Received
YSC1790174886 Card Was Mailed To Me
YSC1790174887 Case Was Received
YSC1790174888 Case Was Received
YSC1790174889 New Card Is Being Produced
YSC1790174890 Case Was Received
YSC1790174891 Case Was Approved
YSC1790174892 Case Was Received
YSC1790174893 New Card Is Being Produced
YSC1790174894 Case Was Received
YSC1790174895 Card Was Mailed To Me
YSC1790174896 Case Was Received
YSC1790174897 Card Was Mailed To Me
YSC1790174898 Card Was Mailed To Me
YSC1790174899 Card Was Mailed To Me
YSC1790174900 Case Was Received
YSC1790174901 Card Was Mailed To Me
YSC1790174902 Case Was Received
YSC1790174903 Case Was Received
YSC1790174904 Case Was Received
YSC1790174905 Card Was Mailed To Me
YSC1790174906 Case Was Received
YSC1790174907 Case Was Received
YSC1790174908 Case Was Received
YSC1790174909 Card Was Mailed To Me
YSC1790174910 Card Was Mailed To Me
YSC1790174911 Case Was Received
YSC1790174912 Card Was Mailed To Me
YSC1790174913 Case Was Received
YSC1790174914 Case Was Received
YSC1790174915 Case Was Received
YSC1790174916 Card Was Mailed To Me
YSC1790174917 Case Was Received
YSC1790174918 Card Was Mailed To Me
YSC1790174919 Case Was Received
YSC1790174920 Case Was Received
YSC1790174921 Card Was Mailed To Me
YSC1790174922 Case Was Received
YSC1790174923 Case Was Received
YSC1790174924 Case Was Received
YSC1790174925 New Card Is Being Produced
YSC1790174926 Card Was Mailed To Me
YSC1790174927 Case Was Received
YSC1790174928 Card Was Mailed To Me
YSC1790174929 Card Was Mailed To Me
YSC1790174930 Card Was Mailed To Me
YSC1790174931 Card Was Mailed To Me
YSC1790174932 Case Was Received
YSC1790174933 Card Was Mailed To Me
YSC1790174934 Case Was Received
YSC1790174935 Card Was Mailed To Me
YSC1790174936 Card Was Mailed To Me
YSC1790174937 Card Was Mailed To Me
YSC1790174938 New Card Is Being Produced
YSC1790174939 Case Was Received
YSC1790174940 Case Was Received
YSC1790174941 Card Was Mailed To Me
YSC1790174942 Withdrawal Acknowledgement Notice Was Sent
YSC1790174943 Card Was Mailed To Me
YSC1790174944 Card Was Mailed To Me
YSC1790174945 Card Was Mailed To Me
YSC1790174946 Case Was Received
YSC1790174947 Card Was Mailed To Me
YSC1790174948 New Card Is Being Produced
YSC1790174949 New Card Is Being Produced
YSC1790174950 Case Was Received
YSC1790174951 Case Was Received
YSC1790174952 Case Was Received
YSC1790174953 Case Was Received
YSC1790174954 Card Was Mailed To Me
YSC1790174955 Case Was Received
YSC1790174956 Case Was Received
YSC1790174957 Card Was Mailed To Me
YSC1790174958 Case Was Received
YSC1790174959 New Card Is Being Produced
YSC1790174960 Case Was Received
YSC1790174961 Card Was Mailed To Me
YSC1790174962 Case Was Received
YSC1790174963 Card Was Mailed To Me
YSC1790174964 Card Was Mailed To Me
YSC1790174965 Card Was Mailed To Me
YSC1790174966 Case Was Received
YSC1790174967 Card Was Mailed To Me
YSC1790174968 Case Was Received
YSC1790174969 New Card Is Being Produced
YSC1790174970 Card Was Mailed To Me
YSC1790174971 Card Was Mailed To Me
YSC1790174972 Case Was Received
YSC1790174973 Case Was Received
YSC1790174974 Case Was Received
YSC1790174975 New Card Is Being Produced
YSC1790174976 Case Was Received
YSC1790174977 Case Was Received
YSC1790174978 Case Was Received
YSC1790174979 Card Was Mailed To Me
YSC1790174980 Case Was Received
YSC1790174981 Case Was Received
YSC1790174982 Withdrawal Acknowledgement Notice Was Sent
YSC1790174983 Card Was Mailed To Me
YSC1790174984 New Card Is Being Produced
YSC1790174985 Card Was Mailed To Me
YSC1790174986 Case Was Received
YSC1790174987 Case Was Received
YSC1790174988 Case Was Received
YSC1790174989 Case Was Received
YSC1790174990 Card Was Mailed To Me
YSC1790174991 Card Was Mailed To Me
YSC1790174992 Case Was Received
YSC1790174993 Case Was Received
YSC1790174994 Card Was Mailed To Me
YSC1790174995 Card Was Mailed To Me
YSC1790174996 Case Was Received
YSC1790174997 New Card Is Being Produced
YSC1790174998 Case Was Received
YSC1790174999 New Card Is Being Produced
YSC1790175000 Case Was Received