YSC1790180000 Case Was Received
YSC1790180001 Card Was Mailed To Me
YSC1790180002 Case Was Received
YSC1790180003 Case Was Received
YSC1790180004 Case Was Received
YSC1790180005 Card Was Mailed To Me
YSC1790180006 Case Was Received
YSC1790180007 Case Was Received
YSC1790180008 Case Was Received
YSC1790180009 Case Was Received
YSC1790180010 Card Was Mailed To Me
YSC1790180011 Case Was Received
YSC1790180012 Case Was Received
YSC1790180013 Card Was Mailed To Me
YSC1790180014 Case Was Received
YSC1790180015 Card Was Mailed To Me
YSC1790180016 Name Was Updated
YSC1790180017 Case Was Received
YSC1790180018 Case Was Received
YSC1790180019 Case Was Received
YSC1790180020 Case Was Received
YSC1790180021 Case Was Received
YSC1790180022 Case Was Received
YSC1790180023 New Card Is Being Produced
YSC1790180024 Case Was Received
YSC1790180025 Case Was Received
YSC1790180026 New Card Is Being Produced
YSC1790180027 Card Was Mailed To Me
YSC1790180028 Case Was Received
YSC1790180029 Case Was Received
YSC1790180030 Case Was Received
YSC1790180031 Card Was Mailed To Me
YSC1790180032 Case Was Received
YSC1790180033 Case Was Received
YSC1790180034 Case Was Received
YSC1790180035 Notice Was Returned To USCIS Because The Post Office Could Not Deliver It
YSC1790180036 Case Was Received
YSC1790180037 Case Was Received
YSC1790180038 Case Was Received
YSC1790180039 Case Was Received
YSC1790180040 Case Was Received
YSC1790180041 Case Was Received
YSC1790180042 Case Was Received
YSC1790180043 Case Was Received
YSC1790180044 Case Was Approved
YSC1790180045 Case Was Received
YSC1790180046 Case Was Received
YSC1790180047 Case Was Received
YSC1790180048 Case Was Received
YSC1790180049 Card Was Mailed To Me
YSC1790180050 Case Was Received
YSC1790180051 Case Was Received
YSC1790180052 Case Was Received
YSC1790180053 Case Was Received
YSC1790180054 Case Was Received
YSC1790180055 Case Was Received
YSC1790180056 Case Was Received
YSC1790180057 New Card Is Being Produced
YSC1790180058 Case Was Received
YSC1790180059 Case Was Received
YSC1790180060 Case Was Received
YSC1790180061 Case Was Received
YSC1790180062 Case Was Received
YSC1790180063 Case Was Received
YSC1790180064 Case Was Received
YSC1790180065 Case Was Received
YSC1790180066 Card Was Mailed To Me
YSC1790180067 Case Was Received
YSC1790180068 Card Was Mailed To Me
YSC1790180069 Case Was Received
YSC1790180070 Case Was Received
YSC1790180071 Case Was Received
YSC1790180072 Case Was Received
YSC1790180073 Case Was Received
YSC1790180074 Case Was Received
YSC1790180075 Case Was Received
YSC1790180076 Case Was Received
YSC1790180077 Case Was Received
YSC1790180078 Case Was Received
YSC1790180079 Case Was Received
YSC1790180080 Case Was Received
YSC1790180081 Case Was Received
YSC1790180082 Case Was Received
YSC1790180083 Case Was Received
YSC1790180084 Case Was Received
YSC1790180085 Case Was Received
YSC1790180086 Case Was Received
YSC1790180087 Case Was Received
YSC1790180088 Case Was Received
YSC1790180089 Correspondence Was Received And USCIS Is Reviewing It
YSC1790180090 Case Was Received
YSC1790180091 Case Was Received
YSC1790180092 Case Was Received
YSC1790180093 Case Was Received
YSC1790180094 Case Was Received
YSC1790180095 Case Was Received
YSC1790180096 Case Was Received
YSC1790180097 Case Was Received
YSC1790180098 Case Was Received
YSC1790180099 New Card Is Being Produced
YSC1790180100 Case Was Received
YSC1790180101 Case Was Received
YSC1790180102 Case Was Received
YSC1790180103 Case Was Received
YSC1790180104 Case Was Received
YSC1790180105 Case Was Received
YSC1790180106 Case Was Received
YSC1790180107 Case Was Received
YSC1790180108 Case Was Received
YSC1790180109 Case Was Received
YSC1790180110 Case Was Received
YSC1790180111 Case Was Received
YSC1790180112 Case Was Received
YSC1790180113 Case Was Received
YSC1790180114 Case Was Received
YSC1790180115 Case Was Received
YSC1790180116 Case Was Received
YSC1790180117 Case Was Received
YSC1790180118 Case Was Received
YSC1790180119 Case Was Received
YSC1790180120 Case Was Received
YSC1790180121 Case Was Received
YSC1790180122 Case Rejected Because I Sent An Incorrect Fee
YSC1790180123 Case Rejected Because I Sent An Incorrect Fee
YSC1790180124 Case Rejected Because I Sent An Incorrect Fee
YSC1790180125 Case Rejected Because I Sent An Incorrect Fee
YSC1790180126 Case Was Received
YSC1790180127 Case Was Received
YSC1790180128 Card Was Mailed To Me
YSC1790180129 Case Was Received
YSC1790180130 Card Was Mailed To Me
YSC1790180131 New Card Is Being Produced
YSC1790180132 Case Was Received
YSC1790180133 New Card Is Being Produced
YSC1790180134 New Card Is Being Produced
YSC1790180135 New Card Is Being Produced
YSC1790180136 New Card Is Being Produced
YSC1790180137 Case Was Received
YSC1790180138 Case Was Received
YSC1790180139 Correspondence Was Received And USCIS Is Reviewing It
YSC1790180140 Request for Initial Evidence Was Mailed
YSC1790180141 New Card Is Being Produced
YSC1790180142 Card Was Mailed To Me
YSC1790180143 Case Was Received
YSC1790180144 Case Was Received
YSC1790180145 Case Was Received
YSC1790180146 Case Was Received
YSC1790180147 Case Was Received
YSC1790180148 Case Was Received
YSC1790180149 Case Was Received
YSC1790180150 Case Was Received
YSC1790180151 Case Was Received
YSC1790180152 Case Was Received
YSC1790180153 Case Was Received
YSC1790180154 Case Was Received
YSC1790180155 Case Was Received
YSC1790180156 Case Was Received
YSC1790180157 Case Was Received
YSC1790180158 Case Was Received
YSC1790180159 Case Was Received
YSC1790180160 Case Was Received
YSC1790180161 Case Rejected Because I Sent An Incorrect Fee
YSC1790180162 Case Rejected Because I Sent An Incorrect Fee
YSC1790180163 Case Rejected Because I Sent An Incorrect Fee
YSC1790180164 Case Rejected Because I Sent An Incorrect Fee
YSC1790180165 Case Rejected Because I Sent An Incorrect Fee
YSC1790180166 Case Was Received
YSC1790180167 Case Was Received
YSC1790180168 Case Was Received
YSC1790180169 Case Was Received
YSC1790180170 Case Was Received
YSC1790180171 Case Was Received
YSC1790180172 Case Was Received
YSC1790180173 Case Was Received
YSC1790180174 Case Was Received
YSC1790180175 Case Was Received
YSC1790180176 Case Was Received
YSC1790180177 Case Was Received
YSC1790180178 Case Was Received
YSC1790180179 Case Rejected Because The Version Of The Form I Sent Is No Longer Accepted
YSC1790180180 Case Rejected Because The Version Of The Form I Sent Is No Longer Accepted
YSC1790180181 Case Rejected Because The Version Of The Form I Sent Is No Longer Accepted
YSC1790180182 Case Rejected Because The Version Of The Form I Sent Is No Longer Accepted
YSC1790180183 Case Was Rejected Because I Did Not Sign My Form
YSC1790180184 Case Rejected Because I Sent An Incorrect Fee
YSC1790180185 Case Rejected Because I Sent An Incorrect Fee
YSC1790180186 Case Rejected Because I Sent An Incorrect Fee
YSC1790180187 Case Rejected Because I Sent An Incorrect Fee
YSC1790180188 Case Rejected Because I Sent An Incorrect Fee
YSC1790180189 Case Rejected Because I Sent An Incorrect Fee
YSC1790180190 Card Was Mailed To Me
YSC1790180191 Fees Were Waived
YSC1790180192 Case Was Received
YSC1790180193 Case Was Received
YSC1790180194 Case Was Received
YSC1790180195 Case Was Received
YSC1790180196 Case Was Received
YSC1790180197 Case Was Received
YSC1790180198 Case Was Received
YSC1790180199 Case Was Received
YSC1790180200 Case Was Received
YSC1790180201 Case Was Received
YSC1790180202 Case Was Received
YSC1790180203 Case Was Transferred And A New Office Has Jurisdiction
YSC1790180204 Case Was Received
YSC1790180205 Case Was Received
YSC1790180206 Case Was Received
YSC1790180207 Case Was Received
YSC1790180208 Case Was Received
YSC1790180209 Case Was Received
YSC1790180210 Case Was Received
YSC1790180211 Case Was Received
YSC1790180212 Case Was Received
YSC1790180213 Case Was Received
YSC1790180214 Case Was Received
YSC1790180215 Case Rejected Because The Version Of The Form I Sent Is No Longer Accepted
YSC1790180216 Case Was Rejected Because I Did Not Sign My Form
YSC1790180217 Date of Birth Was Updated
YSC1790180218 Case Was Received
YSC1790180219 Case Was Received
YSC1790180220 Case Was Received
YSC1790180221 Case Was Received
YSC1790180222 Case Was Received
YSC1790180223 Case Was Received
YSC1790180224 Case Was Received
YSC1790180225 Case Was Received
YSC1790180226 Case Was Received
YSC1790180227 Case Rejected Because The Version Of The Form I Sent Is No Longer Accepted
YSC1790180228 Case Rejected Because The Version Of The Form I Sent Is No Longer Accepted
YSC1790180229 Case Rejected Because The Version Of The Form I Sent Is No Longer Accepted
YSC1790180230 Case Rejected Because The Version Of The Form I Sent Is No Longer Accepted
YSC1790180231 Case Rejected For Form Not Signed And Incorrect Form Version
YSC1790180232 Case Rejected Because The Version Of The Form I Sent Is No Longer Accepted
YSC1790180233 Case Rejected Because The Version Of The Form I Sent Is No Longer Accepted
YSC1790180234 Case Rejected Because I Sent An Incorrect Fee
YSC1790180235 Case Rejected Because The Version Of The Form I Sent Is No Longer Accepted
YSC1790180236 Case Rejected Because The Version Of The Form I Sent Is No Longer Accepted
YSC1790180237 Case Rejected Because The Version Of The Form I Sent Is No Longer Accepted
YSC1790180238 Case Rejected Because The Version Of The Form I Sent Is No Longer Accepted
YSC1790180239 Case Rejected Because The Version Of The Form I Sent Is No Longer Accepted
YSC1790180240 Case Was Received
YSC1790180241 Case Was Received
YSC1790180242 Case Was Received
YSC1790180243 Case Was Received
YSC1790180244 Case Was Received
YSC1790180245 Case Was Received
YSC1790180246 Case Was Received
YSC1790180247 Case Was Received
YSC1790180248 Case Was Received
YSC1790180249 Case Was Received
YSC1790180250 Case Was Received
YSC1790180251 Case Was Received
YSC1790180252 Case Was Received
YSC1790180253 Case Was Received
YSC1790180254 Case Was Received
YSC1790180255 Case Was Received
YSC1790180256 Case Was Received
YSC1790180257 Case Was Received
YSC1790180258 Case Was Received
YSC1790180259 Case Was Received
YSC1790180260 Case Was Received
YSC1790180261 Case Was Received
YSC1790180262 Case Was Received
YSC1790180263 Notice Was Returned To USCIS Because The Post Office Could Not Deliver It
YSC1790180264 Case Was Received
YSC1790180265 Case Was Received
YSC1790180266 Case Was Received
YSC1790180267 Case Was Received
YSC1790180268 Case Was Received
YSC1790180269 Case Was Received
YSC1790180270 Case Rejected Because The Version Of The Form I Sent Is No Longer Accepted
YSC1790180271 Case Rejected Because The Version Of The Form I Sent Is No Longer Accepted
YSC1790180272 Case Was Received
YSC1790180273 Case Was Received
YSC1790180274 Case Was Received
YSC1790180275 Case Was Received
YSC1790180276 Case Was Received
YSC1790180277 Case Was Received
YSC1790180278 Case Was Received
YSC1790180279 Case Was Received
YSC1790180280 Case Was Received
YSC1790180281 Case Was Received
YSC1790180282 Case Was Received
YSC1790180283 Case Was Received
YSC1790180284 Case Was Received
YSC1790180285 Case Was Received
YSC1790180286 Case Was Received
YSC1790180287 Case Rejected Because The Version Of The Form I Sent Is No Longer Accepted
YSC1790180288 Case Rejected Because The Version Of The Form I Sent Is No Longer Accepted
YSC1790180289 Case Rejected Because The Version Of The Form I Sent Is No Longer Accepted
YSC1790180290 Case Rejected Because The Version Of The Form I Sent Is No Longer Accepted
YSC1790180291 Case Was Received
YSC1790180292 Case Was Received
YSC1790180293 Case Was Received
YSC1790180294 Case Was Received
YSC1790180295 Case Was Received
YSC1790180296 Case Was Received
YSC1790180297 Case Was Received
YSC1790180298 Case Was Received
YSC1790180299 Case Was Received
YSC1790180300 Case Was Received
YSC1790180301 Case Was Received
YSC1790180302 Case Was Received
YSC1790180303 Case Rejected Because The Version Of The Form I Sent Is No Longer Accepted
YSC1790180304 Case Was Received
YSC1790180305 Correspondence Was Received And USCIS Is Reviewing It
YSC1790180306 Case Was Received
YSC1790180307 Case Was Received
YSC1790180308 Case Was Received
YSC1790180309 Case Was Received
YSC1790180310 Case Was Received
YSC1790180311 Case Was Received
YSC1790180312 Case Was Received
YSC1790180313 Case Was Received
YSC1790180314 Case Was Received
YSC1790180315 Case Was Received
YSC1790180316 Case Was Received
YSC1790180317 Request for Initial Evidence Was Mailed
YSC1790180318 Case Was Received
YSC1790180319 Card Was Mailed To Me
YSC1790180320 Case Was Received
YSC1790180321 Case Was Received
YSC1790180322 Case Was Received
YSC1790180323 Case Was Received
YSC1790180324 Case Was Received
YSC1790180325 Case Was Received
YSC1790180326 Case Was Received
YSC1790180327 Case Was Received
YSC1790180328 Case Was Received
YSC1790180329 Case Was Received
YSC1790180330 Case Was Received
YSC1790180331 Case Was Received
YSC1790180332 Case Was Received
YSC1790180333 Case Was Received
YSC1790180334 Case Was Received
YSC1790180335 Case Was Received
YSC1790180336 Case Was Received
YSC1790180337 Card Was Mailed To Me
YSC1790180338 Case Was Received
YSC1790180339 Case Was Received
YSC1790180340 Case Was Received
YSC1790180341 Case Was Received
YSC1790180342 Case Was Received
YSC1790180343 New Card Is Being Produced
YSC1790180344 Card Was Mailed To Me
YSC1790180345 Card Was Mailed To Me
YSC1790180346 Card Was Mailed To Me
YSC1790180347 Request for Initial Evidence Was Mailed
YSC1790180348 Case Was Received
YSC1790180349 Case Was Received
YSC1790180350 Case Was Received
YSC1790180351 Case Was Received
YSC1790180352 Case Was Received
YSC1790180353 Case Was Received
YSC1790180354 Case Was Received
YSC1790180355 Case Was Received
YSC1790180356 Case Was Received
YSC1790180357 Case Was Received
YSC1790180358 Case Was Received
YSC1790180359 Case Was Received
YSC1790180360 Case Was Received
YSC1790180361 Case Was Received
YSC1790180362 Case Was Received
YSC1790180363 Case Was Received
YSC1790180364 Case Was Received
YSC1790180365 Case Was Received
YSC1790180366 Case Was Received
YSC1790180367 Case Was Received
YSC1790180368 Case Was Received
YSC1790180369 Case Was Received
YSC1790180370 Case Was Received
YSC1790180371 Case Was Received
YSC1790180372 Case Was Received
YSC1790180373 Case Was Received
YSC1790180374 Case Was Received
YSC1790180375 Case Was Received
YSC1790180376 Case Was Received
YSC1790180377 Case Was Received
YSC1790180378 Case Was Received
YSC1790180379 Case Was Received
YSC1790180380 Case Was Received
YSC1790180381 Case Was Received
YSC1790180382 Request for Initial Evidence Was Mailed
YSC1790180383 Case Was Received
YSC1790180384 Case Was Received
YSC1790180385 Case Was Received
YSC1790180386 Case Was Received
YSC1790180387 Case Was Received
YSC1790180388 Case Was Received
YSC1790180389 Case Was Received
YSC1790180390 Case Was Received
YSC1790180391 Case Was Received
YSC1790180392 Case Was Received
YSC1790180393 Case Was Received
YSC1790180394 Case Was Received
YSC1790180395 Case Was Received
YSC1790180396 Case Was Received
YSC1790180397 Case Was Received
YSC1790180398 Case Was Received
YSC1790180399 Case Was Received
YSC1790180400 Case Was Received
YSC1790180401 Case Was Received
YSC1790180402 Case Was Received
YSC1790180403 Case Was Received
YSC1790180404 Card Was Mailed To Me
YSC1790180405 Card Was Mailed To Me
YSC1790180406 Card Was Mailed To Me
YSC1790180407 New Card Is Being Produced
YSC1790180408 Card Was Mailed To Me
YSC1790180409 Card Was Mailed To Me
YSC1790180410 Case Was Received
YSC1790180411 Case Was Received
YSC1790180412 Case Was Received
YSC1790180413 Case Was Received
YSC1790180414 Case Was Received
YSC1790180415 Case Was Received
YSC1790180416 New Card Is Being Produced
YSC1790180417 Card Was Mailed To Me
YSC1790180418 Name Was Updated
YSC1790180419 Case Was Received
YSC1790180420 Case Was Received
YSC1790180421 Case Was Received
YSC1790180422 Case Was Received
YSC1790180423 Case Was Received
YSC1790180424 Case Was Received
YSC1790180425 Case Was Received
YSC1790180426 Card Was Mailed To Me
YSC1790180427 Case Was Received
YSC1790180428 Notice Was Returned To USCIS Because The Post Office Could Not Deliver It
YSC1790180429 Case Was Received
YSC1790180430 Case Was Received
YSC1790180431 Case Was Received
YSC1790180432 Case Was Received
YSC1790180433 Case Was Received
YSC1790180434 Case Was Received
YSC1790180435 Case Was Received
YSC1790180436 Case Was Received
YSC1790180437 Case Was Received
YSC1790180438 Case Was Received
YSC1790180439 Case Was Received
YSC1790180440 Case Was Received
YSC1790180441 Case Was Received
YSC1790180442 Case Was Received
YSC1790180443 Case Was Received
YSC1790180444 Case Was Received
YSC1790180445 Case Was Received
YSC1790180446 Case Was Approved
YSC1790180447 New Card Is Being Produced
YSC1790180448 Case Was Received
YSC1790180449 Case Was Received
YSC1790180450 Case Was Received
YSC1790180451 Case Was Received
YSC1790180452 Case Was Received
YSC1790180453 Case Was Received
YSC1790180454 Case Was Received
YSC1790180455 New Card Is Being Produced
YSC1790180456 Case Was Received
YSC1790180457 Case Was Received
YSC1790180458 Case Was Received
YSC1790180459 Case Was Received
YSC1790180460 Case Was Received
YSC1790180461 Card Was Mailed To Me
YSC1790180462 Card Was Mailed To Me
YSC1790180463 Card Was Mailed To Me
YSC1790180464 Notice Was Returned To USCIS Because The Post Office Could Not Deliver It
YSC1790180465 Case Was Received
YSC1790180466 Case Was Received
YSC1790180467 Case Was Received
YSC1790180468 Case Was Received
YSC1790180469 Card Was Mailed To Me
YSC1790180470 Case Was Received
YSC1790180471 Case Was Received
YSC1790180472 Notice Was Returned To USCIS Because The Post Office Could Not Deliver It
YSC1790180473 Case Was Received
YSC1790180474 Case Was Received
YSC1790180475 Case Was Received
YSC1790180476 Case Was Approved
YSC1790180477 New Card Is Being Produced
YSC1790180478 Case Was Received
YSC1790180479 Case Was Received
YSC1790180480 Case Was Received
YSC1790180481 Case Was Received
YSC1790180482 Case Was Received
YSC1790180483 Case Was Received
YSC1790180484 Case Was Received
YSC1790180485 New Card Is Being Produced
YSC1790180486 Case Was Received
YSC1790180487 Case Was Received
YSC1790180488 Card Was Mailed To Me
YSC1790180489 Case Was Received
YSC1790180490 Card Was Mailed To Me
YSC1790180491 Case Was Received
YSC1790180492 Case Was Received
YSC1790180493 Case Was Received
YSC1790180494 Case Was Received
YSC1790180495 Case Was Received
YSC1790180496 Case Was Received
YSC1790180497 Case Was Received
YSC1790180498 Correspondence Was Received And USCIS Is Reviewing It
YSC1790180499 Case Was Received
YSC1790180500 Case Was Received