YSC1790181500 Case Was Received
YSC1790181501 Case Was Received
YSC1790181502 Case Was Received
YSC1790181503 Case Was Received
YSC1790181504 Case Was Received
YSC1790181505 Case Was Received
YSC1790181506 Case Was Received
YSC1790181507 Case Was Received
YSC1790181508 Case Was Received
YSC1790181509 Case Was Received
YSC1790181510 Case Was Received
YSC1790181511 Case Was Received
YSC1790181512 Case Was Received
YSC1790181513 Case Was Received
YSC1790181514 Case Was Received
YSC1790181515 Case Was Received
YSC1790181516 New Card Is Being Produced
YSC1790181517 Case Was Received
YSC1790181518 Case Was Received
YSC1790181519 Case Was Received
YSC1790181520 Case Was Received
YSC1790181521 Case Was Received
YSC1790181522 Case Was Received
YSC1790181523 Case Was Received
YSC1790181524 Case Was Received
YSC1790181525 Case Was Received
YSC1790181526 Case Was Received
YSC1790181527 Case Was Received
YSC1790181528 Case Was Received
YSC1790181529 Case Was Received
YSC1790181530 Case Was Received
YSC1790181531 Case Was Received
YSC1790181532 Case Was Received
YSC1790181533 Case Was Received
YSC1790181534 Case Was Received
YSC1790181535 Case Was Received
YSC1790181536 Case Was Received
YSC1790181537 Case Was Received
YSC1790181538 New Card Is Being Produced
YSC1790181539 Case Was Received
YSC1790181540 Case Was Received
YSC1790181541 Case Was Received
YSC1790181542 New Card Is Being Produced
YSC1790181543 Case Was Received
YSC1790181544 Case Was Received
YSC1790181545 Case Was Received
YSC1790181546 Case Was Received
YSC1790181547 Case Was Received
YSC1790181548 Case Was Received
YSC1790181549 Case Was Received
YSC1790181550 Case Was Received
YSC1790181551 Case Was Received
YSC1790181552 Case Was Received
YSC1790181553 Case Was Received
YSC1790181554 Case Was Received
YSC1790181555 Case Was Received
YSC1790181556 Case Was Received
YSC1790181557 Case Was Received
YSC1790181558 Case Was Received
YSC1790181559 Case Was Received
YSC1790181560 Case Was Received
YSC1790181561 Case Was Received
YSC1790181562 Case Was Received
YSC1790181563 Case Was Received
YSC1790181564 Case Was Received
YSC1790181565 Case Was Received
YSC1790181566 Case Was Received
YSC1790181567 Case Was Received
YSC1790181568 Case Was Received
YSC1790181569 Notice Was Returned To USCIS Because The Post Office Could Not Deliver It
YSC1790181570 Case Was Received
YSC1790181571 Case Was Received
YSC1790181572 Case Was Received
YSC1790181573 Case Was Received
YSC1790181574 Case Was Received
YSC1790181575 Case Was Received
YSC1790181576 Case Was Received
YSC1790181577 Case Was Received
YSC1790181578 Case Was Received
YSC1790181579 Name Was Updated
YSC1790181580 Case Was Received
YSC1790181581 Case Was Received
YSC1790181582 Case Was Received
YSC1790181583 Case Was Received
YSC1790181584 Notice Was Returned To USCIS Because The Post Office Could Not Deliver It
YSC1790181585 Case Was Received
YSC1790181586 Case Was Received
YSC1790181587 Case Was Received
YSC1790181588 Case Was Received
YSC1790181589 Case Was Received
YSC1790181590 Case Was Received
YSC1790181591 Case Was Received
YSC1790181592 Case Was Received
YSC1790181593 Date of Birth Was Updated
YSC1790181594 Case Was Received
YSC1790181595 Case Was Received
YSC1790181596 Case Was Received
YSC1790181597 Case Was Received
YSC1790181598 Case Was Received
YSC1790181599 Case Was Received
YSC1790181600 Case Was Received
YSC1790181601 Case Was Received
YSC1790181602 Case Was Received
YSC1790181603 Case Was Received
YSC1790181604 Case Was Received
YSC1790181605 Case Was Received
YSC1790181606 Case Was Received
YSC1790181607 Case Was Received
YSC1790181608 Case Was Received
YSC1790181609 Case Was Received
YSC1790181610 Case Was Received
YSC1790181611 Case Was Received
YSC1790181612 New Card Is Being Produced
YSC1790181613 Case Was Received
YSC1790181614 Case Was Received
YSC1790181615 Case Was Received
YSC1790181616 Request for Initial Evidence Was Mailed
YSC1790181617 Case Was Received
YSC1790181618 Case Was Received
YSC1790181619 Case Was Received
YSC1790181620 Case Was Received
YSC1790181621 Case Was Received
YSC1790181622 Case Was Received
YSC1790181623 Case Was Received
YSC1790181624 Case Was Received
YSC1790181625 Case Was Received
YSC1790181626 Case Was Received
YSC1790181627 Case Was Received
YSC1790181628 Case Was Received
YSC1790181629 Case Was Received
YSC1790181630 Name Was Updated
YSC1790181631 Case Was Received
YSC1790181632 Case Was Received
YSC1790181633 Case Was Received
YSC1790181634 Case Was Received
YSC1790181635 Case Was Received
YSC1790181636 Case Was Received
YSC1790181637 Case Was Received
YSC1790181638 Case Was Received
YSC1790181639 Case Was Received
YSC1790181640 Case Was Received
YSC1790181641 Case Was Received
YSC1790181642 Case Was Received
YSC1790181643 Case Was Received
YSC1790181644 Case Was Received
YSC1790181645 Case Was Received
YSC1790181646 Case Was Received
YSC1790181647 Case Was Received
YSC1790181648 Case Was Received
YSC1790181649 Case Was Received
YSC1790181650 Case Was Received
YSC1790181651 Correspondence Was Received And USCIS Is Reviewing It
YSC1790181652 Case Was Received
YSC1790181653 Case Was Received
YSC1790181654 Case Was Received
YSC1790181655 Case Was Received
YSC1790181656 Case Was Received
YSC1790181657 Case Was Received
YSC1790181658 Case Was Received
YSC1790181659 Case Was Received
YSC1790181660 Case Was Received
YSC1790181661 Case Was Received
YSC1790181662 Case Was Received
YSC1790181663 Case Was Received
YSC1790181664 Case Was Received
YSC1790181665 New Card Is Being Produced
YSC1790181666 Case Was Received
YSC1790181667 Case Was Received
YSC1790181668 Case Was Received
YSC1790181669 Case Was Received
YSC1790181670 Case Was Received
YSC1790181671 Case Was Received
YSC1790181672 New Card Is Being Produced
YSC1790181673 Case Was Received
YSC1790181674 Case Was Received
YSC1790181675 Case Was Received
YSC1790181676 Case Was Received
YSC1790181677 Case Was Received
YSC1790181678 New Card Is Being Produced
YSC1790181679 Case Was Received
YSC1790181680 Case Was Received
YSC1790181681 Case Was Received
YSC1790181682 Name Was Updated
YSC1790181683 Case Was Received
YSC1790181684 Case Was Received
YSC1790181685 Case Was Received
YSC1790181686 Case Was Received
YSC1790181687 Case Was Received
YSC1790181688 Case Was Received
YSC1790181689 Case Was Received
YSC1790181690 Case Was Received
YSC1790181691 Case Was Received
YSC1790181692 Case Was Received
YSC1790181693 Case Was Received
YSC1790181694 Case Was Received
YSC1790181695 Case Was Received
YSC1790181696 Case Was Received
YSC1790181697 New Card Is Being Produced
YSC1790181698 Case Was Received
YSC1790181699 Case Was Received
YSC1790181700 Case Was Received
YSC1790181701 Case Was Received
YSC1790181702 Case Was Received
YSC1790181703 Case Was Received
YSC1790181704 Case Was Received
YSC1790181705 Case Was Received
YSC1790181706 Case Was Received
YSC1790181707 Case Was Received
YSC1790181708 Case Was Received
YSC1790181709 Case Was Received
YSC1790181710 Case Was Received
YSC1790181711 Case Was Received
YSC1790181712 Case Was Received
YSC1790181713 Case Was Received
YSC1790181714 Case Was Received
YSC1790181715 Case Was Received
YSC1790181716 Case Was Received
YSC1790181717 Case Was Received
YSC1790181718 Case Was Received
YSC1790181719 Case Was Received
YSC1790181720 Case Was Received
YSC1790181721 Withdrawal Acknowledgement Notice Was Sent
YSC1790181722 Case Was Received
YSC1790181723 Case Was Received
YSC1790181724 Case Was Received
YSC1790181725 Case Was Received
YSC1790181726 Case Was Received
YSC1790181727 Case Was Received
YSC1790181728 Case Was Received
YSC1790181729 Case Was Received
YSC1790181730 Case Was Received
YSC1790181731 Case Was Received
YSC1790181732 Case Was Received
YSC1790181733 Case Was Received
YSC1790181734 Case Was Received
YSC1790181735 Case Was Received
YSC1790181736 Case Was Received
YSC1790181737 Case Was Received
YSC1790181738 Case Was Received
YSC1790181739 Case Was Received
YSC1790181740 Case Was Received
YSC1790181741 Case Was Received
YSC1790181742 Case Was Received
YSC1790181743 Case Was Received
YSC1790181744 Case Was Received
YSC1790181745 Case Was Received
YSC1790181746 Case Was Received
YSC1790181747 Case Was Received
YSC1790181748 Case Was Received
YSC1790181749 Case Was Received
YSC1790181750 Case Was Received
YSC1790181751 Case Was Received
YSC1790181752 Case Was Received
YSC1790181753 Case Was Received
YSC1790181754 Case Was Received
YSC1790181755 Case Was Received
YSC1790181756 Case Was Received
YSC1790181757 Case Was Received
YSC1790181758 Case Was Received
YSC1790181759 Case Was Received
YSC1790181760 Case Was Received
YSC1790181761 Case Was Received
YSC1790181762 New Card Is Being Produced
YSC1790181763 Case Was Received
YSC1790181764 Case Was Received
YSC1790181765 Case Was Received
YSC1790181766 Correspondence Was Received And USCIS Is Reviewing It
YSC1790181767 Case Was Received
YSC1790181768 Request for Initial Evidence Was Mailed
YSC1790181769 Case Was Received
YSC1790181770 Case Was Received
YSC1790181771 Case Was Received
YSC1790181772 Case Was Received
YSC1790181773 Case Was Received
YSC1790181774 Name Was Updated
YSC1790181775 Case Was Received
YSC1790181776 Case Was Received
YSC1790181777 Case Was Received
YSC1790181778 Case Was Received
YSC1790181779 Name Was Updated
YSC1790181780 Case Was Received
YSC1790181781 Case Was Received
YSC1790181782 Case Was Received
YSC1790181783 Case Was Received
YSC1790181784 New Card Is Being Produced
YSC1790181785 Case Was Approved
YSC1790181786 Case Was Received
YSC1790181787 Case Was Received
YSC1790181788 Case Was Received
YSC1790181789 Case Was Received
YSC1790181790 Case Was Received
YSC1790181791 Case Was Received
YSC1790181792 Case Was Received
YSC1790181793 New Card Is Being Produced
YSC1790181794 Case Was Received
YSC1790181795 Case Was Received
YSC1790181796 Case Was Received
YSC1790181797 Case Was Received
YSC1790181798 Case Was Received
YSC1790181799 Case Was Received
YSC1790181800 New Card Is Being Produced
YSC1790181801 Case Was Received
YSC1790181802 Case Was Received
YSC1790181803 Case Was Received
YSC1790181804 Case Was Received
YSC1790181805 Case Was Received
YSC1790181806 Case Was Received
YSC1790181807 Case Was Received
YSC1790181808 Case Was Received
YSC1790181809 Case Was Received
YSC1790181810 Case Was Received
YSC1790181811 Case Was Received
YSC1790181812 Request for Initial Evidence Was Mailed
YSC1790181813 Case Was Received
YSC1790181814 Case Was Received
YSC1790181815 Case Was Received
YSC1790181816 Case Was Received
YSC1790181817 New Card Is Being Produced
YSC1790181818 New Card Is Being Produced
YSC1790181819 Case Was Received
YSC1790181820 Case Was Received
YSC1790181821 Case Was Received
YSC1790181822 Notice Was Returned To USCIS Because The Post Office Could Not Deliver It
YSC1790181823 Case Was Received
YSC1790181824 New Card Is Being Produced
YSC1790181825 Case Was Received
YSC1790181826 Case Was Received
YSC1790181827 Case Was Received
YSC1790181828 Case Was Received
YSC1790181829 Case Was Received
YSC1790181830 Case Was Received
YSC1790181831 Case Was Received
YSC1790181832 Case Was Received
YSC1790181833 Case Was Received
YSC1790181834 Case Was Received
YSC1790181835 Case Was Received
YSC1790181836 Case Was Received
YSC1790181837 Name Was Updated
YSC1790181838 Case Was Received
YSC1790181839 Case Was Received
YSC1790181840 New Card Is Being Produced
YSC1790181841 Case Was Received
YSC1790181842 Case Was Received
YSC1790181843 Case Was Received
YSC1790181844 Case Was Received
YSC1790181845 Case Was Received
YSC1790181846 Case Was Received
YSC1790181847 Case Was Received
YSC1790181848 New Card Is Being Produced
YSC1790181849 Case Was Received
YSC1790181850 Case Was Received
YSC1790181851 Case Was Received
YSC1790181852 Case Was Received
YSC1790181853 Case Was Received
YSC1790181854 Case Was Received
YSC1790181855 Case Was Received
YSC1790181856 Case Was Received
YSC1790181857 Case Was Received
YSC1790181858 Notice Was Returned To USCIS Because The Post Office Could Not Deliver It
YSC1790181859 Case Was Received
YSC1790181860 Case Was Received
YSC1790181861 Case Was Received
YSC1790181862 Case Was Received
YSC1790181863 Case Was Received
YSC1790181864 Case Was Received
YSC1790181865 Case Was Received
YSC1790181866 Case Was Received
YSC1790181867 Case Was Received
YSC1790181868 Case Was Received
YSC1790181869 Case Was Received
YSC1790181870 Case Was Received
YSC1790181871 Case Was Received
YSC1790181872 Case Was Received
YSC1790181873 Case Was Received
YSC1790181874 Case Was Received
YSC1790181875 Case Was Received
YSC1790181876 Case Was Received
YSC1790181877 Case Was Received
YSC1790181878 Case Was Received
YSC1790181879 Case Was Received
YSC1790181880 Case Was Received
YSC1790181881 Case Was Received
YSC1790181882 Withdrawal Acknowledgement Notice Was Sent
YSC1790181883 Case Was Received
YSC1790181884 Case Was Received
YSC1790181885 Case Was Received
YSC1790181886 Case Was Received
YSC1790181887 Case Was Received
YSC1790181888 Case Was Received
YSC1790181889 Case Was Received
YSC1790181890 Case Was Received
YSC1790181891 Notice Was Returned To USCIS Because The Post Office Could Not Deliver It
YSC1790181892 Case Was Received
YSC1790181893 Case Was Received
YSC1790181894 Case Was Received
YSC1790181895 Case Was Received
YSC1790181896 New Card Is Being Produced
YSC1790181897 New Card Is Being Produced
YSC1790181898 Case Was Received
YSC1790181899 Case Was Received
YSC1790181900 Case Was Received
YSC1790181901 Case Was Received
YSC1790181902 Case Was Received
YSC1790181903 Case Was Received
YSC1790181904 Case Was Received
YSC1790181905 Case Was Received
YSC1790181906 Case Was Received
YSC1790181907 Case Was Received
YSC1790181908 Case Was Received
YSC1790181909 Case Was Received
YSC1790181910 Case Was Received
YSC1790181911 Case Was Received
YSC1790181912 Case Was Received
YSC1790181913 Case Was Received
YSC1790181914 Case Was Received
YSC1790181915 Case Was Received
YSC1790181916 Case Was Received
YSC1790181917 Case Was Received
YSC1790181918 Case Was Received
YSC1790181919 Case Was Received
YSC1790181920 Case Was Received
YSC1790181921 Case Was Received
YSC1790181922 Case Was Received
YSC1790181923 Case Was Received
YSC1790181924 Case Was Received
YSC1790181925 Case Was Received
YSC1790181926 Date of Birth Was Updated
YSC1790181927 Case Was Received
YSC1790181928 Case Was Received
YSC1790181929 Case Was Received
YSC1790181930 Notice Was Returned To USCIS Because The Post Office Could Not Deliver It
YSC1790181931 Case Was Received
YSC1790181932 Case Was Received
YSC1790181933 Case Was Received
YSC1790181934 Case Was Received
YSC1790181935 Case Was Received
YSC1790181936 Case Was Received
YSC1790181937 Case Was Received
YSC1790181938 Case Was Received
YSC1790181939 Case Was Received
YSC1790181940 Case Was Received
YSC1790181941 Case Was Received
YSC1790181942 Case Was Received
YSC1790181943 Name Was Updated
YSC1790181944 Case Was Received
YSC1790181945 Case Was Received
YSC1790181946 Case Was Received
YSC1790181947 Case Was Received
YSC1790181948 New Card Is Being Produced
YSC1790181949 Case Was Received
YSC1790181950 Case Was Received
YSC1790181951 Case Was Received
YSC1790181952 Case Was Received
YSC1790181953 Case Was Received
YSC1790181954 Case Was Received
YSC1790181955 New Card Is Being Produced
YSC1790181956 Case Was Received
YSC1790181957 Case Was Received
YSC1790181958 Name Was Updated
YSC1790181959 Case Was Received
YSC1790181960 Case Was Received
YSC1790181961 Case Was Received
YSC1790181962 Case Was Received
YSC1790181963 Case Was Received
YSC1790181964 New Card Is Being Produced
YSC1790181965 Case Was Received
YSC1790181966 Case Was Received
YSC1790181967 Case Was Received
YSC1790181968 Case Was Received
YSC1790181969 Case Was Received
YSC1790181970 Name Was Updated
YSC1790181971 Case Was Received
YSC1790181972 Case Was Received
YSC1790181973 Case Was Received
YSC1790181974 Case Was Received
YSC1790181975 Case Was Received
YSC1790181976 Case Was Received
YSC1790181977 Case Was Received
YSC1790181978 Case Was Received
YSC1790181979 Case Was Received
YSC1790181980 Case Was Received
YSC1790181981 Case Was Received
YSC1790181982 Case Was Received
YSC1790181983 Case Was Received
YSC1790181984 Case Was Received
YSC1790181985 Case Was Received
YSC1790181986 Case Was Received
YSC1790181987 Case Was Received
YSC1790181988 Case Was Received
YSC1790181989 Case Was Received
YSC1790181990 Case Was Received
YSC1790181991 Case Was Received
YSC1790181992 Case Was Received
YSC1790181993 Case Was Received
YSC1790181994 Case Was Received
YSC1790181995 Case Was Received
YSC1790181996 Case Was Received
YSC1790181997 Case Was Received
YSC1790181998 Case Was Received
YSC1790181999 Case Was Received
YSC1790182000 Case Was Received