YSC1790171500 Card Was Mailed To Me
YSC1790171501 Card Was Mailed To Me
YSC1790171502 Card Was Mailed To Me
YSC1790171503 Card Was Mailed To Me
YSC1790171504 Request for Initial Evidence Was Mailed
YSC1790171505 Card Was Mailed To Me
YSC1790171506 Card Was Mailed To Me
YSC1790171507 Case Was Received
YSC1790171508 Case Was Received
YSC1790171509 Case Was Received
YSC1790171510 Card Was Mailed To Me
YSC1790171511 Case Was Received
YSC1790171512 Card Was Mailed To Me
YSC1790171513 Case Was Received
YSC1790171514 Card Was Mailed To Me
YSC1790171515 Card Was Mailed To Me
YSC1790171516 Card Was Mailed To Me
YSC1790171517 Card Was Mailed To Me
YSC1790171518 Card Was Mailed To Me
YSC1790171519 Case Was Received
YSC1790171520 Card Was Mailed To Me
YSC1790171521 Card Was Mailed To Me
YSC1790171522 Card Was Mailed To Me
YSC1790171523 Card Was Mailed To Me
YSC1790171524 Card Was Mailed To Me
YSC1790171525 Card Was Mailed To Me
YSC1790171526 Card Was Mailed To Me
YSC1790171527 Card Was Mailed To Me
YSC1790171528 Card Was Mailed To Me
YSC1790171529 Card Was Mailed To Me
YSC1790171530 Card Was Mailed To Me
YSC1790171531 Decision Notice Mailed
YSC1790171532 Card Was Mailed To Me
YSC1790171533 Card Was Mailed To Me
YSC1790171534 Case Was Received
YSC1790171535 Card Was Mailed To Me
YSC1790171536 Card Was Mailed To Me
YSC1790171537 Card Was Mailed To Me
YSC1790171538 Withdrawal Acknowledgement Notice Was Sent
YSC1790171539 New Card Is Being Produced
YSC1790171540 Card Was Mailed To Me
YSC1790171541 Card Was Mailed To Me
YSC1790171542 Card Was Mailed To Me
YSC1790171543 Card Was Mailed To Me
YSC1790171544 Card Was Mailed To Me
YSC1790171545 New Card Is Being Produced
YSC1790171546 Card Was Mailed To Me
YSC1790171547 Card Was Mailed To Me
YSC1790171548 Card Was Mailed To Me
YSC1790171549 Card Was Mailed To Me
YSC1790171550 Card Was Mailed To Me
YSC1790171551 Withdrawal Acknowledgement Notice Was Sent
YSC1790171552 Case Was Received
YSC1790171553 Case Was Received
YSC1790171554 Decision Notice Mailed
YSC1790171555 Card Was Mailed To Me
YSC1790171556 Card Was Mailed To Me
YSC1790171557 Card Was Mailed To Me
YSC1790171558 Card Was Mailed To Me
YSC1790171559 Card Was Mailed To Me
YSC1790171560 Card Was Mailed To Me
YSC1790171561 Card Was Mailed To Me
YSC1790171562 Card Was Mailed To Me
YSC1790171563 New Card Is Being Produced
YSC1790171564 Card Was Mailed To Me
YSC1790171565 Card Was Mailed To Me
YSC1790171566 Card Was Mailed To Me
YSC1790171567 Card Was Mailed To Me
YSC1790171568 Card Was Mailed To Me
YSC1790171569 Card Was Mailed To Me
YSC1790171570 Card Was Mailed To Me
YSC1790171571 Case Was Received
YSC1790171572 Card Was Mailed To Me
YSC1790171573 Case Was Received
YSC1790171574 Case Was Received
YSC1790171575 Card Was Mailed To Me
YSC1790171576 Card Was Mailed To Me
YSC1790171577 Card Was Mailed To Me
YSC1790171578 Card Was Mailed To Me
YSC1790171579 Card Was Mailed To Me
YSC1790171580 Card Was Mailed To Me
YSC1790171581 Card Was Mailed To Me
YSC1790171582 Card Was Mailed To Me
YSC1790171583 New Card Is Being Produced
YSC1790171584 Case Was Received
YSC1790171585 Case Was Received
YSC1790171586 New Card Is Being Produced
YSC1790171587 Card Was Mailed To Me
YSC1790171588 Case Was Received
YSC1790171589 Card Was Mailed To Me
YSC1790171590 Card Was Mailed To Me
YSC1790171591 Card Was Mailed To Me
YSC1790171592 Request for Initial Evidence Was Mailed
YSC1790171593 Card Was Mailed To Me
YSC1790171594 Card Was Mailed To Me
YSC1790171595 Card Was Mailed To Me
YSC1790171596 Card Was Mailed To Me
YSC1790171597 Card Was Mailed To Me
YSC1790171598 Request for Initial Evidence Was Mailed
YSC1790171599 Card Was Mailed To Me
YSC1790171600 Card Was Mailed To Me
YSC1790171601 Card Was Mailed To Me
YSC1790171602 Card Was Mailed To Me
YSC1790171603 Card Was Mailed To Me
YSC1790171604 Case Was Received
YSC1790171605 Card Was Mailed To Me
YSC1790171606 Card Was Mailed To Me
YSC1790171607 New Card Is Being Produced
YSC1790171608 Card Was Mailed To Me
YSC1790171609 Card Was Mailed To Me
YSC1790171610 Case Was Received
YSC1790171611 Card Was Mailed To Me
YSC1790171612 Card Was Mailed To Me
YSC1790171613 New Card Is Being Produced
YSC1790171614 Case Was Received
YSC1790171615 Card Was Mailed To Me
YSC1790171616 Correspondence Was Received And USCIS Is Reviewing It
YSC1790171617 Card Was Mailed To Me
YSC1790171618 Card Was Mailed To Me
YSC1790171619 Card Was Mailed To Me
YSC1790171620 Card Was Mailed To Me
YSC1790171621 Card Was Mailed To Me
YSC1790171622 Card Was Mailed To Me
YSC1790171623 Card Was Mailed To Me
YSC1790171624 Case Was Received
YSC1790171625 Card Was Mailed To Me
YSC1790171626 Card Was Mailed To Me
YSC1790171627 Card Was Mailed To Me
YSC1790171628 Case Was Received
YSC1790171629 Case Was Received
YSC1790171630 Card Was Mailed To Me
YSC1790171631 Card Was Mailed To Me
YSC1790171632 Card Was Mailed To Me
YSC1790171633 Card Was Mailed To Me
YSC1790171634 Card Was Mailed To Me
YSC1790171635 Card Was Mailed To Me
YSC1790171636 Card Was Mailed To Me
YSC1790171637 Card Was Mailed To Me
YSC1790171638 Case Was Received
YSC1790171639 Card Was Mailed To Me
YSC1790171640 Card Was Mailed To Me
YSC1790171641 Card Was Mailed To Me
YSC1790171642 Case Was Received
YSC1790171643 New Card Is Being Produced
YSC1790171644 Case Was Approved
YSC1790171645 Card Was Mailed To Me
YSC1790171646 Card Was Mailed To Me
YSC1790171647 Card Was Mailed To Me
YSC1790171648 Card Was Mailed To Me
YSC1790171649 Card Was Mailed To Me
YSC1790171650 Card Was Mailed To Me
YSC1790171651 Card Was Mailed To Me
YSC1790171652 Card Was Mailed To Me
YSC1790171653 Card Was Mailed To Me
YSC1790171654 Card Was Mailed To Me
YSC1790171655 Card Was Mailed To Me
YSC1790171656 Card Was Mailed To Me
YSC1790171657 Card Was Mailed To Me
YSC1790171658 Case Was Received
YSC1790171659 Card Was Mailed To Me
YSC1790171660 Card Was Mailed To Me
YSC1790171661 Case Was Received
YSC1790171662 Card Was Mailed To Me
YSC1790171663 Card Was Mailed To Me
YSC1790171664 New Card Is Being Produced
YSC1790171665 Card Was Mailed To Me
YSC1790171666 Card Was Mailed To Me
YSC1790171667 Card Was Mailed To Me
YSC1790171668 Card Was Mailed To Me
YSC1790171669 Request for Initial Evidence Was Mailed
YSC1790171670 Card Was Mailed To Me
YSC1790171671 Card Was Mailed To Me
YSC1790171672 Case Was Received
YSC1790171673 Card Was Mailed To Me
YSC1790171674 Case Was Received
YSC1790171675 Card Was Mailed To Me
YSC1790171676 Notice Was Returned To USCIS Because The Post Office Could Not Deliver It
YSC1790171677 Card Was Mailed To Me
YSC1790171678 Case Was Received
YSC1790171679 Card Was Mailed To Me
YSC1790171680 Card Was Mailed To Me
YSC1790171681 Card Was Mailed To Me
YSC1790171682 Card Was Mailed To Me
YSC1790171683 Card Was Mailed To Me
YSC1790171684 Card Was Mailed To Me
YSC1790171685 Card Was Mailed To Me
YSC1790171686 Card Was Mailed To Me
YSC1790171687 Card Was Mailed To Me
YSC1790171688 Card Was Mailed To Me
YSC1790171689 Card Was Mailed To Me
YSC1790171690 Card Was Mailed To Me
YSC1790171691 Card Was Mailed To Me
YSC1790171692 Case Was Received
YSC1790171693 Card Was Mailed To Me
YSC1790171694 Card Was Mailed To Me
YSC1790171695 Card Was Mailed To Me
YSC1790171696 Case Was Received
YSC1790171697 Card Was Mailed To Me
YSC1790171698 Card Was Mailed To Me
YSC1790171699 Request for Initial Evidence Was Mailed
YSC1790171700 Card Was Mailed To Me
YSC1790171701 Card Was Mailed To Me
YSC1790171702 Card Was Mailed To Me
YSC1790171703 Card Was Mailed To Me
YSC1790171704 Notice Was Returned To USCIS Because The Post Office Could Not Deliver It
YSC1790171705 New Card Is Being Produced
YSC1790171706 Case Was Received
YSC1790171707 Card Was Mailed To Me
YSC1790171708 Case Was Received
YSC1790171709 Card Was Mailed To Me
YSC1790171710 Card Was Mailed To Me
YSC1790171711 Card Was Mailed To Me
YSC1790171712 Card Was Mailed To Me
YSC1790171713 Card Was Mailed To Me
YSC1790171714 Case Was Received
YSC1790171715 Card Was Mailed To Me
YSC1790171716 Case Was Received
YSC1790171717 Card Was Mailed To Me
YSC1790171718 Case Was Received
YSC1790171719 Card Was Mailed To Me
YSC1790171720 Case Was Received
YSC1790171721 Card Was Mailed To Me
YSC1790171722 Case Was Received
YSC1790171723 Card Was Mailed To Me
YSC1790171724 Card Was Mailed To Me
YSC1790171725 Card Was Mailed To Me
YSC1790171726 Card Was Mailed To Me
YSC1790171727 Card Was Mailed To Me
YSC1790171728 Card Was Mailed To Me
YSC1790171729 Card Was Mailed To Me
YSC1790171730 Card Was Mailed To Me
YSC1790171731 New Card Is Being Produced
YSC1790171732 Case Was Received
YSC1790171733 Card Was Mailed To Me
YSC1790171734 Case Was Approved
YSC1790171735 Card Was Mailed To Me
YSC1790171736 Card Was Mailed To Me
YSC1790171737 Card Was Mailed To Me
YSC1790171738 Case Was Approved
YSC1790171739 Card Was Mailed To Me
YSC1790171740 Card Was Mailed To Me
YSC1790171741 Card Was Mailed To Me
YSC1790171742 Card Was Mailed To Me
YSC1790171743 Case Was Received
YSC1790171744 Card Was Mailed To Me
YSC1790171745 Name Was Updated
YSC1790171746 Case Was Received
YSC1790171747 Card Was Mailed To Me
YSC1790171748 Request for Initial Evidence Was Mailed
YSC1790171749 Card Was Mailed To Me
YSC1790171750 Card Was Mailed To Me
YSC1790171751 Card Was Mailed To Me
YSC1790171752 Card Was Mailed To Me
YSC1790171753 Case Was Received
YSC1790171754 Card Was Mailed To Me
YSC1790171755 Card Was Mailed To Me
YSC1790171756 Card Was Mailed To Me
YSC1790171757 Case Was Received
YSC1790171758 Case Was Received
YSC1790171759 Card Was Mailed To Me
YSC1790171760 Card Was Mailed To Me
YSC1790171761 Decision Notice Mailed
YSC1790171762 Card Was Mailed To Me
YSC1790171763 Case Was Received
YSC1790171764 New Card Is Being Produced
YSC1790171765 Card Was Mailed To Me
YSC1790171766 Card Was Mailed To Me
YSC1790171767 Card Was Mailed To Me
YSC1790171768 Card Was Mailed To Me
YSC1790171769 Card Was Mailed To Me
YSC1790171770 Case Was Received
YSC1790171771 Card Was Mailed To Me
YSC1790171772 Case Was Received
YSC1790171773 Card Was Mailed To Me
YSC1790171774 Card Was Mailed To Me
YSC1790171775 Card Was Mailed To Me
YSC1790171776 Card Was Mailed To Me
YSC1790171777 Card Was Mailed To Me
YSC1790171778 Case Was Received
YSC1790171779 Card Was Mailed To Me
YSC1790171780 Case Was Received
YSC1790171781 Card Was Mailed To Me
YSC1790171782 Case Was Received
YSC1790171783 Card Was Mailed To Me
YSC1790171784 Case Was Received
YSC1790171785 Card Was Mailed To Me
YSC1790171786 Case Was Received
YSC1790171787 Card Was Mailed To Me
YSC1790171788 Card Was Mailed To Me
YSC1790171789 Card Was Mailed To Me
YSC1790171790 Case Was Received
YSC1790171791 Card Was Mailed To Me
YSC1790171792 Card Was Mailed To Me
YSC1790171793 Card Was Mailed To Me
YSC1790171794 Card Was Mailed To Me
YSC1790171795 Card Was Mailed To Me
YSC1790171796 Card Was Mailed To Me
YSC1790171797 Card Was Mailed To Me
YSC1790171798 Card Was Mailed To Me
YSC1790171799 Case Was Received
YSC1790171800 Card Was Mailed To Me
YSC1790171801 Card Was Mailed To Me
YSC1790171802 Card Was Mailed To Me
YSC1790171803 Card Was Mailed To Me
YSC1790171804 Card Was Mailed To Me
YSC1790171805 Card Was Mailed To Me
YSC1790171806 Card Was Mailed To Me
YSC1790171807 Card Was Mailed To Me
YSC1790171808 Card Was Mailed To Me
YSC1790171809 Card Was Mailed To Me
YSC1790171810 Case Was Received
YSC1790171811 Case Was Received
YSC1790171812 Card Was Mailed To Me
YSC1790171813 Card Was Mailed To Me
YSC1790171814 Card Was Mailed To Me
YSC1790171815 Card Was Mailed To Me
YSC1790171816 Card Was Mailed To Me
YSC1790171817 Card Was Mailed To Me
YSC1790171818 Card Was Mailed To Me
YSC1790171819 Card Was Mailed To Me
YSC1790171820 Card Was Mailed To Me
YSC1790171821 Card Was Mailed To Me
YSC1790171822 Card Was Mailed To Me
YSC1790171823 Case Was Received
YSC1790171824 Card Was Mailed To Me
YSC1790171825 Case Was Received
YSC1790171826 Notice Was Returned To USCIS Because The Post Office Could Not Deliver It
YSC1790171827 New Card Is Being Produced
YSC1790171828 Card Was Mailed To Me
YSC1790171829 Card Was Mailed To Me
YSC1790171830 Card Was Mailed To Me
YSC1790171831 Case Was Received
YSC1790171832 Card Was Mailed To Me
YSC1790171833 Card Was Mailed To Me
YSC1790171834 Card Was Mailed To Me
YSC1790171835 Card Was Mailed To Me
YSC1790171836 Case Was Received
YSC1790171837 Card Was Mailed To Me
YSC1790171838 Card Was Mailed To Me
YSC1790171839 Card Was Mailed To Me
YSC1790171840 Card Was Mailed To Me
YSC1790171841 Case Was Received
YSC1790171842 Case Was Approved
YSC1790171843 Card Was Mailed To Me
YSC1790171844 Card Was Mailed To Me
YSC1790171845 Card Was Mailed To Me
YSC1790171846 Card Was Mailed To Me
YSC1790171847 New Card Is Being Produced
YSC1790171848 Card Was Mailed To Me
YSC1790171849 Card Was Mailed To Me
YSC1790171850 Card Was Mailed To Me
YSC1790171851 Card Was Mailed To Me
YSC1790171852 Card Was Mailed To Me
YSC1790171853 Card Was Mailed To Me
YSC1790171854 Card Was Mailed To Me
YSC1790171855 Card Was Mailed To Me
YSC1790171856 Card Was Mailed To Me
YSC1790171857 New Card Is Being Produced
YSC1790171858 Case Was Received
YSC1790171859 Card Was Mailed To Me
YSC1790171860 Card Was Mailed To Me
YSC1790171861 Card Was Mailed To Me
YSC1790171862 Case Was Received
YSC1790171863 Card Was Mailed To Me
YSC1790171864 Case Was Received
YSC1790171865 Case Was Received
YSC1790171866 Card Was Mailed To Me
YSC1790171867 Card Was Mailed To Me
YSC1790171868 Case Was Received
YSC1790171869 Card Was Mailed To Me
YSC1790171870 Case Was Received
YSC1790171871 Case Was Received
YSC1790171872 Card Was Mailed To Me
YSC1790171873 Card Was Mailed To Me
YSC1790171874 Card Was Mailed To Me
YSC1790171875 Case Was Received
YSC1790171876 Card Was Mailed To Me
YSC1790171877 Case Was Received
YSC1790171878 Card Was Mailed To Me
YSC1790171879 Card Was Mailed To Me
YSC1790171880 Card Was Mailed To Me
YSC1790171881 Card Was Mailed To Me
YSC1790171882 Card Was Mailed To Me
YSC1790171883 Case Was Received
YSC1790171884 Card Was Mailed To Me
YSC1790171885 Card Was Mailed To Me
YSC1790171886 Card Was Mailed To Me
YSC1790171887 Card Was Mailed To Me
YSC1790171888 Card Was Mailed To Me
YSC1790171889 New Card Is Being Produced
YSC1790171890 Card Was Mailed To Me
YSC1790171891 Card Was Mailed To Me
YSC1790171892 Case Was Received
YSC1790171893 Case Was Received
YSC1790171894 Card Was Mailed To Me
YSC1790171895 Card Was Mailed To Me
YSC1790171896 Card Was Mailed To Me
YSC1790171897 Card Was Mailed To Me
YSC1790171898 Card Was Mailed To Me
YSC1790171899 Card Was Mailed To Me
YSC1790171900 Card Was Mailed To Me
YSC1790171901 Card Was Mailed To Me
YSC1790171902 Case Was Received
YSC1790171903 Card Was Mailed To Me
YSC1790171904 Card Was Mailed To Me
YSC1790171905 Card Was Mailed To Me
YSC1790171906 Case Was Received
YSC1790171907 Request for Initial Evidence Was Mailed
YSC1790171908 Card Was Mailed To Me
YSC1790171909 Case Was Received
YSC1790171910 Card Was Mailed To Me
YSC1790171911 Request for Initial Evidence Was Mailed
YSC1790171912 Request for Initial Evidence Was Mailed
YSC1790171913 Card Was Mailed To Me
YSC1790171914 Card Was Mailed To Me
YSC1790171915 Card Was Mailed To Me
YSC1790171916 New Card Is Being Produced
YSC1790171917 Card Was Mailed To Me
YSC1790171918 Card Was Mailed To Me
YSC1790171919 Card Was Mailed To Me
YSC1790171920 Card Was Mailed To Me
YSC1790171921 Card Was Mailed To Me
YSC1790171922 Card Was Mailed To Me
YSC1790171923 Card Was Mailed To Me
YSC1790171924 Card Was Mailed To Me
YSC1790171925 Card Was Mailed To Me
YSC1790171926 Card Was Mailed To Me
YSC1790171927 Card Was Mailed To Me
YSC1790171928 Card Was Mailed To Me
YSC1790171929 Card Was Mailed To Me
YSC1790171930 Card Was Mailed To Me
YSC1790171931 Request for Initial Evidence Was Mailed
YSC1790171932 Notice Was Returned To USCIS Because The Post Office Could Not Deliver It
YSC1790171933 Case Was Received
YSC1790171934 Card Was Mailed To Me
YSC1790171935 Card Was Mailed To Me
YSC1790171936 Card Was Mailed To Me
YSC1790171937 Card Was Mailed To Me
YSC1790171938 Request for Initial Evidence Was Mailed
YSC1790171939 Card Was Mailed To Me
YSC1790171940 Case Was Received
YSC1790171941 Card Was Mailed To Me
YSC1790171942 Card Was Mailed To Me
YSC1790171943 Card Was Mailed To Me
YSC1790171944 Case Was Received
YSC1790171945 Case Was Received
YSC1790171946 Case Was Received
YSC1790171947 Case Was Received
YSC1790171948 Case Was Received
YSC1790171949 Card Was Mailed To Me
YSC1790171950 Case Was Received
YSC1790171951 Card Was Mailed To Me
YSC1790171952 Case Was Received
YSC1790171953 Case Rejected Because The Version Of The Form I Sent Is No Longer Accepted
YSC1790171954 Card Was Mailed To Me
YSC1790171955 New Card Is Being Produced
YSC1790171956 Card Was Mailed To Me
YSC1790171957 Case Rejected Because I Sent An Incorrect Fee
YSC1790171958 Request for Initial Evidence Was Mailed
YSC1790171959 Card Was Mailed To Me
YSC1790171960 Card Was Mailed To Me
YSC1790171961 Card Was Mailed To Me
YSC1790171962 Card Was Mailed To Me
YSC1790171963 Card Was Mailed To Me
YSC1790171964 Card Was Mailed To Me
YSC1790171965 Card Was Mailed To Me
YSC1790171966 Card Was Mailed To Me
YSC1790171967 Card Was Mailed To Me
YSC1790171968 Card Was Mailed To Me
YSC1790171969 Case Was Received
YSC1790171970 New Card Is Being Produced
YSC1790171971 Card Was Mailed To Me
YSC1790171972 Card Was Mailed To Me
YSC1790171973 Card Was Mailed To Me
YSC1790171974 Card Was Mailed To Me
YSC1790171975 Request for Initial Evidence Was Mailed
YSC1790171976 Case Was Received
YSC1790171977 Card Was Mailed To Me
YSC1790171978 New Card Is Being Produced
YSC1790171979 Case Was Received
YSC1790171980 Case Was Received
YSC1790171981 Card Was Mailed To Me
YSC1790171982 Request for Initial Evidence Was Mailed
YSC1790171983 New Card Is Being Produced
YSC1790171984 Case Was Received
YSC1790171985 Card Was Mailed To Me
YSC1790171986 Card Was Mailed To Me
YSC1790171987 Card Was Mailed To Me
YSC1790171988 Card Was Mailed To Me
YSC1790171989 Case Was Received
YSC1790171990 Card Was Mailed To Me
YSC1790171991 Card Was Mailed To Me
YSC1790171992 Card Was Mailed To Me
YSC1790171993 New Card Is Being Produced
YSC1790171994 Card Was Mailed To Me
YSC1790171995 Card Was Mailed To Me
YSC1790171996 Card Was Mailed To Me
YSC1790171997 Card Was Mailed To Me
YSC1790171998 Card Was Mailed To Me
YSC1790171999 Card Was Mailed To Me
YSC1790172000 Card Was Mailed To Me