YSC1790179000 Case Was Received
YSC1790179001 Case Was Received
YSC1790179002 Case Was Received
YSC1790179003 Case Was Received
YSC1790179004 Case Was Received
YSC1790179005 Card Was Mailed To Me
YSC1790179006 Case Was Received
YSC1790179007 Case Was Received
YSC1790179008 Case Was Received
YSC1790179009 Case Was Received
YSC1790179010 Case Was Received
YSC1790179011 Case Was Received
YSC1790179012 Case Was Received
YSC1790179013 Case Was Received
YSC1790179014 Name Was Updated
YSC1790179015 Case Was Received
YSC1790179016 Card Was Mailed To Me
YSC1790179017 Case Was Received
YSC1790179018 New Card Is Being Produced
YSC1790179019 New Card Is Being Produced
YSC1790179020 Case Was Received
YSC1790179021 New Card Is Being Produced
YSC1790179022 Case Was Received
YSC1790179023 Case Was Received
YSC1790179024 Case Was Received
YSC1790179025 Case Was Received
YSC1790179026 Card Was Mailed To Me
YSC1790179027 Case Was Received
YSC1790179028 Case Was Received
YSC1790179029 Case Was Received
YSC1790179030 Card Was Mailed To Me
YSC1790179031 Case Was Received
YSC1790179032 Card Was Mailed To Me
YSC1790179033 Case Was Received
YSC1790179034 New Card Is Being Produced
YSC1790179035 Case Was Received
YSC1790179036 Case Was Received
YSC1790179037 Case Was Received
YSC1790179038 Case Was Received
YSC1790179039 Case Was Received
YSC1790179040 Card Was Mailed To Me
YSC1790179041 New Card Is Being Produced
YSC1790179042 Card Was Mailed To Me
YSC1790179043 Card Was Mailed To Me
YSC1790179044 Card Was Mailed To Me
YSC1790179045 Case Was Received
YSC1790179046 Case Was Received
YSC1790179047 Case Was Received
YSC1790179048 Case Was Received
YSC1790179049 Case Was Received
YSC1790179050 Case Was Received
YSC1790179051 Case Was Received
YSC1790179052 Case Was Received
YSC1790179053 Case Was Received
YSC1790179054 Case Was Received
YSC1790179055 Case Was Received
YSC1790179056 New Card Is Being Produced
YSC1790179057 Case Was Received
YSC1790179058 New Card Is Being Produced
YSC1790179059 Case Was Received
YSC1790179060 Case Was Received
YSC1790179061 Case Was Received
YSC1790179062 Case Was Received
YSC1790179063 Case Was Received
YSC1790179064 Case Was Received
YSC1790179065 Case Was Received
YSC1790179066 New Card Is Being Produced
YSC1790179067 Case Was Received
YSC1790179068 Case Was Received
YSC1790179069 Case Was Received
YSC1790179070 New Card Is Being Produced
YSC1790179071 Case Was Received
YSC1790179072 Case Was Received
YSC1790179073 Case Was Received
YSC1790179074 Case Was Received
YSC1790179075 Case Was Received
YSC1790179076 New Card Is Being Produced
YSC1790179077 Case Was Received
YSC1790179078 Case Was Received
YSC1790179079 Case Was Received
YSC1790179080 Case Was Received
YSC1790179081 Case Was Received
YSC1790179082 Case Was Received
YSC1790179083 New Card Is Being Produced
YSC1790179084 Case Was Received
YSC1790179085 Case Was Received
YSC1790179086 Case Was Received
YSC1790179087 Case Was Received
YSC1790179088 Case Was Received
YSC1790179089 Card Was Mailed To Me
YSC1790179090 Case Was Received
YSC1790179091 Card Was Mailed To Me
YSC1790179092 Case Was Received
YSC1790179093 Case Was Received
YSC1790179094 New Card Is Being Produced
YSC1790179095 Case Was Received
YSC1790179096 Case Was Received
YSC1790179097 Case Was Received
YSC1790179098 Case Was Received
YSC1790179099 Case Was Received
YSC1790179100 Case Was Received
YSC1790179101 Case Was Received
YSC1790179102 New Card Is Being Produced
YSC1790179103 Case Was Received
YSC1790179104 Case Was Received
YSC1790179105 Case Was Received
YSC1790179106 Case Was Received
YSC1790179107 Case Was Received
YSC1790179108 Case Was Received
YSC1790179109 Case Was Received
YSC1790179110 Case Was Received
YSC1790179111 Case Was Received
YSC1790179112 Card Was Mailed To Me
YSC1790179113 Card Was Mailed To Me
YSC1790179114 Case Was Received
YSC1790179115 Case Was Received
YSC1790179116 Case Was Received
YSC1790179117 Case Was Received
YSC1790179118 Case Was Received
YSC1790179119 Case Was Received
YSC1790179120 Case Was Received
YSC1790179121 Case Was Received
YSC1790179122 Card Was Mailed To Me
YSC1790179123 Case Was Received
YSC1790179124 Case Was Received
YSC1790179125 Case Was Received
YSC1790179126 Card Was Mailed To Me
YSC1790179127 Case Was Received
YSC1790179128 Case Was Received
YSC1790179129 Case Was Received
YSC1790179130 Case Was Received
YSC1790179131 New Card Is Being Produced
YSC1790179132 Notice Was Returned To USCIS Because The Post Office Could Not Deliver It
YSC1790179133 Case Was Received
YSC1790179134 Case Was Received
YSC1790179135 Card Was Mailed To Me
YSC1790179136 Case Was Received
YSC1790179137 Case Was Received
YSC1790179138 Notice Was Returned To USCIS Because The Post Office Could Not Deliver It
YSC1790179139 Case Was Received
YSC1790179140 Card Was Mailed To Me
YSC1790179141 Case Was Received
YSC1790179142 Case Was Received
YSC1790179143 Case Was Approved
YSC1790179144 Case Was Received
YSC1790179145 Case Was Received
YSC1790179146 Case Was Received
YSC1790179147 Case Was Received
YSC1790179148 Case Was Received
YSC1790179149 Case Was Received
YSC1790179150 Case Was Received
YSC1790179151 Case Was Received
YSC1790179152 Case Was Received
YSC1790179153 Case Was Received
YSC1790179154 New Card Is Being Produced
YSC1790179155 Case Was Received
YSC1790179156 Case Was Received
YSC1790179157 Case Was Received
YSC1790179158 Case Was Received
YSC1790179159 Case Was Received
YSC1790179160 Case Was Received
YSC1790179161 Case Was Received
YSC1790179162 Case Was Received
YSC1790179163 Case Was Received
YSC1790179164 Case Was Received
YSC1790179165 Case Was Received
YSC1790179166 Case Was Received
YSC1790179167 Case Was Received
YSC1790179168 Case Was Received
YSC1790179169 Case Was Received
YSC1790179170 Case Was Received
YSC1790179171 Case Was Received
YSC1790179172 Case Was Received
YSC1790179173 Case Was Received
YSC1790179174 Correspondence Was Received And USCIS Is Reviewing It
YSC1790179175 Case Was Received
YSC1790179176 Case Was Received
YSC1790179177 Card Was Mailed To Me
YSC1790179178 Case Was Received
YSC1790179179 Card Was Mailed To Me
YSC1790179180 Case Was Received
YSC1790179181 Case Was Received
YSC1790179182 Case Was Approved
YSC1790179183 Card Was Mailed To Me
YSC1790179184 Case Was Received
YSC1790179185 Card Was Mailed To Me
YSC1790179186 Case Was Received
YSC1790179187 Card Was Mailed To Me
YSC1790179188 Case Was Received
YSC1790179189 Name Was Updated
YSC1790179190 Case Was Received
YSC1790179191 Case Was Received
YSC1790179192 Case Was Received
YSC1790179193 Case Was Received
YSC1790179194 Case Was Received
YSC1790179195 Case Was Received
YSC1790179196 Case Was Received
YSC1790179197 Case Was Received
YSC1790179198 Case Was Received
YSC1790179199 Case Was Received
YSC1790179200 Case Was Received
YSC1790179201 Name Was Updated
YSC1790179202 Case Was Received
YSC1790179203 Case Was Received
YSC1790179204 Case Was Received
YSC1790179205 Case Was Received
YSC1790179206 Case Was Received
YSC1790179207 Case Was Received
YSC1790179208 Case Was Received
YSC1790179209 Case Was Approved
YSC1790179210 Case Was Received
YSC1790179211 Case Was Received
YSC1790179212 Case Was Received
YSC1790179213 Case Was Received
YSC1790179214 Case Was Received
YSC1790179215 Case Was Received
YSC1790179216 New Card Is Being Produced
YSC1790179217 Case Was Received
YSC1790179218 Case Was Received
YSC1790179219 Case Was Received
YSC1790179220 Case Was Received
YSC1790179221 Case Was Received
YSC1790179222 New Card Is Being Produced
YSC1790179223 Case Was Received
YSC1790179224 Case Was Received
YSC1790179225 Case Was Received
YSC1790179226 Card Was Mailed To Me
YSC1790179227 Case Was Received
YSC1790179228 Case Was Received
YSC1790179229 Card Was Mailed To Me
YSC1790179230 Card Was Mailed To Me
YSC1790179231 Card Was Mailed To Me
YSC1790179232 Case Was Received
YSC1790179233 Card Was Mailed To Me
YSC1790179234 New Card Is Being Produced
YSC1790179235 Case Was Received
YSC1790179236 Case Was Received
YSC1790179237 Case Was Received
YSC1790179238 Case Was Received
YSC1790179239 Case Was Received
YSC1790179240 Card Was Mailed To Me
YSC1790179241 Case Was Received
YSC1790179242 Card Was Mailed To Me
YSC1790179243 Name Was Updated
YSC1790179244 Case Was Received
YSC1790179245 Case Was Received
YSC1790179246 New Card Is Being Produced
YSC1790179247 Case Was Received
YSC1790179248 Case Was Received
YSC1790179249 Case Was Received
YSC1790179250 Case Was Approved
YSC1790179251 New Card Is Being Produced
YSC1790179252 Case Was Received
YSC1790179253 New Card Is Being Produced
YSC1790179254 Case Was Received
YSC1790179255 Case Was Received
YSC1790179256 New Card Is Being Produced
YSC1790179257 Case Was Received
YSC1790179258 New Card Is Being Produced
YSC1790179259 Case Was Received
YSC1790179260 Case Was Received
YSC1790179261 Case Was Received
YSC1790179262 Case Was Received
YSC1790179263 Case Was Received
YSC1790179264 Case Was Received
YSC1790179265 Case Was Received
YSC1790179266 Case Was Received
YSC1790179267 Case Was Received
YSC1790179268 Case Was Received
YSC1790179269 Case Was Received
YSC1790179270 Case Was Received
YSC1790179271 New Card Is Being Produced
YSC1790179272 Case Was Received
YSC1790179273 Case Was Received
YSC1790179274 Case Was Received
YSC1790179275 Case Was Received
YSC1790179276 Case Was Received
YSC1790179277 Case Was Received
YSC1790179278 Card Was Mailed To Me
YSC1790179279 Case Was Received
YSC1790179280 Case Was Received
YSC1790179281 Case Was Received
YSC1790179282 Case Was Received
YSC1790179283 Case Was Received
YSC1790179284 Case Was Received
YSC1790179285 Case Was Received
YSC1790179286 Case Was Received
YSC1790179287 Case Was Received
YSC1790179288 Case Was Received
YSC1790179289 Case Was Received
YSC1790179290 Case Was Received
YSC1790179291 Case Was Received
YSC1790179292 Case Was Received
YSC1790179293 Case Was Received
YSC1790179294 Case Was Received
YSC1790179295 Case Was Received
YSC1790179296 Case Was Received
YSC1790179297 Case Was Approved
YSC1790179298 Case Was Received
YSC1790179299 Case Was Received
YSC1790179300 Case Was Received
YSC1790179301 Case Was Received
YSC1790179302 New Card Is Being Produced
YSC1790179303 Case Was Received
YSC1790179304 New Card Is Being Produced
YSC1790179305 Case Was Received
YSC1790179306 New Card Is Being Produced
YSC1790179307 Case Was Received
YSC1790179308 Card Was Mailed To Me
YSC1790179309 Case Was Received
YSC1790179310 Case Was Received
YSC1790179311 Case Was Received
YSC1790179312 Case Was Received
YSC1790179313 Case Was Approved
YSC1790179314 Case Was Received
YSC1790179315 Case Was Received
YSC1790179316 Case Was Received
YSC1790179317 Notice Was Returned To USCIS Because The Post Office Could Not Deliver It
YSC1790179318 Case Was Received
YSC1790179319 Case Was Received
YSC1790179320 Case Was Received
YSC1790179321 Case Was Received
YSC1790179322 Case Was Received
YSC1790179323 Card Was Mailed To Me
YSC1790179324 Case Was Received
YSC1790179325 Case Was Received
YSC1790179326 Case Was Received
YSC1790179327 Card Was Mailed To Me
YSC1790179328 Case Was Received
YSC1790179329 Case Was Received
YSC1790179330 Case Was Received
YSC1790179331 Case Was Received
YSC1790179332 Case Was Received
YSC1790179333 Case Was Received
YSC1790179334 Case Was Received
YSC1790179335 Case Was Received
YSC1790179336 Case Was Received
YSC1790179337 Case Was Received
YSC1790179338 Case Was Received
YSC1790179339 Case Was Received
YSC1790179340 Case Was Received
YSC1790179341 Case Was Received
YSC1790179342 Case Was Received
YSC1790179343 Case Was Received
YSC1790179344 Case Was Received
YSC1790179345 Case Was Received
YSC1790179346 Case Was Received
YSC1790179347 Case Was Received
YSC1790179348 Case Was Received
YSC1790179349 Case Was Received
YSC1790179350 Case Was Received
YSC1790179351 Case Was Received
YSC1790179352 Case Was Received
YSC1790179353 Case Was Received
YSC1790179354 Case Was Received
YSC1790179355 New Card Is Being Produced
YSC1790179356 Case Was Received
YSC1790179357 Case Was Received
YSC1790179358 Card Was Mailed To Me
YSC1790179359 Case Was Received
YSC1790179360 Case Was Received
YSC1790179361 Case Was Received
YSC1790179362 Case Was Received
YSC1790179363 Case Was Received
YSC1790179364 New Card Is Being Produced
YSC1790179365 Case Was Received
YSC1790179366 Case Was Approved
YSC1790179367 Case Was Received
YSC1790179368 Case Was Received
YSC1790179369 Case Was Received
YSC1790179370 Case Was Received
YSC1790179371 Case Was Received
YSC1790179372 Case Was Approved
YSC1790179373 Case Was Received
YSC1790179374 Case Was Received
YSC1790179375 Case Was Received
YSC1790179376 Case Was Received
YSC1790179377 Case Was Received
YSC1790179378 Case Was Received
YSC1790179379 Case Was Approved
YSC1790179380 Case Was Received
YSC1790179381 Case Was Approved
YSC1790179382 Case Was Received
YSC1790179383 Case Was Received
YSC1790179384 Case Was Received
YSC1790179385 Notice Was Returned To USCIS Because The Post Office Could Not Deliver It
YSC1790179386 Card Was Mailed To Me
YSC1790179387 Case Was Received
YSC1790179388 Case Was Received
YSC1790179389 Correspondence Was Received And USCIS Is Reviewing It
YSC1790179390 Case Was Received
YSC1790179391 Case Was Received
YSC1790179392 Case Was Received
YSC1790179393 Case Was Received
YSC1790179394 Card Was Mailed To Me
YSC1790179395 Case Was Received
YSC1790179396 Case Was Received
YSC1790179397 Card Was Mailed To Me
YSC1790179398 Case Was Received
YSC1790179399 New Card Is Being Produced
YSC1790179400 Card Was Mailed To Me
YSC1790179401 Case Was Received
YSC1790179402 New Card Is Being Produced
YSC1790179403 Case Was Received
YSC1790179404 Case Was Received
YSC1790179405 Case Was Received
YSC1790179406 Case Was Received
YSC1790179407 Case Was Received
YSC1790179408 Case Was Received
YSC1790179409 Case Was Received
YSC1790179410 Case Was Received
YSC1790179411 Case Was Received
YSC1790179412 Case Was Received
YSC1790179413 Case Was Received
YSC1790179414 Notice Was Returned To USCIS Because The Post Office Could Not Deliver It
YSC1790179415 Case Was Received
YSC1790179416 Case Was Received
YSC1790179417 Case Was Received
YSC1790179418 Case Was Received
YSC1790179419 Case Was Received
YSC1790179420 Case Was Received
YSC1790179421 New Card Is Being Produced
YSC1790179422 Case Was Received
YSC1790179423 Case Was Received
YSC1790179424 Case Was Received
YSC1790179425 Case Was Received
YSC1790179426 Case Was Received
YSC1790179427 Case Was Received
YSC1790179428 Case Was Received
YSC1790179429 Case Was Received
YSC1790179430 Case Was Received
YSC1790179431 Case Was Received
YSC1790179432 Case Was Received
YSC1790179433 Case Was Received
YSC1790179434 Card Was Mailed To Me
YSC1790179435 Case Was Received
YSC1790179436 Case Was Received
YSC1790179437 Case Was Received
YSC1790179438 Case Was Received
YSC1790179439 Case Was Received
YSC1790179440 Case Was Received
YSC1790179441 Case Was Received
YSC1790179442 Case Was Received
YSC1790179443 Case Was Received
YSC1790179444 Case Was Received
YSC1790179445 New Card Is Being Produced
YSC1790179446 Case Was Received
YSC1790179447 Name Was Updated
YSC1790179448 Case Was Received
YSC1790179449 Case Was Received
YSC1790179450 Case Was Received
YSC1790179451 Case Was Received
YSC1790179452 Case Was Received
YSC1790179453 Case Was Received
YSC1790179454 Case Was Received
YSC1790179455 Case Was Received
YSC1790179456 Case Was Received
YSC1790179457 New Card Is Being Produced
YSC1790179458 Case Was Received
YSC1790179459 Case Was Received
YSC1790179460 Case Was Received
YSC1790179461 Notice Was Returned To USCIS Because The Post Office Could Not Deliver It
YSC1790179462 Case Was Received
YSC1790179463 Case Was Received
YSC1790179464 Case Was Received
YSC1790179465 Notice Was Returned To USCIS Because The Post Office Could Not Deliver It
YSC1790179466 Case Was Received
YSC1790179467 Case Was Received
YSC1790179468 Case Was Received
YSC1790179469 Case Was Received
YSC1790179470 Case Was Received
YSC1790179471 Case Was Received
YSC1790179472 Notice Was Returned To USCIS Because The Post Office Could Not Deliver It
YSC1790179473 Case Was Received
YSC1790179474 Case Was Received
YSC1790179475 Case Was Received
YSC1790179476 Case Was Received
YSC1790179477 Case Was Received
YSC1790179478 Case Was Received
YSC1790179479 New Card Is Being Produced
YSC1790179480 Case Was Received
YSC1790179481 Card Was Mailed To Me
YSC1790179482 New Card Is Being Produced
YSC1790179483 Case Was Received
YSC1790179484 Case Was Received
YSC1790179485 Card Was Mailed To Me
YSC1790179486 Case Was Received
YSC1790179487 Case Was Received
YSC1790179488 New Card Is Being Produced
YSC1790179489 Case Was Received
YSC1790179490 Case Was Received
YSC1790179491 Case Was Received
YSC1790179492 Case Was Received
YSC1790179493 Case Was Received
YSC1790179494 Notice Was Returned To USCIS Because The Post Office Could Not Deliver It
YSC1790179495 Case Was Received
YSC1790179496 Case Was Received
YSC1790179497 New Card Is Being Produced
YSC1790179498 Case Was Received
YSC1790179499 Case Was Received
YSC1790179500 Case Was Received