YSC1790172000 Card Was Mailed To Me
YSC1790172001 Card Was Mailed To Me
YSC1790172002 Card Was Mailed To Me
YSC1790172003 Card Was Mailed To Me
YSC1790172004 Card Was Mailed To Me
YSC1790172005 Card Was Mailed To Me
YSC1790172006 Card Was Mailed To Me
YSC1790172007 Card Was Mailed To Me
YSC1790172008 Card Was Mailed To Me
YSC1790172009 Card Was Mailed To Me
YSC1790172010 Card Was Mailed To Me
YSC1790172011 Card Was Mailed To Me
YSC1790172012 Request for Initial Evidence Was Mailed
YSC1790172013 Card Was Mailed To Me
YSC1790172014 Card Was Mailed To Me
YSC1790172015 Card Was Mailed To Me
YSC1790172016 Card Was Mailed To Me
YSC1790172017 Card Was Mailed To Me
YSC1790172018 Card Was Mailed To Me
YSC1790172019 Card Was Mailed To Me
YSC1790172020 Card Was Mailed To Me
YSC1790172021 Card Was Mailed To Me
YSC1790172022 Card Was Mailed To Me
YSC1790172023 Card Was Mailed To Me
YSC1790172024 New Card Is Being Produced
YSC1790172025 New Card Is Being Produced
YSC1790172026 Card Was Mailed To Me
YSC1790172027 Card Was Mailed To Me
YSC1790172028 Decision Notice Mailed
YSC1790172029 Card Was Mailed To Me
YSC1790172030 Card Was Mailed To Me
YSC1790172031 Card Was Mailed To Me
YSC1790172032 Card Was Mailed To Me
YSC1790172033 Card Was Mailed To Me
YSC1790172034 Card Was Mailed To Me
YSC1790172035 Card Was Mailed To Me
YSC1790172036 Card Was Mailed To Me
YSC1790172037 Request for Initial Evidence Was Mailed
YSC1790172038 New Card Is Being Produced
YSC1790172039 Card Was Mailed To Me
YSC1790172040 Case Was Received
YSC1790172041 Card Was Mailed To Me
YSC1790172042 Card Was Mailed To Me
YSC1790172043 Case Was Received
YSC1790172044 Card Was Mailed To Me
YSC1790172045 Card Was Mailed To Me
YSC1790172046 Card Was Mailed To Me
YSC1790172047 Case Was Received
YSC1790172048 Card Was Mailed To Me
YSC1790172049 Card Was Mailed To Me
YSC1790172050 Case Was Received
YSC1790172051 Card Was Mailed To Me
YSC1790172052 Card Was Mailed To Me
YSC1790172053 New Card Is Being Produced
YSC1790172054 Card Was Mailed To Me
YSC1790172055 Request for Initial Evidence Was Mailed
YSC1790172056 Card Was Mailed To Me
YSC1790172057 Card Was Mailed To Me
YSC1790172058 Case Was Received
YSC1790172059 Case Was Received
YSC1790172060 Case Was Received
YSC1790172061 Card Was Mailed To Me
YSC1790172062 Card Was Mailed To Me
YSC1790172063 Card Was Mailed To Me
YSC1790172064 Card Was Mailed To Me
YSC1790172065 Case Was Received
YSC1790172066 Case Was Received
YSC1790172067 Card Was Mailed To Me
YSC1790172068 Card Was Mailed To Me
YSC1790172069 New Card Is Being Produced
YSC1790172070 New Card Is Being Produced
YSC1790172071 New Card Is Being Produced
YSC1790172072 Card Was Mailed To Me
YSC1790172073 Card Was Mailed To Me
YSC1790172074 Card Was Mailed To Me
YSC1790172075 Card Was Mailed To Me
YSC1790172076 Decision Notice Mailed
YSC1790172077 Card Was Mailed To Me
YSC1790172078 Card Was Mailed To Me
YSC1790172079 Card Was Mailed To Me
YSC1790172080 Card Was Mailed To Me
YSC1790172081 Card Was Mailed To Me
YSC1790172082 Card Was Mailed To Me
YSC1790172083 Card Was Mailed To Me
YSC1790172084 Card Was Mailed To Me
YSC1790172085 Card Was Mailed To Me
YSC1790172086 Card Was Mailed To Me
YSC1790172087 Card Was Mailed To Me
YSC1790172088 Case Was Approved
YSC1790172089 Card Was Mailed To Me
YSC1790172090 Card Was Mailed To Me
YSC1790172091 Card Was Mailed To Me
YSC1790172092 Card Was Mailed To Me
YSC1790172093 Case Was Received
YSC1790172094 Card Was Mailed To Me
YSC1790172095 Card Was Mailed To Me
YSC1790172096 Withdrawal Acknowledgement Notice Was Sent
YSC1790172097 Card Was Mailed To Me
YSC1790172098 Card Was Mailed To Me
YSC1790172099 New Card Is Being Produced
YSC1790172100 Card Was Mailed To Me
YSC1790172101 Card Was Mailed To Me
YSC1790172102 Card Was Mailed To Me
YSC1790172103 Card Was Mailed To Me
YSC1790172104 Card Was Mailed To Me
YSC1790172105 Card Was Mailed To Me
YSC1790172106 Card Was Mailed To Me
YSC1790172107 Card Was Mailed To Me
YSC1790172108 Card Was Mailed To Me
YSC1790172109 Case Was Received
YSC1790172110 Case Was Received
YSC1790172111 Case Was Received
YSC1790172112 Case Was Received
YSC1790172113 Case Was Received
YSC1790172114 Case Was Received
YSC1790172115 Case Was Received
YSC1790172116 Case Was Received
YSC1790172117 Case Was Received
YSC1790172118 Case Was Received
YSC1790172119 Case Was Received
YSC1790172120 Card Was Mailed To Me
YSC1790172121 Request for Initial Evidence Was Mailed
YSC1790172122 Card Was Mailed To Me
YSC1790172123 Card Was Mailed To Me
YSC1790172124 Card Was Mailed To Me
YSC1790172125 Card Was Mailed To Me
YSC1790172126 Card Was Mailed To Me
YSC1790172127 Card Was Mailed To Me
YSC1790172128 Card Was Mailed To Me
YSC1790172129 New Card Is Being Produced
YSC1790172130 New Card Is Being Produced
YSC1790172131 Case Was Received
YSC1790172132 Card Was Mailed To Me
YSC1790172133 Card Was Mailed To Me
YSC1790172134 New Card Is Being Produced
YSC1790172135 Card Was Mailed To Me
YSC1790172136 Card Was Mailed To Me
YSC1790172137 Request for Initial Evidence Was Mailed
YSC1790172138 Card Was Mailed To Me
YSC1790172139 New Card Is Being Produced
YSC1790172140 Case Was Received
YSC1790172141 New Card Is Being Produced
YSC1790172142 Card Was Mailed To Me
YSC1790172143 Case Was Received
YSC1790172144 Card Was Mailed To Me
YSC1790172145 Card Was Mailed To Me
YSC1790172146 Card Was Mailed To Me
YSC1790172147 Card Was Mailed To Me
YSC1790172148 Card Was Mailed To Me
YSC1790172149 Case Was Received
YSC1790172150 Card Was Mailed To Me
YSC1790172151 Card Was Mailed To Me
YSC1790172152 Card Was Mailed To Me
YSC1790172153 Card Was Mailed To Me
YSC1790172154 Card Was Mailed To Me
YSC1790172155 Case Was Received
YSC1790172156 Case Was Received
YSC1790172157 Case Was Received
YSC1790172158 Correspondence Was Received And USCIS Is Reviewing It
YSC1790172159 Case Was Received
YSC1790172160 Case Was Received
YSC1790172161 Case Was Received
YSC1790172162 Case Was Received
YSC1790172163 Case Was Received
YSC1790172164 Case Was Received
YSC1790172165 Case Was Received
YSC1790172166 Case Was Received
YSC1790172167 Case Was Received
YSC1790172168 Case Was Received
YSC1790172169 Case Was Received
YSC1790172170 Card Was Mailed To Me
YSC1790172171 Card Was Mailed To Me
YSC1790172172 Decision Notice Mailed
YSC1790172173 Card Was Mailed To Me
YSC1790172174 New Card Is Being Produced
YSC1790172175 Card Was Mailed To Me
YSC1790172176 Card Was Mailed To Me
YSC1790172177 Card Was Mailed To Me
YSC1790172178 Card Was Mailed To Me
YSC1790172179 Card Was Mailed To Me
YSC1790172180 Case Was Received
YSC1790172181 Card Was Mailed To Me
YSC1790172182 Card Was Mailed To Me
YSC1790172183 Card Was Mailed To Me
YSC1790172184 New Card Is Being Produced
YSC1790172185 New Card Is Being Produced
YSC1790172186 Card Was Mailed To Me
YSC1790172187 Case Was Received
YSC1790172188 Card Was Mailed To Me
YSC1790172189 New Card Is Being Produced
YSC1790172190 Card Was Mailed To Me
YSC1790172191 Card Was Mailed To Me
YSC1790172192 New Card Is Being Produced
YSC1790172193 Card Was Mailed To Me
YSC1790172194 Case Was Received
YSC1790172195 Case Was Received
YSC1790172196 Card Was Mailed To Me
YSC1790172197 Card Was Mailed To Me
YSC1790172198 Card Was Mailed To Me
YSC1790172199 Card Was Mailed To Me
YSC1790172200 New Card Is Being Produced
YSC1790172201 Case Was Received
YSC1790172202 New Card Is Being Produced
YSC1790172203 Card Was Mailed To Me
YSC1790172204 Card Was Mailed To Me
YSC1790172205 Case Was Received
YSC1790172206 New Card Is Being Produced
YSC1790172207 Request for Initial Evidence Was Mailed
YSC1790172208 Case Was Received
YSC1790172209 Card Was Mailed To Me
YSC1790172210 Card Was Mailed To Me
YSC1790172211 Card Was Mailed To Me
YSC1790172212 Card Was Mailed To Me
YSC1790172213 Card Was Mailed To Me
YSC1790172214 Request for Initial Evidence Was Mailed
YSC1790172215 Case Was Received
YSC1790172216 Card Was Mailed To Me
YSC1790172217 Card Was Mailed To Me
YSC1790172218 Card Was Mailed To Me
YSC1790172219 New Card Is Being Produced
YSC1790172220 Card Was Mailed To Me
YSC1790172221 Card Was Mailed To Me
YSC1790172222 Request for Initial Evidence Was Mailed
YSC1790172223 Card Was Mailed To Me
YSC1790172224 Card Was Mailed To Me
YSC1790172225 Card Was Mailed To Me
YSC1790172226 New Card Is Being Produced
YSC1790172227 Card Was Mailed To Me
YSC1790172228 Card Was Mailed To Me
YSC1790172229 Card Was Mailed To Me
YSC1790172230 Card Was Mailed To Me
YSC1790172231 Card Was Mailed To Me
YSC1790172232 Case Was Received
YSC1790172233 Card Was Mailed To Me
YSC1790172234 Case Was Received
YSC1790172235 Card Was Mailed To Me
YSC1790172236 Withdrawal Acknowledgement Notice Was Sent
YSC1790172237 Card Was Mailed To Me
YSC1790172238 Card Was Mailed To Me
YSC1790172239 Card Was Mailed To Me
YSC1790172240 Card Was Mailed To Me
YSC1790172241 Card Was Mailed To Me
YSC1790172242 Request for Initial Evidence Was Mailed
YSC1790172243 Card Was Mailed To Me
YSC1790172244 Card Was Mailed To Me
YSC1790172245 Card Was Mailed To Me
YSC1790172246 Card Was Mailed To Me
YSC1790172247 New Card Is Being Produced
YSC1790172248 Card Was Mailed To Me
YSC1790172249 New Card Is Being Produced
YSC1790172250 Case Was Received
YSC1790172251 Card Was Mailed To Me
YSC1790172252 Card Was Mailed To Me
YSC1790172253 Card Was Mailed To Me
YSC1790172254 Card Was Mailed To Me
YSC1790172255 Card Was Mailed To Me
YSC1790172256 Card Was Mailed To Me
YSC1790172257 Card Was Mailed To Me
YSC1790172258 Card Was Mailed To Me
YSC1790172259 Card Was Mailed To Me
YSC1790172260 Case Was Received
YSC1790172261 Card Was Mailed To Me
YSC1790172262 Card Was Mailed To Me
YSC1790172263 New Card Is Being Produced
YSC1790172264 Card Was Mailed To Me
YSC1790172265 Card Was Mailed To Me
YSC1790172266 Card Was Mailed To Me
YSC1790172267 New Card Is Being Produced
YSC1790172268 Card Was Mailed To Me
YSC1790172269 Request for Initial Evidence Was Mailed
YSC1790172270 Card Was Mailed To Me
YSC1790172271 Card Was Mailed To Me
YSC1790172272 Card Was Mailed To Me
YSC1790172273 Card Was Mailed To Me
YSC1790172274 Card Was Mailed To Me
YSC1790172275 Case Was Received
YSC1790172276 Card Was Mailed To Me
YSC1790172277 Case Was Received
YSC1790172278 Card Was Mailed To Me
YSC1790172279 Case Was Received
YSC1790172280 Card Was Mailed To Me
YSC1790172281 Card Was Mailed To Me
YSC1790172282 Case Was Received
YSC1790172283 Case Was Received
YSC1790172284 Card Was Mailed To Me
YSC1790172285 Card Was Mailed To Me
YSC1790172286 Card Was Mailed To Me
YSC1790172287 Card Was Mailed To Me
YSC1790172288 Card Was Mailed To Me
YSC1790172289 Card Was Mailed To Me
YSC1790172290 Card Was Mailed To Me
YSC1790172291 Card Was Mailed To Me
YSC1790172292 Card Was Mailed To Me
YSC1790172293 Card Was Mailed To Me
YSC1790172294 Case Was Received
YSC1790172295 Card Was Mailed To Me
YSC1790172296 Card Was Mailed To Me
YSC1790172297 Card Was Mailed To Me
YSC1790172298 Card Was Mailed To Me
YSC1790172299 Card Was Mailed To Me
YSC1790172300 New Card Is Being Produced
YSC1790172301 Case Was Received
YSC1790172302 New Card Is Being Produced
YSC1790172303 Card Was Mailed To Me
YSC1790172304 New Card Is Being Produced
YSC1790172305 Case Was Received
YSC1790172306 Card Was Mailed To Me
YSC1790172307 Card Was Mailed To Me
YSC1790172308 Card Was Mailed To Me
YSC1790172309 Case Was Received
YSC1790172310 Card Was Mailed To Me
YSC1790172311 Card Was Mailed To Me
YSC1790172312 Card Was Mailed To Me
YSC1790172313 Card Was Mailed To Me
YSC1790172314 Card Was Mailed To Me
YSC1790172315 Card Was Mailed To Me
YSC1790172316 Card Was Mailed To Me
YSC1790172317 Case Was Received
YSC1790172318 Card Was Mailed To Me
YSC1790172319 Card Was Mailed To Me
YSC1790172320 Card Was Mailed To Me
YSC1790172321 Card Was Mailed To Me
YSC1790172322 Card Was Mailed To Me
YSC1790172323 Card Was Mailed To Me
YSC1790172324 Card Was Mailed To Me
YSC1790172325 Card Was Mailed To Me
YSC1790172326 Card Was Mailed To Me
YSC1790172327 New Card Is Being Produced
YSC1790172328 Card Was Mailed To Me
YSC1790172329 Card Was Mailed To Me
YSC1790172330 Card Was Mailed To Me
YSC1790172331 Case Was Received
YSC1790172332 Card Was Mailed To Me
YSC1790172333 Card Was Mailed To Me
YSC1790172334 New Card Is Being Produced
YSC1790172335 Card Was Mailed To Me
YSC1790172336 Card Was Mailed To Me
YSC1790172337 Card Was Mailed To Me
YSC1790172338 Card Was Mailed To Me
YSC1790172339 Card Was Mailed To Me
YSC1790172340 Card Was Mailed To Me
YSC1790172341 Request for Initial Evidence Was Mailed
YSC1790172342 Card Was Mailed To Me
YSC1790172343 Card Was Mailed To Me
YSC1790172344 Card Was Mailed To Me
YSC1790172345 Card Was Mailed To Me
YSC1790172346 Card Was Mailed To Me
YSC1790172347 Card Was Mailed To Me
YSC1790172348 Card Was Mailed To Me
YSC1790172349 Card Was Mailed To Me
YSC1790172350 Card Was Mailed To Me
YSC1790172351 Card Was Mailed To Me
YSC1790172352 Card Was Mailed To Me
YSC1790172353 Request for Initial Evidence Was Mailed
YSC1790172354 Case Was Received
YSC1790172355 Card Was Mailed To Me
YSC1790172356 Card Was Mailed To Me
YSC1790172357 Case Was Received
YSC1790172358 Card Was Mailed To Me
YSC1790172359 Card Was Mailed To Me
YSC1790172360 New Card Is Being Produced
YSC1790172361 New Card Is Being Produced
YSC1790172362 Card Was Mailed To Me
YSC1790172363 New Card Is Being Produced
YSC1790172364 Card Was Mailed To Me
YSC1790172365 Card Was Mailed To Me
YSC1790172366 Card Was Mailed To Me
YSC1790172367 Card Was Mailed To Me
YSC1790172368 Card Was Mailed To Me
YSC1790172369 Case Was Received
YSC1790172370 Case Was Received
YSC1790172371 Card Was Mailed To Me
YSC1790172372 Case Was Received
YSC1790172373 Card Was Mailed To Me
YSC1790172374 Case Was Received
YSC1790172375 Card Was Mailed To Me
YSC1790172376 Card Was Mailed To Me
YSC1790172377 Card Was Mailed To Me
YSC1790172378 Card Was Mailed To Me
YSC1790172379 Card Was Mailed To Me
YSC1790172380 Card Was Mailed To Me
YSC1790172381 Case Was Received
YSC1790172382 Card Was Mailed To Me
YSC1790172383 Card Was Mailed To Me
YSC1790172384 Card Was Mailed To Me
YSC1790172385 Card Was Mailed To Me
YSC1790172386 Card Was Mailed To Me
YSC1790172387 New Card Is Being Produced
YSC1790172388 Card Was Mailed To Me
YSC1790172389 Card Was Mailed To Me
YSC1790172390 Card Was Mailed To Me
YSC1790172391 Card Was Mailed To Me
YSC1790172392 Card Was Mailed To Me
YSC1790172393 Card Was Mailed To Me
YSC1790172394 Card Was Mailed To Me
YSC1790172395 Card Was Mailed To Me
YSC1790172396 Case Was Received
YSC1790172397 Case Was Approved
YSC1790172398 New Card Is Being Produced
YSC1790172399 Case Was Approved
YSC1790172400 Card Was Mailed To Me
YSC1790172401 Card Was Mailed To Me
YSC1790172402 Card Was Mailed To Me
YSC1790172403 Card Was Mailed To Me
YSC1790172404 Name Was Updated
YSC1790172405 Card Was Mailed To Me
YSC1790172406 Card Was Mailed To Me
YSC1790172407 Card Was Mailed To Me
YSC1790172408 Card Was Mailed To Me
YSC1790172409 Card Was Mailed To Me
YSC1790172410 Card Was Mailed To Me
YSC1790172411 Card Was Mailed To Me
YSC1790172412 Card Was Mailed To Me
YSC1790172413 Card Was Mailed To Me
YSC1790172414 Card Was Mailed To Me
YSC1790172415 Card Was Mailed To Me
YSC1790172416 Card Was Mailed To Me
YSC1790172417 New Card Is Being Produced
YSC1790172418 Card Was Mailed To Me
YSC1790172419 Case Was Received
YSC1790172420 Case Was Received
YSC1790172421 Case Was Received
YSC1790172422 Case Was Received
YSC1790172423 Date of Birth Was Updated
YSC1790172424 Case Was Received
YSC1790172425 Case Was Received
YSC1790172426 Case Was Received
YSC1790172427 Case Was Received
YSC1790172428 Case Was Received
YSC1790172429 Case Was Received
YSC1790172430 Case Was Received
YSC1790172431 Case Was Received
YSC1790172432 Card Was Mailed To Me
YSC1790172433 Card Was Mailed To Me
YSC1790172434 Card Was Mailed To Me
YSC1790172435 Card Was Mailed To Me
YSC1790172436 Card Was Mailed To Me
YSC1790172437 Card Was Mailed To Me
YSC1790172438 Card Was Mailed To Me
YSC1790172439 Request for Initial Evidence Was Mailed
YSC1790172440 Card Was Mailed To Me
YSC1790172441 Card Was Mailed To Me
YSC1790172442 Card Was Mailed To Me
YSC1790172443 Case Was Received
YSC1790172444 Card Was Mailed To Me
YSC1790172445 Case Was Received
YSC1790172446 Card Was Mailed To Me
YSC1790172447 Card Was Mailed To Me
YSC1790172448 Card Was Mailed To Me
YSC1790172449 Card Was Mailed To Me
YSC1790172450 Card Was Mailed To Me
YSC1790172451 Card Was Mailed To Me
YSC1790172452 Case Was Received
YSC1790172453 Case Rejected Because The Version Of The Form I Sent Is No Longer Accepted
YSC1790172454 Case Rejected Because The Version Of The Form I Sent Is No Longer Accepted
YSC1790172455 Case Rejected Because The Version Of The Form I Sent Is No Longer Accepted
YSC1790172456 Case Rejected Because The Version Of The Form I Sent Is No Longer Accepted
YSC1790172457 Card Was Mailed To Me
YSC1790172458 Card Was Mailed To Me
YSC1790172459 Card Was Mailed To Me
YSC1790172460 Case Was Received
YSC1790172461 Request for Initial Evidence Was Mailed
YSC1790172462 Card Was Mailed To Me
YSC1790172463 Case Was Received
YSC1790172464 Card Was Mailed To Me
YSC1790172465 Card Was Mailed To Me
YSC1790172466 Card Was Mailed To Me
YSC1790172467 Card Was Mailed To Me
YSC1790172468 Card Was Mailed To Me
YSC1790172469 Card Was Mailed To Me
YSC1790172470 Card Was Mailed To Me
YSC1790172471 Card Was Mailed To Me
YSC1790172472 Duplicate Notice Was Mailed
YSC1790172473 Card Was Mailed To Me
YSC1790172474 Card Was Mailed To Me
YSC1790172475 Card Was Mailed To Me
YSC1790172476 Case Was Received
YSC1790172477 New Card Is Being Produced
YSC1790172478 Card Was Mailed To Me
YSC1790172479 Card Was Mailed To Me
YSC1790172480 Card Was Mailed To Me
YSC1790172481 Card Was Mailed To Me
YSC1790172482 Case Was Received
YSC1790172483 Card Was Mailed To Me
YSC1790172484 Card Was Mailed To Me
YSC1790172485 Case Was Received
YSC1790172486 Card Was Mailed To Me
YSC1790172487 Card Was Mailed To Me
YSC1790172488 Card Was Mailed To Me
YSC1790172489 Case Was Received
YSC1790172490 Card Was Mailed To Me
YSC1790172491 Case Was Received
YSC1790172492 Card Was Mailed To Me
YSC1790172493 Card Was Mailed To Me
YSC1790172494 Card Was Mailed To Me
YSC1790172495 Card Was Mailed To Me
YSC1790172496 Card Was Mailed To Me
YSC1790172497 Card Was Mailed To Me
YSC1790172498 Card Was Mailed To Me
YSC1790172499 Card Was Mailed To Me
YSC1790172500 Card Was Mailed To Me