YSC1790182500 Case Was Received
YSC1790182501 Case Rejected Because The Version Of The Form I Sent Is No Longer Accepted
YSC1790182502 Case Rejected Because I Sent An Incorrect Fee
YSC1790182503 Case Was Rejected Because It Was Improperly Filed
YSC1790182504 Case Rejected Because The Version Of The Form I Sent Is No Longer Accepted
YSC1790182505 Case Was Received
YSC1790182506 Card Was Mailed To Me
YSC1790182507 Notice Was Returned To USCIS Because The Post Office Could Not Deliver It
YSC1790182508 Card Was Mailed To Me
YSC1790182509 Card Was Mailed To Me
YSC1790182510 Case Was Received
YSC1790182511 Case Was Received
YSC1790182512 Case Was Received
YSC1790182513 Case Was Received
YSC1790182514 Case Was Received
YSC1790182515 Case Was Received
YSC1790182516 Case Was Received
YSC1790182517 Case Was Received
YSC1790182518 Case Was Received
YSC1790182519 Case Was Received
YSC1790182520 Case Was Received
YSC1790182521 Case Was Received
YSC1790182522 Case Was Received
YSC1790182523 Case Was Received
YSC1790182524 Correspondence Was Received And USCIS Is Reviewing It
YSC1790182525 Case Was Received
YSC1790182526 Case Was Received
YSC1790182527 Case Was Received
YSC1790182528 Case Was Received
YSC1790182529 Case Was Received
YSC1790182530 Case Was Received
YSC1790182531 Case Was Received
YSC1790182532 Case Was Received
YSC1790182533 Case Was Received
YSC1790182534 Case Was Received
YSC1790182535 Case Was Received
YSC1790182536 Case Was Received
YSC1790182537 Case Was Received
YSC1790182538 Case Was Received
YSC1790182539 Case Was Received
YSC1790182540 Case Was Received
YSC1790182541 Case Was Received
YSC1790182542 Case Was Received
YSC1790182543 Case Was Received
YSC1790182544 Case Was Received
YSC1790182545 Case Was Received
YSC1790182546 Case Was Received
YSC1790182547 Card Was Mailed To Me
YSC1790182548 Request for Initial Evidence Was Mailed
YSC1790182549 Case Was Received
YSC1790182550 Card Was Mailed To Me
YSC1790182551 Card Was Mailed To Me
YSC1790182552 Fees Were Waived
YSC1790182553 Card Was Mailed To Me
YSC1790182554 New Card Is Being Produced
YSC1790182555 Case Was Received
YSC1790182556 Case Was Received
YSC1790182557 Case Was Received
YSC1790182558 Case Was Received
YSC1790182559 Case Was Received
YSC1790182560 New Card Is Being Produced
YSC1790182561 Case Was Received
YSC1790182562 Card Was Mailed To Me
YSC1790182563 Card Was Mailed To Me
YSC1790182564 Card Was Mailed To Me
YSC1790182565 Card Was Mailed To Me
YSC1790182566 Case Was Received
YSC1790182567 Case Was Received
YSC1790182568 Case Was Received
YSC1790182569 Case Was Received
YSC1790182570 Case Was Received
YSC1790182571 Case Was Received
YSC1790182572 Case Was Received
YSC1790182573 Case Was Received
YSC1790182574 Case Was Received
YSC1790182575 Case Was Received
YSC1790182576 Case Was Received
YSC1790182577 Case Was Received
YSC1790182578 Case Was Received
YSC1790182579 Case Was Received
YSC1790182580 Case Was Received
YSC1790182581 Case Was Received
YSC1790182582 Case Was Received
YSC1790182583 Case Was Received
YSC1790182584 Case Was Received
YSC1790182585 Case Was Received
YSC1790182586 Case Was Received
YSC1790182587 Case Was Received
YSC1790182588 Case Was Received
YSC1790182589 Case Was Received
YSC1790182590 Card Was Mailed To Me
YSC1790182591 Case Was Received
YSC1790182592 Case Was Received
YSC1790182593 Case Was Received
YSC1790182594 Card Was Mailed To Me
YSC1790182595 Card Was Mailed To Me
YSC1790182596 Notice Was Returned To USCIS Because The Post Office Could Not Deliver It
YSC1790182597 Withdrawal Acknowledgement Notice Was Sent
YSC1790182598 Card Was Mailed To Me
YSC1790182599 Card Was Mailed To Me
YSC1790182600 Case Was Received
YSC1790182601 Case Was Received
YSC1790182602 Case Was Received
YSC1790182603 Card Was Mailed To Me
YSC1790182604 Case Was Received
YSC1790182605 Case Was Received
YSC1790182606 Case Was Received
YSC1790182607 Case Was Received
YSC1790182608 Case Was Received
YSC1790182609 Case Was Received
YSC1790182610 Case Was Received
YSC1790182611 Case Was Received
YSC1790182612 Case Was Received
YSC1790182613 Case Was Received
YSC1790182614 Case Was Received
YSC1790182615 Case Was Received
YSC1790182616 Case Was Received
YSC1790182617 Case Was Received
YSC1790182618 Name Was Updated
YSC1790182619 Case Was Received
YSC1790182620 Case Was Received
YSC1790182621 Case Was Received
YSC1790182622 Case Was Received
YSC1790182623 Case Was Received
YSC1790182624 Case Was Received
YSC1790182625 Case Was Received
YSC1790182626 Case Was Received
YSC1790182627 Case Was Received
YSC1790182628 Case Was Received
YSC1790182629 Case Was Received
YSC1790182630 Case Was Received
YSC1790182631 Case Was Received
YSC1790182632 Case Was Received
YSC1790182633 Case Was Received
YSC1790182634 Case Was Received
YSC1790182635 Case Was Received
YSC1790182636 Case Was Received
YSC1790182637 Case Was Received
YSC1790182638 Case Was Received
YSC1790182639 Case Was Received
YSC1790182640 Case Was Received
YSC1790182641 Case Was Received
YSC1790182642 Case Was Received
YSC1790182643 Case Was Received
YSC1790182644 Case Was Received
YSC1790182645 Case Was Rejected Because It Was Improperly Filed
YSC1790182646 Case Was Received
YSC1790182647 Decision Notice Mailed
YSC1790182648 Case Was Received
YSC1790182649 Case Was Received
YSC1790182650 Name Was Updated
YSC1790182651 Case Was Received
YSC1790182652 Case Was Received
YSC1790182653 Case Was Received
YSC1790182654 Case Was Received
YSC1790182655 Case Was Received
YSC1790182656 Case Was Received
YSC1790182657 Case Was Received
YSC1790182658 Case Was Received
YSC1790182659 Case Was Received
YSC1790182660 Case Was Received
YSC1790182661 Case Was Received
YSC1790182662 Case Was Received
YSC1790182663 Case Was Received
YSC1790182664 Case Was Received
YSC1790182665 Case Was Received
YSC1790182666 Case Was Received
YSC1790182667 Case Was Received
YSC1790182668 Case Was Received
YSC1790182669 Case Was Received
YSC1790182670 Case Was Received
YSC1790182671 Case Was Received
YSC1790182672 Case Was Received
YSC1790182673 Case Was Received
YSC1790182674 Card Was Mailed To Me
YSC1790182675 Case Was Received
YSC1790182676 Case Was Received
YSC1790182677 Case Was Received
YSC1790182678 Case Was Received
YSC1790182679 Case Was Received
YSC1790182680 Case Was Received
YSC1790182681 Case Was Received
YSC1790182682 Case Was Received
YSC1790182683 Case Was Received
YSC1790182684 Case Was Received
YSC1790182685 Case Was Received
YSC1790182686 Case Was Received
YSC1790182687 Case Was Received
YSC1790182688 Case Was Received
YSC1790182689 Case Was Received
YSC1790182690 Card Was Mailed To Me
YSC1790182691 Case Was Received
YSC1790182692 Withdrawal Acknowledgement Notice Was Sent
YSC1790182693 Case Was Received
YSC1790182694 Case Was Received
YSC1790182695 Case Was Received
YSC1790182696 Case Was Received
YSC1790182697 Case Was Received
YSC1790182698 Case Was Received
YSC1790182699 Case Was Received
YSC1790182700 Correspondence Was Received And USCIS Is Reviewing It
YSC1790182701 Case Was Received
YSC1790182702 Case Was Received
YSC1790182703 Case Was Received
YSC1790182704 Case Was Received
YSC1790182705 Case Was Received
YSC1790182706 Case Was Received
YSC1790182707 Case Was Received
YSC1790182708 Case Was Received
YSC1790182709 Case Was Received
YSC1790182710 Case Was Received
YSC1790182711 Case Was Received
YSC1790182712 Case Was Received
YSC1790182713 Case Was Received
YSC1790182714 Case Was Received
YSC1790182715 Case Was Received
YSC1790182716 Request for Initial Evidence Was Mailed
YSC1790182717 Case Was Received
YSC1790182718 Case Was Received
YSC1790182719 Case Was Received
YSC1790182720 Case Was Received
YSC1790182721 Case Was Received
YSC1790182722 Case Was Received
YSC1790182723 Case Was Received
YSC1790182724 Case Was Received
YSC1790182725 Case Was Received
YSC1790182726 Case Was Received
YSC1790182727 Case Was Received
YSC1790182728 Case Was Received
YSC1790182729 Case Was Received
YSC1790182730 Case Was Received
YSC1790182731 Case Was Received
YSC1790182732 Case Was Received
YSC1790182733 Case Was Received
YSC1790182734 Case Was Received
YSC1790182735 Case Was Received
YSC1790182736 Case Was Received
YSC1790182737 Case Was Received
YSC1790182738 Case Was Received
YSC1790182739 Case Was Received
YSC1790182740 Case Was Received
YSC1790182741 Case Was Received
YSC1790182742 Case Was Received
YSC1790182743 Case Was Received
YSC1790182744 Case Was Received
YSC1790182745 Case Was Received
YSC1790182746 Notice Was Returned To USCIS Because The Post Office Could Not Deliver It
YSC1790182747 Case Was Received
YSC1790182748 Case Was Received
YSC1790182749 Notice Was Returned To USCIS Because The Post Office Could Not Deliver It
YSC1790182750 Notice Was Returned To USCIS Because The Post Office Could Not Deliver It
YSC1790182751 Case Was Received
YSC1790182752 Case Was Received
YSC1790182753 Case Was Received
YSC1790182754 Case Was Received
YSC1790182755 Case Was Received
YSC1790182756 Case Was Received
YSC1790182757 Case Was Received
YSC1790182758 Case Was Received
YSC1790182759 Case Was Received
YSC1790182760 Case Was Received
YSC1790182761 Case Was Received
YSC1790182762 Case Was Received
YSC1790182763 Case Was Received
YSC1790182764 Case Was Received
YSC1790182765 Notice Was Returned To USCIS Because The Post Office Could Not Deliver It
YSC1790182766 Card Was Mailed To Me
YSC1790182767 Case Was Received
YSC1790182768 Case Was Received
YSC1790182769 Case Was Received
YSC1790182770 Case Was Received
YSC1790182771 Case Was Received
YSC1790182772 Case Was Received
YSC1790182773 Case Was Received
YSC1790182774 Case Was Received
YSC1790182775 Case Was Received
YSC1790182776 Case Was Received
YSC1790182777 Case Was Received
YSC1790182778 Case Was Received
YSC1790182779 Case Was Received
YSC1790182780 Case Was Received
YSC1790182781 Case Was Received
YSC1790182782 Case Was Received
YSC1790182783 Case Was Received
YSC1790182784 Case Was Received
YSC1790182785 Case Was Received
YSC1790182786 Case Was Received
YSC1790182787 Case Was Received
YSC1790182788 Case Was Received
YSC1790182789 Case Was Received
YSC1790182790 Case Was Received
YSC1790182791 Case Was Received
YSC1790182792 Case Was Received
YSC1790182793 Case Was Received
YSC1790182794 Case Was Received
YSC1790182795 Case Was Received
YSC1790182796 Case Was Received
YSC1790182797 Case Was Received
YSC1790182798 Case Was Received
YSC1790182799 Case Was Received
YSC1790182800 Case Was Received
YSC1790182801 Case Was Received
YSC1790182802 Case Was Received
YSC1790182803 Case Was Received
YSC1790182804 Case Was Received
YSC1790182805 Case Was Received
YSC1790182806 Case Was Received
YSC1790182807 Case Was Received
YSC1790182808 Case Was Received
YSC1790182809 Correspondence Was Received And USCIS Is Reviewing It
YSC1790182810 Case Was Received
YSC1790182811 Case Was Received
YSC1790182812 Case Was Received
YSC1790182813 Case Was Received
YSC1790182814 Response To USCIS' Request For Evidence Was Received
YSC1790182815 Case Was Received
YSC1790182816 Case Was Received
YSC1790182817 Case Was Received
YSC1790182818 Case Was Received
YSC1790182819 Card Was Mailed To Me
YSC1790182820 Name Was Updated
YSC1790182821 Case Was Received
YSC1790182822 Case Was Received
YSC1790182823 Case Was Received
YSC1790182824 Case Was Received
YSC1790182825 Case Was Received
YSC1790182826 Name Was Updated
YSC1790182827 Case Was Received
YSC1790182828 Case Was Received
YSC1790182829 Case Was Received
YSC1790182830 Case Was Received
YSC1790182831 Case Was Received
YSC1790182832 Case Was Received
YSC1790182833 Case Was Received
YSC1790182834 Case Was Received
YSC1790182835 Case Was Received
YSC1790182836 Case Was Received
YSC1790182837 Case Was Received
YSC1790182838 Card Was Mailed To Me
YSC1790182839 Case Was Received
YSC1790182840 Card Was Mailed To Me
YSC1790182841 Case Was Received
YSC1790182842 Case Was Received
YSC1790182843 Case Was Received
YSC1790182844 Notice Was Returned To USCIS Because The Post Office Could Not Deliver It
YSC1790182845 Card Was Mailed To Me
YSC1790182846 Case Was Received
YSC1790182847 Case Was Received
YSC1790182848 Case Was Received
YSC1790182849 Case Was Received
YSC1790182850 Case Was Received
YSC1790182851 Case Was Received
YSC1790182852 Case Was Received
YSC1790182853 Case Was Received
YSC1790182854 Case Was Received
YSC1790182855 Case Was Received
YSC1790182856 Case Was Received
YSC1790182857 Case Was Received
YSC1790182858 Case Was Received
YSC1790182859 Case Was Received
YSC1790182860 Case Was Received
YSC1790182861 Case Was Received
YSC1790182862 Case Was Received
YSC1790182863 Case Was Received
YSC1790182864 Case Was Received
YSC1790182865 Case Was Received
YSC1790182866 Case Was Received
YSC1790182867 Notice Was Returned To USCIS Because The Post Office Could Not Deliver It
YSC1790182868 Case Was Received
YSC1790182869 Case Was Received
YSC1790182870 Case Was Received
YSC1790182871 Case Was Received
YSC1790182872 Case Was Received
YSC1790182873 Card Was Mailed To Me
YSC1790182874 Case Was Received
YSC1790182875 Case Was Received
YSC1790182876 Case Was Received
YSC1790182877 Case Was Received
YSC1790182878 Case Was Received
YSC1790182879 Case Was Received
YSC1790182880 Case Was Received
YSC1790182881 Case Was Received
YSC1790182882 Case Was Received
YSC1790182883 Case Was Received
YSC1790182884 Case Was Received
YSC1790182885 Case Was Received
YSC1790182886 Case Was Received
YSC1790182887 Case Was Received
YSC1790182888 Case Was Received
YSC1790182889 Case Was Received
YSC1790182890 Case Was Received
YSC1790182891 Case Was Received
YSC1790182892 Notice Was Returned To USCIS Because The Post Office Could Not Deliver It
YSC1790182893 Case Was Received
YSC1790182894 Case Was Received
YSC1790182895 Case Was Received
YSC1790182896 Case Was Received
YSC1790182897 Case Was Received
YSC1790182898 Case Was Received
YSC1790182899 Case Was Received
YSC1790182900 Case Was Received
YSC1790182901 Case Was Received
YSC1790182902 Case Was Received
YSC1790182903 Case Was Received
YSC1790182904 Case Was Received
YSC1790182905 Case Was Received
YSC1790182906 Case Was Received
YSC1790182907 Card Was Mailed To Me
YSC1790182908 Case Was Received
YSC1790182909 Case Was Received
YSC1790182910 Case Was Received
YSC1790182911 Case Was Received
YSC1790182912 Case Was Received
YSC1790182913 Case Was Received
YSC1790182914 Case Was Received
YSC1790182915 Case Was Received
YSC1790182916 Case Was Received
YSC1790182917 Case Was Received
YSC1790182918 Case Was Received
YSC1790182919 Case Was Received
YSC1790182920 Case Was Received
YSC1790182921 Case Was Received
YSC1790182922 Case Was Received
YSC1790182923 Case Was Received
YSC1790182924 Case Was Received
YSC1790182925 Case Was Received
YSC1790182926 Case Was Received
YSC1790182927 Case Was Received
YSC1790182928 Case Was Received
YSC1790182929 Case Was Received
YSC1790182930 Case Was Received
YSC1790182931 Case Was Received
YSC1790182932 Case Was Received
YSC1790182933 Case Was Received
YSC1790182934 Case Was Received
YSC1790182935 Case Was Received
YSC1790182936 Case Was Received
YSC1790182937 Case Was Received
YSC1790182938 Case Was Received
YSC1790182939 Case Was Received
YSC1790182940 Case Was Received
YSC1790182941 Case Was Received
YSC1790182942 Case Was Received
YSC1790182943 Case Was Received
YSC1790182944 Case Was Received
YSC1790182945 Case Was Received
YSC1790182946 Case Was Received
YSC1790182947 Case Was Received
YSC1790182948 Case Was Received
YSC1790182949 Case Was Received
YSC1790182950 Case Was Received
YSC1790182951 Case Was Received
YSC1790182952 Case Was Received
YSC1790182953 Case Was Received
YSC1790182954 Case Was Received
YSC1790182955 Case Was Received
YSC1790182956 Case Was Received
YSC1790182957 Case Was Received
YSC1790182958 Case Was Received
YSC1790182959 Case Was Received
YSC1790182960 Case Was Received
YSC1790182961 Case Was Received
YSC1790182962 Case Was Received
YSC1790182963 Case Was Received
YSC1790182964 Case Was Received
YSC1790182965 Case Was Received
YSC1790182966 Case Was Received
YSC1790182967 Case Was Received
YSC1790182968 Case Was Received
YSC1790182969 Case Was Received
YSC1790182970 Case Was Received
YSC1790182971 Case Was Received
YSC1790182972 Case Was Received
YSC1790182973 Case Was Received
YSC1790182974 Case Was Received
YSC1790182975 Case Was Received
YSC1790182976 Case Was Received
YSC1790182977 Case Was Received
YSC1790182978 Case Was Received
YSC1790182979 Case Was Received
YSC1790182980 Case Was Rejected Because It Was Improperly Filed
YSC1790182981 Case Rejected Because The Version Of The Form I Sent Is No Longer Accepted
YSC1790182982 Case Rejected Because The Version Of The Form I Sent Is No Longer Accepted
YSC1790182983 Case Was Received
YSC1790182984 Case Was Received
YSC1790182985 Case Was Received
YSC1790182986 Case Was Received
YSC1790182987 Case Was Received
YSC1790182988 Notice Was Returned To USCIS Because The Post Office Could Not Deliver It
YSC1790182989 Case Was Received
YSC1790182990 Case Was Received
YSC1790182991 Case Was Received
YSC1790182992 Date of Birth Was Updated
YSC1790182993 Case Was Received
YSC1790182994 Case Was Received
YSC1790182995 Case Was Received
YSC1790182996 Case Was Received
YSC1790182997 Case Was Received
YSC1790182998 Case Was Received
YSC1790182999 Case Was Received
YSC1790183000 Case Was Received