YSC1790175000 Case Was Received
YSC1790175001 Case Was Received
YSC1790175002 Case Was Received
YSC1790175003 New Card Is Being Produced
YSC1790175004 Card Was Mailed To Me
YSC1790175005 Case Was Received
YSC1790175006 Card Was Mailed To Me
YSC1790175007 Case Was Received
YSC1790175008 Case Was Received
YSC1790175009 Case Was Received
YSC1790175010 Case Was Received
YSC1790175011 Case Was Received
YSC1790175012 Card Was Mailed To Me
YSC1790175013 Case Was Received
YSC1790175014 Case Was Received
YSC1790175015 Case Was Received
YSC1790175016 Case Was Received
YSC1790175017 Case Was Received
YSC1790175018 Case Was Received
YSC1790175019 Case Was Received
YSC1790175020 New Card Is Being Produced
YSC1790175021 Case Was Received
YSC1790175022 Case Was Received
YSC1790175023 Card Was Mailed To Me
YSC1790175024 Case Was Received
YSC1790175025 Case Was Received
YSC1790175026 Card Was Mailed To Me
YSC1790175027 Case Was Received
YSC1790175028 Case Was Received
YSC1790175029 Card Was Mailed To Me
YSC1790175030 Case Was Received
YSC1790175031 Case Was Received
YSC1790175032 Case Was Received
YSC1790175033 Name Was Updated
YSC1790175034 Case Was Received
YSC1790175035 Case Was Received
YSC1790175036 Case Was Received
YSC1790175037 Case Was Received
YSC1790175038 Case Was Received
YSC1790175039 Card Was Mailed To Me
YSC1790175040 Card Was Mailed To Me
YSC1790175041 Card Was Mailed To Me
YSC1790175042 Card Was Mailed To Me
YSC1790175043 Card Was Mailed To Me
YSC1790175044 Case Was Received
YSC1790175045 Case Was Received
YSC1790175046 Case Was Received
YSC1790175047 Card Was Mailed To Me
YSC1790175048 Case Was Received
YSC1790175049 Card Was Mailed To Me
YSC1790175050 Card Was Mailed To Me
YSC1790175051 New Card Is Being Produced
YSC1790175052 Card Was Mailed To Me
YSC1790175053 Case Was Received
YSC1790175054 Case Was Received
YSC1790175055 New Card Is Being Produced
YSC1790175056 Card Was Mailed To Me
YSC1790175057 Card Was Mailed To Me
YSC1790175058 Case Was Received
YSC1790175059 Case Was Received
YSC1790175060 Case Was Received
YSC1790175061 Case Was Received
YSC1790175062 Case Was Received
YSC1790175063 New Card Is Being Produced
YSC1790175064 Case Was Received
YSC1790175065 Card Was Mailed To Me
YSC1790175066 Case Was Received
YSC1790175067 Case Was Received
YSC1790175068 Card Was Mailed To Me
YSC1790175069 Case Was Approved
YSC1790175070 Case Was Received
YSC1790175071 New Card Is Being Produced
YSC1790175072 Case Was Received
YSC1790175073 Case Was Received
YSC1790175074 Case Was Received
YSC1790175075 Case Was Received
YSC1790175076 Case Was Received
YSC1790175077 Case Was Received
YSC1790175078 Card Was Mailed To Me
YSC1790175079 Case Was Received
YSC1790175080 Card Was Mailed To Me
YSC1790175081 Card Was Mailed To Me
YSC1790175082 Case Was Received
YSC1790175083 Card Was Mailed To Me
YSC1790175084 Case Was Received
YSC1790175085 New Card Is Being Produced
YSC1790175086 Card Was Mailed To Me
YSC1790175087 New Card Is Being Produced
YSC1790175088 Case Was Received
YSC1790175089 Case Was Approved
YSC1790175090 Case Was Received
YSC1790175091 Case Was Received
YSC1790175092 Case Was Received
YSC1790175093 Case Was Received
YSC1790175094 Case Was Received
YSC1790175095 Case Was Received
YSC1790175096 Case Was Received
YSC1790175097 Case Was Received
YSC1790175098 Case Was Received
YSC1790175099 Case Was Received
YSC1790175100 Case Was Received
YSC1790175101 Case Was Received
YSC1790175102 Case Was Received
YSC1790175103 Case Was Received
YSC1790175104 New Card Is Being Produced
YSC1790175105 Case Was Received
YSC1790175106 Case Was Received
YSC1790175107 Card Was Mailed To Me
YSC1790175108 Case Was Received
YSC1790175109 Case Was Received
YSC1790175110 Case Was Received
YSC1790175111 Case Was Received
YSC1790175112 Card Was Mailed To Me
YSC1790175113 New Card Is Being Produced
YSC1790175114 New Card Is Being Produced
YSC1790175115 Card Was Mailed To Me
YSC1790175116 Case Was Received
YSC1790175117 Card Was Mailed To Me
YSC1790175118 Card Was Mailed To Me
YSC1790175119 New Card Is Being Produced
YSC1790175120 Case Was Received
YSC1790175121 Case Was Received
YSC1790175122 New Card Is Being Produced
YSC1790175123 New Card Is Being Produced
YSC1790175124 Case Was Received
YSC1790175125 Case Was Received
YSC1790175126 Case Was Received
YSC1790175127 Case Was Received
YSC1790175128 Case Was Received
YSC1790175129 New Card Is Being Produced
YSC1790175130 Case Was Received
YSC1790175131 Case Was Received
YSC1790175132 Case Was Received
YSC1790175133 Case Was Received
YSC1790175134 Case Was Received
YSC1790175135 Case Was Received
YSC1790175136 Case Was Received
YSC1790175137 Case Was Received
YSC1790175138 Case Was Received
YSC1790175139 Card Was Mailed To Me
YSC1790175140 New Card Is Being Produced
YSC1790175141 Card Was Mailed To Me
YSC1790175142 Case Was Received
YSC1790175143 Card Was Mailed To Me
YSC1790175144 Card Was Mailed To Me
YSC1790175145 Card Was Mailed To Me
YSC1790175146 Card Was Mailed To Me
YSC1790175147 Case Was Received
YSC1790175148 Card Was Mailed To Me
YSC1790175149 Case Was Received
YSC1790175150 Card Was Mailed To Me
YSC1790175151 Card Was Mailed To Me
YSC1790175152 New Card Is Being Produced
YSC1790175153 Case Rejected Because The Version Of The Form I Sent Is No Longer Accepted
YSC1790175154 Case Was Rejected Because It Was Improperly Filed
YSC1790175155 Case Was Rejected Because It Was Improperly Filed
YSC1790175156 Case Was Received
YSC1790175157 New Card Is Being Produced
YSC1790175158 New Card Is Being Produced
YSC1790175159 Card Was Mailed To Me
YSC1790175160 Case Was Received
YSC1790175161 Card Was Mailed To Me
YSC1790175162 Case Was Received
YSC1790175163 Card Was Mailed To Me
YSC1790175164 Case Was Received
YSC1790175165 Case Was Received
YSC1790175166 Case Was Received
YSC1790175167 Card Was Mailed To Me
YSC1790175168 New Card Is Being Produced
YSC1790175169 Card Was Mailed To Me
YSC1790175170 Card Was Mailed To Me
YSC1790175171 Card Was Mailed To Me
YSC1790175172 Card Was Mailed To Me
YSC1790175173 Card Was Mailed To Me
YSC1790175174 Card Was Mailed To Me
YSC1790175175 Card Was Mailed To Me
YSC1790175176 New Card Is Being Produced
YSC1790175177 Card Was Mailed To Me
YSC1790175178 Case Was Received
YSC1790175179 Case Was Received
YSC1790175180 Card Was Mailed To Me
YSC1790175181 Card Was Mailed To Me
YSC1790175182 Card Was Mailed To Me
YSC1790175183 Card Was Mailed To Me
YSC1790175184 Case Was Received
YSC1790175185 Card Was Mailed To Me
YSC1790175186 Request for Initial Evidence Was Mailed
YSC1790175187 Case Was Received
YSC1790175188 Case Was Received
YSC1790175189 New Card Is Being Produced
YSC1790175190 Case Was Received
YSC1790175191 New Card Is Being Produced
YSC1790175192 Card Was Mailed To Me
YSC1790175193 Card Was Mailed To Me
YSC1790175194 New Card Is Being Produced
YSC1790175195 Case Was Received
YSC1790175196 New Card Is Being Produced
YSC1790175197 Case Was Received
YSC1790175198 Card Was Mailed To Me
YSC1790175199 Card Was Mailed To Me
YSC1790175200 Case Was Received
YSC1790175201 Case Was Received
YSC1790175202 Card Was Mailed To Me
YSC1790175203 Case Was Received
YSC1790175204 Card Was Mailed To Me
YSC1790175205 Case Was Received
YSC1790175206 New Card Is Being Produced
YSC1790175207 Case Was Received
YSC1790175208 New Card Is Being Produced
YSC1790175209 Case Was Received
YSC1790175210 Case Was Received
YSC1790175211 Card Was Mailed To Me
YSC1790175212 Case Was Received
YSC1790175213 Card Was Mailed To Me
YSC1790175214 Case Was Received
YSC1790175215 Card Was Mailed To Me
YSC1790175216 New Card Is Being Produced
YSC1790175217 Card Was Mailed To Me
YSC1790175218 Card Was Mailed To Me
YSC1790175219 Card Was Mailed To Me
YSC1790175220 Card Was Mailed To Me
YSC1790175221 Case Was Received
YSC1790175222 New Card Is Being Produced
YSC1790175223 Card Was Mailed To Me
YSC1790175224 New Card Is Being Produced
YSC1790175225 New Card Is Being Produced
YSC1790175226 New Card Is Being Produced
YSC1790175227 Case Was Received
YSC1790175228 Withdrawal Acknowledgement Notice Was Sent
YSC1790175229 Card Was Mailed To Me
YSC1790175230 Card Was Mailed To Me
YSC1790175231 Card Was Mailed To Me
YSC1790175232 Card Was Mailed To Me
YSC1790175233 Card Was Mailed To Me
YSC1790175234 Card Was Mailed To Me
YSC1790175235 Card Was Mailed To Me
YSC1790175236 Card Was Mailed To Me
YSC1790175237 Card Was Mailed To Me
YSC1790175238 Card Was Mailed To Me
YSC1790175239 Card Was Mailed To Me
YSC1790175240 Card Was Mailed To Me
YSC1790175241 Card Was Mailed To Me
YSC1790175242 Card Was Mailed To Me
YSC1790175243 Card Was Mailed To Me
YSC1790175244 New Card Is Being Produced
YSC1790175245 Case Was Received
YSC1790175246 Case Was Received
YSC1790175247 Card Was Mailed To Me
YSC1790175248 Case Was Received
YSC1790175249 Card Was Mailed To Me
YSC1790175250 Case Was Received
YSC1790175251 New Card Is Being Produced
YSC1790175252 Case Was Received
YSC1790175253 Case Was Received
YSC1790175254 Case Was Received
YSC1790175255 Case Was Received
YSC1790175256 Case Was Received
YSC1790175257 Case Was Received
YSC1790175258 Case Was Received
YSC1790175259 Case Was Received
YSC1790175260 Case Was Received
YSC1790175261 Case Was Received
YSC1790175262 Case Was Received
YSC1790175263 Case Was Received
YSC1790175264 Case Was Received
YSC1790175265 Case Was Received
YSC1790175266 Case Was Received
YSC1790175267 Case Was Received
YSC1790175268 Case Was Received
YSC1790175269 Case Was Received
YSC1790175270 Case Was Received
YSC1790175271 Case Was Received
YSC1790175272 Case Was Received
YSC1790175273 Card Was Mailed To Me
YSC1790175274 Card Was Mailed To Me
YSC1790175275 Case Was Received
YSC1790175276 Card Was Mailed To Me
YSC1790175277 Card Was Mailed To Me
YSC1790175278 Card Was Mailed To Me
YSC1790175279 Case Was Received
YSC1790175280 Case Was Received
YSC1790175281 Case Was Received
YSC1790175282 Case Was Received
YSC1790175283 Case Was Received
YSC1790175284 Case Was Received
YSC1790175285 Case Was Received
YSC1790175286 Case Was Received
YSC1790175287 Date of Birth Was Updated
YSC1790175288 Case Was Received
YSC1790175289 Case Was Received
YSC1790175290 Case Was Received
YSC1790175291 Case Was Received
YSC1790175292 Case Was Received
YSC1790175293 Case Was Received
YSC1790175294 Card Was Mailed To Me
YSC1790175295 Case Was Received
YSC1790175296 Request for Initial Evidence Was Mailed
YSC1790175297 Case Was Received
YSC1790175298 Case Was Received
YSC1790175299 Case Was Received
YSC1790175300 Card Was Mailed To Me
YSC1790175301 Card Was Mailed To Me
YSC1790175302 Name Was Updated
YSC1790175303 Case Was Received
YSC1790175304 Case Was Received
YSC1790175305 New Card Is Being Produced
YSC1790175306 Case Was Received
YSC1790175307 Card Was Mailed To Me
YSC1790175308 Case Was Received
YSC1790175309 New Card Is Being Produced
YSC1790175310 Case Was Received
YSC1790175311 Case Was Received
YSC1790175312 Card Was Mailed To Me
YSC1790175313 New Card Is Being Produced
YSC1790175314 Case Was Received
YSC1790175315 Case Was Received
YSC1790175316 Notice Was Returned To USCIS Because The Post Office Could Not Deliver It
YSC1790175317 Case Was Received
YSC1790175318 Case Was Received
YSC1790175319 Case Was Received
YSC1790175320 Withdrawal Acknowledgement Notice Was Sent
YSC1790175321 New Card Is Being Produced
YSC1790175322 Notice Was Returned To USCIS Because The Post Office Could Not Deliver It
YSC1790175323 Case Was Received
YSC1790175324 Case Was Received
YSC1790175325 Case Was Approved
YSC1790175326 Card Was Mailed To Me
YSC1790175327 Case Was Received
YSC1790175328 Case Was Received
YSC1790175329 Case Was Received
YSC1790175330 Notice Was Returned To USCIS Because The Post Office Could Not Deliver It
YSC1790175331 Case Was Received
YSC1790175332 Card Was Mailed To Me
YSC1790175333 Card Was Mailed To Me
YSC1790175334 Case Was Received
YSC1790175335 Card Was Mailed To Me
YSC1790175336 Case Was Received
YSC1790175337 Case Was Received
YSC1790175338 Case Was Received
YSC1790175339 Case Was Received
YSC1790175340 New Card Is Being Produced
YSC1790175341 Case Was Received
YSC1790175342 Card Was Mailed To Me
YSC1790175343 New Card Is Being Produced
YSC1790175344 Card Was Mailed To Me
YSC1790175345 Case Was Approved
YSC1790175346 Card Was Mailed To Me
YSC1790175347 New Card Is Being Produced
YSC1790175348 Request for Initial Evidence Was Mailed
YSC1790175349 New Card Is Being Produced
YSC1790175350 Case Was Received
YSC1790175351 Case Was Received
YSC1790175352 Card Was Mailed To Me
YSC1790175353 Card Was Mailed To Me
YSC1790175354 Case Was Received
YSC1790175355 Decision Notice Mailed
YSC1790175356 Card Was Mailed To Me
YSC1790175357 New Card Is Being Produced
YSC1790175358 Case Was Received
YSC1790175359 New Card Is Being Produced
YSC1790175360 New Card Is Being Produced
YSC1790175361 New Card Is Being Produced
YSC1790175362 Card Was Mailed To Me
YSC1790175363 Card Was Mailed To Me
YSC1790175364 New Card Is Being Produced
YSC1790175365 Card Was Mailed To Me
YSC1790175366 New Card Is Being Produced
YSC1790175367 Card Was Mailed To Me
YSC1790175368 New Card Is Being Produced
YSC1790175369 Card Was Mailed To Me
YSC1790175370 Case Was Received
YSC1790175371 Card Was Mailed To Me
YSC1790175372 Card Was Mailed To Me
YSC1790175373 Card Was Mailed To Me
YSC1790175374 New Card Is Being Produced
YSC1790175375 Case Was Received
YSC1790175376 New Card Is Being Produced
YSC1790175377 Card Was Mailed To Me
YSC1790175378 Case Was Received
YSC1790175379 Card Was Mailed To Me
YSC1790175380 Case Was Received
YSC1790175381 New Card Is Being Produced
YSC1790175382 Case Was Received
YSC1790175383 Card Was Mailed To Me
YSC1790175384 Notice Was Returned To USCIS Because The Post Office Could Not Deliver It
YSC1790175385 Card Was Mailed To Me
YSC1790175386 New Card Is Being Produced
YSC1790175387 Case Was Received
YSC1790175388 New Card Is Being Produced
YSC1790175389 Card Was Mailed To Me
YSC1790175390 Case Was Received
YSC1790175391 Card Was Mailed To Me
YSC1790175392 Case Was Received
YSC1790175393 Case Was Received
YSC1790175394 Case Was Received
YSC1790175395 Case Was Received
YSC1790175396 Case Was Received
YSC1790175397 Case Was Received
YSC1790175398 Card Was Mailed To Me
YSC1790175399 Case Was Received
YSC1790175400 New Card Is Being Produced
YSC1790175401 Card Was Mailed To Me
YSC1790175402 Card Was Mailed To Me
YSC1790175403 Card Was Mailed To Me
YSC1790175404 New Card Is Being Produced
YSC1790175405 Card Was Mailed To Me
YSC1790175406 New Card Is Being Produced
YSC1790175407 Card Was Mailed To Me
YSC1790175408 Card Was Mailed To Me
YSC1790175409 Card Was Mailed To Me
YSC1790175410 Decision Notice Mailed
YSC1790175411 Card Was Mailed To Me
YSC1790175412 New Card Is Being Produced
YSC1790175413 Card Was Mailed To Me
YSC1790175414 Case Was Received
YSC1790175415 Case Was Received
YSC1790175416 Case Was Received
YSC1790175417 Card Was Mailed To Me
YSC1790175418 Case Was Received
YSC1790175419 Card Was Mailed To Me
YSC1790175420 Card Was Mailed To Me
YSC1790175421 New Card Is Being Produced
YSC1790175422 Card Was Mailed To Me
YSC1790175423 Card Was Mailed To Me
YSC1790175424 Case Was Approved
YSC1790175425 New Card Is Being Produced
YSC1790175426 Case Was Received
YSC1790175427 Card Was Mailed To Me
YSC1790175428 Card Was Mailed To Me
YSC1790175429 Case Was Received
YSC1790175430 Card Was Mailed To Me
YSC1790175431 Card Was Mailed To Me
YSC1790175432 Case Was Approved
YSC1790175433 Card Was Mailed To Me
YSC1790175434 Card Was Mailed To Me
YSC1790175435 Card Was Mailed To Me
YSC1790175436 Case Was Approved
YSC1790175437 Case Was Received
YSC1790175438 Case Rejected Because The Version Of The Form I Sent Is No Longer Accepted
YSC1790175439 Case Rejected Because The Version Of The Form I Sent Is No Longer Accepted
YSC1790175440 Case Was Received
YSC1790175441 Case Was Received
YSC1790175442 Card Was Mailed To Me
YSC1790175443 Card Was Mailed To Me
YSC1790175444 Card Was Mailed To Me
YSC1790175445 Case Was Received
YSC1790175446 New Card Is Being Produced
YSC1790175447 Card Was Mailed To Me
YSC1790175448 Case Was Received
YSC1790175449 Case Was Received
YSC1790175450 Case Was Received
YSC1790175451 Card Was Mailed To Me
YSC1790175452 Case Was Received
YSC1790175453 Card Was Mailed To Me
YSC1790175454 Card Was Mailed To Me
YSC1790175455 Case Was Received
YSC1790175456 Card Was Mailed To Me
YSC1790175457 Case Was Approved
YSC1790175458 New Card Is Being Produced
YSC1790175459 Notice Was Returned To USCIS Because The Post Office Could Not Deliver It
YSC1790175460 New Card Is Being Produced
YSC1790175461 Card Was Mailed To Me
YSC1790175462 New Card Is Being Produced
YSC1790175463 Case Was Received
YSC1790175464 Case Was Received
YSC1790175465 Case Was Received
YSC1790175466 Case Was Received
YSC1790175467 Case Was Received
YSC1790175468 Case Was Received
YSC1790175469 Case Was Received
YSC1790175470 Case Rejected Because The Version Of The Form I Sent Is No Longer Accepted
YSC1790175471 Case Rejected Because I Sent An Incorrect Fee
YSC1790175472 Case Rejected Because I Sent An Incorrect Fee
YSC1790175473 Case Rejected Because I Sent An Incorrect Fee
YSC1790175474 Case Rejected Because I Sent An Incorrect Fee
YSC1790175475 Case Rejected Because The Version Of The Form I Sent Is No Longer Accepted
YSC1790175476 Case Rejected Because The Version Of The Form I Sent Is No Longer Accepted
YSC1790175477 Case Rejected For Incorrect Fee And Incorrect Form Version
YSC1790175478 Case Rejected Because The Version Of The Form I Sent Is No Longer Accepted
YSC1790175479 Case Rejected Because The Version Of The Form I Sent Is No Longer Accepted
YSC1790175480 Case Rejected Because The Version Of The Form I Sent Is No Longer Accepted
YSC1790175481 Card Was Mailed To Me
YSC1790175482 Card Was Mailed To Me
YSC1790175483 Card Was Mailed To Me
YSC1790175484 Card Was Mailed To Me
YSC1790175485 Case Rejected Because The Version Of The Form I Sent Is No Longer Accepted
YSC1790175486 Case Was Rejected Because It Was Improperly Filed
YSC1790175487 Case Was Rejected Because It Was Improperly Filed
YSC1790175488 Case Was Received
YSC1790175489 Case Was Received
YSC1790175490 Case Was Received
YSC1790175491 New Card Is Being Produced
YSC1790175492 New Card Is Being Produced
YSC1790175493 Card Was Mailed To Me
YSC1790175494 Card Was Mailed To Me
YSC1790175495 Card Was Mailed To Me
YSC1790175496 Card Was Mailed To Me
YSC1790175497 Case Was Received
YSC1790175498 Case Was Received
YSC1790175499 Case Was Received
YSC1790175500 Card Was Mailed To Me