YSC1790169500 Case Was Received
YSC1790169501 New Card Is Being Produced
YSC1790169502 Case Was Received
YSC1790169503 New Card Is Being Produced
YSC1790169504 Case Was Received
YSC1790169505 Case Was Received
YSC1790169506 Case Was Received
YSC1790169507 Correspondence Was Received And USCIS Is Reviewing It
YSC1790169508 Case Was Received
YSC1790169509 Case Was Received
YSC1790169510 Case Was Received
YSC1790169511 Case Was Received
YSC1790169512 Case Was Received
YSC1790169513 Notice Was Returned To USCIS Because The Post Office Could Not Deliver It
YSC1790169514 Case Was Received
YSC1790169515 Case Was Received
YSC1790169516 Case Was Received
YSC1790169517 Case Was Received
YSC1790169518 Case Was Received
YSC1790169519 New Card Is Being Produced
YSC1790169520 Case Was Received
YSC1790169521 Case Was Received
YSC1790169522 Case Was Received
YSC1790169523 Case Was Received
YSC1790169524 Case Was Received
YSC1790169525 Case Was Received
YSC1790169526 Case Was Received
YSC1790169527 Card Was Mailed To Me
YSC1790169528 Case Was Received
YSC1790169529 Case Was Received
YSC1790169530 Case Was Received
YSC1790169531 Notice Was Returned To USCIS Because The Post Office Could Not Deliver It
YSC1790169532 New Card Is Being Produced
YSC1790169533 Case Was Received
YSC1790169534 Card Was Mailed To Me
YSC1790169535 Notice Was Returned To USCIS Because The Post Office Could Not Deliver It
YSC1790169536 Correspondence Was Received And USCIS Is Reviewing It
YSC1790169537 New Card Is Being Produced
YSC1790169538 Case Was Received
YSC1790169539 Case Was Received
YSC1790169540 Case Was Received
YSC1790169541 Card Was Mailed To Me
YSC1790169542 New Card Is Being Produced
YSC1790169543 Case Was Received
YSC1790169544 Case Was Received
YSC1790169545 Case Was Received
YSC1790169546 New Card Is Being Produced
YSC1790169547 Case Was Received
YSC1790169548 Name Was Updated
YSC1790169549 Case Was Received
YSC1790169550 Card Was Mailed To Me
YSC1790169551 New Card Is Being Produced
YSC1790169552 Notice Was Returned To USCIS Because The Post Office Could Not Deliver It
YSC1790169553 Case Was Received
YSC1790169554 Case Was Received
YSC1790169555 Case Was Received
YSC1790169556 Case Was Received
YSC1790169557 Case Was Received
YSC1790169558 Case Was Received
YSC1790169559 Case Was Received
YSC1790169560 Case Was Received
YSC1790169561 Case Was Received
YSC1790169562 Case Was Received
YSC1790169563 Case Was Received
YSC1790169564 Case Was Received
YSC1790169565 Case Was Received
YSC1790169566 Response To USCIS' Request For Evidence Was Received
YSC1790169567 Case Was Received
YSC1790169568 Case Was Received
YSC1790169569 Case Was Received
YSC1790169570 Case Was Received
YSC1790169571 New Card Is Being Produced
YSC1790169572 Case Was Received
YSC1790169573 New Card Is Being Produced
YSC1790169574 Case Was Received
YSC1790169575 Case Was Received
YSC1790169576 Card Was Mailed To Me
YSC1790169577 Card Was Mailed To Me
YSC1790169578 Case Was Received
YSC1790169579 Card Was Mailed To Me
YSC1790169580 Case Was Received
YSC1790169581 Case Was Received
YSC1790169582 Case Was Received
YSC1790169583 Case Was Received
YSC1790169584 Case Was Received
YSC1790169585 Case Was Received
YSC1790169586 Case Was Received
YSC1790169587 Case Was Received
YSC1790169588 Case Was Received
YSC1790169589 Case Was Received
YSC1790169590 Case Was Received
YSC1790169591 Case Was Received
YSC1790169592 Case Was Received
YSC1790169593 Case Was Received
YSC1790169594 New Card Is Being Produced
YSC1790169595 New Card Is Being Produced
YSC1790169596 Case Was Received
YSC1790169597 Case Was Received
YSC1790169598 Case Was Received
YSC1790169599 New Card Is Being Produced
YSC1790169600 Case Was Received
YSC1790169601 New Card Is Being Produced
YSC1790169602 Card Was Mailed To Me
YSC1790169603 New Card Is Being Produced
YSC1790169604 Case Was Received
YSC1790169605 Case Was Received
YSC1790169606 New Card Is Being Produced
YSC1790169607 Case Was Received
YSC1790169608 New Card Is Being Produced
YSC1790169609 New Card Is Being Produced
YSC1790169610 New Card Is Being Produced
YSC1790169611 New Card Is Being Produced
YSC1790169612 New Card Is Being Produced
YSC1790169613 New Card Is Being Produced
YSC1790169614 Card Was Mailed To Me
YSC1790169615 Case Was Received
YSC1790169616 Card Was Mailed To Me
YSC1790169617 Case Was Received
YSC1790169618 Case Was Received
YSC1790169619 New Card Is Being Produced
YSC1790169620 New Card Is Being Produced
YSC1790169621 New Card Is Being Produced
YSC1790169622 Case Was Received
YSC1790169623 New Card Is Being Produced
YSC1790169624 New Card Is Being Produced
YSC1790169625 Card Was Mailed To Me
YSC1790169626 Case Was Received
YSC1790169627 Case Was Received
YSC1790169628 Card Was Mailed To Me
YSC1790169629 Card Was Mailed To Me
YSC1790169630 Notice Was Returned To USCIS Because The Post Office Could Not Deliver It
YSC1790169631 Card Was Mailed To Me
YSC1790169632 Case Was Received
YSC1790169633 Card Was Mailed To Me
YSC1790169634 Case Was Received
YSC1790169635 Card Was Mailed To Me
YSC1790169636 Case Was Received
YSC1790169637 Card Was Mailed To Me
YSC1790169638 Case Was Received
YSC1790169639 New Card Is Being Produced
YSC1790169640 Case Was Received
YSC1790169641 Case Was Received
YSC1790169642 Case Was Received
YSC1790169643 Case Was Received
YSC1790169644 Case Was Received
YSC1790169645 Card Was Mailed To Me
YSC1790169646 Case Was Received
YSC1790169647 New Card Is Being Produced
YSC1790169648 Case Was Received
YSC1790169649 Card Was Mailed To Me
YSC1790169650 Case Was Received
YSC1790169651 New Card Is Being Produced
YSC1790169652 Correspondence Was Received And USCIS Is Reviewing It
YSC1790169653 New Card Is Being Produced
YSC1790169654 Case Was Received
YSC1790169655 Card Was Mailed To Me
YSC1790169656 Case Was Received
YSC1790169657 New Card Is Being Produced
YSC1790169658 Case Was Received
YSC1790169659 Case Was Received
YSC1790169660 New Card Is Being Produced
YSC1790169661 Case Was Received
YSC1790169662 Case Was Received
YSC1790169663 Case Was Received
YSC1790169664 Case Was Received
YSC1790169665 Case Was Received
YSC1790169666 Case Was Received
YSC1790169667 Case Was Received
YSC1790169668 Case Was Received
YSC1790169669 Case Was Received
YSC1790169670 Case Was Received
YSC1790169671 Case Was Received
YSC1790169672 Case Was Received
YSC1790169673 New Card Is Being Produced
YSC1790169674 Case Was Received
YSC1790169675 Card Was Mailed To Me
YSC1790169676 Case Was Received
YSC1790169677 Case Was Received
YSC1790169678 New Card Is Being Produced
YSC1790169679 Card Was Mailed To Me
YSC1790169680 New Card Is Being Produced
YSC1790169681 Case Was Received
YSC1790169682 New Card Is Being Produced
YSC1790169683 Case Was Received
YSC1790169684 Case Was Received
YSC1790169685 Case Was Received
YSC1790169686 New Card Is Being Produced
YSC1790169687 Case Was Received
YSC1790169688 Case Was Received
YSC1790169689 New Card Is Being Produced
YSC1790169690 Case Was Received
YSC1790169691 Card Was Mailed To Me
YSC1790169692 Case Was Received
YSC1790169693 Case Was Received
YSC1790169694 Case Was Received
YSC1790169695 Case Was Received
YSC1790169696 Case Was Received
YSC1790169697 Case Was Received
YSC1790169698 New Card Is Being Produced
YSC1790169699 New Card Is Being Produced
YSC1790169700 Case Was Received
YSC1790169701 Case Was Received
YSC1790169702 Case Was Received
YSC1790169703 New Card Is Being Produced
YSC1790169704 Case Was Received
YSC1790169705 Case Was Received
YSC1790169706 Case Was Received
YSC1790169707 Case Was Received
YSC1790169708 New Card Is Being Produced
YSC1790169709 Case Was Received
YSC1790169710 Card Was Mailed To Me
YSC1790169711 Card Was Mailed To Me
YSC1790169712 Case Was Received
YSC1790169713 Case Was Received
YSC1790169714 Case Was Received
YSC1790169715 New Card Is Being Produced
YSC1790169716 New Card Is Being Produced
YSC1790169717 Case Was Received
YSC1790169718 Case Was Received
YSC1790169719 Case Was Received
YSC1790169720 Case Was Received
YSC1790169721 Case Was Received
YSC1790169722 Case Was Received
YSC1790169723 New Card Is Being Produced
YSC1790169724 Notice Was Returned To USCIS Because The Post Office Could Not Deliver It
YSC1790169725 Case Was Received
YSC1790169726 New Card Is Being Produced
YSC1790169727 Card Was Mailed To Me
YSC1790169728 New Card Is Being Produced
YSC1790169729 New Card Is Being Produced
YSC1790169730 Case Was Received
YSC1790169731 Card Was Mailed To Me
YSC1790169732 Case Was Received
YSC1790169733 Notice Was Returned To USCIS Because The Post Office Could Not Deliver It
YSC1790169734 Case Was Received
YSC1790169735 Card Was Mailed To Me
YSC1790169736 Case Was Received
YSC1790169737 New Card Is Being Produced
YSC1790169738 Case Was Received
YSC1790169739 Case Was Received
YSC1790169740 Case Was Received
YSC1790169741 Case Was Received
YSC1790169742 Case Was Received
YSC1790169743 Case Was Received
YSC1790169744 Case Was Received
YSC1790169745 Card Was Mailed To Me
YSC1790169746 Card Was Mailed To Me
YSC1790169747 New Card Is Being Produced
YSC1790169748 Case Was Received
YSC1790169749 Case Was Received
YSC1790169750 Case Was Received
YSC1790169751 New Card Is Being Produced
YSC1790169752 Case Was Received
YSC1790169753 New Card Is Being Produced
YSC1790169754 Correspondence Was Received And USCIS Is Reviewing It
YSC1790169755 Name Was Updated
YSC1790169756 New Card Is Being Produced
YSC1790169757 Case Was Received
YSC1790169758 Case Was Received
YSC1790169759 Case Was Received
YSC1790169760 Case Was Received
YSC1790169761 Case Was Received
YSC1790169762 Case Was Received
YSC1790169763 New Card Is Being Produced
YSC1790169764 Case Was Received
YSC1790169765 Case Was Received
YSC1790169766 New Card Is Being Produced
YSC1790169767 New Card Is Being Produced
YSC1790169768 Case Was Received
YSC1790169769 Case Was Received
YSC1790169770 Case Was Received
YSC1790169771 New Card Is Being Produced
YSC1790169772 Case Was Received
YSC1790169773 Card Was Mailed To Me
YSC1790169774 Case Was Received
YSC1790169775 Case Was Received
YSC1790169776 Case Was Received
YSC1790169777 Case Was Received
YSC1790169778 Case Was Received
YSC1790169779 Case Was Received
YSC1790169780 Case Was Received
YSC1790169781 Case Was Received
YSC1790169782 Correspondence Was Received And USCIS Is Reviewing It
YSC1790169783 Case Was Received
YSC1790169784 Correspondence Was Received And USCIS Is Reviewing It
YSC1790169785 Card Was Mailed To Me
YSC1790169786 Case Was Received
YSC1790169787 Case Was Received
YSC1790169788 Card Was Mailed To Me
YSC1790169789 Case Was Received
YSC1790169790 Card Was Mailed To Me
YSC1790169791 Notice Was Returned To USCIS Because The Post Office Could Not Deliver It
YSC1790169792 Card Was Mailed To Me
YSC1790169793 Case Was Received
YSC1790169794 Card Was Mailed To Me
YSC1790169795 Case Was Received
YSC1790169796 Case Was Received
YSC1790169797 Notice Was Returned To USCIS Because The Post Office Could Not Deliver It
YSC1790169798 Case Was Received
YSC1790169799 Card Was Mailed To Me
YSC1790169800 Case Was Received
YSC1790169801 New Card Is Being Produced
YSC1790169802 Case Was Received
YSC1790169803 New Card Is Being Produced
YSC1790169804 Card Was Mailed To Me
YSC1790169805 Case Was Received
YSC1790169806 Case Was Received
YSC1790169807 Case Was Received
YSC1790169808 Case Was Received
YSC1790169809 Card Was Mailed To Me
YSC1790169810 Case Was Received
YSC1790169811 Case Was Received
YSC1790169812 Case Was Received
YSC1790169813 Case Was Received
YSC1790169814 Case Was Received
YSC1790169815 Case Was Received
YSC1790169816 Case Was Received
YSC1790169817 New Card Is Being Produced
YSC1790169818 Case Was Received
YSC1790169819 Case Was Received
YSC1790169820 Case Was Received
YSC1790169821 Case Was Received
YSC1790169822 Card Was Mailed To Me
YSC1790169823 Case Was Received
YSC1790169824 Card Was Mailed To Me
YSC1790169825 New Card Is Being Produced
YSC1790169826 Card Was Mailed To Me
YSC1790169827 Case Was Received
YSC1790169828 Card Was Mailed To Me
YSC1790169829 Case Was Received
YSC1790169830 Card Was Mailed To Me
YSC1790169831 Case Was Received
YSC1790169832 Case Was Received
YSC1790169833 Card Was Mailed To Me
YSC1790169834 New Card Is Being Produced
YSC1790169835 Case Was Received
YSC1790169836 Case Was Received
YSC1790169837 New Card Is Being Produced
YSC1790169838 Case Was Received
YSC1790169839 New Card Is Being Produced
YSC1790169840 Case Was Received
YSC1790169841 New Card Is Being Produced
YSC1790169842 Case Was Received
YSC1790169843 New Card Is Being Produced
YSC1790169844 Case Was Received
YSC1790169845 Case Was Received
YSC1790169846 New Card Is Being Produced
YSC1790169847 Case Was Received
YSC1790169848 New Card Is Being Produced
YSC1790169849 Case Was Received
YSC1790169850 Case Was Received
YSC1790169851 New Card Is Being Produced
YSC1790169852 Case Was Received
YSC1790169853 New Card Is Being Produced
YSC1790169854 Case Was Received
YSC1790169855 Card Was Mailed To Me
YSC1790169856 New Card Is Being Produced
YSC1790169857 Case Was Received
YSC1790169858 Case Was Received
YSC1790169859 New Card Is Being Produced
YSC1790169860 New Card Is Being Produced
YSC1790169861 New Card Is Being Produced
YSC1790169862 Case Was Received
YSC1790169863 Case Was Received
YSC1790169864 Case Was Received
YSC1790169865 Case Was Received
YSC1790169866 New Card Is Being Produced
YSC1790169867 New Card Is Being Produced
YSC1790169868 Case Was Received
YSC1790169869 Request for Initial Evidence Was Mailed
YSC1790169870 New Card Is Being Produced
YSC1790169871 Request for Initial Evidence Was Mailed
YSC1790169872 Case Was Received
YSC1790169873 New Card Is Being Produced
YSC1790169874 Case Was Received
YSC1790169875 Case Was Received
YSC1790169876 New Card Is Being Produced
YSC1790169877 Case Was Received
YSC1790169878 Case Was Received
YSC1790169879 Case Was Received
YSC1790169880 Case Was Received
YSC1790169881 Case Was Received
YSC1790169882 Card Was Mailed To Me
YSC1790169883 New Card Is Being Produced
YSC1790169884 New Card Is Being Produced
YSC1790169885 New Card Is Being Produced
YSC1790169886 New Card Is Being Produced
YSC1790169887 New Card Is Being Produced
YSC1790169888 Card Was Mailed To Me
YSC1790169889 Case Was Received
YSC1790169890 Case Was Received
YSC1790169891 New Card Is Being Produced
YSC1790169892 Case Was Received
YSC1790169893 Case Was Received
YSC1790169894 Case Was Received
YSC1790169895 New Card Is Being Produced
YSC1790169896 New Card Is Being Produced
YSC1790169897 Case Was Received
YSC1790169898 New Card Is Being Produced
YSC1790169899 Case Was Received
YSC1790169900 Case Was Received
YSC1790169901 New Card Is Being Produced
YSC1790169902 Case Was Received
YSC1790169903 Request for Initial Evidence Was Mailed
YSC1790169904 Case Was Received
YSC1790169905 New Card Is Being Produced
YSC1790169906 New Card Is Being Produced
YSC1790169907 Case Was Received
YSC1790169908 Case Was Received
YSC1790169909 New Card Is Being Produced
YSC1790169910 Case Was Received
YSC1790169911 Case Was Received
YSC1790169912 Case Was Received
YSC1790169913 Case Was Received
YSC1790169914 Case Was Received
YSC1790169915 Case Was Received
YSC1790169916 Case Was Received
YSC1790169917 Case Was Received
YSC1790169918 Case Was Received
YSC1790169919 Case Was Received
YSC1790169920 Case Was Received
YSC1790169921 Case Was Received
YSC1790169922 New Card Is Being Produced
YSC1790169923 New Card Is Being Produced
YSC1790169924 Case Was Received
YSC1790169925 New Card Is Being Produced
YSC1790169926 Case Was Received
YSC1790169927 Case Was Received
YSC1790169928 Case Was Received
YSC1790169929 New Card Is Being Produced
YSC1790169930 New Card Is Being Produced
YSC1790169931 Case Was Received
YSC1790169932 Case Was Received
YSC1790169933 Case Was Received
YSC1790169934 Case Was Received
YSC1790169935 Case Was Received
YSC1790169936 Case Was Received
YSC1790169937 Case Was Received
YSC1790169938 Case Was Received
YSC1790169939 Case Was Received
YSC1790169940 Case Was Received
YSC1790169941 New Card Is Being Produced
YSC1790169942 New Card Is Being Produced
YSC1790169943 New Card Is Being Produced
YSC1790169944 Case Was Received
YSC1790169945 Case Was Received
YSC1790169946 Case Was Received
YSC1790169947 Card Was Mailed To Me
YSC1790169948 Case Was Received
YSC1790169949 Case Was Received
YSC1790169950 Case Was Received
YSC1790169951 New Card Is Being Produced
YSC1790169952 New Card Is Being Produced
YSC1790169953 Case Was Received
YSC1790169954 Case Was Received
YSC1790169955 Case Was Received
YSC1790169956 Card Was Mailed To Me
YSC1790169957 Case Was Received
YSC1790169958 Case Was Received
YSC1790169959 Case Was Received
YSC1790169960 Case Was Received
YSC1790169961 Case Was Received
YSC1790169962 New Card Is Being Produced
YSC1790169963 Case Was Received
YSC1790169964 New Card Is Being Produced
YSC1790169965 Case Was Received
YSC1790169966 Case Was Received
YSC1790169967 Case Was Received
YSC1790169968 Case Was Received
YSC1790169969 Case Was Received
YSC1790169970 Case Was Received
YSC1790169971 Card Was Mailed To Me
YSC1790169972 Case Was Received
YSC1790169973 Case Was Received
YSC1790169974 Card Was Mailed To Me
YSC1790169975 Card Was Mailed To Me
YSC1790169976 Case Was Received
YSC1790169977 Case Was Received
YSC1790169978 Case Was Received
YSC1790169979 Case Was Received
YSC1790169980 Case Was Received
YSC1790169981 Case Was Received
YSC1790169982 Case Was Received
YSC1790169983 Case Was Received
YSC1790169984 Case Was Received
YSC1790169985 Case Was Received
YSC1790169986 Card Was Mailed To Me
YSC1790169987 Case Was Received
YSC1790169988 Case Was Received
YSC1790169989 Case Was Received
YSC1790169990 Card Was Mailed To Me
YSC1790169991 New Card Is Being Produced
YSC1790169992 New Card Is Being Produced
YSC1790169993 Case Was Received
YSC1790169994 New Card Is Being Produced
YSC1790169995 Case Was Received
YSC1790169996 Case Was Received
YSC1790169997 New Card Is Being Produced
YSC1790169998 Case Was Received
YSC1790169999 Case Was Received
YSC1790170000 Case Was Received
