YSC1790168500 Correspondence Was Received And USCIS Is Reviewing It
YSC1790168501 New Card Is Being Produced
YSC1790168502 Card Was Mailed To Me
YSC1790168503 New Card Is Being Produced
YSC1790168504 Case Was Received
YSC1790168505 New Card Is Being Produced
YSC1790168506 New Card Is Being Produced
YSC1790168507 New Card Is Being Produced
YSC1790168508 New Card Is Being Produced
YSC1790168509 New Card Is Being Produced
YSC1790168510 Card Was Mailed To Me
YSC1790168511 Case Was Received
YSC1790168512 Card Was Mailed To Me
YSC1790168513 Case Was Received
YSC1790168514 Card Was Mailed To Me
YSC1790168515 Case Was Received
YSC1790168516 Request for Initial Evidence Was Mailed
YSC1790168517 Case Was Received
YSC1790168518 Name Was Updated
YSC1790168519 Case Was Received
YSC1790168520 Case Was Received
YSC1790168521 New Card Is Being Produced
YSC1790168522 New Card Is Being Produced
YSC1790168523 Card Was Mailed To Me
YSC1790168524 Card Was Mailed To Me
YSC1790168525 Case Was Received
YSC1790168526 Case Was Received
YSC1790168527 New Card Is Being Produced
YSC1790168528 Case Was Received
YSC1790168529 New Card Is Being Produced
YSC1790168530 Case Was Received
YSC1790168531 New Card Is Being Produced
YSC1790168532 Case Was Received
YSC1790168533 New Card Is Being Produced
YSC1790168534 Case Was Received
YSC1790168535 Case Was Received
YSC1790168536 Card Was Mailed To Me
YSC1790168537 New Card Is Being Produced
YSC1790168538 Request for Initial Evidence Was Mailed
YSC1790168539 Case Was Received
YSC1790168540 Case Was Received
YSC1790168541 Case Was Received
YSC1790168542 Case Was Received
YSC1790168543 Case Was Received
YSC1790168544 Case Was Received
YSC1790168545 Case Was Received
YSC1790168546 Case Was Received
YSC1790168547 Case Was Received
YSC1790168548 Case Was Received
YSC1790168549 Case Was Received
YSC1790168550 Case Was Received
YSC1790168551 Case Was Received
YSC1790168552 Case Was Received
YSC1790168553 Case Was Received
YSC1790168554 Case Was Received
YSC1790168555 Case Was Received
YSC1790168556 Case Was Received
YSC1790168557 Case Was Received
YSC1790168558 Case Was Received
YSC1790168559 Case Was Received
YSC1790168560 Case Was Received
YSC1790168561 New Card Is Being Produced
YSC1790168562 New Card Is Being Produced
YSC1790168563 New Card Is Being Produced
YSC1790168564 Card Was Mailed To Me
YSC1790168565 Case Was Received
YSC1790168566 Case Was Received
YSC1790168567 Card Was Mailed To Me
YSC1790168568 New Card Is Being Produced
YSC1790168569 New Card Is Being Produced
YSC1790168570 Case Was Received
YSC1790168571 Request for Initial Evidence Was Mailed
YSC1790168572 Case Was Received
YSC1790168573 Card Was Mailed To Me
YSC1790168574 Case Was Received
YSC1790168575 New Card Is Being Produced
YSC1790168576 Case Was Received
YSC1790168577 Card Was Mailed To Me
YSC1790168578 New Card Is Being Produced
YSC1790168579 Card Was Mailed To Me
YSC1790168580 Card Was Mailed To Me
YSC1790168581 Card Was Mailed To Me
YSC1790168582 New Card Is Being Produced
YSC1790168583 Case Was Received
YSC1790168584 Case Was Received
YSC1790168585 Request for Initial Evidence Was Mailed
YSC1790168586 New Card Is Being Produced
YSC1790168587 Card Was Mailed To Me
YSC1790168588 Case Was Received
YSC1790168589 New Card Is Being Produced
YSC1790168590 Case Was Received
YSC1790168591 New Card Is Being Produced
YSC1790168592 New Card Is Being Produced
YSC1790168593 Case Was Received
YSC1790168594 Case Was Received
YSC1790168595 Case Was Received
YSC1790168596 Case Was Received
YSC1790168597 Case Was Received
YSC1790168598 Card Was Mailed To Me
YSC1790168599 Case Was Received
YSC1790168600 Case Was Received
YSC1790168601 Card Was Mailed To Me
YSC1790168602 Card Was Mailed To Me
YSC1790168603 Case Was Received
YSC1790168604 Case Was Received
YSC1790168605 Case Was Received
YSC1790168606 New Card Is Being Produced
YSC1790168607 Card Was Mailed To Me
YSC1790168608 Card Was Mailed To Me
YSC1790168609 New Card Is Being Produced
YSC1790168610 New Card Is Being Produced
YSC1790168611 Card Was Mailed To Me
YSC1790168612 New Card Is Being Produced
YSC1790168613 Case Was Received
YSC1790168614 Card Was Mailed To Me
YSC1790168615 New Card Is Being Produced
YSC1790168616 Case Was Received
YSC1790168617 New Card Is Being Produced
YSC1790168618 Case Was Received
YSC1790168619 New Card Is Being Produced
YSC1790168620 Card Was Mailed To Me
YSC1790168621 New Card Is Being Produced
YSC1790168622 Case Was Received
YSC1790168623 Case Was Received
YSC1790168624 Case Was Received
YSC1790168625 Case Was Received
YSC1790168626 Case Was Received
YSC1790168627 Case Was Received
YSC1790168628 Case Was Received
YSC1790168629 Case Was Received
YSC1790168630 Case Was Received
YSC1790168631 Case Was Received
YSC1790168632 Case Was Received
YSC1790168633 Case Was Received
YSC1790168634 Case Was Received
YSC1790168635 Case Was Received
YSC1790168636 Case Was Received
YSC1790168637 Case Was Received
YSC1790168638 Case Was Received
YSC1790168639 Case Was Received
YSC1790168640 Case Was Received
YSC1790168641 Case Was Received
YSC1790168642 Case Was Received
YSC1790168643 Case Was Received
YSC1790168644 Case Was Received
YSC1790168645 New Card Is Being Produced
YSC1790168646 Card Was Mailed To Me
YSC1790168647 Card Was Mailed To Me
YSC1790168648 Card Was Mailed To Me
YSC1790168649 Card Was Mailed To Me
YSC1790168650 Card Was Mailed To Me
YSC1790168651 Card Was Mailed To Me
YSC1790168652 Card Was Mailed To Me
YSC1790168653 Case Was Received
YSC1790168654 New Card Is Being Produced
YSC1790168655 New Card Is Being Produced
YSC1790168656 Case Was Received
YSC1790168657 Card Was Mailed To Me
YSC1790168658 New Card Is Being Produced
YSC1790168659 Card Was Mailed To Me
YSC1790168660 Card Was Mailed To Me
YSC1790168661 New Card Is Being Produced
YSC1790168662 New Card Is Being Produced
YSC1790168663 Case Was Received
YSC1790168664 Case Was Received
YSC1790168665 Card Was Mailed To Me
YSC1790168666 Case Was Received
YSC1790168667 Card Was Mailed To Me
YSC1790168668 Case Was Received
YSC1790168669 Case Was Received
YSC1790168670 Card Was Mailed To Me
YSC1790168671 New Card Is Being Produced
YSC1790168672 Card Was Mailed To Me
YSC1790168673 New Card Is Being Produced
YSC1790168674 Case Was Received
YSC1790168675 Case Was Received
YSC1790168676 New Card Is Being Produced
YSC1790168677 New Card Is Being Produced
YSC1790168678 Case Was Received
YSC1790168679 New Card Is Being Produced
YSC1790168680 New Card Is Being Produced
YSC1790168681 Case Was Received
YSC1790168682 Case Was Received
YSC1790168683 New Card Is Being Produced
YSC1790168684 Case Was Received
YSC1790168685 Case Was Received
YSC1790168686 Case Was Received
YSC1790168687 Case Was Received
YSC1790168688 Case Was Received
YSC1790168689 New Card Is Being Produced
YSC1790168690 New Card Is Being Produced
YSC1790168691 Card Was Mailed To Me
YSC1790168692 New Card Is Being Produced
YSC1790168693 Card Was Mailed To Me
YSC1790168694 New Card Is Being Produced
YSC1790168695 New Card Is Being Produced
YSC1790168696 Case Was Received
YSC1790168697 New Card Is Being Produced
YSC1790168698 Case Was Received
YSC1790168699 Card Was Mailed To Me
YSC1790168700 Request for Initial Evidence Was Mailed
YSC1790168701 Card Was Mailed To Me
YSC1790168702 Card Was Mailed To Me
YSC1790168703 New Card Is Being Produced
YSC1790168704 New Card Is Being Produced
YSC1790168705 Card Was Mailed To Me
YSC1790168706 Case Was Received
YSC1790168707 Card Was Mailed To Me
YSC1790168708 Case Was Received
YSC1790168709 Card Was Mailed To Me
YSC1790168710 Card Was Mailed To Me
YSC1790168711 Card Was Mailed To Me
YSC1790168712 Card Was Mailed To Me
YSC1790168713 Card Was Mailed To Me
YSC1790168714 New Card Is Being Produced
YSC1790168715 Name Was Updated
YSC1790168716 New Card Is Being Produced
YSC1790168717 Card Was Mailed To Me
YSC1790168718 Card Was Mailed To Me
YSC1790168719 Card Was Mailed To Me
YSC1790168720 Case Was Received
YSC1790168721 New Card Is Being Produced
YSC1790168722 Card Was Mailed To Me
YSC1790168723 New Card Is Being Produced
YSC1790168724 Case Was Received
YSC1790168725 Card Was Mailed To Me
YSC1790168726 Card Was Mailed To Me
YSC1790168727 New Card Is Being Produced
YSC1790168728 Case Was Received
YSC1790168729 Case Was Received
YSC1790168730 Case Was Received
YSC1790168731 Case Was Received
YSC1790168732 Case Was Received
YSC1790168733 Case Was Received
YSC1790168734 Case Was Received
YSC1790168735 Case Was Received
YSC1790168736 Case Was Received
YSC1790168737 New Card Is Being Produced
YSC1790168738 Card Was Mailed To Me
YSC1790168739 Card Was Mailed To Me
YSC1790168740 Card Was Mailed To Me
YSC1790168741 Case Was Received
YSC1790168742 Correspondence Was Received And USCIS Is Reviewing It
YSC1790168743 Case Was Received
YSC1790168744 New Card Is Being Produced
YSC1790168745 Card Was Mailed To Me
YSC1790168746 Case Was Received
YSC1790168747 Card Was Mailed To Me
YSC1790168748 Card Was Mailed To Me
YSC1790168749 Card Was Mailed To Me
YSC1790168750 Card Was Mailed To Me
YSC1790168751 New Card Is Being Produced
YSC1790168752 Card Was Mailed To Me
YSC1790168753 New Card Is Being Produced
YSC1790168754 Card Was Mailed To Me
YSC1790168755 New Card Is Being Produced
YSC1790168756 Card Was Mailed To Me
YSC1790168757 New Card Is Being Produced
YSC1790168758 New Card Is Being Produced
YSC1790168759 Card Was Mailed To Me
YSC1790168760 Case Was Received
YSC1790168761 Card Was Mailed To Me
YSC1790168762 Card Was Mailed To Me
YSC1790168763 New Card Is Being Produced
YSC1790168764 Card Was Mailed To Me
YSC1790168765 Case Was Received
YSC1790168766 Case Was Received
YSC1790168767 Case Was Received
YSC1790168768 Card Was Mailed To Me
YSC1790168769 Case Was Received
YSC1790168770 Card Was Mailed To Me
YSC1790168771 Card Was Mailed To Me
YSC1790168772 Case Was Received
YSC1790168773 Card Was Mailed To Me
YSC1790168774 Case Was Received
YSC1790168775 Case Was Received
YSC1790168776 Card Was Mailed To Me
YSC1790168777 Case Was Received
YSC1790168778 Case Was Received
YSC1790168779 New Card Is Being Produced
YSC1790168780 Card Was Mailed To Me
YSC1790168781 New Card Is Being Produced
YSC1790168782 Case Was Received
YSC1790168783 New Card Is Being Produced
YSC1790168784 Case Was Received
YSC1790168785 New Card Is Being Produced
YSC1790168786 Case Was Received
YSC1790168787 New Card Is Being Produced
YSC1790168788 New Card Is Being Produced
YSC1790168789 Card Was Mailed To Me
YSC1790168790 New Card Is Being Produced
YSC1790168791 New Card Is Being Produced
YSC1790168792 Case Was Received
YSC1790168793 Case Was Received
YSC1790168794 Card Was Mailed To Me
YSC1790168795 New Card Is Being Produced
YSC1790168796 New Card Is Being Produced
YSC1790168797 Card Was Mailed To Me
YSC1790168798 Case Was Received
YSC1790168799 New Card Is Being Produced
YSC1790168800 Card Was Mailed To Me
YSC1790168801 New Card Is Being Produced
YSC1790168802 New Card Is Being Produced
YSC1790168803 New Card Is Being Produced
YSC1790168804 Case Was Received
YSC1790168805 Case Was Received
YSC1790168806 Case Was Received
YSC1790168807 Case Was Received
YSC1790168808 Case Was Received
YSC1790168809 Case Was Received
YSC1790168810 Case Was Received
YSC1790168811 Case Was Received
YSC1790168812 Case Was Received
YSC1790168813 Case Was Received
YSC1790168814 Case Was Received
YSC1790168815 Case Was Received
YSC1790168816 Case Was Received
YSC1790168817 Case Was Received
YSC1790168818 Case Was Received
YSC1790168819 Case Was Received
YSC1790168820 Case Was Received
YSC1790168821 Case Was Received
YSC1790168822 Case Was Received
YSC1790168823 Case Was Received
YSC1790168824 Case Was Received
YSC1790168825 Case Was Received
YSC1790168826 Case Was Received
YSC1790168827 Case Was Received
YSC1790168828 Case Was Received
YSC1790168829 Case Was Received
YSC1790168830 Case Was Received
YSC1790168831 Case Was Received
YSC1790168832 Case Was Received
YSC1790168833 Case Was Received
YSC1790168834 Case Was Received
YSC1790168835 Case Was Received
YSC1790168836 Case Was Received
YSC1790168837 Case Was Received
YSC1790168838 Case Was Received
YSC1790168839 Case Was Received
YSC1790168840 Case Was Received
YSC1790168841 Case Was Received
YSC1790168842 Case Was Received
YSC1790168843 Case Was Received
YSC1790168844 Notice Was Returned To USCIS Because The Post Office Could Not Deliver It
YSC1790168845 Notice Was Returned To USCIS Because The Post Office Could Not Deliver It
YSC1790168846 Case Was Received
YSC1790168847 Case Was Received
YSC1790168848 Case Was Received
YSC1790168849 Case Was Received
YSC1790168850 Case Was Received
YSC1790168851 Case Was Received
YSC1790168852 Case Was Received
YSC1790168853 Case Was Received
YSC1790168854 Case Was Received
YSC1790168855 Case Was Received
YSC1790168856 Case Was Received
YSC1790168857 Case Was Received
YSC1790168858 Case Was Received
YSC1790168859 Card Was Mailed To Me
YSC1790168860 Card Was Mailed To Me
YSC1790168861 New Card Is Being Produced
YSC1790168862 Card Was Mailed To Me
YSC1790168863 New Card Is Being Produced
YSC1790168864 Card Was Mailed To Me
YSC1790168865 New Card Is Being Produced
YSC1790168866 Case Was Received
YSC1790168867 New Card Is Being Produced
YSC1790168868 Case Was Received
YSC1790168869 New Card Is Being Produced
YSC1790168870 Case Was Received
YSC1790168871 Card Was Mailed To Me
YSC1790168872 Case Was Received
YSC1790168873 Case Was Received
YSC1790168874 Card Was Mailed To Me
YSC1790168875 New Card Is Being Produced
YSC1790168876 Card Was Mailed To Me
YSC1790168877 New Card Is Being Produced
YSC1790168878 Card Was Mailed To Me
YSC1790168879 Request for Initial Evidence Was Mailed
YSC1790168880 Case Was Received
YSC1790168881 New Card Is Being Produced
YSC1790168882 New Card Is Being Produced
YSC1790168883 New Card Is Being Produced
YSC1790168884 Case Was Received
YSC1790168885 Card Was Mailed To Me
YSC1790168886 Notice Was Returned To USCIS Because The Post Office Could Not Deliver It
YSC1790168887 New Card Is Being Produced
YSC1790168888 Case Was Received
YSC1790168889 New Card Is Being Produced
YSC1790168890 Case Was Received
YSC1790168891 Case Was Received
YSC1790168892 Card Was Mailed To Me
YSC1790168893 Case Was Received
YSC1790168894 New Card Is Being Produced
YSC1790168895 Case Was Received
YSC1790168896 New Card Is Being Produced
YSC1790168897 Request for Initial Evidence Was Mailed
YSC1790168898 New Card Is Being Produced
YSC1790168899 Card Was Mailed To Me
YSC1790168900 New Card Is Being Produced
YSC1790168901 New Card Is Being Produced
YSC1790168902 Card Was Mailed To Me
YSC1790168903 Card Was Mailed To Me
YSC1790168904 Case Was Received
YSC1790168905 Request for Initial Evidence Was Mailed
YSC1790168906 Case Was Received
YSC1790168907 New Card Is Being Produced
YSC1790168908 New Card Is Being Produced
YSC1790168909 Card Was Mailed To Me
YSC1790168910 Card Was Mailed To Me
YSC1790168911 Correspondence Was Received And USCIS Is Reviewing It
YSC1790168912 New Card Is Being Produced
YSC1790168913 Notice Was Returned To USCIS Because The Post Office Could Not Deliver It
YSC1790168914 Card Was Mailed To Me
YSC1790168915 Case Was Received
YSC1790168916 Case Was Received
YSC1790168917 Case Was Received
YSC1790168918 Case Was Received
YSC1790168919 New Card Is Being Produced
YSC1790168920 New Card Is Being Produced
YSC1790168921 New Card Is Being Produced
YSC1790168922 New Card Is Being Produced
YSC1790168923 Case Was Received
YSC1790168924 Case Was Received
YSC1790168925 Card Was Mailed To Me
YSC1790168926 Case Was Received
YSC1790168927 Case Was Received
YSC1790168928 New Card Is Being Produced
YSC1790168929 New Card Is Being Produced
YSC1790168930 Card Was Mailed To Me
YSC1790168931 Card Was Mailed To Me
YSC1790168932 New Card Is Being Produced
YSC1790168933 Case Was Received
YSC1790168934 Case Was Received
YSC1790168935 Card Was Mailed To Me
YSC1790168936 Card Was Mailed To Me
YSC1790168937 Card Was Mailed To Me
YSC1790168938 Card Was Mailed To Me
YSC1790168939 Card Was Mailed To Me
YSC1790168940 Card Was Mailed To Me
YSC1790168941 Case Was Received
YSC1790168942 Case Was Received
YSC1790168943 Case Was Received
YSC1790168944 Case Was Received
YSC1790168945 Card Was Mailed To Me
YSC1790168946 New Card Is Being Produced
YSC1790168947 Case Was Received
YSC1790168948 Case Was Received
YSC1790168949 New Card Is Being Produced
YSC1790168950 New Card Is Being Produced
YSC1790168951 Case Was Received
YSC1790168952 New Card Is Being Produced
YSC1790168953 New Card Is Being Produced
YSC1790168954 Case Was Received
YSC1790168955 Case Was Received
YSC1790168956 New Card Is Being Produced
YSC1790168957 Case Was Received
YSC1790168958 New Card Is Being Produced
YSC1790168959 Card Was Mailed To Me
YSC1790168960 Case Was Received
YSC1790168961 Card Was Mailed To Me
YSC1790168962 Card Was Mailed To Me
YSC1790168963 Card Was Mailed To Me
YSC1790168964 Card Was Mailed To Me
YSC1790168965 New Card Is Being Produced
YSC1790168966 Case Was Received
YSC1790168967 Card Was Mailed To Me
YSC1790168968 Card Was Mailed To Me
YSC1790168969 Card Was Mailed To Me
YSC1790168970 Card Was Mailed To Me
YSC1790168971 Case Was Received
YSC1790168972 Card Was Mailed To Me
YSC1790168973 New Card Is Being Produced
YSC1790168974 Card Was Mailed To Me
YSC1790168975 Card Was Mailed To Me
YSC1790168976 Card Was Mailed To Me
YSC1790168977 Card Was Mailed To Me
YSC1790168978 Card Was Mailed To Me
YSC1790168979 Case Was Received
YSC1790168980 Case Was Received
YSC1790168981 Case Was Received
YSC1790168982 Card Was Mailed To Me
YSC1790168983 Case Was Received
YSC1790168984 Card Was Mailed To Me
YSC1790168985 Case Was Received
YSC1790168986 Case Was Received
YSC1790168987 Case Was Received
YSC1790168988 Case Was Received
YSC1790168989 Request for Initial Evidence Was Mailed
YSC1790168990 Case Was Received
YSC1790168991 Case Was Received
YSC1790168992 Case Was Received
YSC1790168993 New Card Is Being Produced
YSC1790168994 Case Was Received
YSC1790168995 Case Was Received
YSC1790168996 Case Was Received
YSC1790168997 Case Was Received
YSC1790168998 Case Was Received
YSC1790168999 Case Was Received
YSC1790169000 Case Was Received
