YSC1790168000 Case Was Received
YSC1790168001 Case Was Received
YSC1790168002 Card Was Mailed To Me
YSC1790168003 Case Was Received
YSC1790168004 Card Was Mailed To Me
YSC1790168005 Card Was Mailed To Me
YSC1790168006 Case Was Received
YSC1790168007 New Card Is Being Produced
YSC1790168008 Card Was Mailed To Me
YSC1790168009 Card Was Mailed To Me
YSC1790168010 Card Was Mailed To Me
YSC1790168011 Case Was Received
YSC1790168012 Card Was Mailed To Me
YSC1790168013 Card Was Mailed To Me
YSC1790168014 Case Was Received
YSC1790168015 New Card Is Being Produced
YSC1790168016 Request for Initial Evidence Was Mailed
YSC1790168017 New Card Is Being Produced
YSC1790168018 Case Was Received
YSC1790168019 Case Was Received
YSC1790168020 Card Was Mailed To Me
YSC1790168021 Card Was Mailed To Me
YSC1790168022 Card Was Mailed To Me
YSC1790168023 New Card Is Being Produced
YSC1790168024 Card Was Mailed To Me
YSC1790168025 Case Was Received
YSC1790168026 Case Was Received
YSC1790168027 New Card Is Being Produced
YSC1790168028 Card Was Mailed To Me
YSC1790168029 New Card Is Being Produced
YSC1790168030 New Card Is Being Produced
YSC1790168031 Card Was Mailed To Me
YSC1790168032 Card Was Mailed To Me
YSC1790168033 Case Was Received
YSC1790168034 Case Was Received
YSC1790168035 Case Was Received
YSC1790168036 Card Was Mailed To Me
YSC1790168037 Case Was Received
YSC1790168038 Card Was Mailed To Me
YSC1790168039 New Card Is Being Produced
YSC1790168040 Card Was Mailed To Me
YSC1790168041 New Card Is Being Produced
YSC1790168042 Card Was Mailed To Me
YSC1790168043 Card Was Mailed To Me
YSC1790168044 New Card Is Being Produced
YSC1790168045 Case Was Received
YSC1790168046 Card Was Mailed To Me
YSC1790168047 Case Was Received
YSC1790168048 New Card Is Being Produced
YSC1790168049 Card Was Mailed To Me
YSC1790168050 New Card Is Being Produced
YSC1790168051 Case Was Received
YSC1790168052 New Card Is Being Produced
YSC1790168053 Card Was Mailed To Me
YSC1790168054 New Card Is Being Produced
YSC1790168055 New Card Is Being Produced
YSC1790168056 Case Was Received
YSC1790168057 Card Was Mailed To Me
YSC1790168058 Card Was Mailed To Me
YSC1790168059 Card Was Mailed To Me
YSC1790168060 Card Was Mailed To Me
YSC1790168061 Case Was Received
YSC1790168062 Card Was Mailed To Me
YSC1790168063 Case Was Received
YSC1790168064 Card Was Mailed To Me
YSC1790168065 New Card Is Being Produced
YSC1790168066 Card Was Mailed To Me
YSC1790168067 New Card Is Being Produced
YSC1790168068 Case Was Received
YSC1790168069 Case Was Received
YSC1790168070 Card Was Mailed To Me
YSC1790168071 New Card Is Being Produced
YSC1790168072 Card Was Mailed To Me
YSC1790168073 Case Was Received
YSC1790168074 Card Was Mailed To Me
YSC1790168075 New Card Is Being Produced
YSC1790168076 Case Was Received
YSC1790168077 Card Was Mailed To Me
YSC1790168078 New Card Is Being Produced
YSC1790168079 New Card Is Being Produced
YSC1790168080 New Card Is Being Produced
YSC1790168081 New Card Is Being Produced
YSC1790168082 Request for Initial Evidence Was Mailed
YSC1790168083 New Card Is Being Produced
YSC1790168084 Card Was Mailed To Me
YSC1790168085 New Card Is Being Produced
YSC1790168086 Card Was Mailed To Me
YSC1790168087 New Card Is Being Produced
YSC1790168088 New Card Is Being Produced
YSC1790168089 New Card Is Being Produced
YSC1790168090 New Card Is Being Produced
YSC1790168091 New Card Is Being Produced
YSC1790168092 New Card Is Being Produced
YSC1790168093 New Card Is Being Produced
YSC1790168094 Card Was Mailed To Me
YSC1790168095 New Card Is Being Produced
YSC1790168096 New Card Is Being Produced
YSC1790168097 Card Was Mailed To Me
YSC1790168098 Card Was Mailed To Me
YSC1790168099 Card Was Mailed To Me
YSC1790168100 New Card Is Being Produced
YSC1790168101 Card Was Mailed To Me
YSC1790168102 Case Was Received
YSC1790168103 Case Was Received
YSC1790168104 Card Was Mailed To Me
YSC1790168105 Name Was Updated
YSC1790168106 Case Was Received
YSC1790168107 New Card Is Being Produced
YSC1790168108 Case Was Received
YSC1790168109 New Card Is Being Produced
YSC1790168110 Card Was Mailed To Me
YSC1790168111 Case Was Received
YSC1790168112 Card Was Mailed To Me
YSC1790168113 Case Was Received
YSC1790168114 New Card Is Being Produced
YSC1790168115 Card Was Mailed To Me
YSC1790168116 Card Was Mailed To Me
YSC1790168117 Card Was Mailed To Me
YSC1790168118 Case Was Received
YSC1790168119 Card Was Mailed To Me
YSC1790168120 New Card Is Being Produced
YSC1790168121 New Card Is Being Produced
YSC1790168122 Case Was Received
YSC1790168123 New Card Is Being Produced
YSC1790168124 Case Was Received
YSC1790168125 New Card Is Being Produced
YSC1790168126 New Card Is Being Produced
YSC1790168127 Case Was Received
YSC1790168128 Case Was Received
YSC1790168129 New Card Is Being Produced
YSC1790168130 New Card Is Being Produced
YSC1790168131 Case Was Received
YSC1790168132 Case Was Received
YSC1790168133 Case Was Received
YSC1790168134 Case Was Received
YSC1790168135 Case Was Received
YSC1790168136 Card Was Mailed To Me
YSC1790168137 Card Was Mailed To Me
YSC1790168138 Card Was Mailed To Me
YSC1790168139 Case Was Received
YSC1790168140 Case Was Received
YSC1790168141 New Card Is Being Produced
YSC1790168142 Notice Was Returned To USCIS Because The Post Office Could Not Deliver It
YSC1790168143 New Card Is Being Produced
YSC1790168144 Card Was Mailed To Me
YSC1790168145 Card Was Mailed To Me
YSC1790168146 New Card Is Being Produced
YSC1790168147 New Card Is Being Produced
YSC1790168148 New Card Is Being Produced
YSC1790168149 New Card Is Being Produced
YSC1790168150 Card Was Mailed To Me
YSC1790168151 Card Was Mailed To Me
YSC1790168152 Case Was Received
YSC1790168153 Card Was Mailed To Me
YSC1790168154 New Card Is Being Produced
YSC1790168155 New Card Is Being Produced
YSC1790168156 Case Was Received
YSC1790168157 New Card Is Being Produced
YSC1790168158 Case Was Received
YSC1790168159 Case Was Received
YSC1790168160 Card Was Mailed To Me
YSC1790168161 Card Was Mailed To Me
YSC1790168162 Card Was Mailed To Me
YSC1790168163 Card Was Mailed To Me
YSC1790168164 Card Was Mailed To Me
YSC1790168165 New Card Is Being Produced
YSC1790168166 Case Was Received
YSC1790168167 Case Was Received
YSC1790168168 Case Was Received
YSC1790168169 Card Was Mailed To Me
YSC1790168170 Case Was Received
YSC1790168171 New Card Is Being Produced
YSC1790168172 Case Was Received
YSC1790168173 New Card Is Being Produced
YSC1790168174 Correspondence Was Received And USCIS Is Reviewing It
YSC1790168175 Case Was Received
YSC1790168176 Case Was Received
YSC1790168177 New Card Is Being Produced
YSC1790168178 Case Was Received
YSC1790168179 Card Was Mailed To Me
YSC1790168180 Card Was Mailed To Me
YSC1790168181 Case Was Received
YSC1790168182 Correspondence Was Received And USCIS Is Reviewing It
YSC1790168183 New Card Is Being Produced
YSC1790168184 Card Was Mailed To Me
YSC1790168185 Request for Initial Evidence Was Mailed
YSC1790168186 Case Was Received
YSC1790168187 New Card Is Being Produced
YSC1790168188 New Card Is Being Produced
YSC1790168189 New Card Is Being Produced
YSC1790168190 Withdrawal Acknowledgement Notice Was Sent
YSC1790168191 New Card Is Being Produced
YSC1790168192 New Card Is Being Produced
YSC1790168193 Card Was Mailed To Me
YSC1790168194 New Card Is Being Produced
YSC1790168195 New Card Is Being Produced
YSC1790168196 Card Was Mailed To Me
YSC1790168197 New Card Is Being Produced
YSC1790168198 New Card Is Being Produced
YSC1790168199 Case Was Received
YSC1790168200 New Card Is Being Produced
YSC1790168201 New Card Is Being Produced
YSC1790168202 New Card Is Being Produced
YSC1790168203 New Card Is Being Produced
YSC1790168204 New Card Is Being Produced
YSC1790168205 Case Was Received
YSC1790168206 New Card Is Being Produced
YSC1790168207 Card Was Mailed To Me
YSC1790168208 New Card Is Being Produced
YSC1790168209 Card Was Mailed To Me
YSC1790168210 Card Was Mailed To Me
YSC1790168211 Card Was Mailed To Me
YSC1790168212 Card Was Mailed To Me
YSC1790168213 New Card Is Being Produced
YSC1790168214 Card Was Mailed To Me
YSC1790168215 New Card Is Being Produced
YSC1790168216 Case Was Received
YSC1790168217 Card Was Mailed To Me
YSC1790168218 New Card Is Being Produced
YSC1790168219 New Card Is Being Produced
YSC1790168220 New Card Is Being Produced
YSC1790168221 New Card Is Being Produced
YSC1790168222 Card Was Mailed To Me
YSC1790168223 New Card Is Being Produced
YSC1790168224 Card Was Mailed To Me
YSC1790168225 Case Was Received
YSC1790168226 Card Was Mailed To Me
YSC1790168227 Case Was Received
YSC1790168228 New Card Is Being Produced
YSC1790168229 Case Was Received
YSC1790168230 New Card Is Being Produced
YSC1790168231 Case Was Received
YSC1790168232 Case Was Received
YSC1790168233 New Card Is Being Produced
YSC1790168234 Card Was Mailed To Me
YSC1790168235 New Card Is Being Produced
YSC1790168236 Case Was Received
YSC1790168237 Case Was Received
YSC1790168238 Case Was Received
YSC1790168239 New Card Is Being Produced
YSC1790168240 Case Was Received
YSC1790168241 Card Was Mailed To Me
YSC1790168242 Case Was Received
YSC1790168243 Card Was Mailed To Me
YSC1790168244 Case Was Received
YSC1790168245 Card Was Mailed To Me
YSC1790168246 Card Was Mailed To Me
YSC1790168247 Card Was Mailed To Me
YSC1790168248 New Card Is Being Produced
YSC1790168249 New Card Is Being Produced
YSC1790168250 New Card Is Being Produced
YSC1790168251 Card Was Mailed To Me
YSC1790168252 Card Was Mailed To Me
YSC1790168253 Case Was Received
YSC1790168254 Card Was Mailed To Me
YSC1790168255 Card Was Mailed To Me
YSC1790168256 Case Was Received
YSC1790168257 Case Was Received
YSC1790168258 Case Was Received
YSC1790168259 Card Was Mailed To Me
YSC1790168260 Card Was Mailed To Me
YSC1790168261 Case Was Received
YSC1790168262 New Card Is Being Produced
YSC1790168263 Case Was Received
YSC1790168264 Card Was Mailed To Me
YSC1790168265 Case Was Received
YSC1790168266 Card Was Mailed To Me
YSC1790168267 Card Was Mailed To Me
YSC1790168268 New Card Is Being Produced
YSC1790168269 Card Was Mailed To Me
YSC1790168270 Card Was Mailed To Me
YSC1790168271 Card Was Mailed To Me
YSC1790168272 Card Was Mailed To Me
YSC1790168273 Case Was Received
YSC1790168274 Card Was Mailed To Me
YSC1790168275 Case Was Received
YSC1790168276 Case Was Received
YSC1790168277 Case Was Received
YSC1790168278 New Card Is Being Produced
YSC1790168279 Case Was Received
YSC1790168280 Case Was Received
YSC1790168281 Case Was Received
YSC1790168282 Case Was Received
YSC1790168283 Case Was Received
YSC1790168284 Case Was Received
YSC1790168285 New Card Is Being Produced
YSC1790168286 New Card Is Being Produced
YSC1790168287 Case Was Received
YSC1790168288 Case Was Received
YSC1790168289 Case Was Received
YSC1790168290 Case Was Received
YSC1790168291 Case Was Received
YSC1790168292 Case Was Received
YSC1790168293 Card Was Mailed To Me
YSC1790168294 Case Was Received
YSC1790168295 New Card Is Being Produced
YSC1790168296 Card Was Mailed To Me
YSC1790168297 New Card Is Being Produced
YSC1790168298 Case Was Received
YSC1790168299 Card Was Mailed To Me
YSC1790168300 Case Was Received
YSC1790168301 Case Was Received
YSC1790168302 Card Was Mailed To Me
YSC1790168303 Card Was Mailed To Me
YSC1790168304 New Card Is Being Produced
YSC1790168305 Case Was Received
YSC1790168306 Case Was Received
YSC1790168307 Case Was Received
YSC1790168308 New Card Is Being Produced
YSC1790168309 New Card Is Being Produced
YSC1790168310 Card Was Mailed To Me
YSC1790168311 Correspondence Was Received And USCIS Is Reviewing It
YSC1790168312 Case Was Received
YSC1790168313 New Card Is Being Produced
YSC1790168314 New Card Is Being Produced
YSC1790168315 New Card Is Being Produced
YSC1790168316 New Card Is Being Produced
YSC1790168317 New Card Is Being Produced
YSC1790168318 Card Was Mailed To Me
YSC1790168319 Case Was Received
YSC1790168320 Case Was Received
YSC1790168321 Correspondence Was Received And USCIS Is Reviewing It
YSC1790168322 Case Was Received
YSC1790168323 Request for Initial Evidence Was Mailed
YSC1790168324 Card Was Mailed To Me
YSC1790168325 New Card Is Being Produced
YSC1790168326 Case Was Received
YSC1790168327 Card Was Mailed To Me
YSC1790168328 Case Was Received
YSC1790168329 Card Was Mailed To Me
YSC1790168330 Case Was Received
YSC1790168331 New Card Is Being Produced
YSC1790168332 Case Was Received
YSC1790168333 Case Was Received
YSC1790168334 Card Was Mailed To Me
YSC1790168335 New Card Is Being Produced
YSC1790168336 Case Was Received
YSC1790168337 Request for Initial Evidence Was Mailed
YSC1790168338 Card Was Mailed To Me
YSC1790168339 New Card Is Being Produced
YSC1790168340 Case Was Received
YSC1790168341 New Card Is Being Produced
YSC1790168342 Case Was Received
YSC1790168343 New Card Is Being Produced
YSC1790168344 Case Was Received
YSC1790168345 Case Was Received
YSC1790168346 Card Was Mailed To Me
YSC1790168347 Card Was Mailed To Me
YSC1790168348 Card Was Mailed To Me
YSC1790168349 Request for Initial Evidence Was Mailed
YSC1790168350 New Card Is Being Produced
YSC1790168351 New Card Is Being Produced
YSC1790168352 Card Was Mailed To Me
YSC1790168353 Case Was Received
YSC1790168354 Case Was Received
YSC1790168355 New Card Is Being Produced
YSC1790168356 Case Was Received
YSC1790168357 Case Was Received
YSC1790168358 Card Was Mailed To Me
YSC1790168359 New Card Is Being Produced
YSC1790168360 Card Was Mailed To Me
YSC1790168361 Case Was Received
YSC1790168362 Card Was Mailed To Me
YSC1790168363 Case Was Received
YSC1790168364 Case Was Received
YSC1790168365 Card Was Mailed To Me
YSC1790168366 New Card Is Being Produced
YSC1790168367 Card Was Mailed To Me
YSC1790168368 Card Was Mailed To Me
YSC1790168369 Card Was Mailed To Me
YSC1790168370 Card Was Mailed To Me
YSC1790168371 Case Was Received
YSC1790168372 Case Was Received
YSC1790168373 New Card Is Being Produced
YSC1790168374 New Card Is Being Produced
YSC1790168375 New Card Is Being Produced
YSC1790168376 New Card Is Being Produced
YSC1790168377 New Card Is Being Produced
YSC1790168378 New Card Is Being Produced
YSC1790168379 New Card Is Being Produced
YSC1790168380 Card Was Mailed To Me
YSC1790168381 Card Was Mailed To Me
YSC1790168382 New Card Is Being Produced
YSC1790168383 New Card Is Being Produced
YSC1790168384 Case Was Received
YSC1790168385 Card Was Mailed To Me
YSC1790168386 Card Was Mailed To Me
YSC1790168387 Case Was Received
YSC1790168388 Case Was Received
YSC1790168389 Case Was Received
YSC1790168390 New Card Is Being Produced
YSC1790168391 New Card Is Being Produced
YSC1790168392 New Card Is Being Produced
YSC1790168393 Case Was Received
YSC1790168394 Card Was Mailed To Me
YSC1790168395 New Card Is Being Produced
YSC1790168396 Case Was Received
YSC1790168397 New Card Is Being Produced
YSC1790168398 Card Was Mailed To Me
YSC1790168399 New Card Is Being Produced
YSC1790168400 Card Was Mailed To Me
YSC1790168401 New Card Is Being Produced
YSC1790168402 New Card Is Being Produced
YSC1790168403 New Card Is Being Produced
YSC1790168404 Case Was Received
YSC1790168405 New Card Is Being Produced
YSC1790168406 Card Was Mailed To Me
YSC1790168407 New Card Is Being Produced
YSC1790168408 Case Was Received
YSC1790168409 New Card Is Being Produced
YSC1790168410 Case Was Received
YSC1790168411 New Card Is Being Produced
YSC1790168412 New Card Is Being Produced
YSC1790168413 New Card Is Being Produced
YSC1790168414 Card Was Mailed To Me
YSC1790168415 Card Was Mailed To Me
YSC1790168416 Case Was Received
YSC1790168417 Card Was Mailed To Me
YSC1790168418 Card Was Mailed To Me
YSC1790168419 Card Was Mailed To Me
YSC1790168420 Case Was Received
YSC1790168421 Case Was Received
YSC1790168422 New Card Is Being Produced
YSC1790168423 Case Was Received
YSC1790168424 New Card Is Being Produced
YSC1790168425 New Card Is Being Produced
YSC1790168426 Card Was Mailed To Me
YSC1790168427 Case Was Received
YSC1790168428 New Card Is Being Produced
YSC1790168429 New Card Is Being Produced
YSC1790168430 Card Was Mailed To Me
YSC1790168431 Case Was Received
YSC1790168432 New Card Is Being Produced
YSC1790168433 Card Was Mailed To Me
YSC1790168434 Notice Was Returned To USCIS Because The Post Office Could Not Deliver It
YSC1790168435 New Card Is Being Produced
YSC1790168436 New Card Is Being Produced
YSC1790168437 New Card Is Being Produced
YSC1790168438 Case Was Received
YSC1790168439 New Card Is Being Produced
YSC1790168440 New Card Is Being Produced
YSC1790168441 New Card Is Being Produced
YSC1790168442 New Card Is Being Produced
YSC1790168443 Case Was Received
YSC1790168444 New Card Is Being Produced
YSC1790168445 New Card Is Being Produced
YSC1790168446 New Card Is Being Produced
YSC1790168447 Case Was Received
YSC1790168448 Card Was Mailed To Me
YSC1790168449 Case Was Received
YSC1790168450 Card Was Mailed To Me
YSC1790168451 Case Was Received
YSC1790168452 New Card Is Being Produced
YSC1790168453 Case Was Received
YSC1790168454 Case Was Received
YSC1790168455 Case Was Received
YSC1790168456 Case Was Received
YSC1790168457 Case Was Received
YSC1790168458 Card Was Mailed To Me
YSC1790168459 Case Was Received
YSC1790168460 New Card Is Being Produced
YSC1790168461 Case Was Received
YSC1790168462 Name Was Updated
YSC1790168463 Card Was Mailed To Me
YSC1790168464 Case Was Received
YSC1790168465 Card Was Mailed To Me
YSC1790168466 Request for Initial Evidence Was Mailed
YSC1790168467 Card Was Mailed To Me
YSC1790168468 Card Was Mailed To Me
YSC1790168469 Request for Initial Evidence Was Mailed
YSC1790168470 Case Was Received
YSC1790168471 New Card Is Being Produced
YSC1790168472 New Card Is Being Produced
YSC1790168473 New Card Is Being Produced
YSC1790168474 New Card Is Being Produced
YSC1790168475 Card Was Mailed To Me
YSC1790168476 New Card Is Being Produced
YSC1790168477 Card Was Mailed To Me
YSC1790168478 New Card Is Being Produced
YSC1790168479 Case Was Received
YSC1790168480 New Card Is Being Produced
YSC1790168481 Case Was Received
YSC1790168482 Case Was Received
YSC1790168483 Case Was Received
YSC1790168484 New Card Is Being Produced
YSC1790168485 Case Was Received
YSC1790168486 Card Was Mailed To Me
YSC1790168487 Request for Initial Evidence Was Mailed
YSC1790168488 Card Was Mailed To Me
YSC1790168489 New Card Is Being Produced
YSC1790168490 Case Rejected Because The Version Of The Form I Sent Is No Longer Accepted
YSC1790168491 Case Rejected Because I Sent An Incorrect Fee
YSC1790168492 Case Rejected Because The Version Of The Form I Sent Is No Longer Accepted
YSC1790168493 New Card Is Being Produced
YSC1790168494 New Card Is Being Produced
YSC1790168495 New Card Is Being Produced
YSC1790168496 Card Was Mailed To Me
YSC1790168497 New Card Is Being Produced
YSC1790168498 New Card Is Being Produced
YSC1790168499 New Card Is Being Produced
YSC1790168500 Correspondence Was Received And USCIS Is Reviewing It
