YSC1790166000 Card Was Mailed To Me
YSC1790166001 Card Was Mailed To Me
YSC1790166002 New Card Is Being Produced
YSC1790166003 Card Was Mailed To Me
YSC1790166004 New Card Is Being Produced
YSC1790166005 Card Was Mailed To Me
YSC1790166006 Card Was Mailed To Me
YSC1790166007 Card Was Mailed To Me
YSC1790166008 Card Was Mailed To Me
YSC1790166009 Case Was Received
YSC1790166010 Case Was Received
YSC1790166011 Case Was Received
YSC1790166012 Case Was Received
YSC1790166013 Case Was Received
YSC1790166014 Case Was Received
YSC1790166015 Case Was Received
YSC1790166016 Case Was Received
YSC1790166017 Case Was Received
YSC1790166018 Case Was Received
YSC1790166019 Case Was Received
YSC1790166020 Card Was Mailed To Me
YSC1790166021 Card Was Mailed To Me
YSC1790166022 New Card Is Being Produced
YSC1790166023 Case Was Received
YSC1790166024 Case Was Received
YSC1790166025 Case Was Received
YSC1790166026 Card Was Mailed To Me
YSC1790166027 Case Was Received
YSC1790166028 Card Was Mailed To Me
YSC1790166029 Card Was Mailed To Me
YSC1790166030 Card Was Mailed To Me
YSC1790166031 Card Was Mailed To Me
YSC1790166032 Card Was Mailed To Me
YSC1790166033 Card Was Mailed To Me
YSC1790166034 Card Was Mailed To Me
YSC1790166035 Card Was Mailed To Me
YSC1790166036 Card Was Mailed To Me
YSC1790166037 Case Was Received
YSC1790166038 Case Was Received
YSC1790166039 New Card Is Being Produced
YSC1790166040 Card Was Mailed To Me
YSC1790166041 Case Was Received
YSC1790166042 Request for Initial Evidence Was Mailed
YSC1790166043 New Card Is Being Produced
YSC1790166044 Name Was Updated
YSC1790166045 Case Was Received
YSC1790166046 Case Was Received
YSC1790166047 Case Was Received
YSC1790166048 New Card Is Being Produced
YSC1790166049 New Card Is Being Produced
YSC1790166050 Case Was Received
YSC1790166051 Case Was Received
YSC1790166052 New Card Is Being Produced
YSC1790166053 Card Was Mailed To Me
YSC1790166054 Card Was Mailed To Me
YSC1790166055 Card Was Mailed To Me
YSC1790166056 Decision Notice Mailed
YSC1790166057 Card Was Mailed To Me
YSC1790166058 Card Was Mailed To Me
YSC1790166059 Card Was Mailed To Me
YSC1790166060 Card Was Mailed To Me
YSC1790166061 Case Was Received
YSC1790166062 Card Was Mailed To Me
YSC1790166063 Card Was Mailed To Me
YSC1790166064 Card Was Mailed To Me
YSC1790166065 Card Was Mailed To Me
YSC1790166066 Card Was Mailed To Me
YSC1790166067 Case Was Received
YSC1790166068 New Card Is Being Produced
YSC1790166069 New Card Is Being Produced
YSC1790166070 Card Was Mailed To Me
YSC1790166071 Card Was Mailed To Me
YSC1790166072 Card Was Mailed To Me
YSC1790166073 New Card Is Being Produced
YSC1790166074 New Card Is Being Produced
YSC1790166075 Card Was Mailed To Me
YSC1790166076 New Card Is Being Produced
YSC1790166077 New Card Is Being Produced
YSC1790166078 Card Was Mailed To Me
YSC1790166079 New Card Is Being Produced
YSC1790166080 New Card Is Being Produced
YSC1790166081 New Card Is Being Produced
YSC1790166082 New Card Is Being Produced
YSC1790166083 Card Was Mailed To Me
YSC1790166084 New Card Is Being Produced
YSC1790166085 Card Was Mailed To Me
YSC1790166086 Case Was Received
YSC1790166087 New Card Is Being Produced
YSC1790166088 Case Was Received
YSC1790166089 New Card Is Being Produced
YSC1790166090 Case Was Received
YSC1790166091 Case Was Received
YSC1790166092 Request for Initial Evidence Was Mailed
YSC1790166093 Case Was Received
YSC1790166094 Case Was Received
YSC1790166095 Case Was Received
YSC1790166096 Card Was Mailed To Me
YSC1790166097 Card Was Mailed To Me
YSC1790166098 Card Was Mailed To Me
YSC1790166099 Card Was Mailed To Me
YSC1790166100 Card Was Mailed To Me
YSC1790166101 Case Was Received
YSC1790166102 Card Was Mailed To Me
YSC1790166103 Card Was Mailed To Me
YSC1790166104 Card Was Mailed To Me
YSC1790166105 Card Was Mailed To Me
YSC1790166106 Request for Initial Evidence Was Mailed
YSC1790166107 Case Was Received
YSC1790166108 Case Was Received
YSC1790166109 Card Was Mailed To Me
YSC1790166110 Decision Notice Mailed
YSC1790166111 Card Was Mailed To Me
YSC1790166112 Card Was Mailed To Me
YSC1790166113 New Card Is Being Produced
YSC1790166114 Case Was Received
YSC1790166115 Card Was Mailed To Me
YSC1790166116 Case Was Received
YSC1790166117 New Card Is Being Produced
YSC1790166118 Card Was Mailed To Me
YSC1790166119 New Card Is Being Produced
YSC1790166120 Card Was Mailed To Me
YSC1790166121 New Card Is Being Produced
YSC1790166122 New Card Is Being Produced
YSC1790166123 New Card Is Being Produced
YSC1790166124 Case Rejected Because I Sent An Incorrect Fee
YSC1790166125 Case Was Received
YSC1790166126 Card Was Mailed To Me
YSC1790166127 Case Was Received
YSC1790166128 New Card Is Being Produced
YSC1790166129 New Card Is Being Produced
YSC1790166130 Card Was Mailed To Me
YSC1790166131 Case Was Received
YSC1790166132 Case Was Received
YSC1790166133 New Card Is Being Produced
YSC1790166134 Name Was Updated
YSC1790166135 Case Was Received
YSC1790166136 Case Was Received
YSC1790166137 New Card Is Being Produced
YSC1790166138 New Card Is Being Produced
YSC1790166139 New Card Is Being Produced
YSC1790166140 Case Was Received
YSC1790166141 New Card Is Being Produced
YSC1790166142 New Card Is Being Produced
YSC1790166143 New Card Is Being Produced
YSC1790166144 Case Was Received
YSC1790166145 New Card Is Being Produced
YSC1790166146 Card Was Mailed To Me
YSC1790166147 Card Was Mailed To Me
YSC1790166148 Card Was Mailed To Me
YSC1790166149 Case Was Received
YSC1790166150 New Card Is Being Produced
YSC1790166151 New Card Is Being Produced
YSC1790166152 Card Was Mailed To Me
YSC1790166153 New Card Is Being Produced
YSC1790166154 Case Was Received
YSC1790166155 New Card Is Being Produced
YSC1790166156 Card Was Mailed To Me
YSC1790166157 Card Was Mailed To Me
YSC1790166158 New Card Is Being Produced
YSC1790166159 Case Was Received
YSC1790166160 Card Was Mailed To Me
YSC1790166161 New Card Is Being Produced
YSC1790166162 Card Was Mailed To Me
YSC1790166163 Case Was Received
YSC1790166164 Card Was Mailed To Me
YSC1790166165 New Card Is Being Produced
YSC1790166166 Card Was Mailed To Me
YSC1790166167 Case Was Received
YSC1790166168 Card Was Mailed To Me
YSC1790166169 New Card Is Being Produced
YSC1790166170 Card Was Mailed To Me
YSC1790166171 Card Was Mailed To Me
YSC1790166172 Case Was Received
YSC1790166173 Case Was Received
YSC1790166174 Card Was Mailed To Me
YSC1790166175 Case Was Received
YSC1790166176 Card Was Mailed To Me
YSC1790166177 Case Was Received
YSC1790166178 Card Was Mailed To Me
YSC1790166179 Case Was Received
YSC1790166180 Card Was Mailed To Me
YSC1790166181 New Card Is Being Produced
YSC1790166182 Case Was Received
YSC1790166183 Request for Initial Evidence Was Mailed
YSC1790166184 Card Was Mailed To Me
YSC1790166185 Case Was Received
YSC1790166186 Card Was Mailed To Me
YSC1790166187 New Card Is Being Produced
YSC1790166188 Case Was Received
YSC1790166189 New Card Is Being Produced
YSC1790166190 New Card Is Being Produced
YSC1790166191 Case Rejected Because The Version Of The Form I Sent Is No Longer Accepted
YSC1790166192 New Card Is Being Produced
YSC1790166193 Case Was Received
YSC1790166194 Case Was Received
YSC1790166195 Case Was Received
YSC1790166196 Card Was Mailed To Me
YSC1790166197 Card Was Mailed To Me
YSC1790166198 Card Was Mailed To Me
YSC1790166199 New Card Is Being Produced
YSC1790166200 Case Was Received
YSC1790166201 Case Was Received
YSC1790166202 Case Was Received
YSC1790166203 Case Was Received
YSC1790166204 Case Was Received
YSC1790166205 Case Was Received
YSC1790166206 Case Was Received
YSC1790166207 Case Was Received
YSC1790166208 Case Was Received
YSC1790166209 Case Was Received
YSC1790166210 Case Was Received
YSC1790166211 Case Was Received
YSC1790166212 Case Was Received
YSC1790166213 Case Was Received
YSC1790166214 Case Was Received
YSC1790166215 Case Was Received
YSC1790166216 Case Was Received
YSC1790166217 Case Was Received
YSC1790166218 Case Was Received
YSC1790166219 Fees Were Waived
YSC1790166220 Card Was Mailed To Me
YSC1790166221 New Card Is Being Produced
YSC1790166222 Card Was Mailed To Me
YSC1790166223 Case Was Received
YSC1790166224 Card Was Mailed To Me
YSC1790166225 New Card Is Being Produced
YSC1790166226 New Card Is Being Produced
YSC1790166227 New Card Is Being Produced
YSC1790166228 Case Was Received
YSC1790166229 New Card Is Being Produced
YSC1790166230 New Card Is Being Produced
YSC1790166231 New Card Is Being Produced
YSC1790166232 Card Was Mailed To Me
YSC1790166233 Case Was Received
YSC1790166234 Case Was Received
YSC1790166235 Case Was Received
YSC1790166236 Case Was Received
YSC1790166237 Case Was Received
YSC1790166238 New Card Is Being Produced
YSC1790166239 Case Was Received
YSC1790166240 Card Was Mailed To Me
YSC1790166241 Case Was Received
YSC1790166242 Card Was Mailed To Me
YSC1790166243 New Card Is Being Produced
YSC1790166244 Card Was Mailed To Me
YSC1790166245 Card Was Mailed To Me
YSC1790166246 Card Was Mailed To Me
YSC1790166247 Case Was Received
YSC1790166248 New Card Is Being Produced
YSC1790166249 Case Was Received
YSC1790166250 Case Was Received
YSC1790166251 Card Was Mailed To Me
YSC1790166252 New Card Is Being Produced
YSC1790166253 New Card Is Being Produced
YSC1790166254 Card Was Mailed To Me
YSC1790166255 Case Was Received
YSC1790166256 Card Was Mailed To Me
YSC1790166257 Card Was Mailed To Me
YSC1790166258 Card Was Mailed To Me
YSC1790166259 Case Was Received
YSC1790166260 Card Was Mailed To Me
YSC1790166261 New Card Is Being Produced
YSC1790166262 Case Was Received
YSC1790166263 Card Was Mailed To Me
YSC1790166264 Card Was Mailed To Me
YSC1790166265 Case Was Received
YSC1790166266 Card Was Mailed To Me
YSC1790166267 Card Was Mailed To Me
YSC1790166268 Card Was Mailed To Me
YSC1790166269 Card Was Mailed To Me
YSC1790166270 Case Was Received
YSC1790166271 New Card Is Being Produced
YSC1790166272 Card Was Mailed To Me
YSC1790166273 Card Was Mailed To Me
YSC1790166274 New Card Is Being Produced
YSC1790166275 Card Was Mailed To Me
YSC1790166276 New Card Is Being Produced
YSC1790166277 New Card Is Being Produced
YSC1790166278 Case Was Received
YSC1790166279 Case Was Rejected Because It Was Improperly Filed
YSC1790166280 Case Was Received
YSC1790166281 Case Was Received
YSC1790166282 Notice Was Returned To USCIS Because The Post Office Could Not Deliver It
YSC1790166283 Case Was Received
YSC1790166284 Card Was Mailed To Me
YSC1790166285 New Card Is Being Produced
YSC1790166286 New Card Is Being Produced
YSC1790166287 New Card Is Being Produced
YSC1790166288 Case Was Received
YSC1790166289 New Card Is Being Produced
YSC1790166290 Card Was Mailed To Me
YSC1790166291 Card Was Mailed To Me
YSC1790166292 Name Was Updated
YSC1790166293 New Card Is Being Produced
YSC1790166294 Card Was Mailed To Me
YSC1790166295 New Card Is Being Produced
YSC1790166296 Card Was Mailed To Me
YSC1790166297 New Card Is Being Produced
YSC1790166298 New Card Is Being Produced
YSC1790166299 Case Was Received
YSC1790166300 New Card Is Being Produced
YSC1790166301 New Card Is Being Produced
YSC1790166302 Card Was Mailed To Me
YSC1790166303 Case Was Received
YSC1790166304 Case Was Received
YSC1790166305 Case Was Received
YSC1790166306 Case Was Received
YSC1790166307 Case Was Received
YSC1790166308 Case Was Received
YSC1790166309 Case Was Received
YSC1790166310 Card Was Mailed To Me
YSC1790166311 Case Was Received
YSC1790166312 Case Was Received
YSC1790166313 Card Was Mailed To Me
YSC1790166314 Case Was Received
YSC1790166315 New Card Is Being Produced
YSC1790166316 Card Was Mailed To Me
YSC1790166317 New Card Is Being Produced
YSC1790166318 New Card Is Being Produced
YSC1790166319 Case Was Received
YSC1790166320 Case Was Received
YSC1790166321 New Card Is Being Produced
YSC1790166322 Card Was Mailed To Me
YSC1790166323 Card Was Mailed To Me
YSC1790166324 Card Was Mailed To Me
YSC1790166325 New Card Is Being Produced
YSC1790166326 Card Was Mailed To Me
YSC1790166327 Case Was Received
YSC1790166328 New Card Is Being Produced
YSC1790166329 New Card Is Being Produced
YSC1790166330 New Card Is Being Produced
YSC1790166331 New Card Is Being Produced
YSC1790166332 Card Was Mailed To Me
YSC1790166333 New Card Is Being Produced
YSC1790166334 Case Was Received
YSC1790166335 Case Was Received
YSC1790166336 New Card Is Being Produced
YSC1790166337 Case Was Received
YSC1790166338 Case Was Received
YSC1790166339 Card Was Mailed To Me
YSC1790166340 Case Was Received
YSC1790166341 Case Was Received
YSC1790166342 Case Was Received
YSC1790166343 Date of Birth Was Updated
YSC1790166344 Case Was Received
YSC1790166345 Case Was Received
YSC1790166346 Case Was Received
YSC1790166347 Case Was Received
YSC1790166348 Correspondence Was Received And USCIS Is Reviewing It
YSC1790166349 Case Was Received
YSC1790166350 Case Was Received
YSC1790166351 Case Was Received
YSC1790166352 Case Was Received
YSC1790166353 Case Was Received
YSC1790166354 Case Was Received
YSC1790166355 Case Was Received
YSC1790166356 Name Was Updated
YSC1790166357 Case Was Received
YSC1790166358 New Card Is Being Produced
YSC1790166359 New Card Is Being Produced
YSC1790166360 Card Was Mailed To Me
YSC1790166361 Case Was Received
YSC1790166362 New Card Is Being Produced
YSC1790166363 New Card Is Being Produced
YSC1790166364 New Card Is Being Produced
YSC1790166365 Case Was Received
YSC1790166366 Card Was Mailed To Me
YSC1790166367 New Card Is Being Produced
YSC1790166368 Card Was Mailed To Me
YSC1790166369 New Card Is Being Produced
YSC1790166370 Card Was Mailed To Me
YSC1790166371 New Card Is Being Produced
YSC1790166372 Card Was Mailed To Me
YSC1790166373 Card Was Mailed To Me
YSC1790166374 Card Was Mailed To Me
YSC1790166375 New Card Is Being Produced
YSC1790166376 Correspondence Was Received And USCIS Is Reviewing It
YSC1790166377 New Card Is Being Produced
YSC1790166378 Card Was Mailed To Me
YSC1790166379 New Card Is Being Produced
YSC1790166380 Card Was Mailed To Me
YSC1790166381 Case Was Received
YSC1790166382 New Card Is Being Produced
YSC1790166383 New Card Is Being Produced
YSC1790166384 New Card Is Being Produced
YSC1790166385 Case Was Received
YSC1790166386 Card Was Mailed To Me
YSC1790166387 Case Was Received
YSC1790166388 Card Was Mailed To Me
YSC1790166389 Card Was Mailed To Me
YSC1790166390 Case Was Received
YSC1790166391 Case Was Received
YSC1790166392 Card Was Mailed To Me
YSC1790166393 Case Was Received
YSC1790166394 Card Was Mailed To Me
YSC1790166395 Card Was Mailed To Me
YSC1790166396 Card Was Mailed To Me
YSC1790166397 New Card Is Being Produced
YSC1790166398 New Card Is Being Produced
YSC1790166399 Case Was Received
YSC1790166400 Card Was Mailed To Me
YSC1790166401 Case Was Received
YSC1790166402 Card Was Mailed To Me
YSC1790166403 Case Was Received
YSC1790166404 Card Was Mailed To Me
YSC1790166405 Case Was Received
YSC1790166406 Card Was Mailed To Me
YSC1790166407 New Card Is Being Produced
YSC1790166408 Name Was Updated
YSC1790166409 New Card Is Being Produced
YSC1790166410 Card Was Mailed To Me
YSC1790166411 Case Was Received
YSC1790166412 Card Was Mailed To Me
YSC1790166413 Case Was Received
YSC1790166414 Case Was Received
YSC1790166415 Case Was Received
YSC1790166416 Case Was Received
YSC1790166417 Card Was Mailed To Me
YSC1790166418 New Card Is Being Produced
YSC1790166419 Withdrawal Acknowledgement Notice Was Sent
YSC1790166420 New Card Is Being Produced
YSC1790166421 New Card Is Being Produced
YSC1790166422 New Card Is Being Produced
YSC1790166423 New Card Is Being Produced
YSC1790166424 Card Was Mailed To Me
YSC1790166425 New Card Is Being Produced
YSC1790166426 Case Was Received
YSC1790166427 Card Was Mailed To Me
YSC1790166428 Card Was Mailed To Me
YSC1790166429 Case Was Received
YSC1790166430 Case Was Received
YSC1790166431 Case Was Received
YSC1790166432 Card Was Mailed To Me
YSC1790166433 New Card Is Being Produced
YSC1790166434 Request for Initial Evidence Was Mailed
YSC1790166435 Card Was Mailed To Me
YSC1790166436 Card Was Mailed To Me
YSC1790166437 Case Was Received
YSC1790166438 Case Was Received
YSC1790166439 Case Was Received
YSC1790166440 Card Was Mailed To Me
YSC1790166441 New Card Is Being Produced
YSC1790166442 New Card Is Being Produced
YSC1790166443 Card Was Mailed To Me
YSC1790166444 New Card Is Being Produced
YSC1790166445 Case Was Received
YSC1790166446 Card Was Mailed To Me
YSC1790166447 Card Was Mailed To Me
YSC1790166448 Case Was Received
YSC1790166449 New Card Is Being Produced
YSC1790166450 New Card Is Being Produced
YSC1790166451 Card Was Mailed To Me
YSC1790166452 Card Was Mailed To Me
YSC1790166453 New Card Is Being Produced
YSC1790166454 Request for Initial Evidence Was Mailed
YSC1790166455 New Card Is Being Produced
YSC1790166456 New Card Is Being Produced
YSC1790166457 New Card Is Being Produced
YSC1790166458 New Card Is Being Produced
YSC1790166459 Request for Initial Evidence Was Mailed
YSC1790166460 Case Was Received
YSC1790166461 Card Was Mailed To Me
YSC1790166462 Card Was Mailed To Me
YSC1790166463 Request for Initial Evidence Was Mailed
YSC1790166464 Case Was Received
YSC1790166465 Case Was Received
YSC1790166466 Card Was Mailed To Me
YSC1790166467 New Card Is Being Produced
YSC1790166468 Card Was Mailed To Me
YSC1790166469 New Card Is Being Produced
YSC1790166470 Card Was Mailed To Me
YSC1790166471 New Card Is Being Produced
YSC1790166472 Card Was Mailed To Me
YSC1790166473 New Card Is Being Produced
YSC1790166474 New Card Is Being Produced
YSC1790166475 New Card Is Being Produced
YSC1790166476 Card Was Mailed To Me
YSC1790166477 New Card Is Being Produced
YSC1790166478 New Card Is Being Produced
YSC1790166479 New Card Is Being Produced
YSC1790166480 Case Was Rejected Because It Was Improperly Filed
YSC1790166481 Case Was Received
YSC1790166482 Case Was Received
YSC1790166483 Case Was Received
YSC1790166484 Case Was Received
YSC1790166485 Case Was Received
YSC1790166486 Case Was Received
YSC1790166487 Case Was Received
YSC1790166488 Case Was Received
YSC1790166489 Case Was Received
YSC1790166490 Case Was Received
YSC1790166491 Case Was Received
YSC1790166492 Case Was Received
YSC1790166493 Date of Birth Was Updated
YSC1790166494 Case Was Received
YSC1790166495 Case Was Received
YSC1790166496 Case Was Received
YSC1790166497 Case Was Received
YSC1790166498 Case Was Received
YSC1790166499 Case Was Received
YSC1790166500 Case Was Received
