YSC1790176500 Case Was Received
YSC1790176501 Case Was Received
YSC1790176502 Case Was Received
YSC1790176503 Case Was Received
YSC1790176504 Case Was Received
YSC1790176505 Case Was Received
YSC1790176506 Case Was Received
YSC1790176507 Case Was Received
YSC1790176508 Case Was Received
YSC1790176509 Case Was Received
YSC1790176510 Case Was Received
YSC1790176511 Case Was Received
YSC1790176512 Case Was Received
YSC1790176513 Case Was Received
YSC1790176514 Case Was Received
YSC1790176515 Case Was Received
YSC1790176516 Case Was Received
YSC1790176517 Case Was Received
YSC1790176518 Case Was Received
YSC1790176519 Case Was Received
YSC1790176520 Case Was Received
YSC1790176521 Case Was Received
YSC1790176522 Case Was Received
YSC1790176523 Case Was Received
YSC1790176524 Case Was Received
YSC1790176525 Case Was Received
YSC1790176526 Case Was Received
YSC1790176527 Case Was Received
YSC1790176528 Case Was Received
YSC1790176529 Case Was Received
YSC1790176530 Case Was Received
YSC1790176531 Case Was Received
YSC1790176532 Notice Was Returned To USCIS Because The Post Office Could Not Deliver It
YSC1790176533 Case Was Received
YSC1790176534 Case Was Received
YSC1790176535 Case Was Received
YSC1790176536 New Card Is Being Produced
YSC1790176537 Case Was Received
YSC1790176538 Case Was Received
YSC1790176539 Case Was Received
YSC1790176540 Case Was Received
YSC1790176541 Case Was Received
YSC1790176542 Case Was Received
YSC1790176543 Case Was Received
YSC1790176544 Case Was Received
YSC1790176545 Case Was Received
YSC1790176546 Case Was Received
YSC1790176547 Correspondence Was Received And USCIS Is Reviewing It
YSC1790176548 Case Was Received
YSC1790176549 Case Was Received
YSC1790176550 Case Was Received
YSC1790176551 Case Was Received
YSC1790176552 Case Was Received
YSC1790176553 Case Was Received
YSC1790176554 Case Was Received
YSC1790176555 Case Was Received
YSC1790176556 Case Was Received
YSC1790176557 Case Was Received
YSC1790176558 Case Was Received
YSC1790176559 Case Was Received
YSC1790176560 Date of Birth Was Updated
YSC1790176561 Case Was Received
YSC1790176562 Case Was Received
YSC1790176563 Case Was Received
YSC1790176564 Case Was Received
YSC1790176565 Case Was Received
YSC1790176566 Case Was Received
YSC1790176567 Case Was Received
YSC1790176568 Case Was Received
YSC1790176569 Case Was Received
YSC1790176570 Case Was Received
YSC1790176571 Case Was Received
YSC1790176572 Case Was Received
YSC1790176573 Case Was Received
YSC1790176574 Case Was Received
YSC1790176575 Case Was Received
YSC1790176576 Case Was Received
YSC1790176577 Case Was Received
YSC1790176578 Case Was Received
YSC1790176579 Case Was Received
YSC1790176580 Case Was Received
YSC1790176581 Case Was Received
YSC1790176582 Case Was Received
YSC1790176583 Case Was Received
YSC1790176584 Case Was Received
YSC1790176585 Case Was Received
YSC1790176586 Case Was Received
YSC1790176587 Case Was Received
YSC1790176588 Case Was Received
YSC1790176589 Case Was Received
YSC1790176590 Case Was Received
YSC1790176591 Case Rejected Because I Sent An Incorrect Fee
YSC1790176592 Case Rejected Because The Version Of The Form I Sent Is No Longer Accepted
YSC1790176593 Case Rejected Because The Version Of The Form I Sent Is No Longer Accepted
YSC1790176594 Case Rejected For Incorrect Fee, Payment Not Signed And Incorrect Form Version
YSC1790176595 Card Was Mailed To Me
YSC1790176596 Case Was Received
YSC1790176597 Case Was Received
YSC1790176598 Case Was Received
YSC1790176599 Case Was Received
YSC1790176600 Case Was Received
YSC1790176601 Case Was Received
YSC1790176602 Case Was Received
YSC1790176603 Case Was Received
YSC1790176604 Case Was Received
YSC1790176605 Case Was Received
YSC1790176606 Case Was Received
YSC1790176607 Case Was Received
YSC1790176608 Case Was Received
YSC1790176609 Case Was Received
YSC1790176610 Case Was Received
YSC1790176611 Case Was Received
YSC1790176612 Case Was Received
YSC1790176613 Case Was Received
YSC1790176614 Case Was Received
YSC1790176615 Notice Was Returned To USCIS Because The Post Office Could Not Deliver It
YSC1790176616 Case Was Received
YSC1790176617 Case Rejected Because The Version Of The Form I Sent Is No Longer Accepted
YSC1790176618 Case Rejected Because The Version Of The Form I Sent Is No Longer Accepted
YSC1790176619 Case Was Rejected Because It Was Improperly Filed
YSC1790176620 Case Was Rejected Because It Was Improperly Filed
YSC1790176621 Card Was Mailed To Me
YSC1790176622 Card Was Mailed To Me
YSC1790176623 Card Was Mailed To Me
YSC1790176624 Card Was Mailed To Me
YSC1790176625 Case Rejected Because The Version Of The Form I Sent Is No Longer Accepted
YSC1790176626 Case Rejected Because I Sent An Incorrect Fee
YSC1790176627 Case Rejected Because I Sent An Incorrect Fee
YSC1790176628 Case Was Received
YSC1790176629 Request for Initial Evidence Was Mailed
YSC1790176630 Case Was Received
YSC1790176631 Case Was Received
YSC1790176632 Case Was Received
YSC1790176633 Case Was Received
YSC1790176634 Case Was Received
YSC1790176635 Case Was Received
YSC1790176636 Case Was Received
YSC1790176637 Case Was Received
YSC1790176638 Case Was Received
YSC1790176639 Case Was Received
YSC1790176640 Case Was Received
YSC1790176641 Case Was Received
YSC1790176642 Case Was Received
YSC1790176643 Case Was Received
YSC1790176644 Case Was Received
YSC1790176645 Case Was Received
YSC1790176646 Case Was Received
YSC1790176647 Case Was Received
YSC1790176648 Case Was Received
YSC1790176649 Case Was Received
YSC1790176650 Case Was Received
YSC1790176651 Case Was Received
YSC1790176652 Case Was Received
YSC1790176653 Case Was Received
YSC1790176654 Notice Was Returned To USCIS Because The Post Office Could Not Deliver It
YSC1790176655 Case Was Received
YSC1790176656 Case Was Received
YSC1790176657 Case Was Received
YSC1790176658 Case Was Received
YSC1790176659 Case Was Received
YSC1790176660 Case Was Received
YSC1790176661 Case Was Received
YSC1790176662 Case Was Received
YSC1790176663 Case Was Received
YSC1790176664 Case Was Received
YSC1790176665 Case Was Received
YSC1790176666 Case Was Received
YSC1790176667 Case Was Received
YSC1790176668 Notice Was Returned To USCIS Because The Post Office Could Not Deliver It
YSC1790176669 Case Was Received
YSC1790176670 Case Was Received
YSC1790176671 Case Was Received
YSC1790176672 Case Was Received
YSC1790176673 Case Was Received
YSC1790176674 Case Was Received
YSC1790176675 Case Was Received
YSC1790176676 Case Was Received
YSC1790176677 Case Was Received
YSC1790176678 Case Was Received
YSC1790176679 Case Was Received
YSC1790176680 Case Was Received
YSC1790176681 Case Was Received
YSC1790176682 Case Was Received
YSC1790176683 Case Was Received
YSC1790176684 Case Was Received
YSC1790176685 Case Was Received
YSC1790176686 Case Was Received
YSC1790176687 Case Was Received
YSC1790176688 Case Was Received
YSC1790176689 Case Was Received
YSC1790176690 Case Was Received
YSC1790176691 Case Was Received
YSC1790176692 Case Was Received
YSC1790176693 Case Was Received
YSC1790176694 Case Was Received
YSC1790176695 Case Was Received
YSC1790176696 Case Was Received
YSC1790176697 Case Was Received
YSC1790176698 Case Was Received
YSC1790176699 Case Was Received
YSC1790176700 Case Was Received
YSC1790176701 Case Was Received
YSC1790176702 Case Was Received
YSC1790176703 Case Was Received
YSC1790176704 Case Was Received
YSC1790176705 Case Was Received
YSC1790176706 Case Was Received
YSC1790176707 Case Was Received
YSC1790176708 Case Was Received
YSC1790176709 New Card Is Being Produced
YSC1790176710 Withdrawal Acknowledgement Notice Was Sent
YSC1790176711 Card Was Mailed To Me
YSC1790176712 Card Was Mailed To Me
YSC1790176713 Request for Initial Evidence Was Mailed
YSC1790176714 Case Was Received
YSC1790176715 Card Was Mailed To Me
YSC1790176716 Case Was Received
YSC1790176717 New Card Is Being Produced
YSC1790176718 Case Was Received
YSC1790176719 New Card Is Being Produced
YSC1790176720 Case Was Received
YSC1790176721 Card Was Mailed To Me
YSC1790176722 Case Was Received
YSC1790176723 New Card Is Being Produced
YSC1790176724 Case Was Received
YSC1790176725 Case Was Received
YSC1790176726 Case Was Received
YSC1790176727 Case Was Received
YSC1790176728 Case Was Received
YSC1790176729 Case Was Received
YSC1790176730 Case Was Received
YSC1790176731 Case Was Received
YSC1790176732 Case Was Received
YSC1790176733 Case Was Received
YSC1790176734 Case Was Received
YSC1790176735 Case Was Received
YSC1790176736 Case Was Received
YSC1790176737 Case Was Received
YSC1790176738 Case Was Received
YSC1790176739 Case Was Received
YSC1790176740 Case Was Received
YSC1790176741 Case Was Received
YSC1790176742 Case Was Received
YSC1790176743 Case Was Received
YSC1790176744 Case Was Received
YSC1790176745 Case Was Received
YSC1790176746 Case Was Received
YSC1790176747 Case Was Received
YSC1790176748 Case Was Received
YSC1790176749 Case Was Received
YSC1790176750 Case Was Received
YSC1790176751 Case Was Received
YSC1790176752 Case Was Received
YSC1790176753 Case Was Received
YSC1790176754 Case Was Received
YSC1790176755 Case Was Received
YSC1790176756 Case Was Received
YSC1790176757 Case Was Received
YSC1790176758 Case Rejected Because The Version Of The Form I Sent Is No Longer Accepted
YSC1790176759 Case Was Received
YSC1790176760 Case Was Received
YSC1790176761 Case Was Received
YSC1790176762 Case Was Received
YSC1790176763 Case Was Received
YSC1790176764 Case Was Received
YSC1790176765 Case Was Received
YSC1790176766 Case Was Received
YSC1790176767 Case Was Received
YSC1790176768 Case Was Received
YSC1790176769 Case Was Received
YSC1790176770 Case Was Received
YSC1790176771 Case Was Received
YSC1790176772 Case Was Received
YSC1790176773 Case Was Received
YSC1790176774 Case Was Received
YSC1790176775 Case Was Received
YSC1790176776 Case Was Received
YSC1790176777 Case Rejected Because I Sent An Incorrect Fee
YSC1790176778 Case Was Received
YSC1790176779 Case Was Received
YSC1790176780 Case Was Received
YSC1790176781 Case Was Received
YSC1790176782 Case Was Received
YSC1790176783 Case Was Received
YSC1790176784 Case Was Received
YSC1790176785 Case Was Received
YSC1790176786 Case Was Received
YSC1790176787 Case Was Received
YSC1790176788 Case Was Received
YSC1790176789 Case Was Received
YSC1790176790 Case Was Received
YSC1790176791 Case Was Received
YSC1790176792 Case Was Received
YSC1790176793 Case Was Received
YSC1790176794 Case Was Received
YSC1790176795 Card Was Mailed To Me
YSC1790176796 Duplicate Notice Was Mailed
YSC1790176797 Duplicate Notice Was Mailed
YSC1790176798 Notice Was Returned To USCIS Because The Post Office Could Not Deliver It
YSC1790176799 Duplicate Notice Was Mailed
YSC1790176800 Case Was Received
YSC1790176801 Case Was Received
YSC1790176802 Case Was Received
YSC1790176803 Case Was Received
YSC1790176804 Case Was Received
YSC1790176805 Case Was Received
YSC1790176806 Case Was Received
YSC1790176807 Case Was Received
YSC1790176808 Notice Was Returned To USCIS Because The Post Office Could Not Deliver It
YSC1790176809 Case Was Received
YSC1790176810 Case Was Received
YSC1790176811 Case Was Received
YSC1790176812 Case Was Received
YSC1790176813 Case Was Received
YSC1790176814 Case Was Received
YSC1790176815 Case Was Received
YSC1790176816 Case Was Received
YSC1790176817 Case Was Received
YSC1790176818 Case Was Received
YSC1790176819 Fees Were Waived
YSC1790176820 Case Was Received
YSC1790176821 Case Rejected Because The Version Of The Form I Sent Is No Longer Accepted
YSC1790176822 Case Rejected Because The Version Of The Form I Sent Is No Longer Accepted
YSC1790176823 Case Rejected Because I Sent An Incorrect Fee
YSC1790176824 Case Rejected Because The Version Of The Form I Sent Is No Longer Accepted
YSC1790176825 Case Rejected Because The Version Of The Form I Sent Is No Longer Accepted
YSC1790176826 Case Rejected Because The Version Of The Form I Sent Is No Longer Accepted
YSC1790176827 Case Was Received
YSC1790176828 Case Was Received
YSC1790176829 Case Was Received
YSC1790176830 Case Was Received
YSC1790176831 Case Was Received
YSC1790176832 Case Was Received
YSC1790176833 Case Was Received
YSC1790176834 Case Was Received
YSC1790176835 New Card Is Being Produced
YSC1790176836 Case Rejected Because The Version Of The Form I Sent Is No Longer Accepted
YSC1790176837 Case Rejected Because The Version Of The Form I Sent Is No Longer Accepted
YSC1790176838 Case Rejected Because The Version Of The Form I Sent Is No Longer Accepted
YSC1790176839 Case Was Received
YSC1790176840 Case Was Received
YSC1790176841 Case Was Received
YSC1790176842 Case Was Received
YSC1790176843 Case Was Received
YSC1790176844 Case Was Received
YSC1790176845 Case Was Received
YSC1790176846 Case Was Received
YSC1790176847 Case Was Received
YSC1790176848 Case Was Received
YSC1790176849 Case Was Received
YSC1790176850 Case Was Received
YSC1790176851 Case Was Received
YSC1790176852 Case Was Received
YSC1790176853 Case Was Received
YSC1790176854 Case Was Received
YSC1790176855 Case Was Received
YSC1790176856 Case Was Received
YSC1790176857 Case Was Received
YSC1790176858 Case Was Received
YSC1790176859 Case Was Received
YSC1790176860 Case Was Received
YSC1790176861 Case Was Received
YSC1790176862 Case Was Received
YSC1790176863 Case Was Received
YSC1790176864 New Card Is Being Produced
YSC1790176865 Case Was Received
YSC1790176866 Case Was Received
YSC1790176867 Case Was Received
YSC1790176868 Case Was Received
YSC1790176869 Case Was Received
YSC1790176870 Case Was Received
YSC1790176871 Case Was Received
YSC1790176872 Case Was Received
YSC1790176873 Case Was Received
YSC1790176874 Case Was Received
YSC1790176875 New Card Is Being Produced
YSC1790176876 Case Was Received
YSC1790176877 Case Was Received
YSC1790176878 Case Rejected Because The Version Of The Form I Sent Is No Longer Accepted
YSC1790176879 Case Rejected Because The Version Of The Form I Sent Is No Longer Accepted
YSC1790176880 Case Rejected Because The Version Of The Form I Sent Is No Longer Accepted
YSC1790176881 Case Rejected Because The Version Of The Form I Sent Is No Longer Accepted
YSC1790176882 Case Rejected Because The Version Of The Form I Sent Is No Longer Accepted
YSC1790176883 Case Rejected Because The Version Of The Form I Sent Is No Longer Accepted
YSC1790176884 Case Rejected Because The Version Of The Form I Sent Is No Longer Accepted
YSC1790176885 Case Was Received
YSC1790176886 Case Was Received
YSC1790176887 Case Was Received
YSC1790176888 Case Was Received
YSC1790176889 Case Was Received
YSC1790176890 Case Was Received
YSC1790176891 Case Was Received
YSC1790176892 Case Was Received
YSC1790176893 Name Was Updated
YSC1790176894 Case Was Received
YSC1790176895 Case Was Received
YSC1790176896 Case Was Received
YSC1790176897 Case Was Received
YSC1790176898 Case Was Received
YSC1790176899 Case Was Received
YSC1790176900 Case Was Received
YSC1790176901 Case Was Received
YSC1790176902 Case Was Received
YSC1790176903 Case Was Received
YSC1790176904 Case Was Received
YSC1790176905 Case Was Received
YSC1790176906 Case Was Received
YSC1790176907 Case Was Received
YSC1790176908 Case Rejected Because The Version Of The Form I Sent Is No Longer Accepted
YSC1790176909 Case Was Received
YSC1790176910 Case Was Received
YSC1790176911 Case Was Received
YSC1790176912 Case Was Received
YSC1790176913 Case Was Received
YSC1790176914 Case Was Received
YSC1790176915 Case Was Received
YSC1790176916 Case Was Received
YSC1790176917 Case Was Received
YSC1790176918 Case Was Received
YSC1790176919 Case Was Received
YSC1790176920 Case Was Received
YSC1790176921 Case Was Received
YSC1790176922 Case Was Received
YSC1790176923 Case Was Received
YSC1790176924 Case Was Received
YSC1790176925 Case Was Received
YSC1790176926 Case Was Received
YSC1790176927 Case Was Received
YSC1790176928 Case Was Received
YSC1790176929 Case Was Received
YSC1790176930 Case Was Received
YSC1790176931 Case Was Received
YSC1790176932 Case Was Received
YSC1790176933 Case Was Received
YSC1790176934 Case Was Received
YSC1790176935 Case Was Received
YSC1790176936 Case Was Received
YSC1790176937 Case Was Received
YSC1790176938 Case Was Received
YSC1790176939 Case Was Received
YSC1790176940 Case Was Received
YSC1790176941 Case Was Received
YSC1790176942 Case Was Received
YSC1790176943 Case Was Received
YSC1790176944 Case Was Received
YSC1790176945 Case Was Received
YSC1790176946 Case Was Received
YSC1790176947 Case Was Received
YSC1790176948 Case Was Received
YSC1790176949 Date of Birth Was Updated
YSC1790176950 Case Was Received
YSC1790176951 Case Was Received
YSC1790176952 Case Was Received
YSC1790176953 Case Was Received
YSC1790176954 Case Was Received
YSC1790176955 Case Was Received
YSC1790176956 Case Was Received
YSC1790176957 Case Was Received
YSC1790176958 Case Was Received
YSC1790176959 Case Was Received
YSC1790176960 Case Was Received
YSC1790176961 Case Was Received
YSC1790176962 Case Was Received
YSC1790176963 Case Was Received
YSC1790176964 Case Was Received
YSC1790176965 Case Was Received
YSC1790176966 Case Was Received
YSC1790176967 Case Was Received
YSC1790176968 Case Was Received
YSC1790176969 Case Was Received
YSC1790176970 Case Was Received
YSC1790176971 Case Was Received
YSC1790176972 Case Was Received
YSC1790176973 Case Was Received
YSC1790176974 Case Was Received
YSC1790176975 Case Was Received
YSC1790176976 Case Was Received
YSC1790176977 Case Was Received
YSC1790176978 Case Was Received
YSC1790176979 Case Was Received
YSC1790176980 Case Was Received
YSC1790176981 Case Was Received
YSC1790176982 Case Was Received
YSC1790176983 Case Was Received
YSC1790176984 Case Was Received
YSC1790176985 Case Was Received
YSC1790176986 Case Was Received
YSC1790176987 Case Was Received
YSC1790176988 Case Was Received
YSC1790176989 Case Was Received
YSC1790176990 Case Was Received
YSC1790176991 Case Was Received
YSC1790176992 Case Was Received
YSC1790176993 Case Was Received
YSC1790176994 Name Was Updated
YSC1790176995 Case Was Received
YSC1790176996 Notice Was Returned To USCIS Because The Post Office Could Not Deliver It
YSC1790176997 Case Was Received
YSC1790176998 Case Was Received
YSC1790176999 Case Was Received
YSC1790177000 Case Was Received
