YSC1790164500 Case Was Received
YSC1790164501 Case Was Approved
YSC1790164502 New Card Is Being Produced
YSC1790164503 Case Was Approved
YSC1790164504 Request for Initial Evidence Was Mailed
YSC1790164505 Card Was Mailed To Me
YSC1790164506 Card Was Mailed To Me
YSC1790164507 Card Was Mailed To Me
YSC1790164508 Card Was Mailed To Me
YSC1790164509 Card Was Mailed To Me
YSC1790164510 Card Was Mailed To Me
YSC1790164511 Card Was Mailed To Me
YSC1790164512 Card Was Mailed To Me
YSC1790164513 Case Was Approved
YSC1790164514 Case Was Received
YSC1790164515 Card Was Mailed To Me
YSC1790164516 New Card Is Being Produced
YSC1790164517 Card Was Mailed To Me
YSC1790164518 Card Was Mailed To Me
YSC1790164519 Card Was Mailed To Me
YSC1790164520 New Card Is Being Produced
YSC1790164521 Card Was Mailed To Me
YSC1790164522 Card Was Mailed To Me
YSC1790164523 Card Was Mailed To Me
YSC1790164524 Card Was Mailed To Me
YSC1790164525 Card Was Mailed To Me
YSC1790164526 Card Was Mailed To Me
YSC1790164527 Card Was Mailed To Me
YSC1790164528 Card Was Mailed To Me
YSC1790164529 Case Was Received
YSC1790164530 Case Was Received
YSC1790164531 Case Was Received
YSC1790164532 Date of Birth Was Updated
YSC1790164533 Case Was Received
YSC1790164534 Case Was Received
YSC1790164535 Case Was Received
YSC1790164536 Case Was Received
YSC1790164537 Case Was Received
YSC1790164538 Case Was Received
YSC1790164539 Case Was Received
YSC1790164540 Case Was Received
YSC1790164541 Case Was Received
YSC1790164542 Card Was Mailed To Me
YSC1790164543 Card Was Mailed To Me
YSC1790164544 New Card Is Being Produced
YSC1790164545 Card Was Mailed To Me
YSC1790164546 New Card Is Being Produced
YSC1790164547 Card Was Mailed To Me
YSC1790164548 Card Was Mailed To Me
YSC1790164549 Case Was Received
YSC1790164550 Card Was Mailed To Me
YSC1790164551 New Card Is Being Produced
YSC1790164552 Case Was Received
YSC1790164553 New Card Is Being Produced
YSC1790164554 Card Was Mailed To Me
YSC1790164555 Card Was Mailed To Me
YSC1790164556 New Card Is Being Produced
YSC1790164557 New Card Is Being Produced
YSC1790164558 Card Was Mailed To Me
YSC1790164559 Card Was Mailed To Me
YSC1790164560 Card Was Mailed To Me
YSC1790164561 Card Was Mailed To Me
YSC1790164562 Case Was Received
YSC1790164563 Case Was Approved
YSC1790164564 Card Was Mailed To Me
YSC1790164565 Card Was Mailed To Me
YSC1790164566 Card Was Mailed To Me
YSC1790164567 Card Was Mailed To Me
YSC1790164568 Card Was Mailed To Me
YSC1790164569 Card Was Mailed To Me
YSC1790164570 Card Was Mailed To Me
YSC1790164571 Card Was Mailed To Me
YSC1790164572 Card Was Mailed To Me
YSC1790164573 Card Was Mailed To Me
YSC1790164574 Card Was Mailed To Me
YSC1790164575 Card Was Mailed To Me
YSC1790164576 Case Was Received
YSC1790164577 Card Was Mailed To Me
YSC1790164578 Card Was Mailed To Me
YSC1790164579 Card Was Mailed To Me
YSC1790164580 Case Was Approved
YSC1790164581 Case Was Received
YSC1790164582 Case Was Received
YSC1790164583 Card Was Mailed To Me
YSC1790164584 Card Was Mailed To Me
YSC1790164585 Card Was Mailed To Me
YSC1790164586 Case Was Received
YSC1790164587 Card Was Mailed To Me
YSC1790164588 New Card Is Being Produced
YSC1790164589 Card Was Mailed To Me
YSC1790164590 Card Was Mailed To Me
YSC1790164591 Case Was Approved
YSC1790164592 Card Was Mailed To Me
YSC1790164593 New Card Is Being Produced
YSC1790164594 Case Was Received
YSC1790164595 Request for Initial Evidence Was Mailed
YSC1790164596 Card Was Mailed To Me
YSC1790164597 New Card Is Being Produced
YSC1790164598 Card Was Mailed To Me
YSC1790164599 New Card Is Being Produced
YSC1790164600 Card Was Mailed To Me
YSC1790164601 Case Was Received
YSC1790164602 New Card Is Being Produced
YSC1790164603 New Card Is Being Produced
YSC1790164604 Card Was Mailed To Me
YSC1790164605 Card Was Mailed To Me
YSC1790164606 Card Was Mailed To Me
YSC1790164607 Card Was Mailed To Me
YSC1790164608 Case Was Received
YSC1790164609 Case Closed Benefit Received By Other Means
YSC1790164610 Case Was Received
YSC1790164611 Card Was Mailed To Me
YSC1790164612 Case Was Approved
YSC1790164613 Card Was Mailed To Me
YSC1790164614 New Card Is Being Produced
YSC1790164615 New Card Is Being Produced
YSC1790164616 Case Was Received
YSC1790164617 Card Was Mailed To Me
YSC1790164618 Card Was Mailed To Me
YSC1790164619 New Card Is Being Produced
YSC1790164620 Card Was Mailed To Me
YSC1790164621 Case Was Received
YSC1790164622 Card Was Mailed To Me
YSC1790164623 New Card Is Being Produced
YSC1790164624 Case Was Received
YSC1790164625 Card Was Mailed To Me
YSC1790164626 Case Was Received
YSC1790164627 Notice Was Returned To USCIS Because The Post Office Could Not Deliver It
YSC1790164628 Card Was Mailed To Me
YSC1790164629 Card Was Mailed To Me
YSC1790164630 Card Was Mailed To Me
YSC1790164631 Card Was Mailed To Me
YSC1790164632 New Card Is Being Produced
YSC1790164633 Card Was Mailed To Me
YSC1790164634 Case Was Received
YSC1790164635 New Card Is Being Produced
YSC1790164636 Card Was Mailed To Me
YSC1790164637 Card Was Mailed To Me
YSC1790164638 Card Was Mailed To Me
YSC1790164639 Card Was Mailed To Me
YSC1790164640 Card Was Mailed To Me
YSC1790164641 Card Was Mailed To Me
YSC1790164642 Name Was Updated
YSC1790164643 Card Was Mailed To Me
YSC1790164644 Card Was Mailed To Me
YSC1790164645 Card Was Mailed To Me
YSC1790164646 Card Was Mailed To Me
YSC1790164647 Card Was Mailed To Me
YSC1790164648 Case Was Received
YSC1790164649 Card Was Mailed To Me
YSC1790164650 Request for Initial Evidence Was Mailed
YSC1790164651 Card Was Mailed To Me
YSC1790164652 Card Was Mailed To Me
YSC1790164653 Card Was Mailed To Me
YSC1790164654 Case Was Received
YSC1790164655 New Card Is Being Produced
YSC1790164656 New Card Is Being Produced
YSC1790164657 New Card Is Being Produced
YSC1790164658 Case Was Approved
YSC1790164659 Card Was Mailed To Me
YSC1790164660 Case Was Approved
YSC1790164661 Card Was Mailed To Me
YSC1790164662 Case Was Approved
YSC1790164663 Card Was Mailed To Me
YSC1790164664 New Card Is Being Produced
YSC1790164665 Card Was Mailed To Me
YSC1790164666 Request for Initial Evidence Was Mailed
YSC1790164667 Card Was Mailed To Me
YSC1790164668 New Card Is Being Produced
YSC1790164669 New Card Is Being Produced
YSC1790164670 Card Was Mailed To Me
YSC1790164671 Case Was Approved
YSC1790164672 Case Was Received
YSC1790164673 Card Was Mailed To Me
YSC1790164674 Card Was Mailed To Me
YSC1790164675 Case Was Received
YSC1790164676 Card Was Mailed To Me
YSC1790164677 Case Was Received
YSC1790164678 New Card Is Being Produced
YSC1790164679 Withdrawal Acknowledgement Notice Was Sent
YSC1790164680 Case Was Received
YSC1790164681 Card Was Mailed To Me
YSC1790164682 Card Was Mailed To Me
YSC1790164683 Case Was Received
YSC1790164684 New Card Is Being Produced
YSC1790164685 Card Was Mailed To Me
YSC1790164686 Case Was Received
YSC1790164687 Case Was Received
YSC1790164688 Card Was Mailed To Me
YSC1790164689 Card Was Mailed To Me
YSC1790164690 Card Was Mailed To Me
YSC1790164691 Case Was Received
YSC1790164692 Case Was Received
YSC1790164693 Case Was Received
YSC1790164694 Case Was Received
YSC1790164695 Notice Was Returned To USCIS Because The Post Office Could Not Deliver It
YSC1790164696 Case Was Received
YSC1790164697 Case Was Received
YSC1790164698 Case Was Received
YSC1790164699 Case Was Received
YSC1790164700 Case Was Received
YSC1790164701 Notice Was Returned To USCIS Because The Post Office Could Not Deliver It
YSC1790164702 Case Was Received
YSC1790164703 Case Was Received
YSC1790164704 Case Was Received
YSC1790164705 Case Was Received
YSC1790164706 Case Was Received
YSC1790164707 Case Was Received
YSC1790164708 Case Was Received
YSC1790164709 Case Was Received
YSC1790164710 Case Was Received
YSC1790164711 Notice Was Returned To USCIS Because The Post Office Could Not Deliver It
YSC1790164712 Notice Was Returned To USCIS Because The Post Office Could Not Deliver It
YSC1790164713 Notice Was Returned To USCIS Because The Post Office Could Not Deliver It
YSC1790164714 Case Was Received
YSC1790164715 Case Was Received
YSC1790164716 Case Was Received
YSC1790164717 Case Was Received
YSC1790164718 Notice Was Returned To USCIS Because The Post Office Could Not Deliver It
YSC1790164719 Case Was Received
YSC1790164720 Card Was Mailed To Me
YSC1790164721 Card Was Mailed To Me
YSC1790164722 Card Was Mailed To Me
YSC1790164723 Card Was Mailed To Me
YSC1790164724 Card Was Mailed To Me
YSC1790164725 Card Was Mailed To Me
YSC1790164726 Card Was Mailed To Me
YSC1790164727 Case Was Received
YSC1790164728 Card Was Mailed To Me
YSC1790164729 New Card Is Being Produced
YSC1790164730 Card Was Mailed To Me
YSC1790164731 Card Was Mailed To Me
YSC1790164732 Card Was Mailed To Me
YSC1790164733 Card Was Mailed To Me
YSC1790164734 Card Was Mailed To Me
YSC1790164735 Case Was Received
YSC1790164736 New Card Is Being Produced
YSC1790164737 Card Was Mailed To Me
YSC1790164738 New Card Is Being Produced
YSC1790164739 Card Was Mailed To Me
YSC1790164740 New Card Is Being Produced
YSC1790164741 Card Was Mailed To Me
YSC1790164742 Card Was Mailed To Me
YSC1790164743 Card Was Mailed To Me
YSC1790164744 Card Was Mailed To Me
YSC1790164745 Card Was Mailed To Me
YSC1790164746 Card Was Mailed To Me
YSC1790164747 Card Was Mailed To Me
YSC1790164748 Case Was Approved
YSC1790164749 Card Was Mailed To Me
YSC1790164750 Card Was Mailed To Me
YSC1790164751 Card Was Mailed To Me
YSC1790164752 Card Was Mailed To Me
YSC1790164753 Card Was Mailed To Me
YSC1790164754 Case Rejected Because The Version Of The Form I Sent Is No Longer Accepted
YSC1790164755 Case Rejected Because The Version Of The Form I Sent Is No Longer Accepted
YSC1790164756 Case Rejected Because The Version Of The Form I Sent Is No Longer Accepted
YSC1790164757 Case Was Rejected Because It Was Improperly Filed
YSC1790164758 Case Rejected For Incorrect Fee And Form Not Signed
YSC1790164759 Case Rejected For Incorrect Fee And Form Not Signed
YSC1790164760 Case Rejected For Incorrect Fee And Form Not Signed
YSC1790164761 Case Rejected For Incorrect Fee And Form Not Signed
YSC1790164762 Card Was Mailed To Me
YSC1790164763 Card Was Mailed To Me
YSC1790164764 Case Was Approved
YSC1790164765 Card Was Mailed To Me
YSC1790164766 Card Was Mailed To Me
YSC1790164767 Card Was Mailed To Me
YSC1790164768 Card Was Mailed To Me
YSC1790164769 Card Was Mailed To Me
YSC1790164770 Card Was Mailed To Me
YSC1790164771 Card Was Mailed To Me
YSC1790164772 Card Was Mailed To Me
YSC1790164773 Card Was Mailed To Me
YSC1790164774 Case Was Received
YSC1790164775 Case Was Received
YSC1790164776 New Card Is Being Produced
YSC1790164777 Card Was Mailed To Me
YSC1790164778 Case Was Approved
YSC1790164779 Case Was Approved
YSC1790164780 Card Was Mailed To Me
YSC1790164781 Decision Notice Mailed
YSC1790164782 Case Was Approved
YSC1790164783 New Card Is Being Produced
YSC1790164784 Card Was Mailed To Me
YSC1790164785 New Card Is Being Produced
YSC1790164786 Card Was Mailed To Me
YSC1790164787 Card Was Mailed To Me
YSC1790164788 New Card Is Being Produced
YSC1790164789 Card Was Mailed To Me
YSC1790164790 Case Was Approved
YSC1790164791 Card Was Mailed To Me
YSC1790164792 Case Was Received
YSC1790164793 Card Was Mailed To Me
YSC1790164794 New Card Is Being Produced
YSC1790164795 New Card Is Being Produced
YSC1790164796 Case Was Received
YSC1790164797 Card Was Mailed To Me
YSC1790164798 Case Rejected Because I Sent An Incorrect Fee
YSC1790164799 Card Was Mailed To Me
YSC1790164800 Case Was Received
YSC1790164801 Card Was Mailed To Me
YSC1790164802 Case Was Received
YSC1790164803 Card Was Mailed To Me
YSC1790164804 Card Was Mailed To Me
YSC1790164805 Card Was Mailed To Me
YSC1790164806 New Card Is Being Produced
YSC1790164807 Case Was Received
YSC1790164808 Card Was Mailed To Me
YSC1790164809 New Card Is Being Produced
YSC1790164810 Card Was Mailed To Me
YSC1790164811 Card Was Mailed To Me
YSC1790164812 Card Was Mailed To Me
YSC1790164813 Request for Initial Evidence Was Mailed
YSC1790164814 Card Was Mailed To Me
YSC1790164815 Card Was Mailed To Me
YSC1790164816 New Card Is Being Produced
YSC1790164817 Card Was Mailed To Me
YSC1790164818 Card Was Mailed To Me
YSC1790164819 Case Was Received
YSC1790164820 Card Was Mailed To Me
YSC1790164821 Card Was Mailed To Me
YSC1790164822 Card Was Mailed To Me
YSC1790164823 Card Was Mailed To Me
YSC1790164824 Card Was Mailed To Me
YSC1790164825 New Card Is Being Produced
YSC1790164826 Case Was Received
YSC1790164827 Card Was Mailed To Me
YSC1790164828 Request for Initial Evidence Was Mailed
YSC1790164829 New Card Is Being Produced
YSC1790164830 Case Was Received
YSC1790164831 Card Was Mailed To Me
YSC1790164832 Case Was Received
YSC1790164833 Card Was Mailed To Me
YSC1790164834 Case Was Received
YSC1790164835 Card Was Mailed To Me
YSC1790164836 Card Was Mailed To Me
YSC1790164837 Case Was Received
YSC1790164838 New Card Is Being Produced
YSC1790164839 Card Was Mailed To Me
YSC1790164840 Case Was Received
YSC1790164841 Case Was Received
YSC1790164842 Case Was Received
YSC1790164843 Case Was Received
YSC1790164844 Case Was Received
YSC1790164845 Case Was Received
YSC1790164846 Case Was Received
YSC1790164847 Case Was Received
YSC1790164848 Case Was Received
YSC1790164849 Case Was Received
YSC1790164850 Case Was Received
YSC1790164851 Case Was Received
YSC1790164852 Case Was Received
YSC1790164853 Case Was Received
YSC1790164854 Case Was Received
YSC1790164855 Case Was Received
YSC1790164856 Case Was Received
YSC1790164857 Case Was Received
YSC1790164858 Case Was Received
YSC1790164859 Case Was Received
YSC1790164860 Case Was Received
YSC1790164861 Case Was Received
YSC1790164862 Case Was Received
YSC1790164863 Case Was Received
YSC1790164864 Case Was Received
YSC1790164865 Card Was Mailed To Me
YSC1790164866 Card Was Mailed To Me
YSC1790164867 Case Was Received
YSC1790164868 Case Was Received
YSC1790164869 Card Was Mailed To Me
YSC1790164870 Card Was Mailed To Me
YSC1790164871 New Card Is Being Produced
YSC1790164872 Card Was Mailed To Me
YSC1790164873 Request for Initial Evidence Was Mailed
YSC1790164874 Card Was Mailed To Me
YSC1790164875 New Card Is Being Produced
YSC1790164876 Case Was Received
YSC1790164877 Card Was Mailed To Me
YSC1790164878 Case Was Received
YSC1790164879 Case Was Received
YSC1790164880 Case Was Received
YSC1790164881 Notice Was Returned To USCIS Because The Post Office Could Not Deliver It
YSC1790164882 Notice Was Returned To USCIS Because The Post Office Could Not Deliver It
YSC1790164883 Case Was Received
YSC1790164884 Case Was Received
YSC1790164885 Case Was Received
YSC1790164886 Case Was Received
YSC1790164887 Case Was Received
YSC1790164888 Case Was Received
YSC1790164889 Case Was Received
YSC1790164890 Case Was Received
YSC1790164891 Case Was Received
YSC1790164892 Case Was Received
YSC1790164893 Case Was Received
YSC1790164894 Case Was Received
YSC1790164895 Case Was Received
YSC1790164896 Notice Was Returned To USCIS Because The Post Office Could Not Deliver It
YSC1790164897 Case Was Received
YSC1790164898 Case Was Received
YSC1790164899 Case Was Received
YSC1790164900 Case Was Received
YSC1790164901 Case Was Received
YSC1790164902 Case Was Received
YSC1790164903 Case Was Received
YSC1790164904 Case Was Received
YSC1790164905 Case Was Received
YSC1790164906 Case Was Received
YSC1790164907 Case Was Received
YSC1790164908 Case Was Received
YSC1790164909 Case Was Received
YSC1790164910 Case Was Received
YSC1790164911 Case Was Received
YSC1790164912 Case Was Received
YSC1790164913 Case Was Received
YSC1790164914 Case Was Received
YSC1790164915 Case Was Received
YSC1790164916 Case Was Received
YSC1790164917 Case Was Received
YSC1790164918 Case Was Received
YSC1790164919 Case Was Received
YSC1790164920 Case Was Received
YSC1790164921 Case Was Received
YSC1790164922 Case Was Received
YSC1790164923 Case Was Received
YSC1790164924 Case Was Received
YSC1790164925 Case Rejected Because I Sent An Incorrect Fee
YSC1790164926 Case Rejected Because The Version Of The Form I Sent Is No Longer Accepted
YSC1790164927 New Card Is Being Produced
YSC1790164928 Card Was Mailed To Me
YSC1790164929 Card Was Mailed To Me
YSC1790164930 Case Was Received
YSC1790164931 Card Was Mailed To Me
YSC1790164932 Card Was Mailed To Me
YSC1790164933 Card Was Mailed To Me
YSC1790164934 Card Was Mailed To Me
YSC1790164935 Card Was Mailed To Me
YSC1790164936 Case Was Received
YSC1790164937 Case Was Received
YSC1790164938 Case Was Received
YSC1790164939 Case Was Received
YSC1790164940 Case Was Received
YSC1790164941 Case Was Received
YSC1790164942 Case Was Received
YSC1790164943 Case Rejected Because I Sent An Incorrect Fee
YSC1790164944 Card Was Mailed To Me
YSC1790164945 Case Was Received
YSC1790164946 Case Was Received
YSC1790164947 Card Was Mailed To Me
YSC1790164948 Card Was Mailed To Me
YSC1790164949 Card Was Mailed To Me
YSC1790164950 Case Was Received
YSC1790164951 Case Was Received
YSC1790164952 Case Was Received
YSC1790164953 Case Was Received
YSC1790164954 Card Was Mailed To Me
YSC1790164955 Case Was Received
YSC1790164956 Case Was Received
YSC1790164957 Card Was Mailed To Me
YSC1790164958 Case Was Received
YSC1790164959 Card Was Mailed To Me
YSC1790164960 Case Was Received
YSC1790164961 Case Was Received
YSC1790164962 Case Was Received
YSC1790164963 New Card Is Being Produced
YSC1790164964 Case Was Received
YSC1790164965 New Card Is Being Produced
YSC1790164966 Card Was Mailed To Me
YSC1790164967 Case Was Received
YSC1790164968 Case Was Received
YSC1790164969 Case Was Received
YSC1790164970 Case Was Received
YSC1790164971 Case Was Received
YSC1790164972 Case Was Received
YSC1790164973 Case Was Received
YSC1790164974 Case Was Received
YSC1790164975 Case Was Received
YSC1790164976 Case Was Received
YSC1790164977 Case Was Received
YSC1790164978 Case Was Received
YSC1790164979 Case Was Received
YSC1790164980 Case Was Received
YSC1790164981 Case Rejected Because I Sent An Incorrect Fee
YSC1790164982 Case Was Received
YSC1790164983 Case Was Received
YSC1790164984 Case Was Received
YSC1790164985 Case Was Received
YSC1790164986 New Card Is Being Produced
YSC1790164987 Card Was Mailed To Me
YSC1790164988 Card Was Mailed To Me
YSC1790164989 Card Was Mailed To Me
YSC1790164990 Case Was Received
YSC1790164991 Case Was Received
YSC1790164992 Case Was Received
YSC1790164993 Card Was Mailed To Me
YSC1790164994 New Card Is Being Produced
YSC1790164995 Card Was Mailed To Me
YSC1790164996 Card Was Mailed To Me
YSC1790164997 Card Was Mailed To Me
YSC1790164998 Response To USCIS' Request For Evidence Was Received
YSC1790164999 Case Rejected Because I Sent An Incorrect Fee
YSC1790165000 Case Rejected Because The Version Of The Form I Sent Is No Longer Accepted
