YSC1790175500 New Card Is Being Produced
YSC1790175501 Case Was Received
YSC1790175502 Case Was Received
YSC1790175503 Case Was Received
YSC1790175504 Case Was Received
YSC1790175505 Case Was Received
YSC1790175506 Case Was Received
YSC1790175507 New Card Is Being Produced
YSC1790175508 Case Was Received
YSC1790175509 Correspondence Was Received And USCIS Is Reviewing It
YSC1790175510 Notice Was Returned To USCIS Because The Post Office Could Not Deliver It
YSC1790175511 Case Was Received
YSC1790175512 Case Was Received
YSC1790175513 Case Was Received
YSC1790175514 Case Was Received
YSC1790175515 Notice Was Returned To USCIS Because The Post Office Could Not Deliver It
YSC1790175516 Case Was Received
YSC1790175517 Case Was Received
YSC1790175518 Case Was Received
YSC1790175519 Case Was Received
YSC1790175520 Case Was Received
YSC1790175521 Case Was Received
YSC1790175522 Case Was Received
YSC1790175523 Case Was Received
YSC1790175524 Case Was Received
YSC1790175525 Case Was Received
YSC1790175526 Case Was Received
YSC1790175527 Case Was Received
YSC1790175528 Case Was Received
YSC1790175529 Card Was Mailed To Me
YSC1790175530 Card Was Mailed To Me
YSC1790175531 Case Was Received
YSC1790175532 Case Was Received
YSC1790175533 Case Was Received
YSC1790175534 Case Was Received
YSC1790175535 Case Was Received
YSC1790175536 Notice Was Returned To USCIS Because The Post Office Could Not Deliver It
YSC1790175537 Case Was Received
YSC1790175538 Case Was Received
YSC1790175539 Case Was Received
YSC1790175540 Case Was Received
YSC1790175541 Case Was Received
YSC1790175542 Case Was Received
YSC1790175543 Notice Was Returned To USCIS Because The Post Office Could Not Deliver It
YSC1790175544 Case Was Received
YSC1790175545 Case Was Received
YSC1790175546 Case Was Received
YSC1790175547 Case Was Received
YSC1790175548 Notice Was Returned To USCIS Because The Post Office Could Not Deliver It
YSC1790175549 Case Was Received
YSC1790175550 Case Was Received
YSC1790175551 Case Was Received
YSC1790175552 Case Was Received
YSC1790175553 Case Was Received
YSC1790175554 Case Was Received
YSC1790175555 Case Was Received
YSC1790175556 Case Was Received
YSC1790175557 Case Was Received
YSC1790175558 Case Was Received
YSC1790175559 Case Was Received
YSC1790175560 Case Was Received
YSC1790175561 Case Was Received
YSC1790175562 Case Was Received
YSC1790175563 Case Was Received
YSC1790175564 Case Was Received
YSC1790175565 New Card Is Being Produced
YSC1790175566 Case Was Received
YSC1790175567 Case Was Received
YSC1790175568 Correspondence Was Received And USCIS Is Reviewing It
YSC1790175569 Case Was Received
YSC1790175570 Case Was Received
YSC1790175571 Case Was Received
YSC1790175572 Case Was Received
YSC1790175573 Case Was Received
YSC1790175574 Case Was Received
YSC1790175575 Case Was Received
YSC1790175576 Case Was Received
YSC1790175577 Case Rejected Because I Sent An Incorrect Fee
YSC1790175578 Case Was Received
YSC1790175579 Case Was Received
YSC1790175580 Correspondence Was Received And USCIS Is Reviewing It
YSC1790175581 Case Was Received
YSC1790175582 Case Was Received
YSC1790175583 Case Was Received
YSC1790175584 Case Was Received
YSC1790175585 Case Was Received
YSC1790175586 New Card Is Being Produced
YSC1790175587 Case Was Received
YSC1790175588 New Card Is Being Produced
YSC1790175589 Case Was Received
YSC1790175590 Case Was Received
YSC1790175591 Case Was Received
YSC1790175592 Case Was Received
YSC1790175593 Case Was Received
YSC1790175594 Case Was Received
YSC1790175595 Case Was Received
YSC1790175596 Case Was Received
YSC1790175597 Case Was Received
YSC1790175598 Case Was Received
YSC1790175599 Case Was Received
YSC1790175600 New Card Is Being Produced
YSC1790175601 Case Was Received
YSC1790175602 Notice Was Returned To USCIS Because The Post Office Could Not Deliver It
YSC1790175603 Notice Was Returned To USCIS Because The Post Office Could Not Deliver It
YSC1790175604 New Card Is Being Produced
YSC1790175605 Case Was Received
YSC1790175606 Case Was Received
YSC1790175607 Case Was Received
YSC1790175608 Case Was Received
YSC1790175609 Case Was Received
YSC1790175610 Case Was Received
YSC1790175611 Case Was Received
YSC1790175612 Case Was Received
YSC1790175613 Case Was Received
YSC1790175614 Case Was Received
YSC1790175615 Case Was Received
YSC1790175616 Case Was Received
YSC1790175617 Case Was Received
YSC1790175618 Case Was Received
YSC1790175619 Case Was Received
YSC1790175620 Case Was Received
YSC1790175621 Case Was Received
YSC1790175622 Case Was Received
YSC1790175623 Case Was Received
YSC1790175624 Case Was Received
YSC1790175625 Case Was Approved
YSC1790175626 Case Was Received
YSC1790175627 Case Was Approved
YSC1790175628 Case Was Received
YSC1790175629 Correspondence Was Received And USCIS Is Reviewing It
YSC1790175630 Case Was Received
YSC1790175631 Case Was Received
YSC1790175632 Case Was Received
YSC1790175633 Case Was Received
YSC1790175634 Case Was Received
YSC1790175635 Case Was Received
YSC1790175636 Case Was Received
YSC1790175637 Case Was Received
YSC1790175638 Case Was Received
YSC1790175639 Case Was Received
YSC1790175640 Case Was Received
YSC1790175641 Case Was Received
YSC1790175642 Case Was Received
YSC1790175643 Case Was Received
YSC1790175644 Case Was Received
YSC1790175645 Case Was Received
YSC1790175646 Case Was Received
YSC1790175647 Case Was Received
YSC1790175648 Case Was Received
YSC1790175649 Case Was Received
YSC1790175650 Case Was Received
YSC1790175651 Case Was Received
YSC1790175652 Case Was Received
YSC1790175653 Case Was Received
YSC1790175654 Case Was Received
YSC1790175655 Case Was Received
YSC1790175656 Case Was Received
YSC1790175657 Case Was Received
YSC1790175658 Case Was Received
YSC1790175659 Case Was Received
YSC1790175660 Case Was Received
YSC1790175661 Case Was Received
YSC1790175662 Case Was Received
YSC1790175663 Case Was Received
YSC1790175664 Case Was Received
YSC1790175665 Case Was Received
YSC1790175666 Case Was Received
YSC1790175667 Case Was Received
YSC1790175668 Case Was Received
YSC1790175669 Case Was Received
YSC1790175670 Case Was Received
YSC1790175671 Case Was Received
YSC1790175672 Case Was Received
YSC1790175673 Case Was Received
YSC1790175674 Notice Was Returned To USCIS Because The Post Office Could Not Deliver It
YSC1790175675 Case Was Received
YSC1790175676 Case Was Received
YSC1790175677 Case Was Received
YSC1790175678 Case Was Received
YSC1790175679 Case Was Received
YSC1790175680 Case Was Received
YSC1790175681 Case Was Received
YSC1790175682 Case Was Received
YSC1790175683 Case Was Received
YSC1790175684 Case Was Received
YSC1790175685 Case Was Received
YSC1790175686 Case Was Received
YSC1790175687 Case Was Received
YSC1790175688 Card Was Mailed To Me
YSC1790175689 Case Was Received
YSC1790175690 Case Was Received
YSC1790175691 Case Was Received
YSC1790175692 Case Was Received
YSC1790175693 Notice Was Returned To USCIS Because The Post Office Could Not Deliver It
YSC1790175694 Case Was Received
YSC1790175695 Case Was Received
YSC1790175696 Case Was Received
YSC1790175697 Case Was Received
YSC1790175698 Case Was Received
YSC1790175699 Case Was Received
YSC1790175700 Case Was Received
YSC1790175701 Case Was Received
YSC1790175702 New Card Is Being Produced
YSC1790175703 Case Was Received
YSC1790175704 Case Was Received
YSC1790175705 Case Was Received
YSC1790175706 Case Was Received
YSC1790175707 Case Was Received
YSC1790175708 Case Was Received
YSC1790175709 Case Was Received
YSC1790175710 Case Was Received
YSC1790175711 Case Was Received
YSC1790175712 Case Was Received
YSC1790175713 Case Was Received
YSC1790175714 Case Was Received
YSC1790175715 Case Was Received
YSC1790175716 Case Was Received
YSC1790175717 Case Was Received
YSC1790175718 Case Was Received
YSC1790175719 Case Was Received
YSC1790175720 Case Was Received
YSC1790175721 Case Was Received
YSC1790175722 Case Was Received
YSC1790175723 Case Was Received
YSC1790175724 Case Was Received
YSC1790175725 Case Was Received
YSC1790175726 Case Was Received
YSC1790175727 New Card Is Being Produced
YSC1790175728 Case Was Received
YSC1790175729 Case Was Received
YSC1790175730 Case Was Received
YSC1790175731 Case Was Received
YSC1790175732 Case Was Received
YSC1790175733 Case Was Received
YSC1790175734 New Card Is Being Produced
YSC1790175735 Case Was Received
YSC1790175736 Case Was Received
YSC1790175737 Case Was Received
YSC1790175738 Case Was Received
YSC1790175739 Case Was Received
YSC1790175740 Case Was Received
YSC1790175741 Case Was Received
YSC1790175742 Case Was Received
YSC1790175743 Case Was Received
YSC1790175744 Case Was Received
YSC1790175745 Case Was Received
YSC1790175746 Case Was Received
YSC1790175747 Case Was Received
YSC1790175748 Case Was Received
YSC1790175749 Case Was Received
YSC1790175750 Withdrawal Acknowledgement Notice Was Sent
YSC1790175751 Case Was Received
YSC1790175752 Case Was Received
YSC1790175753 Case Was Received
YSC1790175754 Case Was Received
YSC1790175755 Case Was Received
YSC1790175756 Case Was Received
YSC1790175757 Case Was Received
YSC1790175758 Case Was Received
YSC1790175759 Case Was Received
YSC1790175760 Case Was Received
YSC1790175761 Case Was Received
YSC1790175762 Case Was Received
YSC1790175763 Case Was Received
YSC1790175764 Case Was Received
YSC1790175765 Case Was Received
YSC1790175766 Case Was Received
YSC1790175767 Case Was Received
YSC1790175768 Case Was Received
YSC1790175769 Case Was Received
YSC1790175770 Case Was Received
YSC1790175771 Case Was Received
YSC1790175772 Case Was Received
YSC1790175773 Case Was Received
YSC1790175774 Case Was Received
YSC1790175775 Case Was Received
YSC1790175776 Case Was Received
YSC1790175777 Case Was Received
YSC1790175778 Case Was Received
YSC1790175779 Case Was Received
YSC1790175780 Case Was Received
YSC1790175781 Case Was Received
YSC1790175782 Case Was Received
YSC1790175783 Case Was Received
YSC1790175784 Case Was Received
YSC1790175785 Case Was Received
YSC1790175786 Case Was Received
YSC1790175787 Case Was Received
YSC1790175788 Case Was Received
YSC1790175789 Case Was Received
YSC1790175790 Case Was Received
YSC1790175791 Case Was Received
YSC1790175792 Case Was Received
YSC1790175793 Case Was Received
YSC1790175794 Case Was Received
YSC1790175795 Case Was Received
YSC1790175796 Notice Was Returned To USCIS Because The Post Office Could Not Deliver It
YSC1790175797 Case Was Received
YSC1790175798 Case Was Received
YSC1790175799 New Card Is Being Produced
YSC1790175800 Case Was Received
YSC1790175801 Card Was Mailed To Me
YSC1790175802 Case Was Received
YSC1790175803 Case Was Received
YSC1790175804 Case Was Received
YSC1790175805 Case Was Received
YSC1790175806 Case Was Received
YSC1790175807 New Card Is Being Produced
YSC1790175808 Case Was Received
YSC1790175809 Card Was Mailed To Me
YSC1790175810 Case Was Received
YSC1790175811 Case Was Received
YSC1790175812 Case Was Received
YSC1790175813 Notice Was Returned To USCIS Because The Post Office Could Not Deliver It
YSC1790175814 Case Was Received
YSC1790175815 Case Was Received
YSC1790175816 Case Was Received
YSC1790175817 Case Was Received
YSC1790175818 Case Was Received
YSC1790175819 Case Was Received
YSC1790175820 Case Was Received
YSC1790175821 Case Was Received
YSC1790175822 Case Was Received
YSC1790175823 Case Was Received
YSC1790175824 Case Was Received
YSC1790175825 Card Was Mailed To Me
YSC1790175826 Case Was Received
YSC1790175827 Case Was Received
YSC1790175828 Case Was Received
YSC1790175829 Case Was Received
YSC1790175830 Case Was Received
YSC1790175831 Case Was Received
YSC1790175832 Case Was Received
YSC1790175833 Case Was Received
YSC1790175834 Case Was Received
YSC1790175835 Case Was Received
YSC1790175836 Case Was Received
YSC1790175837 Case Was Received
YSC1790175838 Case Was Received
YSC1790175839 Case Was Received
YSC1790175840 Case Was Received
YSC1790175841 Case Was Received
YSC1790175842 Case Was Received
YSC1790175843 Case Was Received
YSC1790175844 Case Was Received
YSC1790175845 Case Was Received
YSC1790175846 Case Was Received
YSC1790175847 Case Was Received
YSC1790175848 Case Was Received
YSC1790175849 Case Was Received
YSC1790175850 New Card Is Being Produced
YSC1790175851 New Card Is Being Produced
YSC1790175852 Case Was Received
YSC1790175853 Case Was Received
YSC1790175854 Case Was Received
YSC1790175855 Case Was Received
YSC1790175856 Case Was Received
YSC1790175857 New Card Is Being Produced
YSC1790175858 Case Was Received
YSC1790175859 Case Was Received
YSC1790175860 New Card Is Being Produced
YSC1790175861 New Card Is Being Produced
YSC1790175862 Case Was Received
YSC1790175863 Case Was Received
YSC1790175864 Case Was Received
YSC1790175865 Case Was Received
YSC1790175866 Case Was Received
YSC1790175867 Case Was Received
YSC1790175868 Case Was Received
YSC1790175869 Case Was Received
YSC1790175870 New Card Is Being Produced
YSC1790175871 Case Was Received
YSC1790175872 Case Was Received
YSC1790175873 Case Was Received
YSC1790175874 Case Was Received
YSC1790175875 Case Was Received
YSC1790175876 Case Was Received
YSC1790175877 Case Was Received
YSC1790175878 Case Was Received
YSC1790175879 Case Was Received
YSC1790175880 Case Was Received
YSC1790175881 Case Was Received
YSC1790175882 Case Was Received
YSC1790175883 Case Was Received
YSC1790175884 Case Was Received
YSC1790175885 Case Was Received
YSC1790175886 Case Was Received
YSC1790175887 Notice Was Returned To USCIS Because The Post Office Could Not Deliver It
YSC1790175888 Case Was Received
YSC1790175889 Case Was Received
YSC1790175890 New Card Is Being Produced
YSC1790175891 Case Was Received
YSC1790175892 Case Was Received
YSC1790175893 Case Was Received
YSC1790175894 Case Was Received
YSC1790175895 Case Was Received
YSC1790175896 Case Was Received
YSC1790175897 Case Was Received
YSC1790175898 Case Was Received
YSC1790175899 Case Was Received
YSC1790175900 Case Was Received
YSC1790175901 Case Was Received
YSC1790175902 Case Was Received
YSC1790175903 Case Was Received
YSC1790175904 Case Was Received
YSC1790175905 Case Was Received
YSC1790175906 Case Was Received
YSC1790175907 Case Was Received
YSC1790175908 Case Was Received
YSC1790175909 Case Was Received
YSC1790175910 Case Was Received
YSC1790175911 Case Was Received
YSC1790175912 Case Was Received
YSC1790175913 Case Was Received
YSC1790175914 Case Was Received
YSC1790175915 Notice Was Returned To USCIS Because The Post Office Could Not Deliver It
YSC1790175916 Notice Was Returned To USCIS Because The Post Office Could Not Deliver It
YSC1790175917 Notice Was Returned To USCIS Because The Post Office Could Not Deliver It
YSC1790175918 Case Was Received
YSC1790175919 Case Was Received
YSC1790175920 Case Was Received
YSC1790175921 Case Was Received
YSC1790175922 Withdrawal Acknowledgement Notice Was Sent
YSC1790175923 New Card Is Being Produced
YSC1790175924 Case Was Received
YSC1790175925 New Card Is Being Produced
YSC1790175926 Case Was Received
YSC1790175927 New Card Is Being Produced
YSC1790175928 Case Was Received
YSC1790175929 Case Was Received
YSC1790175930 Case Was Received
YSC1790175931 Case Was Received
YSC1790175932 New Card Is Being Produced
YSC1790175933 Case Was Received
YSC1790175934 New Card Is Being Produced
YSC1790175935 Case Was Received
YSC1790175936 Case Was Received
YSC1790175937 Case Was Received
YSC1790175938 New Card Is Being Produced
YSC1790175939 Case Was Received
YSC1790175940 Card Was Mailed To Me
YSC1790175941 Case Was Received
YSC1790175942 Case Was Received
YSC1790175943 Case Was Received
YSC1790175944 New Card Is Being Produced
YSC1790175945 Case Was Received
YSC1790175946 Case Was Received
YSC1790175947 New Card Is Being Produced
YSC1790175948 Case Was Received
YSC1790175949 Case Was Received
YSC1790175950 Case Was Received
YSC1790175951 Case Was Received
YSC1790175952 Case Was Received
YSC1790175953 Case Was Received
YSC1790175954 Case Was Received
YSC1790175955 Case Was Received
YSC1790175956 Card Was Mailed To Me
YSC1790175957 Case Was Received
YSC1790175958 Case Was Received
YSC1790175959 Case Was Received
YSC1790175960 Case Was Received
YSC1790175961 Case Was Received
YSC1790175962 Case Was Received
YSC1790175963 Case Was Received
YSC1790175964 Case Was Received
YSC1790175965 Case Was Received
YSC1790175966 Case Was Received
YSC1790175967 New Card Is Being Produced
YSC1790175968 Case Was Received
YSC1790175969 Case Was Received
YSC1790175970 Case Was Received
YSC1790175971 Case Was Received
YSC1790175972 New Card Is Being Produced
YSC1790175973 Case Was Received
YSC1790175974 Case Was Received
YSC1790175975 New Card Is Being Produced
YSC1790175976 Case Was Approved
YSC1790175977 Case Was Received
YSC1790175978 Case Was Received
YSC1790175979 New Card Is Being Produced
YSC1790175980 New Card Is Being Produced
YSC1790175981 Case Was Received
YSC1790175982 New Card Is Being Produced
YSC1790175983 Case Was Received
YSC1790175984 Case Was Received
YSC1790175985 Case Was Received
YSC1790175986 Case Was Received
YSC1790175987 Case Was Received
YSC1790175988 Case Was Received
YSC1790175989 Case Was Received
YSC1790175990 Case Was Received
YSC1790175991 Case Was Received
YSC1790175992 Case Was Received
YSC1790175993 Case Was Received
YSC1790175994 Case Was Received
YSC1790175995 Case Was Received
YSC1790175996 Case Was Received
YSC1790175997 Case Was Received
YSC1790175998 Case Was Received
YSC1790175999 Case Was Received
YSC1790176000 Case Was Received
