YSC1790175000 Case Was Received
YSC1790175001 Case Was Received
YSC1790175002 Case Was Received
YSC1790175003 Case Was Received
YSC1790175004 Case Was Received
YSC1790175005 Case Was Received
YSC1790175006 Case Was Received
YSC1790175007 Case Was Received
YSC1790175008 Case Was Received
YSC1790175009 Case Was Received
YSC1790175010 Case Was Received
YSC1790175011 Case Was Received
YSC1790175012 Notice Was Returned To USCIS Because The Post Office Could Not Deliver It
YSC1790175013 Case Was Received
YSC1790175014 Case Was Received
YSC1790175015 Case Was Received
YSC1790175016 Case Was Received
YSC1790175017 Case Was Received
YSC1790175018 Case Was Received
YSC1790175019 Case Was Received
YSC1790175020 Case Was Received
YSC1790175021 Case Was Received
YSC1790175022 Case Was Received
YSC1790175023 Case Was Received
YSC1790175024 Case Was Received
YSC1790175025 Case Was Received
YSC1790175026 Case Was Received
YSC1790175027 Case Was Received
YSC1790175028 Case Was Received
YSC1790175029 Case Was Received
YSC1790175030 Case Was Received
YSC1790175031 Case Was Received
YSC1790175032 Case Was Received
YSC1790175033 Name Was Updated
YSC1790175034 Case Was Received
YSC1790175035 Case Was Received
YSC1790175036 Case Was Received
YSC1790175037 Case Was Received
YSC1790175038 Case Was Received
YSC1790175039 Case Was Received
YSC1790175040 Case Was Received
YSC1790175041 Case Was Received
YSC1790175042 Case Was Received
YSC1790175043 Case Was Received
YSC1790175044 Case Was Received
YSC1790175045 Case Was Received
YSC1790175046 Case Was Received
YSC1790175047 Case Was Received
YSC1790175048 Case Was Received
YSC1790175049 Case Was Received
YSC1790175050 Case Was Received
YSC1790175051 Case Was Received
YSC1790175052 Case Was Received
YSC1790175053 Case Was Received
YSC1790175054 Case Was Received
YSC1790175055 Case Was Received
YSC1790175056 Case Was Received
YSC1790175057 Case Was Received
YSC1790175058 Case Was Received
YSC1790175059 Case Was Received
YSC1790175060 Case Was Received
YSC1790175061 Case Was Received
YSC1790175062 Case Was Received
YSC1790175063 Case Was Received
YSC1790175064 Case Was Received
YSC1790175065 Case Was Received
YSC1790175066 Case Was Received
YSC1790175067 Case Was Received
YSC1790175068 Case Was Received
YSC1790175069 Case Was Received
YSC1790175070 Case Was Received
YSC1790175071 Case Was Received
YSC1790175072 Case Was Received
YSC1790175073 Case Was Received
YSC1790175074 Case Was Received
YSC1790175075 Case Was Received
YSC1790175076 Case Was Received
YSC1790175077 Case Was Received
YSC1790175078 Case Was Received
YSC1790175079 Case Was Received
YSC1790175080 Case Was Received
YSC1790175081 Case Was Received
YSC1790175082 Case Was Received
YSC1790175083 Case Was Received
YSC1790175084 Case Was Received
YSC1790175085 Case Was Received
YSC1790175086 Case Was Received
YSC1790175087 Case Was Received
YSC1790175088 Case Was Received
YSC1790175089 Case Was Received
YSC1790175090 Case Was Received
YSC1790175091 Case Was Received
YSC1790175092 Case Was Received
YSC1790175093 Case Was Received
YSC1790175094 Case Was Received
YSC1790175095 Case Was Received
YSC1790175096 Case Was Received
YSC1790175097 Case Was Received
YSC1790175098 Case Was Received
YSC1790175099 Case Was Received
YSC1790175100 Case Was Received
YSC1790175101 Case Was Received
YSC1790175102 Case Was Received
YSC1790175103 Case Was Received
YSC1790175104 Case Was Received
YSC1790175105 Case Was Received
YSC1790175106 Case Was Received
YSC1790175107 Case Was Received
YSC1790175108 Case Was Received
YSC1790175109 Case Was Received
YSC1790175110 Case Was Received
YSC1790175111 Case Was Received
YSC1790175112 Case Was Received
YSC1790175113 Case Was Received
YSC1790175114 Case Was Received
YSC1790175115 Case Was Received
YSC1790175116 Case Was Received
YSC1790175117 Case Was Received
YSC1790175118 Case Was Received
YSC1790175119 Case Was Received
YSC1790175120 Case Was Received
YSC1790175121 Case Was Received
YSC1790175122 Case Was Received
YSC1790175123 Case Was Received
YSC1790175124 Case Was Received
YSC1790175125 Case Was Received
YSC1790175126 Case Was Received
YSC1790175127 Case Was Received
YSC1790175128 Case Was Received
YSC1790175129 Case Was Received
YSC1790175130 Case Was Received
YSC1790175131 Case Was Received
YSC1790175132 Case Was Received
YSC1790175133 Case Was Received
YSC1790175134 Case Was Received
YSC1790175135 Case Was Received
YSC1790175136 Case Was Received
YSC1790175137 Case Was Received
YSC1790175138 Case Was Received
YSC1790175139 New Card Is Being Produced
YSC1790175140 Case Was Received
YSC1790175141 Case Was Received
YSC1790175142 Case Was Received
YSC1790175143 New Card Is Being Produced
YSC1790175144 Case Was Received
YSC1790175145 Case Was Received
YSC1790175146 Case Was Approved
YSC1790175147 Case Was Received
YSC1790175148 New Card Is Being Produced
YSC1790175149 Case Was Received
YSC1790175150 Case Was Received
YSC1790175151 Card Was Mailed To Me
YSC1790175152 Case Was Received
YSC1790175153 Case Rejected Because The Version Of The Form I Sent Is No Longer Accepted
YSC1790175154 Case Was Rejected Because It Was Improperly Filed
YSC1790175155 Case Was Rejected Because It Was Improperly Filed
YSC1790175156 Case Was Received
YSC1790175157 Case Was Received
YSC1790175158 Case Was Received
YSC1790175159 Case Was Received
YSC1790175160 Case Was Received
YSC1790175161 Case Was Received
YSC1790175162 Case Was Received
YSC1790175163 Case Was Received
YSC1790175164 Case Was Received
YSC1790175165 Case Was Received
YSC1790175166 Case Was Received
YSC1790175167 New Card Is Being Produced
YSC1790175168 Case Was Received
YSC1790175169 Case Was Received
YSC1790175170 Case Was Received
YSC1790175171 Case Was Received
YSC1790175172 Case Was Received
YSC1790175173 Case Was Received
YSC1790175174 Case Was Received
YSC1790175175 New Card Is Being Produced
YSC1790175176 Case Was Received
YSC1790175177 Case Was Received
YSC1790175178 Case Was Received
YSC1790175179 Case Was Received
YSC1790175180 Case Was Received
YSC1790175181 New Card Is Being Produced
YSC1790175182 Case Was Received
YSC1790175183 Notice Was Returned To USCIS Because The Post Office Could Not Deliver It
YSC1790175184 Case Was Received
YSC1790175185 Case Was Received
YSC1790175186 Case Was Received
YSC1790175187 Case Was Received
YSC1790175188 Case Was Received
YSC1790175189 Case Was Received
YSC1790175190 Case Was Received
YSC1790175191 Case Was Received
YSC1790175192 Case Was Received
YSC1790175193 Case Was Received
YSC1790175194 Case Was Received
YSC1790175195 Case Was Received
YSC1790175196 Case Was Received
YSC1790175197 Case Was Received
YSC1790175198 Case Was Received
YSC1790175199 Case Was Received
YSC1790175200 Case Was Received
YSC1790175201 Case Was Received
YSC1790175202 Case Was Received
YSC1790175203 Case Was Received
YSC1790175204 Case Was Received
YSC1790175205 Case Was Received
YSC1790175206 Case Was Received
YSC1790175207 Case Was Received
YSC1790175208 Case Was Received
YSC1790175209 Case Was Received
YSC1790175210 Case Was Received
YSC1790175211 Case Was Received
YSC1790175212 Case Was Received
YSC1790175213 Case Was Received
YSC1790175214 Case Was Received
YSC1790175215 Case Was Received
YSC1790175216 Case Was Received
YSC1790175217 Case Was Received
YSC1790175218 Case Was Approved
YSC1790175219 Case Was Received
YSC1790175220 Case Was Received
YSC1790175221 Case Was Received
YSC1790175222 Case Was Received
YSC1790175223 New Card Is Being Produced
YSC1790175224 Case Was Received
YSC1790175225 Case Was Received
YSC1790175226 Case Was Received
YSC1790175227 Case Was Received
YSC1790175228 Correspondence Was Received And USCIS Is Reviewing It
YSC1790175229 Case Was Received
YSC1790175230 Case Was Received
YSC1790175231 Case Was Received
YSC1790175232 Case Was Received
YSC1790175233 Case Was Received
YSC1790175234 Case Was Received
YSC1790175235 Notice Was Returned To USCIS Because The Post Office Could Not Deliver It
YSC1790175236 Case Was Received
YSC1790175237 Case Was Received
YSC1790175238 Case Was Received
YSC1790175239 Case Was Received
YSC1790175240 Case Was Received
YSC1790175241 Case Was Received
YSC1790175242 Case Was Received
YSC1790175243 Case Was Received
YSC1790175244 Case Was Received
YSC1790175245 Case Was Received
YSC1790175246 Case Was Received
YSC1790175247 Case Was Received
YSC1790175248 Case Was Received
YSC1790175249 Case Was Received
YSC1790175250 Case Was Received
YSC1790175251 Case Was Received
YSC1790175252 Case Was Received
YSC1790175253 Case Was Received
YSC1790175254 Case Was Received
YSC1790175255 Case Was Received
YSC1790175256 Case Was Received
YSC1790175257 Case Was Received
YSC1790175258 Case Was Received
YSC1790175259 Case Was Received
YSC1790175260 Case Was Received
YSC1790175261 Case Was Received
YSC1790175262 Case Was Received
YSC1790175263 Case Was Received
YSC1790175264 Case Was Received
YSC1790175265 Case Was Received
YSC1790175266 Case Was Received
YSC1790175267 Case Was Received
YSC1790175268 Case Was Received
YSC1790175269 Case Was Received
YSC1790175270 Case Was Received
YSC1790175271 Case Was Received
YSC1790175272 Case Was Received
YSC1790175273 New Card Is Being Produced
YSC1790175274 Card Was Mailed To Me
YSC1790175275 Case Was Received
YSC1790175276 Case Was Received
YSC1790175277 New Card Is Being Produced
YSC1790175278 Response To USCIS' Request For Evidence Was Received
YSC1790175279 Case Was Received
YSC1790175280 Case Was Received
YSC1790175281 Case Was Received
YSC1790175282 Case Was Received
YSC1790175283 Case Was Received
YSC1790175284 Case Was Received
YSC1790175285 Case Was Received
YSC1790175286 Case Was Received
YSC1790175287 Date of Birth Was Updated
YSC1790175288 Case Was Received
YSC1790175289 Case Was Received
YSC1790175290 Case Was Received
YSC1790175291 Case Was Received
YSC1790175292 Case Was Received
YSC1790175293 Case Was Received
YSC1790175294 Case Was Received
YSC1790175295 Case Was Received
YSC1790175296 Case Was Received
YSC1790175297 Case Was Received
YSC1790175298 Case Was Received
YSC1790175299 Case Was Received
YSC1790175300 Correspondence Was Received And USCIS Is Reviewing It
YSC1790175301 Case Was Received
YSC1790175302 Name Was Updated
YSC1790175303 Case Was Received
YSC1790175304 Case Was Received
YSC1790175305 Case Was Received
YSC1790175306 Case Was Received
YSC1790175307 Case Was Received
YSC1790175308 Case Was Received
YSC1790175309 Case Was Received
YSC1790175310 Case Was Received
YSC1790175311 Case Was Received
YSC1790175312 Case Was Received
YSC1790175313 Case Was Received
YSC1790175314 Case Was Received
YSC1790175315 Case Was Received
YSC1790175316 Notice Was Returned To USCIS Because The Post Office Could Not Deliver It
YSC1790175317 Case Was Received
YSC1790175318 Case Was Received
YSC1790175319 Case Was Received
YSC1790175320 Case Was Received
YSC1790175321 Case Was Received
YSC1790175322 Notice Was Returned To USCIS Because The Post Office Could Not Deliver It
YSC1790175323 Case Was Received
YSC1790175324 Case Was Received
YSC1790175325 Case Was Received
YSC1790175326 Case Was Received
YSC1790175327 Case Was Received
YSC1790175328 Case Was Received
YSC1790175329 Case Was Received
YSC1790175330 Notice Was Returned To USCIS Because The Post Office Could Not Deliver It
YSC1790175331 Case Was Received
YSC1790175332 Case Was Received
YSC1790175333 Case Was Received
YSC1790175334 Case Was Received
YSC1790175335 Case Was Received
YSC1790175336 Case Was Received
YSC1790175337 Case Was Received
YSC1790175338 Case Was Received
YSC1790175339 Case Was Received
YSC1790175340 Case Was Received
YSC1790175341 Case Was Received
YSC1790175342 Case Was Received
YSC1790175343 Name Was Updated
YSC1790175344 Case Was Received
YSC1790175345 Case Was Received
YSC1790175346 Case Was Received
YSC1790175347 Case Was Received
YSC1790175348 Case Was Received
YSC1790175349 Case Was Received
YSC1790175350 Case Was Received
YSC1790175351 Case Was Received
YSC1790175352 New Card Is Being Produced
YSC1790175353 Case Was Received
YSC1790175354 Case Was Received
YSC1790175355 Case Was Received
YSC1790175356 Case Was Received
YSC1790175357 Case Was Received
YSC1790175358 Case Was Received
YSC1790175359 Case Was Received
YSC1790175360 Case Was Received
YSC1790175361 Case Was Received
YSC1790175362 Card Was Mailed To Me
YSC1790175363 Case Was Received
YSC1790175364 Case Was Received
YSC1790175365 New Card Is Being Produced
YSC1790175366 Case Was Received
YSC1790175367 Case Was Received
YSC1790175368 Case Was Received
YSC1790175369 New Card Is Being Produced
YSC1790175370 Case Was Received
YSC1790175371 Case Was Received
YSC1790175372 Case Was Received
YSC1790175373 Case Was Received
YSC1790175374 Case Was Received
YSC1790175375 Case Was Received
YSC1790175376 Case Was Received
YSC1790175377 Case Was Received
YSC1790175378 Case Was Received
YSC1790175379 Case Was Received
YSC1790175380 Case Was Received
YSC1790175381 Case Was Received
YSC1790175382 Case Was Received
YSC1790175383 Case Was Received
YSC1790175384 Notice Was Returned To USCIS Because The Post Office Could Not Deliver It
YSC1790175385 Case Was Received
YSC1790175386 Case Was Received
YSC1790175387 Case Was Received
YSC1790175388 Case Was Received
YSC1790175389 Case Was Received
YSC1790175390 Case Was Received
YSC1790175391 Case Was Received
YSC1790175392 Case Was Received
YSC1790175393 Case Was Received
YSC1790175394 Case Was Received
YSC1790175395 Case Was Received
YSC1790175396 Case Was Received
YSC1790175397 Case Was Received
YSC1790175398 Case Was Received
YSC1790175399 Case Was Received
YSC1790175400 Case Was Received
YSC1790175401 New Card Is Being Produced
YSC1790175402 Card Was Mailed To Me
YSC1790175403 Card Was Mailed To Me
YSC1790175404 Case Was Received
YSC1790175405 New Card Is Being Produced
YSC1790175406 Case Was Received
YSC1790175407 New Card Is Being Produced
YSC1790175408 Case Was Received
YSC1790175409 Case Was Received
YSC1790175410 Case Was Received
YSC1790175411 New Card Is Being Produced
YSC1790175412 Case Was Received
YSC1790175413 New Card Is Being Produced
YSC1790175414 Case Was Received
YSC1790175415 Case Was Received
YSC1790175416 Case Was Received
YSC1790175417 Case Was Received
YSC1790175418 Case Was Received
YSC1790175419 Case Was Received
YSC1790175420 Case Was Received
YSC1790175421 Case Was Received
YSC1790175422 Case Was Received
YSC1790175423 Case Was Received
YSC1790175424 Case Was Received
YSC1790175425 Case Was Received
YSC1790175426 Case Was Received
YSC1790175427 Case Was Received
YSC1790175428 Case Was Received
YSC1790175429 Case Was Received
YSC1790175430 Case Was Received
YSC1790175431 Case Was Approved
YSC1790175432 Case Was Received
YSC1790175433 Case Was Received
YSC1790175434 Case Was Received
YSC1790175435 Case Was Received
YSC1790175436 Case Was Received
YSC1790175437 Case Was Received
YSC1790175438 Case Rejected Because The Version Of The Form I Sent Is No Longer Accepted
YSC1790175439 Case Rejected Because The Version Of The Form I Sent Is No Longer Accepted
YSC1790175440 Case Was Received
YSC1790175441 Case Was Received
YSC1790175442 New Card Is Being Produced
YSC1790175443 Case Was Received
YSC1790175444 Card Was Mailed To Me
YSC1790175445 Case Was Received
YSC1790175446 Case Was Received
YSC1790175447 Card Was Mailed To Me
YSC1790175448 Case Was Received
YSC1790175449 Case Was Received
YSC1790175450 Case Was Received
YSC1790175451 New Card Is Being Produced
YSC1790175452 Case Was Received
YSC1790175453 Case Was Received
YSC1790175454 New Card Is Being Produced
YSC1790175455 Case Was Received
YSC1790175456 New Card Is Being Produced
YSC1790175457 Case Was Received
YSC1790175458 Case Was Received
YSC1790175459 Notice Was Returned To USCIS Because The Post Office Could Not Deliver It
YSC1790175460 Case Was Received
YSC1790175461 New Card Is Being Produced
YSC1790175462 Case Was Received
YSC1790175463 Case Was Received
YSC1790175464 Case Was Received
YSC1790175465 Case Was Received
YSC1790175466 Case Was Received
YSC1790175467 Case Was Received
YSC1790175468 Case Was Received
YSC1790175469 Case Was Received
YSC1790175470 Case Rejected Because The Version Of The Form I Sent Is No Longer Accepted
YSC1790175471 Case Rejected Because I Sent An Incorrect Fee
YSC1790175472 Case Rejected Because I Sent An Incorrect Fee
YSC1790175473 Case Rejected Because I Sent An Incorrect Fee
YSC1790175474 Case Rejected Because I Sent An Incorrect Fee
YSC1790175475 Case Rejected Because The Version Of The Form I Sent Is No Longer Accepted
YSC1790175476 Case Rejected Because The Version Of The Form I Sent Is No Longer Accepted
YSC1790175477 Case Rejected For Incorrect Fee And Incorrect Form Version
YSC1790175478 Case Rejected Because The Version Of The Form I Sent Is No Longer Accepted
YSC1790175479 Case Rejected Because The Version Of The Form I Sent Is No Longer Accepted
YSC1790175480 Case Rejected Because The Version Of The Form I Sent Is No Longer Accepted
YSC1790175481 Card Was Mailed To Me
YSC1790175482 Card Was Mailed To Me
YSC1790175483 Card Was Mailed To Me
YSC1790175484 Card Was Mailed To Me
YSC1790175485 Case Rejected Because The Version Of The Form I Sent Is No Longer Accepted
YSC1790175486 Case Was Rejected Because It Was Improperly Filed
YSC1790175487 Case Was Rejected Because It Was Improperly Filed
YSC1790175488 Case Was Received
YSC1790175489 Case Was Received
YSC1790175490 Case Was Received
YSC1790175491 Case Was Received
YSC1790175492 Case Was Received
YSC1790175493 Case Was Received
YSC1790175494 Case Was Received
YSC1790175495 New Card Is Being Produced
YSC1790175496 Case Was Approved
YSC1790175497 Case Was Received
YSC1790175498 Case Was Received
YSC1790175499 Case Was Received
YSC1790175500 New Card Is Being Produced
