YSC1790164000 Case Was Received
YSC1790164001 Case Was Received
YSC1790164002 Case Was Received
YSC1790164003 Case Was Received
YSC1790164004 Case Was Received
YSC1790164005 Case Was Received
YSC1790164006 Case Was Received
YSC1790164007 Case Was Received
YSC1790164008 Case Was Received
YSC1790164009 Case Was Received
YSC1790164010 Case Was Received
YSC1790164011 Case Was Received
YSC1790164012 Case Was Received
YSC1790164013 Case Was Received
YSC1790164014 Case Was Received
YSC1790164015 Case Was Received
YSC1790164016 Case Was Received
YSC1790164017 Notice Was Returned To USCIS Because The Post Office Could Not Deliver It
YSC1790164018 New Card Is Being Produced
YSC1790164019 New Card Is Being Produced
YSC1790164020 Card Was Mailed To Me
YSC1790164021 New Card Is Being Produced
YSC1790164022 Case Was Received
YSC1790164023 New Card Is Being Produced
YSC1790164024 Case Was Received
YSC1790164025 Card Was Mailed To Me
YSC1790164026 Case Was Received
YSC1790164027 New Card Is Being Produced
YSC1790164028 Case Was Received
YSC1790164029 Case Was Received
YSC1790164030 Card Was Mailed To Me
YSC1790164031 Card Was Mailed To Me
YSC1790164032 New Card Is Being Produced
YSC1790164033 Card Was Mailed To Me
YSC1790164034 New Card Is Being Produced
YSC1790164035 Case Was Received
YSC1790164036 New Card Is Being Produced
YSC1790164037 Case Was Received
YSC1790164038 Case Was Received
YSC1790164039 Case Was Received
YSC1790164040 Case Was Received
YSC1790164041 Case Was Received
YSC1790164042 Request for Initial Evidence Was Mailed
YSC1790164043 Card Was Mailed To Me
YSC1790164044 Case Was Received
YSC1790164045 Card Was Mailed To Me
YSC1790164046 Request for Initial Evidence Was Mailed
YSC1790164047 Case Was Received
YSC1790164048 New Card Is Being Produced
YSC1790164049 Card Was Mailed To Me
YSC1790164050 New Card Is Being Produced
YSC1790164051 Card Was Mailed To Me
YSC1790164052 Case Was Received
YSC1790164053 Card Was Mailed To Me
YSC1790164054 Case Was Received
YSC1790164055 Case Was Received
YSC1790164056 Case Was Received
YSC1790164057 Card Was Mailed To Me
YSC1790164058 Card Was Mailed To Me
YSC1790164059 Card Was Mailed To Me
YSC1790164060 Card Was Mailed To Me
YSC1790164061 Case Was Received
YSC1790164062 Request for Initial Evidence Was Mailed
YSC1790164063 Case Was Received
YSC1790164064 Case Was Received
YSC1790164065 Card Was Mailed To Me
YSC1790164066 Case Was Rejected Because It Was Improperly Filed
YSC1790164067 Case Was Received
YSC1790164068 Case Was Received
YSC1790164069 New Card Is Being Produced
YSC1790164070 Case Was Received
YSC1790164071 Card Was Mailed To Me
YSC1790164072 Card Was Mailed To Me
YSC1790164073 Case Was Received
YSC1790164074 New Card Is Being Produced
YSC1790164075 New Card Is Being Produced
YSC1790164076 Card Was Mailed To Me
YSC1790164077 New Card Is Being Produced
YSC1790164078 Card Was Mailed To Me
YSC1790164079 New Card Is Being Produced
YSC1790164080 Correspondence Was Received And USCIS Is Reviewing It
YSC1790164081 Card Was Mailed To Me
YSC1790164082 Card Was Mailed To Me
YSC1790164083 New Card Is Being Produced
YSC1790164084 Card Was Mailed To Me
YSC1790164085 Case Was Received
YSC1790164086 Case Was Received
YSC1790164087 Card Was Mailed To Me
YSC1790164088 Case Was Received
YSC1790164089 Card Was Mailed To Me
YSC1790164090 New Card Is Being Produced
YSC1790164091 Case Was Received
YSC1790164092 Case Was Received
YSC1790164093 New Card Is Being Produced
YSC1790164094 Withdrawal Acknowledgement Notice Was Sent
YSC1790164095 Card Was Mailed To Me
YSC1790164096 Card Was Mailed To Me
YSC1790164097 New Card Is Being Produced
YSC1790164098 Case Was Received
YSC1790164099 Card Was Mailed To Me
YSC1790164100 Card Was Mailed To Me
YSC1790164101 Card Was Mailed To Me
YSC1790164102 Card Was Mailed To Me
YSC1790164103 Case Was Received
YSC1790164104 Case Was Received
YSC1790164105 Case Was Received
YSC1790164106 Case Was Received
YSC1790164107 New Card Is Being Produced
YSC1790164108 Case Was Received
YSC1790164109 New Card Is Being Produced
YSC1790164110 Card Was Mailed To Me
YSC1790164111 Card Was Mailed To Me
YSC1790164112 Card Was Mailed To Me
YSC1790164113 Card Was Mailed To Me
YSC1790164114 New Card Is Being Produced
YSC1790164115 Correspondence Was Received And USCIS Is Reviewing It
YSC1790164116 Case Was Received
YSC1790164117 Card Was Mailed To Me
YSC1790164118 Case Was Received
YSC1790164119 Case Was Received
YSC1790164120 Case Was Received
YSC1790164121 Card Was Mailed To Me
YSC1790164122 Card Was Mailed To Me
YSC1790164123 Case Was Received
YSC1790164124 New Card Is Being Produced
YSC1790164125 Case Was Received
YSC1790164126 Card Was Mailed To Me
YSC1790164127 Card Was Mailed To Me
YSC1790164128 Card Was Mailed To Me
YSC1790164129 Case Was Received
YSC1790164130 Case Was Received
YSC1790164131 Card Was Mailed To Me
YSC1790164132 Case Was Received
YSC1790164133 Case Was Received
YSC1790164134 Card Was Mailed To Me
YSC1790164135 Case Was Received
YSC1790164136 Card Was Mailed To Me
YSC1790164137 Case Was Received
YSC1790164138 Case Was Received
YSC1790164139 Case Was Received
YSC1790164140 New Card Is Being Produced
YSC1790164141 Case Was Received
YSC1790164142 Card Was Mailed To Me
YSC1790164143 Case Was Approved
YSC1790164144 Card Was Mailed To Me
YSC1790164145 New Card Is Being Produced
YSC1790164146 Case Was Received
YSC1790164147 Card Was Mailed To Me
YSC1790164148 Card Was Mailed To Me
YSC1790164149 Card Was Mailed To Me
YSC1790164150 Card Was Mailed To Me
YSC1790164151 New Card Is Being Produced
YSC1790164152 New Card Is Being Produced
YSC1790164153 Card Was Mailed To Me
YSC1790164154 Case Was Received
YSC1790164155 Case Was Received
YSC1790164156 Case Was Received
YSC1790164157 Card Was Mailed To Me
YSC1790164158 Request for Initial Evidence Was Mailed
YSC1790164159 New Card Is Being Produced
YSC1790164160 Withdrawal Acknowledgement Notice Was Sent
YSC1790164161 Card Was Mailed To Me
YSC1790164162 Case Was Approved
YSC1790164163 Case Was Approved
YSC1790164164 Card Was Mailed To Me
YSC1790164165 Card Was Mailed To Me
YSC1790164166 Case Was Received
YSC1790164167 Case Was Received
YSC1790164168 Card Was Mailed To Me
YSC1790164169 Card Was Mailed To Me
YSC1790164170 Card Was Mailed To Me
YSC1790164171 Card Was Mailed To Me
YSC1790164172 Card Was Mailed To Me
YSC1790164173 Card Was Mailed To Me
YSC1790164174 Card Was Mailed To Me
YSC1790164175 Card Was Mailed To Me
YSC1790164176 Case Was Received
YSC1790164177 Case Was Received
YSC1790164178 Case Was Received
YSC1790164179 Case Was Received
YSC1790164180 Case Was Received
YSC1790164181 Case Was Received
YSC1790164182 Case Was Received
YSC1790164183 Case Was Received
YSC1790164184 Case Was Received
YSC1790164185 Case Was Received
YSC1790164186 Case Was Received
YSC1790164187 Case Was Received
YSC1790164188 Case Was Received
YSC1790164189 Case Was Received
YSC1790164190 Case Was Received
YSC1790164191 Case Was Received
YSC1790164192 Case Was Received
YSC1790164193 Case Was Received
YSC1790164194 Case Was Received
YSC1790164195 Case Was Received
YSC1790164196 Case Was Received
YSC1790164197 Case Was Received
YSC1790164198 Case Was Received
YSC1790164199 Card Was Mailed To Me
YSC1790164200 Card Was Mailed To Me
YSC1790164201 Case Was Received
YSC1790164202 Case Was Received
YSC1790164203 Case Was Received
YSC1790164204 New Card Is Being Produced
YSC1790164205 Card Was Mailed To Me
YSC1790164206 Card Was Mailed To Me
YSC1790164207 Card Was Mailed To Me
YSC1790164208 New Card Is Being Produced
YSC1790164209 New Card Is Being Produced
YSC1790164210 Case Was Received
YSC1790164211 Case Was Received
YSC1790164212 New Card Is Being Produced
YSC1790164213 Card Was Mailed To Me
YSC1790164214 Card Was Mailed To Me
YSC1790164215 Card Was Mailed To Me
YSC1790164216 Card Was Mailed To Me
YSC1790164217 Card Was Mailed To Me
YSC1790164218 Card Was Mailed To Me
YSC1790164219 Card Was Mailed To Me
YSC1790164220 Card Was Mailed To Me
YSC1790164221 Card Was Mailed To Me
YSC1790164222 Card Was Mailed To Me
YSC1790164223 Card Was Mailed To Me
YSC1790164224 Case Was Received
YSC1790164225 Card Was Mailed To Me
YSC1790164226 Card Was Mailed To Me
YSC1790164227 Case Was Approved
YSC1790164228 Card Was Mailed To Me
YSC1790164229 New Card Is Being Produced
YSC1790164230 New Card Is Being Produced
YSC1790164231 Card Was Mailed To Me
YSC1790164232 Case Was Received
YSC1790164233 Case Was Received
YSC1790164234 Case Was Received
YSC1790164235 Card Was Mailed To Me
YSC1790164236 Card Was Mailed To Me
YSC1790164237 Case Was Received
YSC1790164238 Case Was Received
YSC1790164239 Card Was Mailed To Me
YSC1790164240 Case Was Received
YSC1790164241 Case Was Approved
YSC1790164242 Card Was Mailed To Me
YSC1790164243 Card Was Mailed To Me
YSC1790164244 Case Was Approved
YSC1790164245 Case Was Received
YSC1790164246 Case Was Approved
YSC1790164247 Case Was Approved
YSC1790164248 Case Was Approved
YSC1790164249 Card Was Mailed To Me
YSC1790164250 Case Was Received
YSC1790164251 Case Was Received
YSC1790164252 Card Was Mailed To Me
YSC1790164253 Case Was Approved
YSC1790164254 Card Was Mailed To Me
YSC1790164255 Card Was Mailed To Me
YSC1790164256 Card Was Mailed To Me
YSC1790164257 Card Was Mailed To Me
YSC1790164258 Case Was Received
YSC1790164259 Card Was Mailed To Me
YSC1790164260 Case Was Received
YSC1790164261 Case Was Received
YSC1790164262 Card Was Mailed To Me
YSC1790164263 Card Was Mailed To Me
YSC1790164264 Case Was Received
YSC1790164265 Card Was Mailed To Me
YSC1790164266 Card Was Mailed To Me
YSC1790164267 Card Was Mailed To Me
YSC1790164268 Card Was Mailed To Me
YSC1790164269 Card Was Mailed To Me
YSC1790164270 Case Was Approved
YSC1790164271 Card Was Mailed To Me
YSC1790164272 Card Was Mailed To Me
YSC1790164273 New Card Is Being Produced
YSC1790164274 Card Was Mailed To Me
YSC1790164275 Card Was Mailed To Me
YSC1790164276 Card Was Mailed To Me
YSC1790164277 Case Was Received
YSC1790164278 New Card Is Being Produced
YSC1790164279 Card Was Mailed To Me
YSC1790164280 Card Was Mailed To Me
YSC1790164281 New Card Is Being Produced
YSC1790164282 Card Was Mailed To Me
YSC1790164283 New Card Is Being Produced
YSC1790164284 Card Was Mailed To Me
YSC1790164285 Case Was Received
YSC1790164286 Case Was Received
YSC1790164287 Card Was Mailed To Me
YSC1790164288 Case Was Received
YSC1790164289 Card Was Mailed To Me
YSC1790164290 Case Was Received
YSC1790164291 Case Was Received
YSC1790164292 Case Was Received
YSC1790164293 Case Was Received
YSC1790164294 Case Was Received
YSC1790164295 Card Was Mailed To Me
YSC1790164296 Case Was Received
YSC1790164297 Case Was Received
YSC1790164298 Card Was Mailed To Me
YSC1790164299 Card Was Mailed To Me
YSC1790164300 New Card Is Being Produced
YSC1790164301 New Card Is Being Produced
YSC1790164302 Case Was Received
YSC1790164303 Case Was Received
YSC1790164304 Card Was Mailed To Me
YSC1790164305 Case Was Received
YSC1790164306 Case Was Received
YSC1790164307 New Card Is Being Produced
YSC1790164308 Case Was Received
YSC1790164309 New Card Is Being Produced
YSC1790164310 Card Was Mailed To Me
YSC1790164311 Case Was Received
YSC1790164312 Case Was Received
YSC1790164313 Case Was Received
YSC1790164314 Case Was Received
YSC1790164315 Card Was Mailed To Me
YSC1790164316 Case Was Received
YSC1790164317 Case Was Received
YSC1790164318 Case Was Received
YSC1790164319 Case Was Received
YSC1790164320 Case Was Received
YSC1790164321 Case Was Received
YSC1790164322 Case Was Received
YSC1790164323 Case Was Received
YSC1790164324 Case Was Received
YSC1790164325 Case Was Received
YSC1790164326 Case Was Received
YSC1790164327 Card Was Mailed To Me
YSC1790164328 Case Was Approved
YSC1790164329 Card Was Mailed To Me
YSC1790164330 Card Was Mailed To Me
YSC1790164331 Card Was Mailed To Me
YSC1790164332 Case Was Received
YSC1790164333 Case Was Received
YSC1790164334 Card Was Mailed To Me
YSC1790164335 Card Was Mailed To Me
YSC1790164336 Case Was Approved
YSC1790164337 Card Was Mailed To Me
YSC1790164338 Card Was Mailed To Me
YSC1790164339 Card Was Mailed To Me
YSC1790164340 Card Was Mailed To Me
YSC1790164341 Card Was Mailed To Me
YSC1790164342 Case Was Received
YSC1790164343 Case Was Received
YSC1790164344 Case Was Received
YSC1790164345 Card Was Mailed To Me
YSC1790164346 Case Was Received
YSC1790164347 Card Was Mailed To Me
YSC1790164348 Card Was Mailed To Me
YSC1790164349 Card Was Mailed To Me
YSC1790164350 Case Was Received
YSC1790164351 New Card Is Being Produced
YSC1790164352 Card Was Mailed To Me
YSC1790164353 Card Was Mailed To Me
YSC1790164354 Notice Was Returned To USCIS Because The Post Office Could Not Deliver It
YSC1790164355 Card Was Mailed To Me
YSC1790164356 Case Was Received
YSC1790164357 Card Was Mailed To Me
YSC1790164358 Case Was Received
YSC1790164359 Card Was Mailed To Me
YSC1790164360 Card Was Mailed To Me
YSC1790164361 Case Was Received
YSC1790164362 Card Was Mailed To Me
YSC1790164363 Case Was Received
YSC1790164364 Case Was Received
YSC1790164365 Case Was Received
YSC1790164366 Case Was Received
YSC1790164367 New Card Is Being Produced
YSC1790164368 Case Was Received
YSC1790164369 Case Was Received
YSC1790164370 Name Was Updated
YSC1790164371 Card Was Mailed To Me
YSC1790164372 Card Was Mailed To Me
YSC1790164373 Card Was Mailed To Me
YSC1790164374 New Card Is Being Produced
YSC1790164375 Card Was Mailed To Me
YSC1790164376 Case Was Received
YSC1790164377 Card Was Mailed To Me
YSC1790164378 Case Was Received
YSC1790164379 Card Was Mailed To Me
YSC1790164380 Name Was Updated
YSC1790164381 Card Was Mailed To Me
YSC1790164382 New Card Is Being Produced
YSC1790164383 New Card Is Being Produced
YSC1790164384 New Card Is Being Produced
YSC1790164385 New Card Is Being Produced
YSC1790164386 Card Was Mailed To Me
YSC1790164387 Card Was Mailed To Me
YSC1790164388 New Card Is Being Produced
YSC1790164389 New Card Is Being Produced
YSC1790164390 New Card Is Being Produced
YSC1790164391 New Card Is Being Produced
YSC1790164392 Case Was Received
YSC1790164393 Card Was Mailed To Me
YSC1790164394 New Card Is Being Produced
YSC1790164395 Card Was Mailed To Me
YSC1790164396 Card Was Mailed To Me
YSC1790164397 Card Was Mailed To Me
YSC1790164398 Case Was Received
YSC1790164399 Card Was Mailed To Me
YSC1790164400 Case Was Received
YSC1790164401 Card Was Mailed To Me
YSC1790164402 Card Was Mailed To Me
YSC1790164403 Card Was Mailed To Me
YSC1790164404 Card Was Mailed To Me
YSC1790164405 Card Was Mailed To Me
YSC1790164406 Card Was Mailed To Me
YSC1790164407 Card Was Mailed To Me
YSC1790164408 Card Was Mailed To Me
YSC1790164409 New Card Is Being Produced
YSC1790164410 Card Was Mailed To Me
YSC1790164411 New Card Is Being Produced
YSC1790164412 Card Was Mailed To Me
YSC1790164413 Card Was Mailed To Me
YSC1790164414 New Card Is Being Produced
YSC1790164415 New Card Is Being Produced
YSC1790164416 Name Was Updated
YSC1790164417 Card Was Mailed To Me
YSC1790164418 New Card Is Being Produced
YSC1790164419 Card Was Mailed To Me
YSC1790164420 Case Was Received
YSC1790164421 Case Was Received
YSC1790164422 Card Was Mailed To Me
YSC1790164423 Case Was Received
YSC1790164424 Card Was Mailed To Me
YSC1790164425 Card Was Mailed To Me
YSC1790164426 Card Was Mailed To Me
YSC1790164427 Card Was Mailed To Me
YSC1790164428 Case Was Received
YSC1790164429 Card Was Mailed To Me
YSC1790164430 Card Was Mailed To Me
YSC1790164431 New Card Is Being Produced
YSC1790164432 Card Was Mailed To Me
YSC1790164433 Card Was Mailed To Me
YSC1790164434 Card Was Mailed To Me
YSC1790164435 Card Was Mailed To Me
YSC1790164436 Name Was Updated
YSC1790164437 Card Was Mailed To Me
YSC1790164438 Card Was Mailed To Me
YSC1790164439 New Card Is Being Produced
YSC1790164440 New Card Is Being Produced
YSC1790164441 New Card Is Being Produced
YSC1790164442 Card Was Mailed To Me
YSC1790164443 Card Was Mailed To Me
YSC1790164444 New Card Is Being Produced
YSC1790164445 New Card Is Being Produced
YSC1790164446 Card Was Mailed To Me
YSC1790164447 Card Was Mailed To Me
YSC1790164448 Card Was Mailed To Me
YSC1790164449 Case Was Received
YSC1790164450 New Card Is Being Produced
YSC1790164451 Case Was Received
YSC1790164452 New Card Is Being Produced
YSC1790164453 Case Was Received
YSC1790164454 Card Was Mailed To Me
YSC1790164455 Name Was Updated
YSC1790164456 New Card Is Being Produced
YSC1790164457 Case Was Received
YSC1790164458 New Card Is Being Produced
YSC1790164459 Card Was Mailed To Me
YSC1790164460 New Card Is Being Produced
YSC1790164461 Card Was Mailed To Me
YSC1790164462 New Card Is Being Produced
YSC1790164463 Card Was Mailed To Me
YSC1790164464 Card Was Mailed To Me
YSC1790164465 Card Was Mailed To Me
YSC1790164466 Card Was Mailed To Me
YSC1790164467 Case Was Received
YSC1790164468 Card Was Mailed To Me
YSC1790164469 Card Was Mailed To Me
YSC1790164470 New Card Is Being Produced
YSC1790164471 Card Was Mailed To Me
YSC1790164472 Case Was Received
YSC1790164473 Card Was Mailed To Me
YSC1790164474 Card Was Mailed To Me
YSC1790164475 Card Was Mailed To Me
YSC1790164476 Card Was Mailed To Me
YSC1790164477 New Card Is Being Produced
YSC1790164478 Card Was Mailed To Me
YSC1790164479 Card Was Mailed To Me
YSC1790164480 Card Was Mailed To Me
YSC1790164481 Card Was Mailed To Me
YSC1790164482 New Card Is Being Produced
YSC1790164483 New Card Is Being Produced
YSC1790164484 Card Was Mailed To Me
YSC1790164485 Case Was Received
YSC1790164486 Card Was Mailed To Me
YSC1790164487 New Card Is Being Produced
YSC1790164488 Card Was Mailed To Me
YSC1790164489 Card Was Mailed To Me
YSC1790164490 Card Was Mailed To Me
YSC1790164491 Card Was Mailed To Me
YSC1790164492 New Card Is Being Produced
YSC1790164493 Card Was Mailed To Me
YSC1790164494 Card Was Mailed To Me
YSC1790164495 Card Was Mailed To Me
YSC1790164496 Card Was Mailed To Me
YSC1790164497 Card Was Mailed To Me
YSC1790164498 Card Was Mailed To Me
YSC1790164499 Card Was Mailed To Me
YSC1790164500 Case Was Received
