YSC1790163500 Case Was Received
YSC1790163501 Card Was Mailed To Me
YSC1790163502 Card Was Mailed To Me
YSC1790163503 Card Was Mailed To Me
YSC1790163504 Case Was Received
YSC1790163505 Card Was Mailed To Me
YSC1790163506 Card Was Mailed To Me
YSC1790163507 Case Was Received
YSC1790163508 Card Was Mailed To Me
YSC1790163509 Case Was Received
YSC1790163510 Card Was Mailed To Me
YSC1790163511 Card Was Mailed To Me
YSC1790163512 Card Was Mailed To Me
YSC1790163513 Card Was Mailed To Me
YSC1790163514 Card Was Mailed To Me
YSC1790163515 Card Was Mailed To Me
YSC1790163516 Card Was Mailed To Me
YSC1790163517 Card Was Mailed To Me
YSC1790163518 Card Was Mailed To Me
YSC1790163519 Case Was Received
YSC1790163520 Card Was Mailed To Me
YSC1790163521 Case Was Received
YSC1790163522 Card Was Mailed To Me
YSC1790163523 Card Was Mailed To Me
YSC1790163524 Card Was Mailed To Me
YSC1790163525 Response To USCIS' Request For Evidence Was Received
YSC1790163526 Card Was Mailed To Me
YSC1790163527 New Card Is Being Produced
YSC1790163528 Card Was Mailed To Me
YSC1790163529 Case Was Received
YSC1790163530 Case Was Received
YSC1790163531 Card Was Mailed To Me
YSC1790163532 Card Was Mailed To Me
YSC1790163533 Card Was Mailed To Me
YSC1790163534 Card Was Mailed To Me
YSC1790163535 Card Was Mailed To Me
YSC1790163536 New Card Is Being Produced
YSC1790163537 Card Was Mailed To Me
YSC1790163538 Card Was Mailed To Me
YSC1790163539 Case Was Received
YSC1790163540 Card Was Mailed To Me
YSC1790163541 Card Was Mailed To Me
YSC1790163542 Card Was Mailed To Me
YSC1790163543 New Card Is Being Produced
YSC1790163544 Card Was Mailed To Me
YSC1790163545 Card Was Mailed To Me
YSC1790163546 Card Was Mailed To Me
YSC1790163547 Card Was Mailed To Me
YSC1790163548 Case Was Received
YSC1790163549 Card Was Mailed To Me
YSC1790163550 New Card Is Being Produced
YSC1790163551 New Card Is Being Produced
YSC1790163552 Card Was Mailed To Me
YSC1790163553 Card Was Mailed To Me
YSC1790163554 Card Was Mailed To Me
YSC1790163555 New Card Is Being Produced
YSC1790163556 Card Was Mailed To Me
YSC1790163557 Card Was Mailed To Me
YSC1790163558 Card Was Mailed To Me
YSC1790163559 Card Was Mailed To Me
YSC1790163560 New Card Is Being Produced
YSC1790163561 Card Was Mailed To Me
YSC1790163562 Card Was Mailed To Me
YSC1790163563 Case Was Received
YSC1790163564 Case Was Received
YSC1790163565 Card Was Mailed To Me
YSC1790163566 Card Was Mailed To Me
YSC1790163567 Card Was Mailed To Me
YSC1790163568 Case Was Received
YSC1790163569 Card Was Mailed To Me
YSC1790163570 Case Was Received
YSC1790163571 Case Was Received
YSC1790163572 Card Was Mailed To Me
YSC1790163573 Case Was Received
YSC1790163574 Card Was Mailed To Me
YSC1790163575 Card Was Mailed To Me
YSC1790163576 Card Was Mailed To Me
YSC1790163577 Card Was Mailed To Me
YSC1790163578 Card Was Mailed To Me
YSC1790163579 Card Was Mailed To Me
YSC1790163580 Card Was Mailed To Me
YSC1790163581 Card Was Mailed To Me
YSC1790163582 Card Was Mailed To Me
YSC1790163583 Case Was Received
YSC1790163584 New Card Is Being Produced
YSC1790163585 Card Was Mailed To Me
YSC1790163586 Card Was Mailed To Me
YSC1790163587 Case Was Received
YSC1790163588 New Card Is Being Produced
YSC1790163589 Card Was Mailed To Me
YSC1790163590 Card Was Mailed To Me
YSC1790163591 Case Was Received
YSC1790163592 Card Was Mailed To Me
YSC1790163593 Card Was Mailed To Me
YSC1790163594 Card Was Mailed To Me
YSC1790163595 Card Was Mailed To Me
YSC1790163596 Case Was Received
YSC1790163597 Case Was Approved
YSC1790163598 Card Was Mailed To Me
YSC1790163599 Card Was Mailed To Me
YSC1790163600 New Card Is Being Produced
YSC1790163601 Card Was Mailed To Me
YSC1790163602 Card Was Mailed To Me
YSC1790163603 Case Was Received
YSC1790163604 Card Was Mailed To Me
YSC1790163605 Card Was Mailed To Me
YSC1790163606 Card Was Mailed To Me
YSC1790163607 Card Was Mailed To Me
YSC1790163608 Card Was Mailed To Me
YSC1790163609 Card Was Mailed To Me
YSC1790163610 New Card Is Being Produced
YSC1790163611 Card Was Mailed To Me
YSC1790163612 New Card Is Being Produced
YSC1790163613 Case Was Received
YSC1790163614 Card Was Mailed To Me
YSC1790163615 New Card Is Being Produced
YSC1790163616 Card Was Mailed To Me
YSC1790163617 Card Was Mailed To Me
YSC1790163618 Case Was Received
YSC1790163619 Case Was Received
YSC1790163620 Case Was Received
YSC1790163621 Case Was Received
YSC1790163622 Case Was Received
YSC1790163623 Case Was Received
YSC1790163624 Case Was Received
YSC1790163625 Case Was Received
YSC1790163626 Case Was Received
YSC1790163627 Card Was Mailed To Me
YSC1790163628 Card Was Mailed To Me
YSC1790163629 Card Was Mailed To Me
YSC1790163630 New Card Is Being Produced
YSC1790163631 Card Was Mailed To Me
YSC1790163632 Case Was Received
YSC1790163633 Case Was Received
YSC1790163634 Case Was Received
YSC1790163635 Case Was Received
YSC1790163636 Case Was Received
YSC1790163637 Case Was Received
YSC1790163638 Card Was Mailed To Me
YSC1790163639 Card Was Mailed To Me
YSC1790163640 New Card Is Being Produced
YSC1790163641 New Card Is Being Produced
YSC1790163642 Case Was Received
YSC1790163643 New Card Is Being Produced
YSC1790163644 Case Was Received
YSC1790163645 Card Was Mailed To Me
YSC1790163646 Card Was Mailed To Me
YSC1790163647 Case Was Received
YSC1790163648 Case Was Received
YSC1790163649 New Card Is Being Produced
YSC1790163650 Card Was Mailed To Me
YSC1790163651 Card Was Mailed To Me
YSC1790163652 Case Was Received
YSC1790163653 Case Was Received
YSC1790163654 Card Was Mailed To Me
YSC1790163655 Card Was Mailed To Me
YSC1790163656 Case Was Received
YSC1790163657 Case Was Received
YSC1790163658 Card Was Mailed To Me
YSC1790163659 Case Was Received
YSC1790163660 New Card Is Being Produced
YSC1790163661 New Card Is Being Produced
YSC1790163662 Card Was Mailed To Me
YSC1790163663 New Card Is Being Produced
YSC1790163664 Card Was Mailed To Me
YSC1790163665 Case Was Received
YSC1790163666 Case Was Received
YSC1790163667 Case Was Received
YSC1790163668 Notice Was Returned To USCIS Because The Post Office Could Not Deliver It
YSC1790163669 Case Was Received
YSC1790163670 Case Was Received
YSC1790163671 Card Was Mailed To Me
YSC1790163672 Card Was Mailed To Me
YSC1790163673 Card Was Mailed To Me
YSC1790163674 Case Was Received
YSC1790163675 Card Was Mailed To Me
YSC1790163676 Card Was Mailed To Me
YSC1790163677 Card Was Mailed To Me
YSC1790163678 Card Was Mailed To Me
YSC1790163679 Card Was Mailed To Me
YSC1790163680 Card Was Mailed To Me
YSC1790163681 Case Was Received
YSC1790163682 Card Was Mailed To Me
YSC1790163683 Case Was Received
YSC1790163684 Card Was Mailed To Me
YSC1790163685 Case Was Received
YSC1790163686 Card Was Mailed To Me
YSC1790163687 Case Was Received
YSC1790163688 Card Was Mailed To Me
YSC1790163689 Card Was Mailed To Me
YSC1790163690 Card Was Mailed To Me
YSC1790163691 Card Was Mailed To Me
YSC1790163692 Card Was Mailed To Me
YSC1790163693 Card Was Mailed To Me
YSC1790163694 Card Was Mailed To Me
YSC1790163695 Card Was Mailed To Me
YSC1790163696 Card Was Mailed To Me
YSC1790163697 Card Was Mailed To Me
YSC1790163698 Card Was Mailed To Me
YSC1790163699 Case Was Received
YSC1790163700 Card Was Mailed To Me
YSC1790163701 Card Was Mailed To Me
YSC1790163702 Card Was Mailed To Me
YSC1790163703 Case Was Received
YSC1790163704 Case Was Received
YSC1790163705 New Card Is Being Produced
YSC1790163706 Card Was Mailed To Me
YSC1790163707 Card Was Mailed To Me
YSC1790163708 Case Was Received
YSC1790163709 Card Was Mailed To Me
YSC1790163710 Case Was Received
YSC1790163711 New Card Is Being Produced
YSC1790163712 Case Was Received
YSC1790163713 Card Was Mailed To Me
YSC1790163714 Card Was Mailed To Me
YSC1790163715 Card Was Mailed To Me
YSC1790163716 Case Was Received
YSC1790163717 Card Was Mailed To Me
YSC1790163718 Case Was Received
YSC1790163719 New Card Is Being Produced
YSC1790163720 Card Was Mailed To Me
YSC1790163721 Case Was Received
YSC1790163722 Case Was Received
YSC1790163723 Case Was Received
YSC1790163724 Case Was Received
YSC1790163725 Case Was Received
YSC1790163726 New Card Is Being Produced
YSC1790163727 New Card Is Being Produced
YSC1790163728 Card Was Mailed To Me
YSC1790163729 Name Was Updated
YSC1790163730 Card Was Mailed To Me
YSC1790163731 Case Was Received
YSC1790163732 Card Was Mailed To Me
YSC1790163733 Case Was Received
YSC1790163734 Card Was Mailed To Me
YSC1790163735 Case Was Received
YSC1790163736 New Card Is Being Produced
YSC1790163737 Case Was Received
YSC1790163738 Case Was Received
YSC1790163739 Card Was Mailed To Me
YSC1790163740 Card Was Mailed To Me
YSC1790163741 New Card Is Being Produced
YSC1790163742 Card Was Mailed To Me
YSC1790163743 Case Was Received
YSC1790163744 Case Was Received
YSC1790163745 Case Was Received
YSC1790163746 Case Was Received
YSC1790163747 Card Was Mailed To Me
YSC1790163748 Card Was Mailed To Me
YSC1790163749 Case Was Received
YSC1790163750 Card Was Mailed To Me
YSC1790163751 Card Was Mailed To Me
YSC1790163752 Card Was Mailed To Me
YSC1790163753 Card Was Mailed To Me
YSC1790163754 Card Was Mailed To Me
YSC1790163755 Case Was Received
YSC1790163756 Case Was Received
YSC1790163757 New Card Is Being Produced
YSC1790163758 New Card Is Being Produced
YSC1790163759 Case Was Received
YSC1790163760 Card Was Mailed To Me
YSC1790163761 Card Was Mailed To Me
YSC1790163762 Card Was Mailed To Me
YSC1790163763 Card Was Mailed To Me
YSC1790163764 Case Was Received
YSC1790163765 Card Was Mailed To Me
YSC1790163766 Case Was Received
YSC1790163767 Card Was Mailed To Me
YSC1790163768 Card Was Mailed To Me
YSC1790163769 Card Was Mailed To Me
YSC1790163770 Card Was Mailed To Me
YSC1790163771 New Card Is Being Produced
YSC1790163772 Case Was Received
YSC1790163773 Card Was Mailed To Me
YSC1790163774 New Card Is Being Produced
YSC1790163775 New Card Is Being Produced
YSC1790163776 Case Was Received
YSC1790163777 Card Was Mailed To Me
YSC1790163778 Case Was Received
YSC1790163779 Case Was Received
YSC1790163780 Case Was Received
YSC1790163781 Card Was Mailed To Me
YSC1790163782 Card Was Mailed To Me
YSC1790163783 Case Was Received
YSC1790163784 Card Was Mailed To Me
YSC1790163785 Card Was Mailed To Me
YSC1790163786 Case Was Received
YSC1790163787 Card Was Mailed To Me
YSC1790163788 Card Was Mailed To Me
YSC1790163789 Case Was Received
YSC1790163790 Case Was Received
YSC1790163791 New Card Is Being Produced
YSC1790163792 Request for Initial Evidence Was Mailed
YSC1790163793 Case Was Received
YSC1790163794 Case Was Received
YSC1790163795 Card Was Mailed To Me
YSC1790163796 Card Was Mailed To Me
YSC1790163797 Case Was Approved
YSC1790163798 Card Was Mailed To Me
YSC1790163799 Case Was Approved
YSC1790163800 Card Was Mailed To Me
YSC1790163801 Card Was Mailed To Me
YSC1790163802 Card Was Mailed To Me
YSC1790163803 Case Was Approved
YSC1790163804 Card Was Mailed To Me
YSC1790163805 Card Was Mailed To Me
YSC1790163806 Card Was Mailed To Me
YSC1790163807 Card Was Mailed To Me
YSC1790163808 Case Was Received
YSC1790163809 Correspondence Was Received And USCIS Is Reviewing It
YSC1790163810 Card Was Mailed To Me
YSC1790163811 Card Was Mailed To Me
YSC1790163812 Case Was Received
YSC1790163813 Case Was Received
YSC1790163814 Case Was Received
YSC1790163815 Case Was Received
YSC1790163816 Case Was Received
YSC1790163817 Case Was Received
YSC1790163818 Card Was Mailed To Me
YSC1790163819 Card Was Mailed To Me
YSC1790163820 New Card Is Being Produced
YSC1790163821 New Card Is Being Produced
YSC1790163822 Card Was Mailed To Me
YSC1790163823 Case Was Received
YSC1790163824 Card Was Mailed To Me
YSC1790163825 New Card Is Being Produced
YSC1790163826 Case Was Received
YSC1790163827 Case Was Received
YSC1790163828 Case Was Received
YSC1790163829 Card Was Mailed To Me
YSC1790163830 Case Was Received
YSC1790163831 New Card Is Being Produced
YSC1790163832 Case Was Received
YSC1790163833 Card Was Mailed To Me
YSC1790163834 Card Was Mailed To Me
YSC1790163835 Card Was Mailed To Me
YSC1790163836 Card Was Mailed To Me
YSC1790163837 Card Was Mailed To Me
YSC1790163838 New Card Is Being Produced
YSC1790163839 Card Was Mailed To Me
YSC1790163840 Card Was Mailed To Me
YSC1790163841 Case Was Received
YSC1790163842 Case Was Received
YSC1790163843 Case Was Received
YSC1790163844 Case Was Received
YSC1790163845 Case Was Received
YSC1790163846 Card Was Mailed To Me
YSC1790163847 Card Was Mailed To Me
YSC1790163848 New Card Is Being Produced
YSC1790163849 Case Was Received
YSC1790163850 New Card Is Being Produced
YSC1790163851 Card Was Mailed To Me
YSC1790163852 Card Was Mailed To Me
YSC1790163853 Case Was Received
YSC1790163854 Case Was Received
YSC1790163855 Card Was Mailed To Me
YSC1790163856 New Card Is Being Produced
YSC1790163857 Card Was Mailed To Me
YSC1790163858 Card Was Mailed To Me
YSC1790163859 New Card Is Being Produced
YSC1790163860 Case Was Received
YSC1790163861 Card Was Mailed To Me
YSC1790163862 Case Was Received
YSC1790163863 New Card Is Being Produced
YSC1790163864 Card Was Mailed To Me
YSC1790163865 Card Was Mailed To Me
YSC1790163866 Case Was Received
YSC1790163867 Card Was Mailed To Me
YSC1790163868 Card Was Mailed To Me
YSC1790163869 Card Was Mailed To Me
YSC1790163870 Card Was Mailed To Me
YSC1790163871 Card Was Mailed To Me
YSC1790163872 Card Was Mailed To Me
YSC1790163873 Card Was Mailed To Me
YSC1790163874 Case Was Received
YSC1790163875 Card Was Mailed To Me
YSC1790163876 Card Was Mailed To Me
YSC1790163877 Card Was Mailed To Me
YSC1790163878 Card Was Mailed To Me
YSC1790163879 Card Was Mailed To Me
YSC1790163880 Card Was Mailed To Me
YSC1790163881 Card Was Mailed To Me
YSC1790163882 Card Was Mailed To Me
YSC1790163883 Case Was Received
YSC1790163884 Card Was Mailed To Me
YSC1790163885 Card Was Mailed To Me
YSC1790163886 Case Was Received
YSC1790163887 Case Rejected Because I Sent An Incorrect Fee
YSC1790163888 Case Rejected Because The Version Of The Form I Sent Is No Longer Accepted
YSC1790163889 Case Rejected Because The Version Of The Form I Sent Is No Longer Accepted
YSC1790163890 Card Was Mailed To Me
YSC1790163891 Card Was Mailed To Me
YSC1790163892 New Card Is Being Produced
YSC1790163893 Card Was Mailed To Me
YSC1790163894 Case Was Received
YSC1790163895 Case Was Received
YSC1790163896 New Card Is Being Produced
YSC1790163897 Card Was Mailed To Me
YSC1790163898 New Card Is Being Produced
YSC1790163899 Case Was Received
YSC1790163900 New Card Is Being Produced
YSC1790163901 New Card Is Being Produced
YSC1790163902 Case Was Received
YSC1790163903 Case Was Received
YSC1790163904 Card Was Mailed To Me
YSC1790163905 Case Was Received
YSC1790163906 Card Was Mailed To Me
YSC1790163907 Card Was Mailed To Me
YSC1790163908 Card Was Mailed To Me
YSC1790163909 Card Was Mailed To Me
YSC1790163910 Card Was Mailed To Me
YSC1790163911 New Card Is Being Produced
YSC1790163912 Notice Was Returned To USCIS Because The Post Office Could Not Deliver It
YSC1790163913 Case Was Received
YSC1790163914 Case Was Received
YSC1790163915 Case Was Rejected Because I Did Not Sign My Form
YSC1790163916 Card Was Mailed To Me
YSC1790163917 Card Was Mailed To Me
YSC1790163918 New Card Is Being Produced
YSC1790163919 Case Was Received
YSC1790163920 Case Was Received
YSC1790163921 Name Was Updated
YSC1790163922 Card Was Mailed To Me
YSC1790163923 Card Was Mailed To Me
YSC1790163924 Request for Initial Evidence Was Mailed
YSC1790163925 Card Was Mailed To Me
YSC1790163926 Case Was Received
YSC1790163927 Card Was Mailed To Me
YSC1790163928 New Card Is Being Produced
YSC1790163929 Card Was Mailed To Me
YSC1790163930 New Card Is Being Produced
YSC1790163931 Case Was Received
YSC1790163932 Card Was Mailed To Me
YSC1790163933 Card Was Mailed To Me
YSC1790163934 Request for Initial Evidence Was Mailed
YSC1790163935 Card Was Mailed To Me
YSC1790163936 Card Was Mailed To Me
YSC1790163937 Card Was Mailed To Me
YSC1790163938 Card Was Mailed To Me
YSC1790163939 Card Was Mailed To Me
YSC1790163940 Card Was Mailed To Me
YSC1790163941 Case Was Received
YSC1790163942 Card Was Mailed To Me
YSC1790163943 Card Was Mailed To Me
YSC1790163944 Card Was Mailed To Me
YSC1790163945 Case Was Approved
YSC1790163946 Case Was Received
YSC1790163947 Card Was Mailed To Me
YSC1790163948 Case Was Received
YSC1790163949 Case Was Received
YSC1790163950 Case Was Received
YSC1790163951 Case Was Received
YSC1790163952 Case Was Received
YSC1790163953 Case Was Received
YSC1790163954 Case Was Received
YSC1790163955 Case Was Received
YSC1790163956 Case Was Received
YSC1790163957 Case Was Received
YSC1790163958 Case Was Received
YSC1790163959 Case Was Received
YSC1790163960 Case Was Received
YSC1790163961 Case Was Received
YSC1790163962 Case Was Received
YSC1790163963 Case Was Received
YSC1790163964 Case Was Received
YSC1790163965 Case Was Received
YSC1790163966 Case Was Received
YSC1790163967 Card Was Mailed To Me
YSC1790163968 Case Was Received
YSC1790163969 Case Was Received
YSC1790163970 Case Was Received
YSC1790163971 Card Was Mailed To Me
YSC1790163972 Card Was Mailed To Me
YSC1790163973 Case Was Approved
YSC1790163974 Case Was Received
YSC1790163975 Card Was Mailed To Me
YSC1790163976 Card Was Mailed To Me
YSC1790163977 Card Was Mailed To Me
YSC1790163978 Case Was Received
YSC1790163979 Case Was Received
YSC1790163980 Case Was Approved
YSC1790163981 Card Was Mailed To Me
YSC1790163982 Card Was Mailed To Me
YSC1790163983 Card Was Mailed To Me
YSC1790163984 Case Was Received
YSC1790163985 Card Was Mailed To Me
YSC1790163986 Case Was Received
YSC1790163987 Card Was Mailed To Me
YSC1790163988 Card Was Mailed To Me
YSC1790163989 Card Was Mailed To Me
YSC1790163990 Request for Initial Evidence Was Mailed
YSC1790163991 Card Was Mailed To Me
YSC1790163992 Case Rejected Because I Sent An Incorrect Fee
YSC1790163993 Case Rejected Because I Sent An Incorrect Fee
YSC1790163994 Case Was Rejected Because I Did Not Sign My Form
YSC1790163995 Case Was Received
YSC1790163996 Case Was Received
YSC1790163997 Case Was Received
YSC1790163998 Case Was Received
YSC1790163999 Case Was Received
YSC1790164000 Case Was Received
