YSC1790176000 Case Was Received
YSC1790176001 Case Was Received
YSC1790176002 Card Was Mailed To Me
YSC1790176003 Notice Was Returned To USCIS Because The Post Office Could Not Deliver It
YSC1790176004 Case Was Received
YSC1790176005 Case Was Received
YSC1790176006 Case Was Received
YSC1790176007 Case Was Received
YSC1790176008 Case Was Received
YSC1790176009 Case Was Received
YSC1790176010 Case Was Received
YSC1790176011 Case Was Received
YSC1790176012 Case Was Received
YSC1790176013 Case Was Received
YSC1790176014 Case Was Received
YSC1790176015 Case Was Received
YSC1790176016 Case Was Received
YSC1790176017 Notice Was Returned To USCIS Because The Post Office Could Not Deliver It
YSC1790176018 Case Was Received
YSC1790176019 Case Was Received
YSC1790176020 Case Was Received
YSC1790176021 Case Was Received
YSC1790176022 Case Was Received
YSC1790176023 Case Was Received
YSC1790176024 Case Was Received
YSC1790176025 Case Was Received
YSC1790176026 Case Was Received
YSC1790176027 Case Was Received
YSC1790176028 Case Was Received
YSC1790176029 Notice Was Returned To USCIS Because The Post Office Could Not Deliver It
YSC1790176030 Case Was Received
YSC1790176031 Case Was Received
YSC1790176032 Case Was Received
YSC1790176033 Case Was Received
YSC1790176034 Case Was Received
YSC1790176035 Case Was Received
YSC1790176036 Case Was Received
YSC1790176037 Case Was Received
YSC1790176038 New Card Is Being Produced
YSC1790176039 Case Was Received
YSC1790176040 New Card Is Being Produced
YSC1790176041 Case Was Received
YSC1790176042 Case Was Received
YSC1790176043 Case Was Received
YSC1790176044 Case Was Received
YSC1790176045 New Card Is Being Produced
YSC1790176046 Case Was Received
YSC1790176047 Case Was Received
YSC1790176048 Case Was Received
YSC1790176049 Case Was Received
YSC1790176050 Case Was Received
YSC1790176051 Case Was Received
YSC1790176052 Case Was Received
YSC1790176053 Case Was Received
YSC1790176054 Case Was Received
YSC1790176055 Case Was Received
YSC1790176056 Case Was Received
YSC1790176057 Notice Was Returned To USCIS Because The Post Office Could Not Deliver It
YSC1790176058 Case Was Received
YSC1790176059 Case Was Received
YSC1790176060 Case Was Received
YSC1790176061 Case Was Received
YSC1790176062 Case Was Received
YSC1790176063 Case Was Received
YSC1790176064 Case Was Received
YSC1790176065 Case Was Received
YSC1790176066 Case Was Received
YSC1790176067 Case Was Received
YSC1790176068 Case Was Received
YSC1790176069 Case Was Received
YSC1790176070 Notice Was Returned To USCIS Because The Post Office Could Not Deliver It
YSC1790176071 Case Was Received
YSC1790176072 Case Was Received
YSC1790176073 Case Was Received
YSC1790176074 Case Was Received
YSC1790176075 Case Was Received
YSC1790176076 Case Was Received
YSC1790176077 Case Was Received
YSC1790176078 Case Was Received
YSC1790176079 Case Was Received
YSC1790176080 Case Was Received
YSC1790176081 Case Was Received
YSC1790176082 Case Was Received
YSC1790176083 Case Was Received
YSC1790176084 Notice Was Returned To USCIS Because The Post Office Could Not Deliver It
YSC1790176085 Case Was Received
YSC1790176086 Case Was Received
YSC1790176087 Case Was Received
YSC1790176088 Case Was Received
YSC1790176089 Case Was Received
YSC1790176090 Case Was Received
YSC1790176091 Case Was Received
YSC1790176092 Case Was Received
YSC1790176093 Case Was Received
YSC1790176094 Case Was Received
YSC1790176095 Case Was Received
YSC1790176096 Case Was Received
YSC1790176097 Case Was Received
YSC1790176098 Case Was Received
YSC1790176099 Notice Was Returned To USCIS Because The Post Office Could Not Deliver It
YSC1790176100 Case Was Received
YSC1790176101 Case Was Received
YSC1790176102 Case Was Received
YSC1790176103 Case Was Received
YSC1790176104 Case Was Received
YSC1790176105 Case Was Received
YSC1790176106 Case Was Received
YSC1790176107 Case Was Received
YSC1790176108 Case Was Received
YSC1790176109 Case Was Received
YSC1790176110 Case Was Received
YSC1790176111 Case Was Received
YSC1790176112 Case Was Received
YSC1790176113 Case Was Received
YSC1790176114 New Card Is Being Produced
YSC1790176115 Case Was Received
YSC1790176116 Case Was Received
YSC1790176117 Case Was Received
YSC1790176118 Case Was Received
YSC1790176119 Case Was Received
YSC1790176120 Case Was Received
YSC1790176121 Case Was Received
YSC1790176122 Case Was Received
YSC1790176123 Case Was Received
YSC1790176124 Case Was Received
YSC1790176125 Case Was Received
YSC1790176126 Case Was Received
YSC1790176127 Case Was Received
YSC1790176128 Case Was Received
YSC1790176129 Name Was Updated
YSC1790176130 Notice Was Returned To USCIS Because The Post Office Could Not Deliver It
YSC1790176131 Case Was Received
YSC1790176132 Case Was Received
YSC1790176133 Case Was Received
YSC1790176134 Case Was Received
YSC1790176135 Case Was Received
YSC1790176136 Case Was Received
YSC1790176137 Case Was Received
YSC1790176138 Case Was Received
YSC1790176139 Case Was Received
YSC1790176140 Case Was Received
YSC1790176141 Case Was Received
YSC1790176142 Case Was Received
YSC1790176143 Case Was Received
YSC1790176144 Case Was Received
YSC1790176145 Case Was Received
YSC1790176146 Case Was Received
YSC1790176147 Notice Was Returned To USCIS Because The Post Office Could Not Deliver It
YSC1790176148 Case Was Received
YSC1790176149 Case Was Received
YSC1790176150 Case Was Received
YSC1790176151 Case Was Received
YSC1790176152 Case Was Received
YSC1790176153 Case Was Received
YSC1790176154 Case Was Received
YSC1790176155 Case Was Received
YSC1790176156 Case Was Received
YSC1790176157 Case Was Received
YSC1790176158 Case Was Received
YSC1790176159 Case Was Received
YSC1790176160 Case Was Received
YSC1790176161 Case Was Received
YSC1790176162 Name Was Updated
YSC1790176163 Case Was Received
YSC1790176164 Case Was Received
YSC1790176165 Case Was Received
YSC1790176166 Case Was Received
YSC1790176167 Notice Was Returned To USCIS Because The Post Office Could Not Deliver It
YSC1790176168 Case Was Received
YSC1790176169 Case Was Received
YSC1790176170 Case Was Received
YSC1790176171 Case Was Received
YSC1790176172 Case Was Received
YSC1790176173 Case Was Received
YSC1790176174 Case Was Received
YSC1790176175 Case Was Received
YSC1790176176 Case Was Received
YSC1790176177 Notice Was Returned To USCIS Because The Post Office Could Not Deliver It
YSC1790176178 Case Was Received
YSC1790176179 Name Was Updated
YSC1790176180 Case Was Received
YSC1790176181 Case Was Received
YSC1790176182 Case Was Received
YSC1790176183 Case Was Received
YSC1790176184 Case Was Received
YSC1790176185 Case Was Received
YSC1790176186 Case Was Received
YSC1790176187 Case Was Received
YSC1790176188 Case Was Received
YSC1790176189 Case Was Received
YSC1790176190 Case Was Received
YSC1790176191 Case Was Received
YSC1790176192 Case Was Received
YSC1790176193 Case Was Received
YSC1790176194 Case Was Received
YSC1790176195 Notice Was Returned To USCIS Because The Post Office Could Not Deliver It
YSC1790176196 Case Was Received
YSC1790176197 Case Was Received
YSC1790176198 Case Was Received
YSC1790176199 Case Was Received
YSC1790176200 Case Was Received
YSC1790176201 Case Was Received
YSC1790176202 Case Was Received
YSC1790176203 Case Was Received
YSC1790176204 Case Was Received
YSC1790176205 Case Was Received
YSC1790176206 Case Was Received
YSC1790176207 Case Was Received
YSC1790176208 Case Was Received
YSC1790176209 Case Was Received
YSC1790176210 Case Was Received
YSC1790176211 Case Was Received
YSC1790176212 Case Was Received
YSC1790176213 Case Was Received
YSC1790176214 Case Was Received
YSC1790176215 Card Was Mailed To Me
YSC1790176216 Case Was Received
YSC1790176217 Case Was Received
YSC1790176218 Notice Was Returned To USCIS Because The Post Office Could Not Deliver It
YSC1790176219 Name Was Updated
YSC1790176220 Case Was Received
YSC1790176221 Case Was Received
YSC1790176222 Case Was Received
YSC1790176223 Case Was Received
YSC1790176224 Case Was Received
YSC1790176225 Case Was Received
YSC1790176226 Case Was Received
YSC1790176227 Case Was Received
YSC1790176228 Case Was Received
YSC1790176229 Case Was Received
YSC1790176230 Case Was Received
YSC1790176231 Case Was Received
YSC1790176232 Case Was Received
YSC1790176233 Case Was Received
YSC1790176234 Case Was Received
YSC1790176235 Case Was Received
YSC1790176236 Case Was Received
YSC1790176237 Case Was Received
YSC1790176238 Case Was Received
YSC1790176239 Case Was Received
YSC1790176240 Case Was Received
YSC1790176241 Case Was Received
YSC1790176242 Case Was Received
YSC1790176243 Case Was Received
YSC1790176244 Case Was Received
YSC1790176245 Case Was Received
YSC1790176246 Case Was Received
YSC1790176247 Case Was Received
YSC1790176248 Case Was Received
YSC1790176249 Notice Was Returned To USCIS Because The Post Office Could Not Deliver It
YSC1790176250 Case Was Received
YSC1790176251 Case Was Received
YSC1790176252 Case Was Received
YSC1790176253 Case Was Received
YSC1790176254 Case Was Received
YSC1790176255 Case Was Received
YSC1790176256 Case Was Received
YSC1790176257 Case Was Received
YSC1790176258 Name Was Updated
YSC1790176259 Case Was Received
YSC1790176260 Case Was Received
YSC1790176261 Case Was Received
YSC1790176262 Case Was Received
YSC1790176263 Case Was Received
YSC1790176264 Case Was Received
YSC1790176265 Case Was Received
YSC1790176266 Case Was Received
YSC1790176267 Case Was Received
YSC1790176268 Case Was Received
YSC1790176269 Case Was Received
YSC1790176270 Case Was Received
YSC1790176271 Case Was Received
YSC1790176272 Case Was Received
YSC1790176273 Case Was Received
YSC1790176274 Case Was Received
YSC1790176275 Case Was Received
YSC1790176276 Case Was Received
YSC1790176277 Case Was Received
YSC1790176278 Case Was Received
YSC1790176279 Case Was Received
YSC1790176280 Case Was Received
YSC1790176281 Case Was Received
YSC1790176282 Notice Was Returned To USCIS Because The Post Office Could Not Deliver It
YSC1790176283 Case Was Received
YSC1790176284 Case Was Received
YSC1790176285 Case Was Received
YSC1790176286 Case Was Received
YSC1790176287 Case Was Received
YSC1790176288 Case Was Received
YSC1790176289 Notice Was Returned To USCIS Because The Post Office Could Not Deliver It
YSC1790176290 Decision Notice Mailed
YSC1790176291 Case Was Received
YSC1790176292 Case Was Received
YSC1790176293 New Card Is Being Produced
YSC1790176294 Case Was Received
YSC1790176295 Card Was Mailed To Me
YSC1790176296 Card Was Mailed To Me
YSC1790176297 Card Was Mailed To Me
YSC1790176298 Card Was Mailed To Me
YSC1790176299 Case Was Received
YSC1790176300 Case Was Received
YSC1790176301 Case Was Received
YSC1790176302 Case Was Received
YSC1790176303 Case Was Received
YSC1790176304 Case Was Received
YSC1790176305 Case Was Received
YSC1790176306 Case Was Received
YSC1790176307 Case Was Received
YSC1790176308 Case Was Received
YSC1790176309 Case Was Received
YSC1790176310 Case Was Received
YSC1790176311 Case Was Received
YSC1790176312 Case Was Received
YSC1790176313 Case Was Received
YSC1790176314 Case Was Received
YSC1790176315 Case Was Received
YSC1790176316 Case Was Received
YSC1790176317 Case Was Received
YSC1790176318 Case Was Received
YSC1790176319 Case Was Received
YSC1790176320 Case Was Received
YSC1790176321 Name Was Updated
YSC1790176322 Case Was Received
YSC1790176323 Card Was Mailed To Me
YSC1790176324 Notice Was Returned To USCIS Because The Post Office Could Not Deliver It
YSC1790176325 Case Was Received
YSC1790176326 Case Was Received
YSC1790176327 Case Was Received
YSC1790176328 Case Was Received
YSC1790176329 Case Was Received
YSC1790176330 Case Was Received
YSC1790176331 Case Was Received
YSC1790176332 Case Was Received
YSC1790176333 Case Was Received
YSC1790176334 Case Was Received
YSC1790176335 Case Was Received
YSC1790176336 Case Was Received
YSC1790176337 Case Was Received
YSC1790176338 Case Was Received
YSC1790176339 Case Was Received
YSC1790176340 Case Was Received
YSC1790176341 Case Was Received
YSC1790176342 Case Was Received
YSC1790176343 Case Was Received
YSC1790176344 Case Was Received
YSC1790176345 Case Was Received
YSC1790176346 Case Was Received
YSC1790176347 Case Was Received
YSC1790176348 Case Was Received
YSC1790176349 Case Was Received
YSC1790176350 Case Was Received
YSC1790176351 Case Was Received
YSC1790176352 Case Was Received
YSC1790176353 Case Was Received
YSC1790176354 Case Was Received
YSC1790176355 Case Was Received
YSC1790176356 Case Was Received
YSC1790176357 Case Was Received
YSC1790176358 Card Was Mailed To Me
YSC1790176359 Case Was Received
YSC1790176360 Case Was Received
YSC1790176361 Case Was Received
YSC1790176362 Case Was Received
YSC1790176363 Case Was Received
YSC1790176364 Case Was Received
YSC1790176365 Case Was Received
YSC1790176366 New Card Is Being Produced
YSC1790176367 Case Was Received
YSC1790176368 Case Was Received
YSC1790176369 Case Was Received
YSC1790176370 Case Was Received
YSC1790176371 Case Was Received
YSC1790176372 Case Was Received
YSC1790176373 Case Was Received
YSC1790176374 Case Was Received
YSC1790176375 Case Was Received
YSC1790176376 Case Was Received
YSC1790176377 Case Was Received
YSC1790176378 Case Was Received
YSC1790176379 Case Was Received
YSC1790176380 Case Was Received
YSC1790176381 Case Was Received
YSC1790176382 Case Was Received
YSC1790176383 Case Was Received
YSC1790176384 New Card Is Being Produced
YSC1790176385 Case Was Received
YSC1790176386 Case Was Received
YSC1790176387 Case Was Received
YSC1790176388 Case Was Received
YSC1790176389 Case Was Received
YSC1790176390 Case Was Received
YSC1790176391 Case Was Received
YSC1790176392 Case Was Received
YSC1790176393 Case Was Received
YSC1790176394 Case Was Received
YSC1790176395 Case Was Received
YSC1790176396 Notice Was Returned To USCIS Because The Post Office Could Not Deliver It
YSC1790176397 Case Was Received
YSC1790176398 Case Was Received
YSC1790176399 Case Was Received
YSC1790176400 Case Was Received
YSC1790176401 Case Was Received
YSC1790176402 Name Was Updated
YSC1790176403 Case Was Received
YSC1790176404 Case Was Received
YSC1790176405 Case Was Received
YSC1790176406 Case Was Received
YSC1790176407 Case Was Received
YSC1790176408 Case Was Received
YSC1790176409 Case Was Received
YSC1790176410 Case Was Received
YSC1790176411 Case Was Received
YSC1790176412 Case Was Received
YSC1790176413 Case Was Received
YSC1790176414 Case Was Received
YSC1790176415 Case Was Received
YSC1790176416 Case Was Received
YSC1790176417 Case Was Received
YSC1790176418 Case Was Received
YSC1790176419 Case Was Received
YSC1790176420 Case Was Received
YSC1790176421 New Card Is Being Produced
YSC1790176422 New Card Is Being Produced
YSC1790176423 Case Was Received
YSC1790176424 Case Was Received
YSC1790176425 Case Was Received
YSC1790176426 Case Was Received
YSC1790176427 Case Was Received
YSC1790176428 Case Was Received
YSC1790176429 Case Was Received
YSC1790176430 Case Was Received
YSC1790176431 Case Was Received
YSC1790176432 Case Was Received
YSC1790176433 Case Was Received
YSC1790176434 Case Was Received
YSC1790176435 New Card Is Being Produced
YSC1790176436 Case Was Received
YSC1790176437 Case Was Received
YSC1790176438 Case Was Received
YSC1790176439 Case Was Received
YSC1790176440 Case Was Received
YSC1790176441 Case Was Received
YSC1790176442 Case Was Received
YSC1790176443 Case Was Received
YSC1790176444 Date of Birth Was Updated
YSC1790176445 Case Was Received
YSC1790176446 Case Was Received
YSC1790176447 New Card Is Being Produced
YSC1790176448 Case Was Received
YSC1790176449 Case Was Received
YSC1790176450 Case Was Received
YSC1790176451 Case Was Received
YSC1790176452 Case Was Received
YSC1790176453 Case Was Received
YSC1790176454 Case Was Received
YSC1790176455 Case Was Received
YSC1790176456 Case Was Received
YSC1790176457 Case Was Received
YSC1790176458 Case Was Received
YSC1790176459 Case Was Received
YSC1790176460 Case Was Received
YSC1790176461 Notice Was Returned To USCIS Because The Post Office Could Not Deliver It
YSC1790176462 Case Was Received
YSC1790176463 Case Was Received
YSC1790176464 Case Was Received
YSC1790176465 Case Was Received
YSC1790176466 Case Was Received
YSC1790176467 Case Was Received
YSC1790176468 Case Was Received
YSC1790176469 Notice Was Returned To USCIS Because The Post Office Could Not Deliver It
YSC1790176470 Case Was Received
YSC1790176471 Case Was Received
YSC1790176472 Case Was Received
YSC1790176473 Case Was Received
YSC1790176474 Case Was Received
YSC1790176475 Case Was Received
YSC1790176476 Case Was Received
YSC1790176477 Case Was Received
YSC1790176478 Case Was Received
YSC1790176479 Case Was Received
YSC1790176480 Case Was Received
YSC1790176481 Case Was Received
YSC1790176482 Case Was Received
YSC1790176483 Case Was Received
YSC1790176484 Case Was Received
YSC1790176485 Case Was Received
YSC1790176486 Notice Was Returned To USCIS Because The Post Office Could Not Deliver It
YSC1790176487 Case Was Received
YSC1790176488 Case Was Received
YSC1790176489 Case Was Received
YSC1790176490 Case Was Received
YSC1790176491 Case Was Received
YSC1790176492 Case Was Received
YSC1790176493 Case Was Received
YSC1790176494 Case Was Received
YSC1790176495 Case Was Received
YSC1790176496 Case Was Received
YSC1790176497 Case Was Received
YSC1790176498 Case Was Received
YSC1790176499 Case Was Received
YSC1790176500 Case Was Received
