YSC1790167000 Card Was Mailed To Me
YSC1790167001 Case Was Received
YSC1790167002 Case Was Received
YSC1790167003 Case Was Received
YSC1790167004 Case Was Received
YSC1790167005 Case Was Received
YSC1790167006 Case Was Received
YSC1790167007 Case Was Received
YSC1790167008 Case Was Received
YSC1790167009 Case Was Received
YSC1790167010 Case Was Received
YSC1790167011 Case Was Received
YSC1790167012 Case Was Received
YSC1790167013 Case Was Received
YSC1790167014 Case Was Received
YSC1790167015 Case Was Received
YSC1790167016 Case Was Received
YSC1790167017 Case Was Received
YSC1790167018 Case Was Received
YSC1790167019 Case Was Received
YSC1790167020 Case Was Received
YSC1790167021 Case Was Received
YSC1790167022 Case Was Received
YSC1790167023 Case Was Received
YSC1790167024 Case Was Received
YSC1790167025 Case Was Received
YSC1790167026 Case Was Received
YSC1790167027 Case Was Received
YSC1790167028 Case Was Received
YSC1790167029 Card Was Mailed To Me
YSC1790167030 Case Was Received
YSC1790167031 Card Was Mailed To Me
YSC1790167032 Card Was Mailed To Me
YSC1790167033 Card Was Mailed To Me
YSC1790167034 New Card Is Being Produced
YSC1790167035 Card Was Mailed To Me
YSC1790167036 Case Was Received
YSC1790167037 Case Was Received
YSC1790167038 Case Was Received
YSC1790167039 Response To USCIS' Request For Evidence Was Received
YSC1790167040 Case Was Received
YSC1790167041 New Card Is Being Produced
YSC1790167042 Card Was Mailed To Me
YSC1790167043 New Card Is Being Produced
YSC1790167044 Case Was Received
YSC1790167045 Case Was Received
YSC1790167046 Card Was Mailed To Me
YSC1790167047 Card Was Mailed To Me
YSC1790167048 New Card Is Being Produced
YSC1790167049 Card Was Mailed To Me
YSC1790167050 New Card Is Being Produced
YSC1790167051 New Card Is Being Produced
YSC1790167052 New Card Is Being Produced
YSC1790167053 New Card Is Being Produced
YSC1790167054 Card Was Mailed To Me
YSC1790167055 Request for Initial Evidence Was Mailed
YSC1790167056 Card Was Mailed To Me
YSC1790167057 New Card Is Being Produced
YSC1790167058 New Card Is Being Produced
YSC1790167059 Case Was Received
YSC1790167060 Correspondence Was Received And USCIS Is Reviewing It
YSC1790167061 Notice Was Returned To USCIS Because The Post Office Could Not Deliver It
YSC1790167062 Case Was Received
YSC1790167063 Case Was Received
YSC1790167064 Case Was Received
YSC1790167065 Case Was Received
YSC1790167066 Case Was Received
YSC1790167067 Notice Was Returned To USCIS Because The Post Office Could Not Deliver It
YSC1790167068 Case Was Received
YSC1790167069 Case Was Received
YSC1790167070 Case Was Received
YSC1790167071 Case Was Received
YSC1790167072 Case Was Received
YSC1790167073 Case Was Received
YSC1790167074 Notice Was Returned To USCIS Because The Post Office Could Not Deliver It
YSC1790167075 Notice Was Returned To USCIS Because The Post Office Could Not Deliver It
YSC1790167076 Case Was Approved
YSC1790167077 Card Was Mailed To Me
YSC1790167078 Card Was Mailed To Me
YSC1790167079 Case Was Received
YSC1790167080 Card Was Mailed To Me
YSC1790167081 Case Was Received
YSC1790167082 New Card Is Being Produced
YSC1790167083 New Card Is Being Produced
YSC1790167084 Card Was Mailed To Me
YSC1790167085 Case Was Received
YSC1790167086 Case Was Received
YSC1790167087 Notice Was Returned To USCIS Because The Post Office Could Not Deliver It
YSC1790167088 Case Was Received
YSC1790167089 New Card Is Being Produced
YSC1790167090 New Card Is Being Produced
YSC1790167091 Card Was Mailed To Me
YSC1790167092 Case Was Received
YSC1790167093 Card Was Mailed To Me
YSC1790167094 Case Was Received
YSC1790167095 Case Was Received
YSC1790167096 Case Was Received
YSC1790167097 Case Was Received
YSC1790167098 Case Was Received
YSC1790167099 Case Was Received
YSC1790167100 Case Was Received
YSC1790167101 Case Was Received
YSC1790167102 Case Was Received
YSC1790167103 Case Was Received
YSC1790167104 Case Was Received
YSC1790167105 Case Was Received
YSC1790167106 Case Was Received
YSC1790167107 Case Was Received
YSC1790167108 Case Was Received
YSC1790167109 Case Was Received
YSC1790167110 Case Was Received
YSC1790167111 Case Was Received
YSC1790167112 Case Was Received
YSC1790167113 Case Was Received
YSC1790167114 Case Was Received
YSC1790167115 Case Was Received
YSC1790167116 Case Was Received
YSC1790167117 Case Was Received
YSC1790167118 New Card Is Being Produced
YSC1790167119 Card Was Mailed To Me
YSC1790167120 Card Was Mailed To Me
YSC1790167121 Case Was Received
YSC1790167122 Card Was Mailed To Me
YSC1790167123 Card Was Mailed To Me
YSC1790167124 Card Was Mailed To Me
YSC1790167125 Case Was Received
YSC1790167126 Card Was Mailed To Me
YSC1790167127 Card Was Mailed To Me
YSC1790167128 Card Was Mailed To Me
YSC1790167129 Case Was Received
YSC1790167130 Card Was Mailed To Me
YSC1790167131 Card Was Mailed To Me
YSC1790167132 Card Was Mailed To Me
YSC1790167133 Card Was Mailed To Me
YSC1790167134 Card Was Mailed To Me
YSC1790167135 Request for Initial Evidence Was Mailed
YSC1790167136 Case Was Received
YSC1790167137 Card Was Mailed To Me
YSC1790167138 Card Was Mailed To Me
YSC1790167139 Card Was Mailed To Me
YSC1790167140 Case Was Received
YSC1790167141 Case Was Received
YSC1790167142 Case Was Received
YSC1790167143 Card Was Mailed To Me
YSC1790167144 Card Was Mailed To Me
YSC1790167145 New Card Is Being Produced
YSC1790167146 Card Was Mailed To Me
YSC1790167147 New Card Is Being Produced
YSC1790167148 New Card Is Being Produced
YSC1790167149 Card Was Mailed To Me
YSC1790167150 Case Was Received
YSC1790167151 Card Was Mailed To Me
YSC1790167152 Case Was Received
YSC1790167153 New Card Is Being Produced
YSC1790167154 New Card Is Being Produced
YSC1790167155 New Card Is Being Produced
YSC1790167156 Case Was Received
YSC1790167157 Card Was Mailed To Me
YSC1790167158 New Card Is Being Produced
YSC1790167159 New Card Is Being Produced
YSC1790167160 New Card Is Being Produced
YSC1790167161 New Card Is Being Produced
YSC1790167162 Card Was Mailed To Me
YSC1790167163 New Card Is Being Produced
YSC1790167164 Card Was Mailed To Me
YSC1790167165 Case Was Approved
YSC1790167166 New Card Is Being Produced
YSC1790167167 Card Was Mailed To Me
YSC1790167168 Case Was Received
YSC1790167169 Card Was Mailed To Me
YSC1790167170 Case Was Received
YSC1790167171 Card Was Mailed To Me
YSC1790167172 Case Was Received
YSC1790167173 Card Was Mailed To Me
YSC1790167174 Case Was Received
YSC1790167175 Case Was Received
YSC1790167176 New Card Is Being Produced
YSC1790167177 New Card Is Being Produced
YSC1790167178 Case Was Received
YSC1790167179 Card Was Mailed To Me
YSC1790167180 Card Was Mailed To Me
YSC1790167181 Card Was Mailed To Me
YSC1790167182 Card Was Mailed To Me
YSC1790167183 Case Was Approved
YSC1790167184 Case Was Received
YSC1790167185 Case Was Received
YSC1790167186 Case Was Received
YSC1790167187 Case Was Received
YSC1790167188 Case Was Received
YSC1790167189 Case Was Received
YSC1790167190 Case Was Received
YSC1790167191 Case Was Received
YSC1790167192 Case Was Received
YSC1790167193 Case Was Received
YSC1790167194 Name Was Updated
YSC1790167195 Case Was Received
YSC1790167196 Case Was Received
YSC1790167197 Case Was Received
YSC1790167198 Notice Was Returned To USCIS Because The Post Office Could Not Deliver It
YSC1790167199 Case Was Received
YSC1790167200 Case Was Received
YSC1790167201 New Card Is Being Produced
YSC1790167202 Case Was Received
YSC1790167203 New Card Is Being Produced
YSC1790167204 New Card Is Being Produced
YSC1790167205 Card Was Mailed To Me
YSC1790167206 Card Was Mailed To Me
YSC1790167207 New Card Is Being Produced
YSC1790167208 Card Was Mailed To Me
YSC1790167209 Card Was Mailed To Me
YSC1790167210 Card Was Mailed To Me
YSC1790167211 Card Was Mailed To Me
YSC1790167212 Card Was Mailed To Me
YSC1790167213 Card Was Mailed To Me
YSC1790167214 Card Was Mailed To Me
YSC1790167215 New Card Is Being Produced
YSC1790167216 New Card Is Being Produced
YSC1790167217 Case Was Received
YSC1790167218 Case Was Received
YSC1790167219 Card Was Mailed To Me
YSC1790167220 New Card Is Being Produced
YSC1790167221 Card Was Mailed To Me
YSC1790167222 New Card Is Being Produced
YSC1790167223 Card Was Mailed To Me
YSC1790167224 Card Was Mailed To Me
YSC1790167225 Case Was Received
YSC1790167226 New Card Is Being Produced
YSC1790167227 New Card Is Being Produced
YSC1790167228 New Card Is Being Produced
YSC1790167229 New Card Is Being Produced
YSC1790167230 Card Was Mailed To Me
YSC1790167231 New Card Is Being Produced
YSC1790167232 Card Was Mailed To Me
YSC1790167233 New Card Is Being Produced
YSC1790167234 Card Was Mailed To Me
YSC1790167235 Case Was Received
YSC1790167236 Card Was Mailed To Me
YSC1790167237 Case Was Received
YSC1790167238 New Card Is Being Produced
YSC1790167239 Card Was Mailed To Me
YSC1790167240 Card Was Mailed To Me
YSC1790167241 Card Was Mailed To Me
YSC1790167242 Card Was Mailed To Me
YSC1790167243 Card Was Mailed To Me
YSC1790167244 Case Was Received
YSC1790167245 Case Was Received
YSC1790167246 Case Was Received
YSC1790167247 New Card Is Being Produced
YSC1790167248 Case Was Received
YSC1790167249 Card Was Mailed To Me
YSC1790167250 Card Was Mailed To Me
YSC1790167251 Case Was Received
YSC1790167252 New Card Is Being Produced
YSC1790167253 New Card Is Being Produced
YSC1790167254 New Card Is Being Produced
YSC1790167255 New Card Is Being Produced
YSC1790167256 New Card Is Being Produced
YSC1790167257 Card Was Mailed To Me
YSC1790167258 New Card Is Being Produced
YSC1790167259 Card Was Mailed To Me
YSC1790167260 Case Was Received
YSC1790167261 Card Was Mailed To Me
YSC1790167262 Card Was Mailed To Me
YSC1790167263 New Card Is Being Produced
YSC1790167264 Case Was Approved
YSC1790167265 Card Was Mailed To Me
YSC1790167266 New Card Is Being Produced
YSC1790167267 Card Was Mailed To Me
YSC1790167268 Case Was Received
YSC1790167269 Case Was Approved
YSC1790167270 New Card Is Being Produced
YSC1790167271 Card Was Mailed To Me
YSC1790167272 Card Was Mailed To Me
YSC1790167273 Card Was Mailed To Me
YSC1790167274 Card Was Mailed To Me
YSC1790167275 Card Was Mailed To Me
YSC1790167276 Card Was Mailed To Me
YSC1790167277 Card Was Mailed To Me
YSC1790167278 Card Was Mailed To Me
YSC1790167279 Card Was Mailed To Me
YSC1790167280 Card Was Mailed To Me
YSC1790167281 Case Was Received
YSC1790167282 Case Was Received
YSC1790167283 Card Was Mailed To Me
YSC1790167284 Case Was Received
YSC1790167285 Case Was Received
YSC1790167286 Case Was Received
YSC1790167287 Case Was Received
YSC1790167288 Case Was Received
YSC1790167289 Case Was Received
YSC1790167290 Case Was Received
YSC1790167291 Case Was Received
YSC1790167292 Case Was Received
YSC1790167293 Case Was Received
YSC1790167294 Case Was Received
YSC1790167295 Case Was Received
YSC1790167296 Case Was Received
YSC1790167297 Case Was Received
YSC1790167298 New Card Is Being Produced
YSC1790167299 Case Was Received
YSC1790167300 Card Was Mailed To Me
YSC1790167301 Case Was Received
YSC1790167302 New Card Is Being Produced
YSC1790167303 Card Was Mailed To Me
YSC1790167304 Card Was Mailed To Me
YSC1790167305 Card Was Mailed To Me
YSC1790167306 New Card Is Being Produced
YSC1790167307 Card Was Mailed To Me
YSC1790167308 Case Was Received
YSC1790167309 Card Was Mailed To Me
YSC1790167310 Case Was Received
YSC1790167311 Case Was Received
YSC1790167312 Card Was Mailed To Me
YSC1790167313 Card Was Mailed To Me
YSC1790167314 Card Was Mailed To Me
YSC1790167315 Card Was Mailed To Me
YSC1790167316 Card Was Mailed To Me
YSC1790167317 Case Was Received
YSC1790167318 Card Was Mailed To Me
YSC1790167319 Card Was Mailed To Me
YSC1790167320 Card Was Mailed To Me
YSC1790167321 Card Was Mailed To Me
YSC1790167322 Case Was Received
YSC1790167323 Card Was Mailed To Me
YSC1790167324 New Card Is Being Produced
YSC1790167325 Case Was Received
YSC1790167326 New Card Is Being Produced
YSC1790167327 Card Was Mailed To Me
YSC1790167328 New Card Is Being Produced
YSC1790167329 New Card Is Being Produced
YSC1790167330 Card Was Mailed To Me
YSC1790167331 New Card Is Being Produced
YSC1790167332 Card Was Mailed To Me
YSC1790167333 Case Was Received
YSC1790167334 Case Was Received
YSC1790167335 Card Was Mailed To Me
YSC1790167336 Card Was Mailed To Me
YSC1790167337 Card Was Mailed To Me
YSC1790167338 Card Was Mailed To Me
YSC1790167339 Case Was Received
YSC1790167340 Card Was Mailed To Me
YSC1790167341 Case Was Received
YSC1790167342 Card Was Mailed To Me
YSC1790167343 Card Was Mailed To Me
YSC1790167344 Request for Initial Evidence Was Mailed
YSC1790167345 Card Was Mailed To Me
YSC1790167346 New Card Is Being Produced
YSC1790167347 Case Was Received
YSC1790167348 Case Was Received
YSC1790167349 Request for Additional Evidence Was Mailed
YSC1790167350 Case Was Received
YSC1790167351 New Card Is Being Produced
YSC1790167352 New Card Is Being Produced
YSC1790167353 Case Was Received
YSC1790167354 Card Was Mailed To Me
YSC1790167355 Card Was Mailed To Me
YSC1790167356 Case Was Received
YSC1790167357 Case Was Received
YSC1790167358 Case Was Received
YSC1790167359 Card Was Mailed To Me
YSC1790167360 New Card Is Being Produced
YSC1790167361 Case Was Received
YSC1790167362 Case Was Received
YSC1790167363 Card Was Mailed To Me
YSC1790167364 Case Was Received
YSC1790167365 Card Was Mailed To Me
YSC1790167366 Card Was Mailed To Me
YSC1790167367 Card Was Mailed To Me
YSC1790167368 Card Was Mailed To Me
YSC1790167369 Card Was Mailed To Me
YSC1790167370 Card Was Mailed To Me
YSC1790167371 Card Was Mailed To Me
YSC1790167372 New Card Is Being Produced
YSC1790167373 Case Was Received
YSC1790167374 Card Was Mailed To Me
YSC1790167375 Case Was Received
YSC1790167376 Case Was Received
YSC1790167377 Card Was Mailed To Me
YSC1790167378 Case Was Received
YSC1790167379 Case Was Received
YSC1790167380 Case Was Received
YSC1790167381 New Card Is Being Produced
YSC1790167382 New Card Is Being Produced
YSC1790167383 New Card Is Being Produced
YSC1790167384 New Card Is Being Produced
YSC1790167385 Card Was Mailed To Me
YSC1790167386 New Card Is Being Produced
YSC1790167387 Request for Initial Evidence Was Mailed
YSC1790167388 Case Was Received
YSC1790167389 New Card Is Being Produced
YSC1790167390 Case Was Received
YSC1790167391 Card Was Mailed To Me
YSC1790167392 Correspondence Was Received And USCIS Is Reviewing It
YSC1790167393 Case Was Rejected Because I Did Not Sign My Form
YSC1790167394 Case Was Received
YSC1790167395 Card Was Mailed To Me
YSC1790167396 New Card Is Being Produced
YSC1790167397 New Card Is Being Produced
YSC1790167398 Case Was Received
YSC1790167399 New Card Is Being Produced
YSC1790167400 Card Was Mailed To Me
YSC1790167401 Case Was Received
YSC1790167402 Case Was Received
YSC1790167403 New Card Is Being Produced
YSC1790167404 Card Was Mailed To Me
YSC1790167405 Case Was Received
YSC1790167406 Card Was Mailed To Me
YSC1790167407 Case Was Received
YSC1790167408 New Card Is Being Produced
YSC1790167409 Case Rejected Because The Version Of The Form I Sent Is No Longer Accepted
YSC1790167410 Card Was Mailed To Me
YSC1790167411 Case Was Received
YSC1790167412 New Card Is Being Produced
YSC1790167413 Request for Initial Evidence Was Mailed
YSC1790167414 Card Was Mailed To Me
YSC1790167415 Case Was Received
YSC1790167416 New Card Is Being Produced
YSC1790167417 Card Was Mailed To Me
YSC1790167418 Case Was Received
YSC1790167419 New Card Is Being Produced
YSC1790167420 New Card Is Being Produced
YSC1790167421 Card Was Mailed To Me
YSC1790167422 Case Was Approved
YSC1790167423 Card Was Mailed To Me
YSC1790167424 Card Was Mailed To Me
YSC1790167425 Card Was Mailed To Me
YSC1790167426 New Card Is Being Produced
YSC1790167427 New Card Is Being Produced
YSC1790167428 New Card Is Being Produced
YSC1790167429 Case Was Received
YSC1790167430 Card Was Mailed To Me
YSC1790167431 Case Was Received
YSC1790167432 Case Was Received
YSC1790167433 Case Was Received
YSC1790167434 Request for Initial Evidence Was Mailed
YSC1790167435 Card Was Mailed To Me
YSC1790167436 Card Was Mailed To Me
YSC1790167437 Case Was Received
YSC1790167438 Card Was Mailed To Me
YSC1790167439 Case Was Received
YSC1790167440 Card Was Mailed To Me
YSC1790167441 New Card Is Being Produced
YSC1790167442 Case Was Received
YSC1790167443 Case Was Received
YSC1790167444 Case Was Received
YSC1790167445 New Card Is Being Produced
YSC1790167446 New Card Is Being Produced
YSC1790167447 Case Was Received
YSC1790167448 Case Was Received
YSC1790167449 New Card Is Being Produced
YSC1790167450 New Card Is Being Produced
YSC1790167451 New Card Is Being Produced
YSC1790167452 Case Was Received
YSC1790167453 Case Was Approved
YSC1790167454 Card Was Mailed To Me
YSC1790167455 Case Was Received
YSC1790167456 Card Was Mailed To Me
YSC1790167457 Case Was Received
YSC1790167458 Card Was Mailed To Me
YSC1790167459 New Card Is Being Produced
YSC1790167460 New Card Is Being Produced
YSC1790167461 Case Was Received
YSC1790167462 Card Was Mailed To Me
YSC1790167463 Card Was Mailed To Me
YSC1790167464 Card Was Mailed To Me
YSC1790167465 New Card Is Being Produced
YSC1790167466 Card Was Mailed To Me
YSC1790167467 Case Was Received
YSC1790167468 Case Was Approved
YSC1790167469 Card Was Mailed To Me
YSC1790167470 Case Was Received
YSC1790167471 Name Was Updated
YSC1790167472 New Card Is Being Produced
YSC1790167473 New Card Is Being Produced
YSC1790167474 New Card Is Being Produced
YSC1790167475 New Card Is Being Produced
YSC1790167476 Case Was Received
YSC1790167477 Case Was Received
YSC1790167478 Case Was Received
YSC1790167479 Card Was Mailed To Me
YSC1790167480 Card Was Mailed To Me
YSC1790167481 Card Was Mailed To Me
YSC1790167482 Card Was Mailed To Me
YSC1790167483 Card Was Mailed To Me
YSC1790167484 Case Was Received
YSC1790167485 Card Was Mailed To Me
YSC1790167486 Case Was Received
YSC1790167487 New Card Is Being Produced
YSC1790167488 Card Was Mailed To Me
YSC1790167489 New Card Is Being Produced
YSC1790167490 Request for Initial Evidence Was Mailed
YSC1790167491 Card Was Mailed To Me
YSC1790167492 New Card Is Being Produced
YSC1790167493 Case Was Received
YSC1790167494 Case Was Received
YSC1790167495 Card Was Mailed To Me
YSC1790167496 Card Was Mailed To Me
YSC1790167497 Case Was Received
YSC1790167498 Case Was Received
YSC1790167499 Case Was Received
YSC1790167500 Case Was Received
