YSC1790172000 New Card Is Being Produced
YSC1790172001 New Card Is Being Produced
YSC1790172002 New Card Is Being Produced
YSC1790172003 New Card Is Being Produced
YSC1790172004 Card Was Mailed To Me
YSC1790172005 New Card Is Being Produced
YSC1790172006 New Card Is Being Produced
YSC1790172007 Case Was Received
YSC1790172008 Card Was Mailed To Me
YSC1790172009 Case Was Received
YSC1790172010 New Card Is Being Produced
YSC1790172011 New Card Is Being Produced
YSC1790172012 Case Was Received
YSC1790172013 Name Was Updated
YSC1790172014 Card Was Mailed To Me
YSC1790172015 Case Was Received
YSC1790172016 Case Was Received
YSC1790172017 Card Was Mailed To Me
YSC1790172018 Case Was Received
YSC1790172019 Case Was Received
YSC1790172020 Case Was Received
YSC1790172021 Case Was Received
YSC1790172022 Case Was Received
YSC1790172023 Case Was Received
YSC1790172024 Case Was Received
YSC1790172025 Case Was Received
YSC1790172026 Case Was Received
YSC1790172027 Case Was Received
YSC1790172028 Case Was Received
YSC1790172029 New Card Is Being Produced
YSC1790172030 New Card Is Being Produced
YSC1790172031 Case Was Received
YSC1790172032 New Card Is Being Produced
YSC1790172033 Case Was Received
YSC1790172034 New Card Is Being Produced
YSC1790172035 New Card Is Being Produced
YSC1790172036 New Card Is Being Produced
YSC1790172037 Request for Initial Evidence Was Mailed
YSC1790172038 Case Was Received
YSC1790172039 New Card Is Being Produced
YSC1790172040 Case Was Received
YSC1790172041 Case Was Received
YSC1790172042 New Card Is Being Produced
YSC1790172043 Case Was Received
YSC1790172044 Case Was Received
YSC1790172045 Card Was Mailed To Me
YSC1790172046 Card Was Mailed To Me
YSC1790172047 Case Was Received
YSC1790172048 New Card Is Being Produced
YSC1790172049 New Card Is Being Produced
YSC1790172050 Case Was Received
YSC1790172051 Card Was Mailed To Me
YSC1790172052 Case Was Received
YSC1790172053 Case Was Received
YSC1790172054 Case Was Received
YSC1790172055 Case Was Received
YSC1790172056 Case Was Received
YSC1790172057 Card Was Mailed To Me
YSC1790172058 Case Was Received
YSC1790172059 Case Was Received
YSC1790172060 Case Was Received
YSC1790172061 Card Was Mailed To Me
YSC1790172062 Case Was Received
YSC1790172063 Case Was Received
YSC1790172064 Card Was Mailed To Me
YSC1790172065 Case Was Received
YSC1790172066 Case Was Received
YSC1790172067 Card Was Mailed To Me
YSC1790172068 Case Was Received
YSC1790172069 Case Was Received
YSC1790172070 Case Was Received
YSC1790172071 Case Was Received
YSC1790172072 Case Was Received
YSC1790172073 New Card Is Being Produced
YSC1790172074 Card Was Mailed To Me
YSC1790172075 Card Was Mailed To Me
YSC1790172076 Decision Notice Mailed
YSC1790172077 Case Was Received
YSC1790172078 Case Was Received
YSC1790172079 Case Was Received
YSC1790172080 Case Was Received
YSC1790172081 Case Was Received
YSC1790172082 Case Was Received
YSC1790172083 Case Was Received
YSC1790172084 Case Was Received
YSC1790172085 Case Was Received
YSC1790172086 New Card Is Being Produced
YSC1790172087 Case Was Received
YSC1790172088 Case Was Received
YSC1790172089 Case Was Received
YSC1790172090 New Card Is Being Produced
YSC1790172091 Case Was Received
YSC1790172092 New Card Is Being Produced
YSC1790172093 Case Was Received
YSC1790172094 Case Was Received
YSC1790172095 Case Was Received
YSC1790172096 Case Was Received
YSC1790172097 Case Was Received
YSC1790172098 Card Was Mailed To Me
YSC1790172099 New Card Is Being Produced
YSC1790172100 Card Was Mailed To Me
YSC1790172101 Case Was Received
YSC1790172102 Case Was Received
YSC1790172103 Case Was Received
YSC1790172104 Case Was Received
YSC1790172105 New Card Is Being Produced
YSC1790172106 New Card Is Being Produced
YSC1790172107 New Card Is Being Produced
YSC1790172108 Case Was Received
YSC1790172109 Case Was Received
YSC1790172110 Case Was Received
YSC1790172111 Case Was Received
YSC1790172112 Case Was Received
YSC1790172113 Case Was Received
YSC1790172114 Case Was Received
YSC1790172115 Case Was Received
YSC1790172116 Case Was Received
YSC1790172117 Case Was Received
YSC1790172118 Case Was Received
YSC1790172119 Case Was Received
YSC1790172120 Card Was Mailed To Me
YSC1790172121 Request for Initial Evidence Was Mailed
YSC1790172122 Card Was Mailed To Me
YSC1790172123 Card Was Mailed To Me
YSC1790172124 Card Was Mailed To Me
YSC1790172125 New Card Is Being Produced
YSC1790172126 Case Was Received
YSC1790172127 Correspondence Was Received And USCIS Is Reviewing It
YSC1790172128 New Card Is Being Produced
YSC1790172129 Case Was Received
YSC1790172130 Case Was Received
YSC1790172131 Case Was Received
YSC1790172132 Card Was Mailed To Me
YSC1790172133 Case Was Received
YSC1790172134 Case Was Received
YSC1790172135 Case Was Received
YSC1790172136 Case Was Received
YSC1790172137 Case Was Received
YSC1790172138 Case Was Received
YSC1790172139 Correspondence Was Received And USCIS Is Reviewing It
YSC1790172140 Case Was Received
YSC1790172141 Case Was Received
YSC1790172142 Card Was Mailed To Me
YSC1790172143 Case Was Received
YSC1790172144 Case Was Received
YSC1790172145 Case Was Received
YSC1790172146 Case Was Received
YSC1790172147 Case Was Received
YSC1790172148 New Card Is Being Produced
YSC1790172149 Case Was Received
YSC1790172150 New Card Is Being Produced
YSC1790172151 Case Was Received
YSC1790172152 New Card Is Being Produced
YSC1790172153 New Card Is Being Produced
YSC1790172154 Case Was Received
YSC1790172155 Case Was Received
YSC1790172156 Case Was Received
YSC1790172157 Case Was Received
YSC1790172158 Correspondence Was Received And USCIS Is Reviewing It
YSC1790172159 Case Was Received
YSC1790172160 Case Was Received
YSC1790172161 Case Was Received
YSC1790172162 Case Was Received
YSC1790172163 Case Was Received
YSC1790172164 Case Was Received
YSC1790172165 Case Was Received
YSC1790172166 Case Was Received
YSC1790172167 Case Was Received
YSC1790172168 Case Was Received
YSC1790172169 Case Was Received
YSC1790172170 Case Was Received
YSC1790172171 Case Was Received
YSC1790172172 Case Was Received
YSC1790172173 Case Was Received
YSC1790172174 Case Was Received
YSC1790172175 Case Was Received
YSC1790172176 Case Was Received
YSC1790172177 New Card Is Being Produced
YSC1790172178 Case Was Received
YSC1790172179 Case Was Received
YSC1790172180 Case Was Received
YSC1790172181 New Card Is Being Produced
YSC1790172182 Case Was Received
YSC1790172183 Case Was Received
YSC1790172184 Case Was Received
YSC1790172185 Case Was Received
YSC1790172186 Case Was Received
YSC1790172187 Case Was Received
YSC1790172188 Case Was Received
YSC1790172189 Case Was Received
YSC1790172190 Case Was Received
YSC1790172191 Card Was Mailed To Me
YSC1790172192 Case Was Received
YSC1790172193 Date of Birth Was Updated
YSC1790172194 Case Was Received
YSC1790172195 Case Was Received
YSC1790172196 New Card Is Being Produced
YSC1790172197 Case Was Approved
YSC1790172198 Case Was Received
YSC1790172199 Case Was Received
YSC1790172200 Case Was Received
YSC1790172201 Case Was Received
YSC1790172202 Case Was Received
YSC1790172203 Case Was Received
YSC1790172204 Case Was Approved
YSC1790172205 Case Was Received
YSC1790172206 Case Was Received
YSC1790172207 Case Was Received
YSC1790172208 Case Was Received
YSC1790172209 Case Was Received
YSC1790172210 New Card Is Being Produced
YSC1790172211 Case Was Approved
YSC1790172212 Case Was Received
YSC1790172213 Card Was Mailed To Me
YSC1790172214 Case Was Received
YSC1790172215 Case Was Received
YSC1790172216 New Card Is Being Produced
YSC1790172217 Case Was Received
YSC1790172218 Case Was Received
YSC1790172219 Case Was Received
YSC1790172220 Case Was Received
YSC1790172221 Case Was Received
YSC1790172222 Case Was Received
YSC1790172223 New Card Is Being Produced
YSC1790172224 Case Was Received
YSC1790172225 New Card Is Being Produced
YSC1790172226 Case Was Received
YSC1790172227 Case Was Received
YSC1790172228 New Card Is Being Produced
YSC1790172229 Card Was Mailed To Me
YSC1790172230 Card Was Mailed To Me
YSC1790172231 New Card Is Being Produced
YSC1790172232 Case Was Received
YSC1790172233 Card Was Mailed To Me
YSC1790172234 Case Was Received
YSC1790172235 New Card Is Being Produced
YSC1790172236 Case Was Received
YSC1790172237 Case Was Received
YSC1790172238 Case Was Received
YSC1790172239 Card Was Mailed To Me
YSC1790172240 Case Was Received
YSC1790172241 Card Was Mailed To Me
YSC1790172242 Case Was Received
YSC1790172243 New Card Is Being Produced
YSC1790172244 New Card Is Being Produced
YSC1790172245 New Card Is Being Produced
YSC1790172246 Case Was Received
YSC1790172247 Case Was Received
YSC1790172248 Case Was Received
YSC1790172249 Case Was Received
YSC1790172250 Case Was Received
YSC1790172251 Case Was Received
YSC1790172252 Case Was Received
YSC1790172253 Case Was Received
YSC1790172254 Case Was Received
YSC1790172255 Case Was Received
YSC1790172256 Case Was Received
YSC1790172257 Case Was Received
YSC1790172258 New Card Is Being Produced
YSC1790172259 Case Was Received
YSC1790172260 Case Was Received
YSC1790172261 Case Was Received
YSC1790172262 Case Was Approved
YSC1790172263 Case Was Received
YSC1790172264 Case Was Approved
YSC1790172265 Case Was Received
YSC1790172266 Case Was Received
YSC1790172267 Case Was Received
YSC1790172268 Case Was Received
YSC1790172269 Request for Initial Evidence Was Mailed
YSC1790172270 Case Was Received
YSC1790172271 Case Was Received
YSC1790172272 New Card Is Being Produced
YSC1790172273 Case Was Received
YSC1790172274 Case Was Received
YSC1790172275 Case Was Received
YSC1790172276 Case Was Received
YSC1790172277 Case Was Received
YSC1790172278 Case Was Received
YSC1790172279 Case Was Received
YSC1790172280 New Card Is Being Produced
YSC1790172281 Case Was Received
YSC1790172282 Case Was Received
YSC1790172283 Case Was Received
YSC1790172284 Case Was Received
YSC1790172285 Case Was Received
YSC1790172286 Case Was Received
YSC1790172287 Case Was Received
YSC1790172288 Case Was Received
YSC1790172289 Case Was Received
YSC1790172290 Case Was Received
YSC1790172291 Name Was Updated
YSC1790172292 Case Was Received
YSC1790172293 New Card Is Being Produced
YSC1790172294 Case Was Received
YSC1790172295 Case Was Received
YSC1790172296 Card Was Mailed To Me
YSC1790172297 Case Was Received
YSC1790172298 Card Was Mailed To Me
YSC1790172299 Case Was Received
YSC1790172300 Case Was Received
YSC1790172301 Case Was Received
YSC1790172302 Name Was Updated
YSC1790172303 Case Was Received
YSC1790172304 Case Was Received
YSC1790172305 Case Was Received
YSC1790172306 Card Was Mailed To Me
YSC1790172307 Case Was Received
YSC1790172308 Card Was Mailed To Me
YSC1790172309 Case Was Received
YSC1790172310 Case Was Received
YSC1790172311 New Card Is Being Produced
YSC1790172312 New Card Is Being Produced
YSC1790172313 New Card Is Being Produced
YSC1790172314 Notice Was Returned To USCIS Because The Post Office Could Not Deliver It
YSC1790172315 New Card Is Being Produced
YSC1790172316 New Card Is Being Produced
YSC1790172317 Case Was Received
YSC1790172318 New Card Is Being Produced
YSC1790172319 New Card Is Being Produced
YSC1790172320 Case Was Received
YSC1790172321 Case Was Received
YSC1790172322 Case Was Received
YSC1790172323 Case Was Received
YSC1790172324 New Card Is Being Produced
YSC1790172325 Case Was Approved
YSC1790172326 New Card Is Being Produced
YSC1790172327 Case Was Received
YSC1790172328 Case Was Received
YSC1790172329 Card Was Mailed To Me
YSC1790172330 Card Was Mailed To Me
YSC1790172331 Case Was Received
YSC1790172332 Notice Was Returned To USCIS Because The Post Office Could Not Deliver It
YSC1790172333 Case Was Received
YSC1790172334 Case Was Received
YSC1790172335 Case Was Received
YSC1790172336 Case Was Received
YSC1790172337 Case Was Received
YSC1790172338 Case Was Received
YSC1790172339 Case Was Received
YSC1790172340 Case Was Received
YSC1790172341 Case Was Received
YSC1790172342 Name Was Updated
YSC1790172343 New Card Is Being Produced
YSC1790172344 Case Was Received
YSC1790172345 Case Was Received
YSC1790172346 Case Was Received
YSC1790172347 New Card Is Being Produced
YSC1790172348 Case Was Received
YSC1790172349 Case Was Received
YSC1790172350 Case Was Received
YSC1790172351 Case Was Received
YSC1790172352 Case Was Received
YSC1790172353 Case Was Received
YSC1790172354 Case Was Received
YSC1790172355 Case Was Received
YSC1790172356 New Card Is Being Produced
YSC1790172357 Case Was Received
YSC1790172358 Case Was Received
YSC1790172359 Case Was Received
YSC1790172360 Case Was Received
YSC1790172361 Notice Was Returned To USCIS Because The Post Office Could Not Deliver It
YSC1790172362 Case Was Received
YSC1790172363 Case Was Received
YSC1790172364 Card Was Mailed To Me
YSC1790172365 Case Was Received
YSC1790172366 Case Was Received
YSC1790172367 New Card Is Being Produced
YSC1790172368 New Card Is Being Produced
YSC1790172369 Case Was Received
YSC1790172370 Case Was Received
YSC1790172371 Case Was Received
YSC1790172372 Case Was Received
YSC1790172373 Card Was Mailed To Me
YSC1790172374 Case Was Received
YSC1790172375 New Card Is Being Produced
YSC1790172376 Card Was Mailed To Me
YSC1790172377 Case Was Received
YSC1790172378 Case Was Received
YSC1790172379 Case Was Received
YSC1790172380 Case Was Received
YSC1790172381 Case Was Received
YSC1790172382 New Card Is Being Produced
YSC1790172383 New Card Is Being Produced
YSC1790172384 Case Was Received
YSC1790172385 Case Was Received
YSC1790172386 Case Was Received
YSC1790172387 Case Was Received
YSC1790172388 Case Was Received
YSC1790172389 Case Was Received
YSC1790172390 Case Was Received
YSC1790172391 Case Was Received
YSC1790172392 Case Was Received
YSC1790172393 Case Was Received
YSC1790172394 Case Was Received
YSC1790172395 Card Was Mailed To Me
YSC1790172396 Case Was Received
YSC1790172397 Case Was Received
YSC1790172398 Case Was Received
YSC1790172399 Case Was Received
YSC1790172400 Case Was Received
YSC1790172401 Case Was Received
YSC1790172402 Case Was Received
YSC1790172403 Case Was Received
YSC1790172404 Name Was Updated
YSC1790172405 Case Was Received
YSC1790172406 Card Was Mailed To Me
YSC1790172407 Case Was Received
YSC1790172408 Case Was Received
YSC1790172409 Case Was Received
YSC1790172410 Case Was Received
YSC1790172411 Case Was Received
YSC1790172412 Case Was Received
YSC1790172413 Case Was Received
YSC1790172414 Case Was Received
YSC1790172415 Case Was Received
YSC1790172416 Case Was Received
YSC1790172417 Case Was Received
YSC1790172418 Case Was Received
YSC1790172419 Case Was Received
YSC1790172420 Case Was Received
YSC1790172421 Case Was Received
YSC1790172422 Case Was Received
YSC1790172423 Date of Birth Was Updated
YSC1790172424 Case Was Received
YSC1790172425 Case Was Received
YSC1790172426 Case Was Received
YSC1790172427 Case Was Received
YSC1790172428 Case Was Received
YSC1790172429 Case Was Received
YSC1790172430 Case Was Received
YSC1790172431 Case Was Received
YSC1790172432 Card Was Mailed To Me
YSC1790172433 Case Was Received
YSC1790172434 Card Was Mailed To Me
YSC1790172435 Case Was Received
YSC1790172436 Case Was Received
YSC1790172437 Card Was Mailed To Me
YSC1790172438 Card Was Mailed To Me
YSC1790172439 Case Was Received
YSC1790172440 Case Was Received
YSC1790172441 Card Was Mailed To Me
YSC1790172442 Case Was Received
YSC1790172443 Case Was Received
YSC1790172444 Card Was Mailed To Me
YSC1790172445 Case Was Received
YSC1790172446 Case Was Received
YSC1790172447 New Card Is Being Produced
YSC1790172448 Case Was Received
YSC1790172449 New Card Is Being Produced
YSC1790172450 Case Was Received
YSC1790172451 Case Was Approved
YSC1790172452 Case Was Received
YSC1790172453 Case Rejected Because The Version Of The Form I Sent Is No Longer Accepted
YSC1790172454 Case Rejected Because The Version Of The Form I Sent Is No Longer Accepted
YSC1790172455 Case Rejected Because The Version Of The Form I Sent Is No Longer Accepted
YSC1790172456 Case Rejected Because The Version Of The Form I Sent Is No Longer Accepted
YSC1790172457 Case Was Received
YSC1790172458 Card Was Mailed To Me
YSC1790172459 Case Was Approved
YSC1790172460 Case Was Received
YSC1790172461 Case Was Received
YSC1790172462 Card Was Mailed To Me
YSC1790172463 Case Was Received
YSC1790172464 New Card Is Being Produced
YSC1790172465 Case Was Received
YSC1790172466 Case Was Received
YSC1790172467 Case Was Received
YSC1790172468 New Card Is Being Produced
YSC1790172469 Case Was Received
YSC1790172470 Card Was Mailed To Me
YSC1790172471 Case Was Received
YSC1790172472 Duplicate Notice Was Mailed
YSC1790172473 Card Was Mailed To Me
YSC1790172474 Case Was Received
YSC1790172475 Case Was Received
YSC1790172476 Case Was Received
YSC1790172477 Case Was Received
YSC1790172478 Case Was Received
YSC1790172479 New Card Is Being Produced
YSC1790172480 Case Was Received
YSC1790172481 Case Was Received
YSC1790172482 Case Was Received
YSC1790172483 Case Was Received
YSC1790172484 Case Was Received
YSC1790172485 Case Was Received
YSC1790172486 New Card Is Being Produced
YSC1790172487 Case Was Approved
YSC1790172488 New Card Is Being Produced
YSC1790172489 Case Was Received
YSC1790172490 Case Was Received
YSC1790172491 Case Was Received
YSC1790172492 New Card Is Being Produced
YSC1790172493 Card Was Mailed To Me
YSC1790172494 New Card Is Being Produced
YSC1790172495 Case Was Received
YSC1790172496 Case Was Received
YSC1790172497 New Card Is Being Produced
YSC1790172498 New Card Is Being Produced
YSC1790172499 New Card Is Being Produced
YSC1790172500 New Card Is Being Produced
