YSC1790169000 Case Was Received
YSC1790169001 Case Was Received
YSC1790169002 Case Was Received
YSC1790169003 Case Was Received
YSC1790169004 Case Was Received
YSC1790169005 Case Was Received
YSC1790169006 Case Was Received
YSC1790169007 Case Was Received
YSC1790169008 Case Was Received
YSC1790169009 Case Was Received
YSC1790169010 Case Was Received
YSC1790169011 Case Was Received
YSC1790169012 Case Was Received
YSC1790169013 Case Was Received
YSC1790169014 Case Was Received
YSC1790169015 Card Was Mailed To Me
YSC1790169016 Case Was Approved
YSC1790169017 Case Was Received
YSC1790169018 New Card Is Being Produced
YSC1790169019 Case Was Received
YSC1790169020 Card Was Mailed To Me
YSC1790169021 Case Was Received
YSC1790169022 New Card Is Being Produced
YSC1790169023 Case Was Approved
YSC1790169024 Case Was Received
YSC1790169025 Case Was Received
YSC1790169026 Case Was Received
YSC1790169027 New Card Is Being Produced
YSC1790169028 Case Was Received
YSC1790169029 Card Was Mailed To Me
YSC1790169030 Case Was Received
YSC1790169031 Case Was Received
YSC1790169032 Card Was Mailed To Me
YSC1790169033 Card Was Mailed To Me
YSC1790169034 Correspondence Was Received And USCIS Is Reviewing It
YSC1790169035 Card Was Mailed To Me
YSC1790169036 Case Was Approved
YSC1790169037 Case Was Received
YSC1790169038 New Card Is Being Produced
YSC1790169039 New Card Is Being Produced
YSC1790169040 New Card Is Being Produced
YSC1790169041 Card Was Mailed To Me
YSC1790169042 New Card Is Being Produced
YSC1790169043 Card Was Mailed To Me
YSC1790169044 Case Was Received
YSC1790169045 Card Was Mailed To Me
YSC1790169046 Case Was Received
YSC1790169047 Case Was Received
YSC1790169048 Card Was Mailed To Me
YSC1790169049 New Card Is Being Produced
YSC1790169050 Card Was Mailed To Me
YSC1790169051 Case Was Received
YSC1790169052 Card Was Mailed To Me
YSC1790169053 Card Was Mailed To Me
YSC1790169054 Case Was Received
YSC1790169055 Card Was Mailed To Me
YSC1790169056 Card Was Mailed To Me
YSC1790169057 Card Was Mailed To Me
YSC1790169058 Card Was Mailed To Me
YSC1790169059 Case Was Approved
YSC1790169060 Card Was Mailed To Me
YSC1790169061 Case Was Received
YSC1790169062 Card Was Mailed To Me
YSC1790169063 Card Was Mailed To Me
YSC1790169064 New Card Is Being Produced
YSC1790169065 New Card Is Being Produced
YSC1790169066 Card Was Mailed To Me
YSC1790169067 Case Was Approved
YSC1790169068 Case Was Received
YSC1790169069 Notice Was Returned To USCIS Because The Post Office Could Not Deliver It
YSC1790169070 Case Was Received
YSC1790169071 Card Was Mailed To Me
YSC1790169072 New Card Is Being Produced
YSC1790169073 Card Was Mailed To Me
YSC1790169074 New Card Is Being Produced
YSC1790169075 Case Was Received
YSC1790169076 Case Was Received
YSC1790169077 Case Was Received
YSC1790169078 Case Was Received
YSC1790169079 Case Was Received
YSC1790169080 Case Was Received
YSC1790169081 Case Was Received
YSC1790169082 Case Was Received
YSC1790169083 Case Was Received
YSC1790169084 Case Was Received
YSC1790169085 Case Was Received
YSC1790169086 Case Was Received
YSC1790169087 Case Was Received
YSC1790169088 Case Was Received
YSC1790169089 Case Was Received
YSC1790169090 Date of Birth Was Updated
YSC1790169091 Case Was Received
YSC1790169092 Case Was Received
YSC1790169093 New Card Is Being Produced
YSC1790169094 New Card Is Being Produced
YSC1790169095 Card Was Mailed To Me
YSC1790169096 Case Was Approved
YSC1790169097 Case Was Received
YSC1790169098 Card Was Mailed To Me
YSC1790169099 Case Was Received
YSC1790169100 New Card Is Being Produced
YSC1790169101 Card Was Mailed To Me
YSC1790169102 Card Was Mailed To Me
YSC1790169103 Card Was Mailed To Me
YSC1790169104 Card Was Mailed To Me
YSC1790169105 Case Was Received
YSC1790169106 Card Was Mailed To Me
YSC1790169107 Card Was Mailed To Me
YSC1790169108 Card Was Mailed To Me
YSC1790169109 Case Was Received
YSC1790169110 Card Was Mailed To Me
YSC1790169111 Case Was Received
YSC1790169112 New Card Is Being Produced
YSC1790169113 Case Was Received
YSC1790169114 New Card Is Being Produced
YSC1790169115 Case Was Received
YSC1790169116 New Card Is Being Produced
YSC1790169117 Card Was Mailed To Me
YSC1790169118 Card Was Mailed To Me
YSC1790169119 Request for Initial Evidence Was Mailed
YSC1790169120 Card Was Mailed To Me
YSC1790169121 Card Was Mailed To Me
YSC1790169122 Case Was Received
YSC1790169123 Card Was Mailed To Me
YSC1790169124 New Card Is Being Produced
YSC1790169125 Card Was Mailed To Me
YSC1790169126 Card Was Mailed To Me
YSC1790169127 Card Was Mailed To Me
YSC1790169128 Card Was Mailed To Me
YSC1790169129 Notice Was Returned To USCIS Because The Post Office Could Not Deliver It
YSC1790169130 Card Was Mailed To Me
YSC1790169131 New Card Is Being Produced
YSC1790169132 Card Was Mailed To Me
YSC1790169133 Card Was Mailed To Me
YSC1790169134 Card Was Mailed To Me
YSC1790169135 Card Was Mailed To Me
YSC1790169136 Case Was Received
YSC1790169137 Case Was Received
YSC1790169138 New Card Is Being Produced
YSC1790169139 New Card Is Being Produced
YSC1790169140 New Card Is Being Produced
YSC1790169141 Card Was Mailed To Me
YSC1790169142 New Card Is Being Produced
YSC1790169143 Case Was Received
YSC1790169144 New Card Is Being Produced
YSC1790169145 New Card Is Being Produced
YSC1790169146 New Card Is Being Produced
YSC1790169147 New Card Is Being Produced
YSC1790169148 Card Was Mailed To Me
YSC1790169149 Card Was Mailed To Me
YSC1790169150 Case Was Received
YSC1790169151 New Card Is Being Produced
YSC1790169152 New Card Is Being Produced
YSC1790169153 Card Was Mailed To Me
YSC1790169154 Card Was Mailed To Me
YSC1790169155 New Card Is Being Produced
YSC1790169156 Request for Initial Evidence Was Mailed
YSC1790169157 Card Was Mailed To Me
YSC1790169158 New Card Is Being Produced
YSC1790169159 Card Was Mailed To Me
YSC1790169160 Case Was Received
YSC1790169161 Case Was Received
YSC1790169162 New Card Is Being Produced
YSC1790169163 Case Was Received
YSC1790169164 Card Was Mailed To Me
YSC1790169165 Card Was Mailed To Me
YSC1790169166 New Card Is Being Produced
YSC1790169167 Case Was Received
YSC1790169168 Card Was Mailed To Me
YSC1790169169 Card Was Mailed To Me
YSC1790169170 Case Was Approved
YSC1790169171 Card Was Mailed To Me
YSC1790169172 Case Was Approved
YSC1790169173 Card Was Mailed To Me
YSC1790169174 New Card Is Being Produced
YSC1790169175 Card Was Mailed To Me
YSC1790169176 Card Was Mailed To Me
YSC1790169177 Card Was Mailed To Me
YSC1790169178 Card Was Mailed To Me
YSC1790169179 Case Was Received
YSC1790169180 Case Was Received
YSC1790169181 Case Was Received
YSC1790169182 Card Was Mailed To Me
YSC1790169183 New Card Is Being Produced
YSC1790169184 Notice Was Returned To USCIS Because The Post Office Could Not Deliver It
YSC1790169185 Case Was Approved
YSC1790169186 Card Was Mailed To Me
YSC1790169187 Case Was Received
YSC1790169188 New Card Is Being Produced
YSC1790169189 Card Was Mailed To Me
YSC1790169190 Card Was Mailed To Me
YSC1790169191 Card Was Mailed To Me
YSC1790169192 Card Was Mailed To Me
YSC1790169193 Card Was Mailed To Me
YSC1790169194 Card Was Mailed To Me
YSC1790169195 Card Was Mailed To Me
YSC1790169196 Card Was Mailed To Me
YSC1790169197 Case Was Received
YSC1790169198 Card Was Mailed To Me
YSC1790169199 Card Was Mailed To Me
YSC1790169200 Card Was Mailed To Me
YSC1790169201 Request for Initial Evidence Was Mailed
YSC1790169202 Case Was Received
YSC1790169203 Card Was Mailed To Me
YSC1790169204 Card Was Mailed To Me
YSC1790169205 Card Was Mailed To Me
YSC1790169206 Card Was Mailed To Me
YSC1790169207 Card Was Mailed To Me
YSC1790169208 New Card Is Being Produced
YSC1790169209 Card Was Mailed To Me
YSC1790169210 New Card Is Being Produced
YSC1790169211 Card Was Mailed To Me
YSC1790169212 Card Was Mailed To Me
YSC1790169213 Card Was Mailed To Me
YSC1790169214 New Card Is Being Produced
YSC1790169215 New Card Is Being Produced
YSC1790169216 New Card Is Being Produced
YSC1790169217 Card Was Mailed To Me
YSC1790169218 Card Was Mailed To Me
YSC1790169219 Card Was Mailed To Me
YSC1790169220 Card Was Mailed To Me
YSC1790169221 Card Was Mailed To Me
YSC1790169222 Card Was Mailed To Me
YSC1790169223 Card Was Mailed To Me
YSC1790169224 Card Was Mailed To Me
YSC1790169225 Case Was Received
YSC1790169226 Case Was Received
YSC1790169227 Case Was Received
YSC1790169228 Case Was Received
YSC1790169229 Case Was Received
YSC1790169230 Case Was Received
YSC1790169231 New Card Is Being Produced
YSC1790169232 Case Was Received
YSC1790169233 Case Was Received
YSC1790169234 Case Was Received
YSC1790169235 Case Was Received
YSC1790169236 Card Was Mailed To Me
YSC1790169237 Case Was Received
YSC1790169238 Case Was Received
YSC1790169239 Case Was Received
YSC1790169240 Case Was Received
YSC1790169241 Case Was Received
YSC1790169242 Case Was Received
YSC1790169243 Case Was Received
YSC1790169244 Case Was Received
YSC1790169245 Case Was Received
YSC1790169246 Case Was Received
YSC1790169247 Case Was Received
YSC1790169248 New Card Is Being Produced
YSC1790169249 Case Was Approved
YSC1790169250 New Card Is Being Produced
YSC1790169251 Card Was Mailed To Me
YSC1790169252 Card Was Mailed To Me
YSC1790169253 Request for Initial Evidence Was Mailed
YSC1790169254 Card Was Mailed To Me
YSC1790169255 Card Was Mailed To Me
YSC1790169256 New Card Is Being Produced
YSC1790169257 Card Was Mailed To Me
YSC1790169258 Card Was Mailed To Me
YSC1790169259 Card Was Mailed To Me
YSC1790169260 Card Was Mailed To Me
YSC1790169261 Case Was Approved
YSC1790169262 Case Was Approved
YSC1790169263 Card Was Mailed To Me
YSC1790169264 Card Was Mailed To Me
YSC1790169265 Card Was Mailed To Me
YSC1790169266 Case Was Received
YSC1790169267 Case Was Received
YSC1790169268 Card Was Mailed To Me
YSC1790169269 Case Was Approved
YSC1790169270 Card Was Mailed To Me
YSC1790169271 Case Was Approved
YSC1790169272 Card Was Mailed To Me
YSC1790169273 Card Was Mailed To Me
YSC1790169274 Card Was Mailed To Me
YSC1790169275 Card Was Mailed To Me
YSC1790169276 Case Was Received
YSC1790169277 Card Was Mailed To Me
YSC1790169278 Case Was Received
YSC1790169279 Card Was Mailed To Me
YSC1790169280 New Card Is Being Produced
YSC1790169281 Case Was Received
YSC1790169282 New Card Is Being Produced
YSC1790169283 Case Was Received
YSC1790169284 Case Was Received
YSC1790169285 Case Was Received
YSC1790169286 Case Was Received
YSC1790169287 Case Was Received
YSC1790169288 Case Was Received
YSC1790169289 Case Was Received
YSC1790169290 Case Was Received
YSC1790169291 Case Was Received
YSC1790169292 Case Was Received
YSC1790169293 Case Was Received
YSC1790169294 Case Was Received
YSC1790169295 New Card Is Being Produced
YSC1790169296 Card Was Mailed To Me
YSC1790169297 New Card Is Being Produced
YSC1790169298 New Card Is Being Produced
YSC1790169299 Card Was Mailed To Me
YSC1790169300 Card Was Mailed To Me
YSC1790169301 New Card Is Being Produced
YSC1790169302 Case Was Approved
YSC1790169303 Card Was Mailed To Me
YSC1790169304 New Card Is Being Produced
YSC1790169305 Case Was Received
YSC1790169306 Notice Was Returned To USCIS Because The Post Office Could Not Deliver It
YSC1790169307 Case Was Received
YSC1790169308 Case Was Received
YSC1790169309 Card Was Mailed To Me
YSC1790169310 Card Was Mailed To Me
YSC1790169311 Card Was Mailed To Me
YSC1790169312 Card Was Mailed To Me
YSC1790169313 Card Was Mailed To Me
YSC1790169314 Card Was Mailed To Me
YSC1790169315 Case Was Approved
YSC1790169316 Case Was Approved
YSC1790169317 Card Was Mailed To Me
YSC1790169318 Card Was Mailed To Me
YSC1790169319 New Card Is Being Produced
YSC1790169320 Card Was Mailed To Me
YSC1790169321 Card Was Mailed To Me
YSC1790169322 Card Was Mailed To Me
YSC1790169323 New Card Is Being Produced
YSC1790169324 Card Was Mailed To Me
YSC1790169325 Card Was Mailed To Me
YSC1790169326 Card Was Mailed To Me
YSC1790169327 New Card Is Being Produced
YSC1790169328 Case Was Received
YSC1790169329 New Card Is Being Produced
YSC1790169330 Card Was Mailed To Me
YSC1790169331 Card Was Mailed To Me
YSC1790169332 Card Was Mailed To Me
YSC1790169333 New Card Is Being Produced
YSC1790169334 New Card Is Being Produced
YSC1790169335 New Card Is Being Produced
YSC1790169336 Case Was Received
YSC1790169337 New Card Is Being Produced
YSC1790169338 Card Was Mailed To Me
YSC1790169339 Case Was Approved
YSC1790169340 New Card Is Being Produced
YSC1790169341 Case Was Received
YSC1790169342 Card Was Mailed To Me
YSC1790169343 Case Was Received
YSC1790169344 New Card Is Being Produced
YSC1790169345 Card Was Mailed To Me
YSC1790169346 Case Was Received
YSC1790169347 Case Was Received
YSC1790169348 Case Was Received
YSC1790169349 Case Was Received
YSC1790169350 Case Was Received
YSC1790169351 Case Was Approved
YSC1790169352 Case Was Received
YSC1790169353 Notice Was Returned To USCIS Because The Post Office Could Not Deliver It
YSC1790169354 Case Was Received
YSC1790169355 Case Was Received
YSC1790169356 Case Was Received
YSC1790169357 Case Rejected Because The Version Of The Form I Sent Is No Longer Accepted
YSC1790169358 Case Rejected Because The Version Of The Form I Sent Is No Longer Accepted
YSC1790169359 Case Rejected Because The Version Of The Form I Sent Is No Longer Accepted
YSC1790169360 Case Was Received
YSC1790169361 Case Was Received
YSC1790169362 Case Was Received
YSC1790169363 Case Was Received
YSC1790169364 Case Was Received
YSC1790169365 Card Was Mailed To Me
YSC1790169366 Card Was Mailed To Me
YSC1790169367 Case Was Received
YSC1790169368 Case Was Received
YSC1790169369 Case Was Received
YSC1790169370 Card Was Mailed To Me
YSC1790169371 Card Was Mailed To Me
YSC1790169372 Card Was Mailed To Me
YSC1790169373 Card Was Mailed To Me
YSC1790169374 Card Was Mailed To Me
YSC1790169375 New Card Is Being Produced
YSC1790169376 Case Was Received
YSC1790169377 Name Was Updated
YSC1790169378 Card Was Mailed To Me
YSC1790169379 New Card Is Being Produced
YSC1790169380 Card Was Mailed To Me
YSC1790169381 Card Was Mailed To Me
YSC1790169382 Card Was Mailed To Me
YSC1790169383 Card Was Mailed To Me
YSC1790169384 Card Was Mailed To Me
YSC1790169385 Card Was Mailed To Me
YSC1790169386 New Card Is Being Produced
YSC1790169387 Request for Initial Evidence Was Mailed
YSC1790169388 Card Was Mailed To Me
YSC1790169389 Card Was Mailed To Me
YSC1790169390 Case Was Received
YSC1790169391 Case Was Received
YSC1790169392 Card Was Mailed To Me
YSC1790169393 Card Was Mailed To Me
YSC1790169394 Card Was Mailed To Me
YSC1790169395 Card Was Mailed To Me
YSC1790169396 Case Was Received
YSC1790169397 Card Was Mailed To Me
YSC1790169398 Card Was Mailed To Me
YSC1790169399 Card Was Mailed To Me
YSC1790169400 Card Was Mailed To Me
YSC1790169401 Case Rejected Because I Sent An Incorrect Fee
YSC1790169402 Case Rejected Because The Version Of The Form I Sent Is No Longer Accepted
YSC1790169403 Case Rejected Because I Sent An Incorrect Fee
YSC1790169404 Case Rejected Because I Sent An Incorrect Fee
YSC1790169405 Case Was Received
YSC1790169406 Case Was Received
YSC1790169407 Case Was Received
YSC1790169408 Case Was Received
YSC1790169409 Case Was Received
YSC1790169410 Case Was Received
YSC1790169411 Correspondence Was Received And USCIS Is Reviewing It
YSC1790169412 Case Was Received
YSC1790169413 Case Was Received
YSC1790169414 Case Was Received
YSC1790169415 Case Was Received
YSC1790169416 Case Was Received
YSC1790169417 Notice Was Returned To USCIS Because The Post Office Could Not Deliver It
YSC1790169418 Case Was Received
YSC1790169419 Case Was Received
YSC1790169420 Case Was Received
YSC1790169421 Case Was Received
YSC1790169422 Case Was Received
YSC1790169423 Case Was Received
YSC1790169424 Card Was Mailed To Me
YSC1790169425 Card Was Mailed To Me
YSC1790169426 Case Was Received
YSC1790169427 Card Was Mailed To Me
YSC1790169428 Case Was Received
YSC1790169429 Case Was Received
YSC1790169430 Case Was Received
YSC1790169431 Case Was Received
YSC1790169432 Case Was Received
YSC1790169433 Case Was Received
YSC1790169434 Case Was Received
YSC1790169435 New Card Is Being Produced
YSC1790169436 Case Was Received
YSC1790169437 Card Was Mailed To Me
YSC1790169438 New Card Is Being Produced
YSC1790169439 Case Was Received
YSC1790169440 Case Was Received
YSC1790169441 Case Was Received
YSC1790169442 New Card Is Being Produced
YSC1790169443 Case Was Received
YSC1790169444 Card Was Mailed To Me
YSC1790169445 Case Was Received
YSC1790169446 Case Was Received
YSC1790169447 Case Was Received
YSC1790169448 Card Was Mailed To Me
YSC1790169449 New Card Is Being Produced
YSC1790169450 Card Was Mailed To Me
YSC1790169451 Case Was Received
YSC1790169452 New Card Is Being Produced
YSC1790169453 Card Was Mailed To Me
YSC1790169454 Case Was Received
YSC1790169455 Case Was Received
YSC1790169456 Case Was Received
YSC1790169457 Case Was Received
YSC1790169458 Case Was Received
YSC1790169459 Case Was Received
YSC1790169460 Card Was Mailed To Me
YSC1790169461 Case Was Received
YSC1790169462 Card Was Mailed To Me
YSC1790169463 Case Was Received
YSC1790169464 Card Was Mailed To Me
YSC1790169465 Case Was Received
YSC1790169466 Card Was Mailed To Me
YSC1790169467 Case Was Received
YSC1790169468 Card Was Mailed To Me
YSC1790169469 Case Was Received
YSC1790169470 Card Was Mailed To Me
YSC1790169471 Case Was Received
YSC1790169472 Case Was Received
YSC1790169473 Case Was Received
YSC1790169474 Case Was Received
YSC1790169475 Case Was Received
YSC1790169476 Case Was Received
YSC1790169477 Case Was Approved
YSC1790169478 Card Was Mailed To Me
YSC1790169479 Case Was Received
YSC1790169480 Case Was Received
YSC1790169481 Request for Initial Evidence Was Mailed
YSC1790169482 Case Was Received
YSC1790169483 Case Was Approved
YSC1790169484 Card Was Mailed To Me
YSC1790169485 Case Was Received
YSC1790169486 New Card Is Being Produced
YSC1790169487 New Card Is Being Produced
YSC1790169488 Case Was Received
YSC1790169489 Case Was Received
YSC1790169490 Case Was Received
YSC1790169491 Case Was Received
YSC1790169492 Case Was Received
YSC1790169493 Card Was Mailed To Me
YSC1790169494 Case Was Received
YSC1790169495 Case Was Received
YSC1790169496 Case Was Received
YSC1790169497 Card Was Mailed To Me
YSC1790169498 New Card Is Being Produced
YSC1790169499 New Card Is Being Produced
YSC1790169500 Case Was Received
