YSC1790163000 New Card Is Being Produced
YSC1790163001 Case Was Received
YSC1790163002 New Card Is Being Produced
YSC1790163003 New Card Is Being Produced
YSC1790163004 New Card Is Being Produced
YSC1790163005 New Card Is Being Produced
YSC1790163006 Card Was Mailed To Me
YSC1790163007 Card Was Mailed To Me
YSC1790163008 Card Was Mailed To Me
YSC1790163009 Card Was Mailed To Me
YSC1790163010 Card Was Mailed To Me
YSC1790163011 Card Was Mailed To Me
YSC1790163012 New Card Is Being Produced
YSC1790163013 Card Was Mailed To Me
YSC1790163014 Card Was Mailed To Me
YSC1790163015 Card Was Mailed To Me
YSC1790163016 Card Was Mailed To Me
YSC1790163017 Card Was Mailed To Me
YSC1790163018 Case Was Received
YSC1790163019 Request for Initial Evidence Was Mailed
YSC1790163020 Card Was Mailed To Me
YSC1790163021 Card Was Mailed To Me
YSC1790163022 Card Was Mailed To Me
YSC1790163023 Card Was Mailed To Me
YSC1790163024 Card Was Mailed To Me
YSC1790163025 Card Was Mailed To Me
YSC1790163026 Card Was Mailed To Me
YSC1790163027 Card Was Mailed To Me
YSC1790163028 Card Was Mailed To Me
YSC1790163029 Card Was Mailed To Me
YSC1790163030 New Card Is Being Produced
YSC1790163031 Card Was Mailed To Me
YSC1790163032 Name Was Updated
YSC1790163033 Card Was Mailed To Me
YSC1790163034 Case Was Received
YSC1790163035 Decision Notice Mailed
YSC1790163036 Case Was Received
YSC1790163037 Card Was Mailed To Me
YSC1790163038 Card Was Mailed To Me
YSC1790163039 Card Was Mailed To Me
YSC1790163040 Card Was Mailed To Me
YSC1790163041 New Card Is Being Produced
YSC1790163042 Case Was Received
YSC1790163043 Card Was Mailed To Me
YSC1790163044 Case Was Received
YSC1790163045 Card Was Mailed To Me
YSC1790163046 Card Was Mailed To Me
YSC1790163047 Card Was Mailed To Me
YSC1790163048 Card Was Mailed To Me
YSC1790163049 Case Was Received
YSC1790163050 Case Was Received
YSC1790163051 Case Was Received
YSC1790163052 Card Was Mailed To Me
YSC1790163053 Card Was Mailed To Me
YSC1790163054 Card Was Mailed To Me
YSC1790163055 Card Was Mailed To Me
YSC1790163056 Card Was Mailed To Me
YSC1790163057 Card Was Mailed To Me
YSC1790163058 Card Was Mailed To Me
YSC1790163059 Case Was Received
YSC1790163060 Card Was Mailed To Me
YSC1790163061 Card Was Mailed To Me
YSC1790163062 Case Was Received
YSC1790163063 Case Was Received
YSC1790163064 Card Was Mailed To Me
YSC1790163065 Case Was Received
YSC1790163066 Card Was Mailed To Me
YSC1790163067 Case Was Received
YSC1790163068 Case Was Received
YSC1790163069 Card Was Mailed To Me
YSC1790163070 Card Was Mailed To Me
YSC1790163071 Case Was Received
YSC1790163072 Card Was Mailed To Me
YSC1790163073 Card Was Mailed To Me
YSC1790163074 Card Was Mailed To Me
YSC1790163075 Card Was Mailed To Me
YSC1790163076 Card Was Mailed To Me
YSC1790163077 Case Was Received
YSC1790163078 Card Was Mailed To Me
YSC1790163079 Card Was Mailed To Me
YSC1790163080 Card Was Mailed To Me
YSC1790163081 Card Was Mailed To Me
YSC1790163082 Card Was Mailed To Me
YSC1790163083 New Card Is Being Produced
YSC1790163084 Card Was Mailed To Me
YSC1790163085 Request for Initial Evidence Was Mailed
YSC1790163086 Card Was Mailed To Me
YSC1790163087 Case Was Received
YSC1790163088 Card Was Mailed To Me
YSC1790163089 Case Was Received
YSC1790163090 Card Was Mailed To Me
YSC1790163091 Card Was Mailed To Me
YSC1790163092 New Card Is Being Produced
YSC1790163093 Notice Was Returned To USCIS Because The Post Office Could Not Deliver It
YSC1790163094 Card Was Mailed To Me
YSC1790163095 Case Was Approved
YSC1790163096 Case Was Received
YSC1790163097 Card Was Mailed To Me
YSC1790163098 Card Was Mailed To Me
YSC1790163099 Card Was Mailed To Me
YSC1790163100 Card Was Mailed To Me
YSC1790163101 Card Was Mailed To Me
YSC1790163102 New Card Is Being Produced
YSC1790163103 Card Was Mailed To Me
YSC1790163104 Card Was Mailed To Me
YSC1790163105 Card Was Mailed To Me
YSC1790163106 Card Was Mailed To Me
YSC1790163107 Name Was Updated
YSC1790163108 Card Was Mailed To Me
YSC1790163109 Card Was Mailed To Me
YSC1790163110 Withdrawal Acknowledgement Notice Was Sent
YSC1790163111 Card Was Mailed To Me
YSC1790163112 Card Was Mailed To Me
YSC1790163113 Card Was Mailed To Me
YSC1790163114 New Card Is Being Produced
YSC1790163115 Card Was Mailed To Me
YSC1790163116 Card Was Mailed To Me
YSC1790163117 Card Was Mailed To Me
YSC1790163118 Card Was Mailed To Me
YSC1790163119 Card Was Mailed To Me
YSC1790163120 New Card Is Being Produced
YSC1790163121 Card Was Mailed To Me
YSC1790163122 Case Was Received
YSC1790163123 Case Was Received
YSC1790163124 Card Was Mailed To Me
YSC1790163125 Case Was Approved
YSC1790163126 Case Was Received
YSC1790163127 Card Was Mailed To Me
YSC1790163128 Case Was Received
YSC1790163129 Card Was Mailed To Me
YSC1790163130 Case Was Received
YSC1790163131 Card Was Mailed To Me
YSC1790163132 Card Was Mailed To Me
YSC1790163133 Card Was Mailed To Me
YSC1790163134 Case Was Approved
YSC1790163135 Card Was Mailed To Me
YSC1790163136 Case Was Received
YSC1790163137 Card Was Mailed To Me
YSC1790163138 Card Was Mailed To Me
YSC1790163139 Case Was Received
YSC1790163140 Case Was Received
YSC1790163141 Card Was Mailed To Me
YSC1790163142 Case Was Received
YSC1790163143 New Card Is Being Produced
YSC1790163144 Card Was Mailed To Me
YSC1790163145 Card Was Mailed To Me
YSC1790163146 New Card Is Being Produced
YSC1790163147 Card Was Mailed To Me
YSC1790163148 Request for Additional Evidence Was Mailed
YSC1790163149 Card Was Mailed To Me
YSC1790163150 Case Was Approved
YSC1790163151 Decision Notice Mailed
YSC1790163152 Card Was Mailed To Me
YSC1790163153 New Card Is Being Produced
YSC1790163154 Card Was Mailed To Me
YSC1790163155 Card Was Mailed To Me
YSC1790163156 Card Was Mailed To Me
YSC1790163157 Card Was Mailed To Me
YSC1790163158 Card Was Mailed To Me
YSC1790163159 Card Was Mailed To Me
YSC1790163160 Card Was Mailed To Me
YSC1790163161 Card Was Mailed To Me
YSC1790163162 Card Was Mailed To Me
YSC1790163163 Card Was Mailed To Me
YSC1790163164 Card Was Mailed To Me
YSC1790163165 Card Was Mailed To Me
YSC1790163166 Card Was Mailed To Me
YSC1790163167 Card Was Mailed To Me
YSC1790163168 Card Was Mailed To Me
YSC1790163169 Card Was Mailed To Me
YSC1790163170 Card Was Mailed To Me
YSC1790163171 Card Was Mailed To Me
YSC1790163172 Card Was Mailed To Me
YSC1790163173 Card Was Mailed To Me
YSC1790163174 Card Was Mailed To Me
YSC1790163175 Card Was Mailed To Me
YSC1790163176 Card Was Mailed To Me
YSC1790163177 Card Was Mailed To Me
YSC1790163178 Card Was Mailed To Me
YSC1790163179 Card Was Mailed To Me
YSC1790163180 Card Was Mailed To Me
YSC1790163181 Name Was Updated
YSC1790163182 Card Was Mailed To Me
YSC1790163183 Case Was Received
YSC1790163184 Card Was Mailed To Me
YSC1790163185 Case Was Received
YSC1790163186 Card Was Mailed To Me
YSC1790163187 Card Was Mailed To Me
YSC1790163188 Card Was Mailed To Me
YSC1790163189 New Card Is Being Produced
YSC1790163190 Case Was Received
YSC1790163191 New Card Is Being Produced
YSC1790163192 Card Was Mailed To Me
YSC1790163193 New Card Is Being Produced
YSC1790163194 Case Was Received
YSC1790163195 Case Was Received
YSC1790163196 Case Was Received
YSC1790163197 New Card Is Being Produced
YSC1790163198 Card Was Mailed To Me
YSC1790163199 Case Was Received
YSC1790163200 Case Was Received
YSC1790163201 Case Was Received
YSC1790163202 Card Was Mailed To Me
YSC1790163203 New Card Is Being Produced
YSC1790163204 Card Was Mailed To Me
YSC1790163205 Case Was Received
YSC1790163206 Card Was Mailed To Me
YSC1790163207 Case Was Received
YSC1790163208 Card Was Mailed To Me
YSC1790163209 Name Was Updated
YSC1790163210 Card Was Mailed To Me
YSC1790163211 Card Was Mailed To Me
YSC1790163212 Card Was Mailed To Me
YSC1790163213 Card Was Mailed To Me
YSC1790163214 Card Was Mailed To Me
YSC1790163215 Case Was Approved
YSC1790163216 Case Was Received
YSC1790163217 Case Was Received
YSC1790163218 Card Was Mailed To Me
YSC1790163219 Card Was Mailed To Me
YSC1790163220 Card Was Mailed To Me
YSC1790163221 Card Was Mailed To Me
YSC1790163222 Card Was Mailed To Me
YSC1790163223 Card Was Mailed To Me
YSC1790163224 Card Was Mailed To Me
YSC1790163225 Case Was Received
YSC1790163226 Request for Initial Evidence Was Mailed
YSC1790163227 Card Was Mailed To Me
YSC1790163228 Card Was Mailed To Me
YSC1790163229 Request for Initial Evidence Was Mailed
YSC1790163230 Request for Additional Evidence Was Mailed
YSC1790163231 Card Was Mailed To Me
YSC1790163232 Card Was Mailed To Me
YSC1790163233 Card Was Mailed To Me
YSC1790163234 Card Was Mailed To Me
YSC1790163235 Card Was Mailed To Me
YSC1790163236 New Card Is Being Produced
YSC1790163237 Case Was Received
YSC1790163238 Correspondence Was Received And USCIS Is Reviewing It
YSC1790163239 Card Was Mailed To Me
YSC1790163240 Card Was Mailed To Me
YSC1790163241 Case Was Received
YSC1790163242 Case Was Received
YSC1790163243 Case Was Received
YSC1790163244 Case Was Received
YSC1790163245 Card Was Mailed To Me
YSC1790163246 Card Was Mailed To Me
YSC1790163247 Card Was Mailed To Me
YSC1790163248 Case Was Received
YSC1790163249 Card Was Mailed To Me
YSC1790163250 Card Was Mailed To Me
YSC1790163251 Case Was Received
YSC1790163252 Card Was Mailed To Me
YSC1790163253 Card Was Mailed To Me
YSC1790163254 Card Was Mailed To Me
YSC1790163255 Card Was Mailed To Me
YSC1790163256 Case Was Received
YSC1790163257 Card Was Mailed To Me
YSC1790163258 Case Was Received
YSC1790163259 Case Was Received
YSC1790163260 Card Was Mailed To Me
YSC1790163261 Case Was Received
YSC1790163262 Card Was Mailed To Me
YSC1790163263 Card Was Mailed To Me
YSC1790163264 Case Was Received
YSC1790163265 Card Was Mailed To Me
YSC1790163266 Case Was Received
YSC1790163267 Card Was Mailed To Me
YSC1790163268 Card Was Mailed To Me
YSC1790163269 Case Was Received
YSC1790163270 Case Was Received
YSC1790163271 Card Was Mailed To Me
YSC1790163272 Card Was Mailed To Me
YSC1790163273 Card Was Mailed To Me
YSC1790163274 Card Was Mailed To Me
YSC1790163275 New Card Is Being Produced
YSC1790163276 Case Was Rejected Because It Was Improperly Filed
YSC1790163277 New Card Is Being Produced
YSC1790163278 Case Was Received
YSC1790163279 Card Was Mailed To Me
YSC1790163280 Case Was Received
YSC1790163281 Case Was Received
YSC1790163282 Card Was Mailed To Me
YSC1790163283 Card Was Mailed To Me
YSC1790163284 Card Was Mailed To Me
YSC1790163285 Card Was Mailed To Me
YSC1790163286 Card Was Mailed To Me
YSC1790163287 Card Was Mailed To Me
YSC1790163288 Card Was Mailed To Me
YSC1790163289 Card Was Mailed To Me
YSC1790163290 Case Was Received
YSC1790163291 Card Was Mailed To Me
YSC1790163292 Card Was Mailed To Me
YSC1790163293 New Card Is Being Produced
YSC1790163294 Case Was Received
YSC1790163295 Card Was Mailed To Me
YSC1790163296 Case Was Received
YSC1790163297 Card Was Mailed To Me
YSC1790163298 Case Was Received
YSC1790163299 Case Was Received
YSC1790163300 Case Was Received
YSC1790163301 Case Was Received
YSC1790163302 Case Was Received
YSC1790163303 Case Was Received
YSC1790163304 Case Was Received
YSC1790163305 Case Was Received
YSC1790163306 Case Was Received
YSC1790163307 Name Was Updated
YSC1790163308 Case Was Received
YSC1790163309 Case Was Received
YSC1790163310 Case Was Received
YSC1790163311 Name Was Updated
YSC1790163312 Case Was Received
YSC1790163313 Case Was Received
YSC1790163314 Case Was Received
YSC1790163315 Case Was Received
YSC1790163316 Case Was Received
YSC1790163317 Case Was Received
YSC1790163318 Case Was Received
YSC1790163319 Case Was Received
YSC1790163320 Case Was Received
YSC1790163321 Case Was Received
YSC1790163322 Case Was Received
YSC1790163323 Card Was Mailed To Me
YSC1790163324 Card Was Mailed To Me
YSC1790163325 New Card Is Being Produced
YSC1790163326 Card Was Mailed To Me
YSC1790163327 New Card Is Being Produced
YSC1790163328 New Card Is Being Produced
YSC1790163329 Card Was Mailed To Me
YSC1790163330 Case Was Received
YSC1790163331 Card Was Mailed To Me
YSC1790163332 Case Was Received
YSC1790163333 New Card Is Being Produced
YSC1790163334 Card Was Mailed To Me
YSC1790163335 Case Was Received
YSC1790163336 Card Was Mailed To Me
YSC1790163337 Card Was Mailed To Me
YSC1790163338 Case Was Received
YSC1790163339 Case Was Received
YSC1790163340 Card Was Mailed To Me
YSC1790163341 Card Was Mailed To Me
YSC1790163342 Card Was Mailed To Me
YSC1790163343 Card Was Mailed To Me
YSC1790163344 Card Was Mailed To Me
YSC1790163345 Case Was Received
YSC1790163346 Card Was Mailed To Me
YSC1790163347 Card Was Mailed To Me
YSC1790163348 Card Was Mailed To Me
YSC1790163349 Correspondence Was Received And USCIS Is Reviewing It
YSC1790163350 Card Was Mailed To Me
YSC1790163351 Card Was Mailed To Me
YSC1790163352 Card Was Mailed To Me
YSC1790163353 New Card Is Being Produced
YSC1790163354 Case Was Received
YSC1790163355 Card Was Mailed To Me
YSC1790163356 Card Was Mailed To Me
YSC1790163357 New Card Is Being Produced
YSC1790163358 Request for Initial Evidence Was Mailed
YSC1790163359 Case Was Received
YSC1790163360 Card Was Mailed To Me
YSC1790163361 Card Was Mailed To Me
YSC1790163362 Card Was Mailed To Me
YSC1790163363 Card Was Mailed To Me
YSC1790163364 Card Was Mailed To Me
YSC1790163365 Card Was Mailed To Me
YSC1790163366 Card Was Mailed To Me
YSC1790163367 Card Was Mailed To Me
YSC1790163368 Card Was Mailed To Me
YSC1790163369 New Card Is Being Produced
YSC1790163370 Decision Notice Mailed
YSC1790163371 New Card Is Being Produced
YSC1790163372 Case Was Received
YSC1790163373 Card Was Mailed To Me
YSC1790163374 Card Was Mailed To Me
YSC1790163375 Request for Initial Evidence Was Mailed
YSC1790163376 Card Was Mailed To Me
YSC1790163377 Card Was Mailed To Me
YSC1790163378 Card Was Mailed To Me
YSC1790163379 Card Was Mailed To Me
YSC1790163380 Card Was Mailed To Me
YSC1790163381 New Card Is Being Produced
YSC1790163382 Card Was Mailed To Me
YSC1790163383 Card Was Mailed To Me
YSC1790163384 Case Was Received
YSC1790163385 New Card Is Being Produced
YSC1790163386 Card Was Mailed To Me
YSC1790163387 Card Was Mailed To Me
YSC1790163388 Case Was Received
YSC1790163389 Card Was Mailed To Me
YSC1790163390 Card Was Mailed To Me
YSC1790163391 Case Was Received
YSC1790163392 Case Was Received
YSC1790163393 Case Was Received
YSC1790163394 Case Was Received
YSC1790163395 Correspondence Was Received And USCIS Is Reviewing It
YSC1790163396 Case Was Received
YSC1790163397 Case Was Received
YSC1790163398 Case Was Received
YSC1790163399 Case Was Received
YSC1790163400 Case Was Received
YSC1790163401 Case Was Received
YSC1790163402 Case Was Received
YSC1790163403 Case Was Received
YSC1790163404 Case Was Received
YSC1790163405 Case Was Received
YSC1790163406 Case Was Received
YSC1790163407 Case Was Received
YSC1790163408 Case Was Received
YSC1790163409 Case Was Received
YSC1790163410 Case Was Received
YSC1790163411 Card Was Mailed To Me
YSC1790163412 Case Was Received
YSC1790163413 Card Was Mailed To Me
YSC1790163414 Card Was Mailed To Me
YSC1790163415 Correspondence Was Received And USCIS Is Reviewing It
YSC1790163416 Card Was Mailed To Me
YSC1790163417 Card Was Mailed To Me
YSC1790163418 Card Was Mailed To Me
YSC1790163419 Case Was Received
YSC1790163420 Case Was Received
YSC1790163421 Case Was Received
YSC1790163422 Card Was Mailed To Me
YSC1790163423 Card Was Mailed To Me
YSC1790163424 Card Was Mailed To Me
YSC1790163425 Card Was Mailed To Me
YSC1790163426 Card Was Mailed To Me
YSC1790163427 Card Was Mailed To Me
YSC1790163428 Card Was Mailed To Me
YSC1790163429 Card Was Mailed To Me
YSC1790163430 Card Was Mailed To Me
YSC1790163431 New Card Is Being Produced
YSC1790163432 Card Was Mailed To Me
YSC1790163433 Card Was Mailed To Me
YSC1790163434 Card Was Mailed To Me
YSC1790163435 Card Was Mailed To Me
YSC1790163436 Case Was Received
YSC1790163437 Card Was Mailed To Me
YSC1790163438 Case Was Received
YSC1790163439 Case Was Received
YSC1790163440 Card Was Mailed To Me
YSC1790163441 Card Was Mailed To Me
YSC1790163442 Card Was Mailed To Me
YSC1790163443 New Card Is Being Produced
YSC1790163444 Card Was Mailed To Me
YSC1790163445 Case Was Received
YSC1790163446 Case Was Received
YSC1790163447 Case Was Received
YSC1790163448 Card Was Mailed To Me
YSC1790163449 New Card Is Being Produced
YSC1790163450 Card Was Mailed To Me
YSC1790163451 Card Was Mailed To Me
YSC1790163452 Case Was Received
YSC1790163453 Card Was Mailed To Me
YSC1790163454 Card Was Mailed To Me
YSC1790163455 New Card Is Being Produced
YSC1790163456 New Card Is Being Produced
YSC1790163457 Card Was Mailed To Me
YSC1790163458 Card Was Mailed To Me
YSC1790163459 Card Was Mailed To Me
YSC1790163460 Card Was Mailed To Me
YSC1790163461 Card Was Mailed To Me
YSC1790163462 Case Was Received
YSC1790163463 Card Was Mailed To Me
YSC1790163464 Name Was Updated
YSC1790163465 New Card Is Being Produced
YSC1790163466 New Card Is Being Produced
YSC1790163467 Card Was Mailed To Me
YSC1790163468 New Card Is Being Produced
YSC1790163469 Card Was Mailed To Me
YSC1790163470 New Card Is Being Produced
YSC1790163471 Card Was Mailed To Me
YSC1790163472 New Card Is Being Produced
YSC1790163473 New Card Is Being Produced
YSC1790163474 New Card Is Being Produced
YSC1790163475 New Card Is Being Produced
YSC1790163476 Case Was Received
YSC1790163477 New Card Is Being Produced
YSC1790163478 Card Was Mailed To Me
YSC1790163479 Card Was Mailed To Me
YSC1790163480 Card Was Mailed To Me
YSC1790163481 Card Was Mailed To Me
YSC1790163482 New Card Is Being Produced
YSC1790163483 Case Was Received
YSC1790163484 Card Was Mailed To Me
YSC1790163485 Card Was Mailed To Me
YSC1790163486 Case Was Received
YSC1790163487 Decision Notice Mailed
YSC1790163488 Card Was Mailed To Me
YSC1790163489 Card Was Mailed To Me
YSC1790163490 Card Was Mailed To Me
YSC1790163491 Card Was Mailed To Me
YSC1790163492 Card Was Mailed To Me
YSC1790163493 Case Was Received
YSC1790163494 Card Was Mailed To Me
YSC1790163495 Case Was Received
YSC1790163496 Card Was Mailed To Me
YSC1790163497 Card Was Mailed To Me
YSC1790163498 Card Was Mailed To Me
YSC1790163499 Card Was Mailed To Me
YSC1790163500 Case Was Received
