YSC1790167500 Case Was Received
YSC1790167501 Case Was Received
YSC1790167502 Case Was Received
YSC1790167503 Case Was Received
YSC1790167504 Case Was Received
YSC1790167505 New Card Is Being Produced
YSC1790167506 New Card Is Being Produced
YSC1790167507 Case Was Approved
YSC1790167508 Case Was Received
YSC1790167509 New Card Is Being Produced
YSC1790167510 Card Was Mailed To Me
YSC1790167511 Case Was Approved
YSC1790167512 Case Was Received
YSC1790167513 Case Was Received
YSC1790167514 Card Was Mailed To Me
YSC1790167515 Case Was Received
YSC1790167516 Card Was Mailed To Me
YSC1790167517 Card Was Mailed To Me
YSC1790167518 Card Was Mailed To Me
YSC1790167519 Card Was Mailed To Me
YSC1790167520 Card Was Mailed To Me
YSC1790167521 Card Was Mailed To Me
YSC1790167522 New Card Is Being Produced
YSC1790167523 Case Was Received
YSC1790167524 Case Was Received
YSC1790167525 New Card Is Being Produced
YSC1790167526 Card Was Mailed To Me
YSC1790167527 Case Was Received
YSC1790167528 New Card Is Being Produced
YSC1790167529 Case Was Received
YSC1790167530 Case Was Received
YSC1790167531 New Card Is Being Produced
YSC1790167532 Card Was Mailed To Me
YSC1790167533 Card Was Mailed To Me
YSC1790167534 New Card Is Being Produced
YSC1790167535 Card Was Mailed To Me
YSC1790167536 New Card Is Being Produced
YSC1790167537 Card Was Mailed To Me
YSC1790167538 New Card Is Being Produced
YSC1790167539 Card Was Mailed To Me
YSC1790167540 New Card Is Being Produced
YSC1790167541 Card Was Mailed To Me
YSC1790167542 Case Was Received
YSC1790167543 Case Was Received
YSC1790167544 Card Was Mailed To Me
YSC1790167545 Case Was Received
YSC1790167546 Card Was Mailed To Me
YSC1790167547 Card Was Mailed To Me
YSC1790167548 New Card Is Being Produced
YSC1790167549 Case Was Received
YSC1790167550 Case Was Received
YSC1790167551 Case Was Received
YSC1790167552 New Card Is Being Produced
YSC1790167553 Case Was Received
YSC1790167554 Card Was Mailed To Me
YSC1790167555 Card Was Mailed To Me
YSC1790167556 New Card Is Being Produced
YSC1790167557 New Card Is Being Produced
YSC1790167558 Case Was Received
YSC1790167559 Case Was Received
YSC1790167560 New Card Is Being Produced
YSC1790167561 New Card Is Being Produced
YSC1790167562 Case Was Received
YSC1790167563 Case Was Received
YSC1790167564 Case Was Received
YSC1790167565 Case Was Received
YSC1790167566 Card Was Mailed To Me
YSC1790167567 Case Was Received
YSC1790167568 New Card Is Being Produced
YSC1790167569 Card Was Mailed To Me
YSC1790167570 Card Was Mailed To Me
YSC1790167571 Case Was Received
YSC1790167572 Case Was Received
YSC1790167573 Case Was Approved
YSC1790167574 Card Was Mailed To Me
YSC1790167575 Case Was Approved
YSC1790167576 Card Was Mailed To Me
YSC1790167577 Case Was Approved
YSC1790167578 Case Was Received
YSC1790167579 New Card Is Being Produced
YSC1790167580 Case Was Received
YSC1790167581 Case Was Received
YSC1790167582 New Card Is Being Produced
YSC1790167583 Case Was Received
YSC1790167584 New Card Is Being Produced
YSC1790167585 Card Was Mailed To Me
YSC1790167586 Case Was Approved
YSC1790167587 Card Was Mailed To Me
YSC1790167588 New Card Is Being Produced
YSC1790167589 Case Was Received
YSC1790167590 New Card Is Being Produced
YSC1790167591 Case Was Received
YSC1790167592 Case Was Received
YSC1790167593 Notice Was Returned To USCIS Because The Post Office Could Not Deliver It
YSC1790167594 Card Was Mailed To Me
YSC1790167595 Case Was Received
YSC1790167596 Case Was Received
YSC1790167597 Case Was Received
YSC1790167598 Card Was Mailed To Me
YSC1790167599 Card Was Mailed To Me
YSC1790167600 Card Was Mailed To Me
YSC1790167601 Case Was Received
YSC1790167602 Case Was Received
YSC1790167603 Card Was Mailed To Me
YSC1790167604 New Card Is Being Produced
YSC1790167605 New Card Is Being Produced
YSC1790167606 Card Was Mailed To Me
YSC1790167607 Case Was Approved
YSC1790167608 Card Was Mailed To Me
YSC1790167609 Card Was Mailed To Me
YSC1790167610 New Card Is Being Produced
YSC1790167611 Case Was Received
YSC1790167612 Card Was Mailed To Me
YSC1790167613 New Card Is Being Produced
YSC1790167614 Card Was Mailed To Me
YSC1790167615 Card Was Mailed To Me
YSC1790167616 New Card Is Being Produced
YSC1790167617 Case Was Received
YSC1790167618 Card Was Mailed To Me
YSC1790167619 New Card Is Being Produced
YSC1790167620 Card Was Mailed To Me
YSC1790167621 Case Was Received
YSC1790167622 Card Was Mailed To Me
YSC1790167623 Card Was Mailed To Me
YSC1790167624 Card Was Mailed To Me
YSC1790167625 Card Was Mailed To Me
YSC1790167626 Card Was Mailed To Me
YSC1790167627 Case Was Received
YSC1790167628 Case Was Received
YSC1790167629 Card Was Mailed To Me
YSC1790167630 Case Was Received
YSC1790167631 New Card Is Being Produced
YSC1790167632 Card Was Mailed To Me
YSC1790167633 Card Was Mailed To Me
YSC1790167634 Card Was Mailed To Me
YSC1790167635 Case Was Received
YSC1790167636 Card Was Mailed To Me
YSC1790167637 Card Was Mailed To Me
YSC1790167638 Card Was Mailed To Me
YSC1790167639 Case Was Received
YSC1790167640 Case Was Received
YSC1790167641 New Card Is Being Produced
YSC1790167642 New Card Is Being Produced
YSC1790167643 New Card Is Being Produced
YSC1790167644 New Card Is Being Produced
YSC1790167645 New Card Is Being Produced
YSC1790167646 New Card Is Being Produced
YSC1790167647 Card Was Mailed To Me
YSC1790167648 New Card Is Being Produced
YSC1790167649 Card Was Mailed To Me
YSC1790167650 Case Was Received
YSC1790167651 New Card Is Being Produced
YSC1790167652 New Card Is Being Produced
YSC1790167653 Case Was Received
YSC1790167654 New Card Is Being Produced
YSC1790167655 New Card Is Being Produced
YSC1790167656 Case Was Received
YSC1790167657 Case Was Received
YSC1790167658 New Card Is Being Produced
YSC1790167659 Case Was Received
YSC1790167660 Card Was Mailed To Me
YSC1790167661 Card Was Mailed To Me
YSC1790167662 Card Was Mailed To Me
YSC1790167663 New Card Is Being Produced
YSC1790167664 Card Was Mailed To Me
YSC1790167665 Case Was Received
YSC1790167666 New Card Is Being Produced
YSC1790167667 Case Was Received
YSC1790167668 New Card Is Being Produced
YSC1790167669 Case Was Received
YSC1790167670 Case Was Received
YSC1790167671 Case Was Received
YSC1790167672 New Card Is Being Produced
YSC1790167673 New Card Is Being Produced
YSC1790167674 Card Was Mailed To Me
YSC1790167675 Case Was Received
YSC1790167676 Card Was Mailed To Me
YSC1790167677 Card Was Mailed To Me
YSC1790167678 Case Was Received
YSC1790167679 Card Was Mailed To Me
YSC1790167680 Card Was Mailed To Me
YSC1790167681 New Card Is Being Produced
YSC1790167682 New Card Is Being Produced
YSC1790167683 New Card Is Being Produced
YSC1790167684 New Card Is Being Produced
YSC1790167685 Case Was Received
YSC1790167686 Card Was Mailed To Me
YSC1790167687 Case Was Received
YSC1790167688 Card Was Mailed To Me
YSC1790167689 Card Was Mailed To Me
YSC1790167690 Card Was Mailed To Me
YSC1790167691 New Card Is Being Produced
YSC1790167692 Card Was Mailed To Me
YSC1790167693 Case Was Approved
YSC1790167694 Card Was Mailed To Me
YSC1790167695 New Card Is Being Produced
YSC1790167696 Case Was Received
YSC1790167697 New Card Is Being Produced
YSC1790167698 Card Was Mailed To Me
YSC1790167699 New Card Is Being Produced
YSC1790167700 New Card Is Being Produced
YSC1790167701 Case Was Received
YSC1790167702 Case Was Received
YSC1790167703 Card Was Mailed To Me
YSC1790167704 Case Was Received
YSC1790167705 Case Was Received
YSC1790167706 Case Was Received
YSC1790167707 Case Was Received
YSC1790167708 Case Was Received
YSC1790167709 Card Was Mailed To Me
YSC1790167710 Card Was Mailed To Me
YSC1790167711 Case Was Received
YSC1790167712 Case Was Received
YSC1790167713 Card Was Mailed To Me
YSC1790167714 Case Was Received
YSC1790167715 New Card Is Being Produced
YSC1790167716 Card Was Mailed To Me
YSC1790167717 New Card Is Being Produced
YSC1790167718 Case Was Received
YSC1790167719 Case Was Approved
YSC1790167720 Card Was Mailed To Me
YSC1790167721 Case Was Received
YSC1790167722 Card Was Mailed To Me
YSC1790167723 New Card Is Being Produced
YSC1790167724 Card Was Mailed To Me
YSC1790167725 Card Was Mailed To Me
YSC1790167726 Card Was Mailed To Me
YSC1790167727 Case Was Received
YSC1790167728 Card Was Mailed To Me
YSC1790167729 New Card Is Being Produced
YSC1790167730 New Card Is Being Produced
YSC1790167731 Case Was Received
YSC1790167732 Case Was Received
YSC1790167733 Case Was Received
YSC1790167734 Withdrawal Acknowledgement Notice Was Sent
YSC1790167735 Card Was Mailed To Me
YSC1790167736 Card Was Mailed To Me
YSC1790167737 New Card Is Being Produced
YSC1790167738 Case Was Received
YSC1790167739 Case Was Received
YSC1790167740 Case Was Received
YSC1790167741 New Card Is Being Produced
YSC1790167742 New Card Is Being Produced
YSC1790167743 New Card Is Being Produced
YSC1790167744 New Card Is Being Produced
YSC1790167745 Card Was Mailed To Me
YSC1790167746 Case Was Received
YSC1790167747 Card Was Mailed To Me
YSC1790167748 New Card Is Being Produced
YSC1790167749 Case Was Received
YSC1790167750 Card Was Mailed To Me
YSC1790167751 Case Was Received
YSC1790167752 Card Was Mailed To Me
YSC1790167753 New Card Is Being Produced
YSC1790167754 New Card Is Being Produced
YSC1790167755 Case Was Received
YSC1790167756 Case Was Received
YSC1790167757 Case Was Received
YSC1790167758 Card Was Mailed To Me
YSC1790167759 Card Was Mailed To Me
YSC1790167760 New Card Is Being Produced
YSC1790167761 Card Was Mailed To Me
YSC1790167762 Case Was Received
YSC1790167763 Case Was Approved
YSC1790167764 Card Was Mailed To Me
YSC1790167765 Card Was Mailed To Me
YSC1790167766 New Card Is Being Produced
YSC1790167767 Case Was Received
YSC1790167768 Case Was Received
YSC1790167769 Card Was Mailed To Me
YSC1790167770 Card Was Mailed To Me
YSC1790167771 Card Was Mailed To Me
YSC1790167772 Case Was Received
YSC1790167773 Card Was Mailed To Me
YSC1790167774 Card Was Mailed To Me
YSC1790167775 Case Was Received
YSC1790167776 Case Was Received
YSC1790167777 Case Was Received
YSC1790167778 Case Was Received
YSC1790167779 Case Was Received
YSC1790167780 New Card Is Being Produced
YSC1790167781 New Card Is Being Produced
YSC1790167782 New Card Is Being Produced
YSC1790167783 New Card Is Being Produced
YSC1790167784 New Card Is Being Produced
YSC1790167785 New Card Is Being Produced
YSC1790167786 Card Was Mailed To Me
YSC1790167787 New Card Is Being Produced
YSC1790167788 Card Was Mailed To Me
YSC1790167789 Card Was Mailed To Me
YSC1790167790 Case Was Received
YSC1790167791 Card Was Mailed To Me
YSC1790167792 Card Was Mailed To Me
YSC1790167793 Request for Initial Evidence Was Mailed
YSC1790167794 Case Was Approved
YSC1790167795 New Card Is Being Produced
YSC1790167796 Case Was Received
YSC1790167797 Card Was Mailed To Me
YSC1790167798 New Card Is Being Produced
YSC1790167799 New Card Is Being Produced
YSC1790167800 Card Was Mailed To Me
YSC1790167801 Card Was Mailed To Me
YSC1790167802 Card Was Mailed To Me
YSC1790167803 Card Was Mailed To Me
YSC1790167804 Case Was Received
YSC1790167805 New Card Is Being Produced
YSC1790167806 New Card Is Being Produced
YSC1790167807 New Card Is Being Produced
YSC1790167808 New Card Is Being Produced
YSC1790167809 New Card Is Being Produced
YSC1790167810 Case Was Received
YSC1790167811 Case Was Received
YSC1790167812 Case Was Received
YSC1790167813 Card Was Mailed To Me
YSC1790167814 Case Was Received
YSC1790167815 Case Was Received
YSC1790167816 Case Was Received
YSC1790167817 Case Was Received
YSC1790167818 New Card Is Being Produced
YSC1790167819 Case Was Received
YSC1790167820 Case Was Approved
YSC1790167821 Card Was Mailed To Me
YSC1790167822 Card Was Mailed To Me
YSC1790167823 New Card Is Being Produced
YSC1790167824 Card Was Mailed To Me
YSC1790167825 Notice Was Returned To USCIS Because The Post Office Could Not Deliver It
YSC1790167826 Card Was Mailed To Me
YSC1790167827 Card Was Mailed To Me
YSC1790167828 Card Was Mailed To Me
YSC1790167829 Card Was Mailed To Me
YSC1790167830 New Card Is Being Produced
YSC1790167831 Card Was Mailed To Me
YSC1790167832 New Card Is Being Produced
YSC1790167833 Card Was Mailed To Me
YSC1790167834 New Card Is Being Produced
YSC1790167835 Card Was Mailed To Me
YSC1790167836 New Card Is Being Produced
YSC1790167837 New Card Is Being Produced
YSC1790167838 Case Was Received
YSC1790167839 Card Was Mailed To Me
YSC1790167840 New Card Is Being Produced
YSC1790167841 Card Was Mailed To Me
YSC1790167842 Card Was Mailed To Me
YSC1790167843 Card Was Mailed To Me
YSC1790167844 New Card Is Being Produced
YSC1790167845 Card Was Mailed To Me
YSC1790167846 New Card Is Being Produced
YSC1790167847 New Card Is Being Produced
YSC1790167848 New Card Is Being Produced
YSC1790167849 New Card Is Being Produced
YSC1790167850 New Card Is Being Produced
YSC1790167851 Card Was Mailed To Me
YSC1790167852 New Card Is Being Produced
YSC1790167853 Case Was Received
YSC1790167854 Case Was Received
YSC1790167855 New Card Is Being Produced
YSC1790167856 Case Was Received
YSC1790167857 Case Was Received
YSC1790167858 Card Was Mailed To Me
YSC1790167859 Case Was Approved
YSC1790167860 New Card Is Being Produced
YSC1790167861 Card Was Mailed To Me
YSC1790167862 Card Was Mailed To Me
YSC1790167863 New Card Is Being Produced
YSC1790167864 Card Was Mailed To Me
YSC1790167865 Card Was Mailed To Me
YSC1790167866 New Card Is Being Produced
YSC1790167867 New Card Is Being Produced
YSC1790167868 New Card Is Being Produced
YSC1790167869 Case Was Received
YSC1790167870 New Card Is Being Produced
YSC1790167871 Case Was Received
YSC1790167872 New Card Is Being Produced
YSC1790167873 New Card Is Being Produced
YSC1790167874 Case Was Received
YSC1790167875 Card Was Mailed To Me
YSC1790167876 Case Was Received
YSC1790167877 New Card Is Being Produced
YSC1790167878 Case Was Received
YSC1790167879 New Card Is Being Produced
YSC1790167880 Case Was Received
YSC1790167881 New Card Is Being Produced
YSC1790167882 New Card Is Being Produced
YSC1790167883 Case Was Received
YSC1790167884 Case Was Received
YSC1790167885 Case Was Received
YSC1790167886 Card Was Mailed To Me
YSC1790167887 Case Was Received
YSC1790167888 Case Was Received
YSC1790167889 Case Was Received
YSC1790167890 New Card Is Being Produced
YSC1790167891 Card Was Mailed To Me
YSC1790167892 Card Was Mailed To Me
YSC1790167893 Card Was Mailed To Me
YSC1790167894 New Card Is Being Produced
YSC1790167895 New Card Is Being Produced
YSC1790167896 Card Was Mailed To Me
YSC1790167897 Case Was Received
YSC1790167898 Card Was Mailed To Me
YSC1790167899 Card Was Mailed To Me
YSC1790167900 Card Was Mailed To Me
YSC1790167901 Case Was Received
YSC1790167902 Card Was Mailed To Me
YSC1790167903 Case Was Received
YSC1790167904 Card Was Mailed To Me
YSC1790167905 Case Was Received
YSC1790167906 Card Was Mailed To Me
YSC1790167907 Case Was Received
YSC1790167908 Card Was Mailed To Me
YSC1790167909 New Card Is Being Produced
YSC1790167910 Card Was Mailed To Me
YSC1790167911 Card Was Mailed To Me
YSC1790167912 Card Was Mailed To Me
YSC1790167913 Card Was Mailed To Me
YSC1790167914 Card Was Mailed To Me
YSC1790167915 Card Was Mailed To Me
YSC1790167916 New Card Is Being Produced
YSC1790167917 Card Was Mailed To Me
YSC1790167918 Card Was Mailed To Me
YSC1790167919 Case Was Received
YSC1790167920 Card Was Mailed To Me
YSC1790167921 Card Was Mailed To Me
YSC1790167922 Card Was Mailed To Me
YSC1790167923 New Card Is Being Produced
YSC1790167924 New Card Is Being Produced
YSC1790167925 New Card Is Being Produced
YSC1790167926 New Card Is Being Produced
YSC1790167927 New Card Is Being Produced
YSC1790167928 Card Was Mailed To Me
YSC1790167929 Card Was Mailed To Me
YSC1790167930 Case Was Received
YSC1790167931 Card Was Mailed To Me
YSC1790167932 Case Was Received
YSC1790167933 Card Was Mailed To Me
YSC1790167934 Case Was Received
YSC1790167935 New Card Is Being Produced
YSC1790167936 Case Was Received
YSC1790167937 New Card Is Being Produced
YSC1790167938 Card Was Mailed To Me
YSC1790167939 Case Was Received
YSC1790167940 Card Was Mailed To Me
YSC1790167941 New Card Is Being Produced
YSC1790167942 Card Was Mailed To Me
YSC1790167943 Card Was Mailed To Me
YSC1790167944 Card Was Mailed To Me
YSC1790167945 New Card Is Being Produced
YSC1790167946 Card Was Mailed To Me
YSC1790167947 New Card Is Being Produced
YSC1790167948 Card Was Mailed To Me
YSC1790167949 Card Was Mailed To Me
YSC1790167950 Card Was Mailed To Me
YSC1790167951 Card Was Mailed To Me
YSC1790167952 Case Was Received
YSC1790167953 New Card Is Being Produced
YSC1790167954 Card Was Mailed To Me
YSC1790167955 Card Was Mailed To Me
YSC1790167956 Card Was Mailed To Me
YSC1790167957 Card Was Mailed To Me
YSC1790167958 New Card Is Being Produced
YSC1790167959 Case Was Received
YSC1790167960 Case Was Received
YSC1790167961 Card Was Mailed To Me
YSC1790167962 Card Was Mailed To Me
YSC1790167963 Card Was Mailed To Me
YSC1790167964 New Card Is Being Produced
YSC1790167965 Card Was Mailed To Me
YSC1790167966 New Card Is Being Produced
YSC1790167967 Card Was Mailed To Me
YSC1790167968 Case Was Approved
YSC1790167969 Card Was Mailed To Me
YSC1790167970 Card Was Mailed To Me
YSC1790167971 Case Was Received
YSC1790167972 New Card Is Being Produced
YSC1790167973 Card Was Mailed To Me
YSC1790167974 New Card Is Being Produced
YSC1790167975 New Card Is Being Produced
YSC1790167976 Decision Notice Mailed
YSC1790167977 Card Was Mailed To Me
YSC1790167978 Card Was Mailed To Me
YSC1790167979 Case Was Received
YSC1790167980 Case Was Received
YSC1790167981 Case Was Received
YSC1790167982 Card Was Mailed To Me
YSC1790167983 New Card Is Being Produced
YSC1790167984 Card Was Mailed To Me
YSC1790167985 Card Was Mailed To Me
YSC1790167986 Card Was Mailed To Me
YSC1790167987 New Card Is Being Produced
YSC1790167988 New Card Is Being Produced
YSC1790167989 New Card Is Being Produced
YSC1790167990 New Card Is Being Produced
YSC1790167991 Card Was Mailed To Me
YSC1790167992 Card Was Mailed To Me
YSC1790167993 Case Was Received
YSC1790167994 Case Was Received
YSC1790167995 Case Was Received
YSC1790167996 Card Was Mailed To Me
YSC1790167997 Case Was Received
YSC1790167998 New Card Is Being Produced
YSC1790167999 Case Was Received
YSC1790168000 Case Was Received
