YSC1790162000 Card Was Mailed To Me
YSC1790162001 Card Was Mailed To Me
YSC1790162002 Card Was Mailed To Me
YSC1790162003 Card Was Mailed To Me
YSC1790162004 Card Was Mailed To Me
YSC1790162005 Card Was Mailed To Me
YSC1790162006 New Card Is Being Produced
YSC1790162007 Card Was Mailed To Me
YSC1790162008 Card Was Mailed To Me
YSC1790162009 Card Was Mailed To Me
YSC1790162010 Card Was Mailed To Me
YSC1790162011 Card Was Mailed To Me
YSC1790162012 Card Was Mailed To Me
YSC1790162013 Card Was Mailed To Me
YSC1790162014 Card Was Mailed To Me
YSC1790162015 Case Was Approved
YSC1790162016 Card Was Mailed To Me
YSC1790162017 Card Was Mailed To Me
YSC1790162018 Card Was Mailed To Me
YSC1790162019 Card Was Mailed To Me
YSC1790162020 Card Was Mailed To Me
YSC1790162021 Card Was Mailed To Me
YSC1790162022 Card Was Mailed To Me
YSC1790162023 Card Was Mailed To Me
YSC1790162024 Card Was Mailed To Me
YSC1790162025 Card Was Mailed To Me
YSC1790162026 Card Was Mailed To Me
YSC1790162027 Card Was Mailed To Me
YSC1790162028 Card Was Mailed To Me
YSC1790162029 Card Was Mailed To Me
YSC1790162030 Card Was Mailed To Me
YSC1790162031 Card Was Mailed To Me
YSC1790162032 Card Was Mailed To Me
YSC1790162033 Case Was Approved
YSC1790162034 Card Was Mailed To Me
YSC1790162035 Card Was Mailed To Me
YSC1790162036 Card Was Mailed To Me
YSC1790162037 Card Was Mailed To Me
YSC1790162038 Card Was Mailed To Me
YSC1790162039 Card Was Mailed To Me
YSC1790162040 Card Was Mailed To Me
YSC1790162041 Card Was Mailed To Me
YSC1790162042 Card Was Mailed To Me
YSC1790162043 Card Was Mailed To Me
YSC1790162044 Card Was Mailed To Me
YSC1790162045 Card Was Mailed To Me
YSC1790162046 Decision Notice Mailed
YSC1790162047 Card Was Mailed To Me
YSC1790162048 Card Was Mailed To Me
YSC1790162049 Card Was Mailed To Me
YSC1790162050 Card Was Mailed To Me
YSC1790162051 Card Was Mailed To Me
YSC1790162052 Request for Initial Evidence Was Mailed
YSC1790162053 Card Was Mailed To Me
YSC1790162054 Card Was Mailed To Me
YSC1790162055 Card Was Mailed To Me
YSC1790162056 Card Was Mailed To Me
YSC1790162057 Card Was Mailed To Me
YSC1790162058 Card Was Mailed To Me
YSC1790162059 Card Was Mailed To Me
YSC1790162060 Card Was Mailed To Me
YSC1790162061 Card Was Mailed To Me
YSC1790162062 Card Was Mailed To Me
YSC1790162063 Card Was Mailed To Me
YSC1790162064 Card Was Mailed To Me
YSC1790162065 Case Was Received
YSC1790162066 Card Was Mailed To Me
YSC1790162067 Card Was Mailed To Me
YSC1790162068 Card Was Mailed To Me
YSC1790162069 Card Was Mailed To Me
YSC1790162070 Card Was Mailed To Me
YSC1790162071 Case Was Received
YSC1790162072 Case Was Received
YSC1790162073 Case Was Received
YSC1790162074 Case Was Received
YSC1790162075 Case Was Received
YSC1790162076 Case Was Received
YSC1790162077 Case Was Received
YSC1790162078 Case Was Received
YSC1790162079 Case Was Received
YSC1790162080 Case Was Received
YSC1790162081 Case Was Received
YSC1790162082 Case Was Received
YSC1790162083 Case Was Received
YSC1790162084 Name Was Updated
YSC1790162085 Case Was Received
YSC1790162086 Card Was Mailed To Me
YSC1790162087 Card Was Mailed To Me
YSC1790162088 Card Was Mailed To Me
YSC1790162089 Card Was Mailed To Me
YSC1790162090 Card Was Mailed To Me
YSC1790162091 Case Was Received
YSC1790162092 Notice Was Returned To USCIS Because The Post Office Could Not Deliver It
YSC1790162093 Card Was Mailed To Me
YSC1790162094 Card Was Mailed To Me
YSC1790162095 Card Was Mailed To Me
YSC1790162096 Card Was Mailed To Me
YSC1790162097 Case Was Received
YSC1790162098 Card Was Mailed To Me
YSC1790162099 Card Was Mailed To Me
YSC1790162100 Card Was Mailed To Me
YSC1790162101 Case Rejected Because The Version Of The Form I Sent Is No Longer Accepted
YSC1790162102 Card Was Mailed To Me
YSC1790162103 Card Was Mailed To Me
YSC1790162104 Card Was Mailed To Me
YSC1790162105 Card Was Mailed To Me
YSC1790162106 Card Was Mailed To Me
YSC1790162107 Card Was Mailed To Me
YSC1790162108 Card Was Mailed To Me
YSC1790162109 Case Was Rejected Because It Was Improperly Filed
YSC1790162110 Case Rejected Because I Sent An Incorrect Fee
YSC1790162111 Case Rejected Because I Sent An Incorrect Fee
YSC1790162112 Case Was Rejected Because It Was Improperly Filed
YSC1790162113 Case Was Received
YSC1790162114 Case Was Received
YSC1790162115 New Card Is Being Produced
YSC1790162116 Card Was Mailed To Me
YSC1790162117 New Card Is Being Produced
YSC1790162118 Notice Was Returned To USCIS Because The Post Office Could Not Deliver It
YSC1790162119 Card Was Mailed To Me
YSC1790162120 Card Was Mailed To Me
YSC1790162121 Case Was Received
YSC1790162122 Card Was Mailed To Me
YSC1790162123 Case Was Received
YSC1790162124 Case Was Received
YSC1790162125 Card Was Mailed To Me
YSC1790162126 Case Was Rejected Because It Was Improperly Filed
YSC1790162127 Case Was Received
YSC1790162128 Case Was Received
YSC1790162129 Case Was Received
YSC1790162130 Case Was Received
YSC1790162131 Case Was Received
YSC1790162132 Case Was Received
YSC1790162133 Correspondence Was Received And USCIS Is Reviewing It
YSC1790162134 Case Was Received
YSC1790162135 Case Was Received
YSC1790162136 Case Was Received
YSC1790162137 Case Was Received
YSC1790162138 Case Was Received
YSC1790162139 Notice Was Returned To USCIS Because The Post Office Could Not Deliver It
YSC1790162140 Case Was Received
YSC1790162141 Case Was Received
YSC1790162142 Case Was Received
YSC1790162143 Case Was Approved
YSC1790162144 Card Was Mailed To Me
YSC1790162145 Card Was Mailed To Me
YSC1790162146 Card Was Mailed To Me
YSC1790162147 Card Was Mailed To Me
YSC1790162148 Card Was Mailed To Me
YSC1790162149 Card Was Mailed To Me
YSC1790162150 Case Was Received
YSC1790162151 Card Was Mailed To Me
YSC1790162152 Card Was Mailed To Me
YSC1790162153 Card Was Mailed To Me
YSC1790162154 Card Was Mailed To Me
YSC1790162155 Card Was Mailed To Me
YSC1790162156 Case Was Received
YSC1790162157 Card Was Mailed To Me
YSC1790162158 Card Was Mailed To Me
YSC1790162159 Card Was Mailed To Me
YSC1790162160 Card Was Mailed To Me
YSC1790162161 Card Was Mailed To Me
YSC1790162162 Card Was Mailed To Me
YSC1790162163 Case Was Received
YSC1790162164 New Card Is Being Produced
YSC1790162165 Case Was Received
YSC1790162166 Case Was Received
YSC1790162167 Card Was Mailed To Me
YSC1790162168 Card Was Mailed To Me
YSC1790162169 Card Was Mailed To Me
YSC1790162170 New Card Is Being Produced
YSC1790162171 Card Was Mailed To Me
YSC1790162172 New Card Is Being Produced
YSC1790162173 Card Was Mailed To Me
YSC1790162174 Card Was Mailed To Me
YSC1790162175 Card Was Mailed To Me
YSC1790162176 New Card Is Being Produced
YSC1790162177 Case Was Received
YSC1790162178 Card Was Mailed To Me
YSC1790162179 Card Was Mailed To Me
YSC1790162180 Card Was Mailed To Me
YSC1790162181 Card Was Mailed To Me
YSC1790162182 Card Was Mailed To Me
YSC1790162183 Card Was Mailed To Me
YSC1790162184 Card Was Mailed To Me
YSC1790162185 Card Was Mailed To Me
YSC1790162186 Card Was Mailed To Me
YSC1790162187 Card Was Mailed To Me
YSC1790162188 Card Was Mailed To Me
YSC1790162189 Card Was Mailed To Me
YSC1790162190 Card Was Mailed To Me
YSC1790162191 Case Was Received
YSC1790162192 Card Was Mailed To Me
YSC1790162193 Card Was Mailed To Me
YSC1790162194 Card Was Mailed To Me
YSC1790162195 Card Was Mailed To Me
YSC1790162196 Card Was Mailed To Me
YSC1790162197 Case Was Received
YSC1790162198 New Card Is Being Produced
YSC1790162199 Card Was Mailed To Me
YSC1790162200 Card Was Mailed To Me
YSC1790162201 Card Was Mailed To Me
YSC1790162202 Card Was Mailed To Me
YSC1790162203 Card Was Mailed To Me
YSC1790162204 Card Was Mailed To Me
YSC1790162205 Card Was Mailed To Me
YSC1790162206 Card Was Mailed To Me
YSC1790162207 New Card Is Being Produced
YSC1790162208 Card Was Mailed To Me
YSC1790162209 Card Was Mailed To Me
YSC1790162210 Card Was Mailed To Me
YSC1790162211 Card Was Mailed To Me
YSC1790162212 Card Was Mailed To Me
YSC1790162213 Card Was Mailed To Me
YSC1790162214 Case Was Received
YSC1790162215 Case Was Received
YSC1790162216 Correspondence Was Received And USCIS Is Reviewing It
YSC1790162217 Card Was Mailed To Me
YSC1790162218 Card Was Mailed To Me
YSC1790162219 Card Was Mailed To Me
YSC1790162220 New Card Is Being Produced
YSC1790162221 New Card Is Being Produced
YSC1790162222 Case Was Received
YSC1790162223 Card Was Mailed To Me
YSC1790162224 Request for Initial Evidence Was Mailed
YSC1790162225 New Card Is Being Produced
YSC1790162226 Card Was Mailed To Me
YSC1790162227 New Card Is Being Produced
YSC1790162228 New Card Is Being Produced
YSC1790162229 Card Was Mailed To Me
YSC1790162230 Card Was Mailed To Me
YSC1790162231 Card Was Mailed To Me
YSC1790162232 Card Was Mailed To Me
YSC1790162233 Card Was Mailed To Me
YSC1790162234 Card Was Mailed To Me
YSC1790162235 Card Was Mailed To Me
YSC1790162236 Case Was Received
YSC1790162237 Card Was Mailed To Me
YSC1790162238 Card Was Mailed To Me
YSC1790162239 Request for Initial Evidence Was Mailed
YSC1790162240 Card Was Mailed To Me
YSC1790162241 New Card Is Being Produced
YSC1790162242 New Card Is Being Produced
YSC1790162243 New Card Is Being Produced
YSC1790162244 Card Was Mailed To Me
YSC1790162245 Card Was Mailed To Me
YSC1790162246 Card Was Mailed To Me
YSC1790162247 Card Was Mailed To Me
YSC1790162248 Card Was Mailed To Me
YSC1790162249 Card Was Mailed To Me
YSC1790162250 Card Was Mailed To Me
YSC1790162251 Card Was Mailed To Me
YSC1790162252 Card Was Mailed To Me
YSC1790162253 New Card Is Being Produced
YSC1790162254 New Card Is Being Produced
YSC1790162255 Card Was Mailed To Me
YSC1790162256 Case Was Received
YSC1790162257 Card Was Mailed To Me
YSC1790162258 Card Was Mailed To Me
YSC1790162259 Case Was Received
YSC1790162260 Notice Was Returned To USCIS Because The Post Office Could Not Deliver It
YSC1790162261 Card Was Mailed To Me
YSC1790162262 Card Was Mailed To Me
YSC1790162263 Card Was Mailed To Me
YSC1790162264 Card Was Mailed To Me
YSC1790162265 Card Was Mailed To Me
YSC1790162266 Case Was Received
YSC1790162267 Card Was Mailed To Me
YSC1790162268 Card Was Mailed To Me
YSC1790162269 New Card Is Being Produced
YSC1790162270 Case Was Received
YSC1790162271 Card Was Mailed To Me
YSC1790162272 Card Was Mailed To Me
YSC1790162273 Case Was Received
YSC1790162274 Card Was Mailed To Me
YSC1790162275 Card Was Mailed To Me
YSC1790162276 Card Was Mailed To Me
YSC1790162277 Card Was Mailed To Me
YSC1790162278 Card Was Mailed To Me
YSC1790162279 New Card Is Being Produced
YSC1790162280 Card Was Mailed To Me
YSC1790162281 Card Was Mailed To Me
YSC1790162282 Card Was Mailed To Me
YSC1790162283 Card Was Mailed To Me
YSC1790162284 Card Was Mailed To Me
YSC1790162285 Request for Additional Evidence Was Mailed
YSC1790162286 Case Was Received
YSC1790162287 Case Was Received
YSC1790162288 Case Was Received
YSC1790162289 Decision Notice Mailed
YSC1790162290 Card Was Mailed To Me
YSC1790162291 Case Was Received
YSC1790162292 Card Was Mailed To Me
YSC1790162293 Card Was Mailed To Me
YSC1790162294 Case Was Received
YSC1790162295 Card Was Mailed To Me
YSC1790162296 Case Was Received
YSC1790162297 Case Was Received
YSC1790162298 Case Was Received
YSC1790162299 Case Was Received
YSC1790162300 Card Was Mailed To Me
YSC1790162301 Case Was Received
YSC1790162302 Card Was Mailed To Me
YSC1790162303 Card Was Mailed To Me
YSC1790162304 Case Was Received
YSC1790162305 Name Was Updated
YSC1790162306 New Card Is Being Produced
YSC1790162307 Case Was Received
YSC1790162308 Case Was Approved
YSC1790162309 Card Was Mailed To Me
YSC1790162310 New Card Is Being Produced
YSC1790162311 Card Was Mailed To Me
YSC1790162312 Card Was Mailed To Me
YSC1790162313 Case Was Received
YSC1790162314 Card Was Mailed To Me
YSC1790162315 Case Was Received
YSC1790162316 New Card Is Being Produced
YSC1790162317 Case Was Received
YSC1790162318 Case Was Received
YSC1790162319 Card Was Mailed To Me
YSC1790162320 Case Was Received
YSC1790162321 Case Was Received
YSC1790162322 New Card Is Being Produced
YSC1790162323 Card Was Mailed To Me
YSC1790162324 Card Was Mailed To Me
YSC1790162325 Card Was Mailed To Me
YSC1790162326 Card Was Mailed To Me
YSC1790162327 Card Was Mailed To Me
YSC1790162328 Card Was Mailed To Me
YSC1790162329 Card Was Mailed To Me
YSC1790162330 Card Was Mailed To Me
YSC1790162331 Card Was Mailed To Me
YSC1790162332 New Card Is Being Produced
YSC1790162333 Card Was Mailed To Me
YSC1790162334 Card Was Mailed To Me
YSC1790162335 Case Was Received
YSC1790162336 Card Was Mailed To Me
YSC1790162337 Case Rejected Because I Sent An Incorrect Fee
YSC1790162338 Card Was Mailed To Me
YSC1790162339 Card Was Mailed To Me
YSC1790162340 Card Was Mailed To Me
YSC1790162341 Card Was Mailed To Me
YSC1790162342 Case Was Received
YSC1790162343 Card Was Mailed To Me
YSC1790162344 Card Was Mailed To Me
YSC1790162345 Card Was Mailed To Me
YSC1790162346 Card Was Mailed To Me
YSC1790162347 Card Was Mailed To Me
YSC1790162348 Card Was Mailed To Me
YSC1790162349 Card Was Mailed To Me
YSC1790162350 Card Was Mailed To Me
YSC1790162351 Card Was Mailed To Me
YSC1790162352 Card Was Mailed To Me
YSC1790162353 Case Was Received
YSC1790162354 Card Was Mailed To Me
YSC1790162355 Card Was Mailed To Me
YSC1790162356 Card Was Mailed To Me
YSC1790162357 Card Was Mailed To Me
YSC1790162358 Card Was Mailed To Me
YSC1790162359 Case Was Received
YSC1790162360 Case Was Received
YSC1790162361 Case Was Received
YSC1790162362 Card Was Mailed To Me
YSC1790162363 Case Was Received
YSC1790162364 New Card Is Being Produced
YSC1790162365 Card Was Mailed To Me
YSC1790162366 Card Was Mailed To Me
YSC1790162367 Case Was Received
YSC1790162368 Card Was Mailed To Me
YSC1790162369 Case Was Received
YSC1790162370 Card Was Mailed To Me
YSC1790162371 Card Was Mailed To Me
YSC1790162372 Card Was Mailed To Me
YSC1790162373 New Card Is Being Produced
YSC1790162374 Card Was Mailed To Me
YSC1790162375 Card Was Mailed To Me
YSC1790162376 Card Was Mailed To Me
YSC1790162377 Card Was Mailed To Me
YSC1790162378 Card Was Mailed To Me
YSC1790162379 New Card Is Being Produced
YSC1790162380 Card Was Mailed To Me
YSC1790162381 New Card Is Being Produced
YSC1790162382 Card Was Mailed To Me
YSC1790162383 Card Was Mailed To Me
YSC1790162384 Card Was Mailed To Me
YSC1790162385 New Card Is Being Produced
YSC1790162386 Card Was Mailed To Me
YSC1790162387 Card Was Mailed To Me
YSC1790162388 Card Was Mailed To Me
YSC1790162389 Card Was Mailed To Me
YSC1790162390 Card Was Mailed To Me
YSC1790162391 Card Was Mailed To Me
YSC1790162392 Case Was Received
YSC1790162393 Card Was Mailed To Me
YSC1790162394 Card Was Mailed To Me
YSC1790162395 Card Was Mailed To Me
YSC1790162396 Card Returned Undeliverable
YSC1790162397 Card Was Mailed To Me
YSC1790162398 Case Was Received
YSC1790162399 Card Was Mailed To Me
YSC1790162400 Card Was Mailed To Me
YSC1790162401 Case Was Received
YSC1790162402 Card Was Mailed To Me
YSC1790162403 Withdrawal Acknowledgement Notice Was Sent
YSC1790162404 Card Was Mailed To Me
YSC1790162405 Card Was Mailed To Me
YSC1790162406 Card Was Mailed To Me
YSC1790162407 Case Was Received
YSC1790162408 Case Was Received
YSC1790162409 Card Was Mailed To Me
YSC1790162410 Card Was Mailed To Me
YSC1790162411 Case Was Received
YSC1790162412 Case Was Received
YSC1790162413 New Card Is Being Produced
YSC1790162414 Card Was Mailed To Me
YSC1790162415 Case Was Received
YSC1790162416 Card Was Mailed To Me
YSC1790162417 Case Was Received
YSC1790162418 Card Was Mailed To Me
YSC1790162419 Card Was Mailed To Me
YSC1790162420 Card Was Mailed To Me
YSC1790162421 Case Was Received
YSC1790162422 Case Was Received
YSC1790162423 Case Was Received
YSC1790162424 Card Was Mailed To Me
YSC1790162425 Card Was Mailed To Me
YSC1790162426 New Card Is Being Produced
YSC1790162427 Notice Was Returned To USCIS Because The Post Office Could Not Deliver It
YSC1790162428 Decision Notice Mailed
YSC1790162429 Card Was Mailed To Me
YSC1790162430 Case Was Received
YSC1790162431 Case Was Received
YSC1790162432 Card Was Mailed To Me
YSC1790162433 Case Was Received
YSC1790162434 Card Was Mailed To Me
YSC1790162435 New Card Is Being Produced
YSC1790162436 Card Was Mailed To Me
YSC1790162437 Card Was Mailed To Me
YSC1790162438 Card Was Mailed To Me
YSC1790162439 Card Was Mailed To Me
YSC1790162440 Card Was Mailed To Me
YSC1790162441 New Card Is Being Produced
YSC1790162442 Card Was Mailed To Me
YSC1790162443 New Card Is Being Produced
YSC1790162444 Card Was Mailed To Me
YSC1790162445 Case Was Received
YSC1790162446 Card Was Mailed To Me
YSC1790162447 New Card Is Being Produced
YSC1790162448 Case Was Received
YSC1790162449 Case Was Received
YSC1790162450 New Card Is Being Produced
YSC1790162451 Card Was Mailed To Me
YSC1790162452 Case Was Received
YSC1790162453 Card Was Mailed To Me
YSC1790162454 Card Was Mailed To Me
YSC1790162455 Card Was Mailed To Me
YSC1790162456 Card Was Mailed To Me
YSC1790162457 Card Was Mailed To Me
YSC1790162458 Card Was Mailed To Me
YSC1790162459 New Card Is Being Produced
YSC1790162460 Notice Was Returned To USCIS Because The Post Office Could Not Deliver It
YSC1790162461 Case Was Received
YSC1790162462 Card Was Mailed To Me
YSC1790162463 New Card Is Being Produced
YSC1790162464 Card Was Mailed To Me
YSC1790162465 Card Was Mailed To Me
YSC1790162466 Case Was Received
YSC1790162467 Card Was Mailed To Me
YSC1790162468 Card Was Mailed To Me
YSC1790162469 Card Was Mailed To Me
YSC1790162470 Card Was Mailed To Me
YSC1790162471 Case Was Received
YSC1790162472 Card Was Mailed To Me
YSC1790162473 Card Was Mailed To Me
YSC1790162474 Card Was Mailed To Me
YSC1790162475 Card Was Mailed To Me
YSC1790162476 Request for Initial Evidence Was Mailed
YSC1790162477 Card Was Mailed To Me
YSC1790162478 Card Was Mailed To Me
YSC1790162479 New Card Is Being Produced
YSC1790162480 Card Was Mailed To Me
YSC1790162481 Card Was Mailed To Me
YSC1790162482 Card Was Mailed To Me
YSC1790162483 Card Was Mailed To Me
YSC1790162484 Request for Initial Evidence Was Mailed
YSC1790162485 Case Was Received
YSC1790162486 Card Was Mailed To Me
YSC1790162487 Card Was Mailed To Me
YSC1790162488 Card Was Mailed To Me
YSC1790162489 Card Was Mailed To Me
YSC1790162490 Card Was Mailed To Me
YSC1790162491 Card Was Mailed To Me
YSC1790162492 Card Was Mailed To Me
YSC1790162493 Case Was Received
YSC1790162494 Case Was Received
YSC1790162495 Case Rejected Because I Sent An Incorrect Fee
YSC1790162496 Case Rejected For Incorrect Fee, Payment Not Signed And Incorrect Form Version
YSC1790162497 Case Was Received
YSC1790162498 New Card Is Being Produced
YSC1790162499 Case Was Received
YSC1790162500 Case Was Received
