YSC1790170500 New Card Is Being Produced
YSC1790170501 Card Was Mailed To Me
YSC1790170502 Case Was Received
YSC1790170503 Case Was Received
YSC1790170504 Request for Initial Evidence Was Mailed
YSC1790170505 Card Was Mailed To Me
YSC1790170506 Card Was Mailed To Me
YSC1790170507 Case Was Received
YSC1790170508 Case Was Received
YSC1790170509 Case Was Received
YSC1790170510 New Card Is Being Produced
YSC1790170511 Case Was Received
YSC1790170512 Card Was Mailed To Me
YSC1790170513 Case Was Received
YSC1790170514 Case Was Received
YSC1790170515 Case Was Received
YSC1790170516 Case Was Received
YSC1790170517 Case Was Received
YSC1790170518 Card Was Mailed To Me
YSC1790170519 Case Was Received
YSC1790170520 Case Was Received
YSC1790170521 Case Was Received
YSC1790170522 Case Was Received
YSC1790170523 Case Was Received
YSC1790170524 Card Was Mailed To Me
YSC1790170525 Card Was Mailed To Me
YSC1790170526 Card Was Mailed To Me
YSC1790170527 Case Was Received
YSC1790170528 Case Was Received
YSC1790170529 Case Was Received
YSC1790170530 Case Was Received
YSC1790170531 Case Was Received
YSC1790170532 Card Was Mailed To Me
YSC1790170533 Case Was Received
YSC1790170534 Card Was Mailed To Me
YSC1790170535 New Card Is Being Produced
YSC1790170536 Case Was Received
YSC1790170537 Case Was Received
YSC1790170538 New Card Is Being Produced
YSC1790170539 Case Was Received
YSC1790170540 Case Was Received
YSC1790170541 New Card Is Being Produced
YSC1790170542 Case Was Received
YSC1790170543 Notice Was Returned To USCIS Because The Post Office Could Not Deliver It
YSC1790170544 Card Was Mailed To Me
YSC1790170545 New Card Is Being Produced
YSC1790170546 Case Was Received
YSC1790170547 Name Was Updated
YSC1790170548 Case Was Received
YSC1790170549 Case Was Received
YSC1790170550 Case Was Received
YSC1790170551 Case Was Received
YSC1790170552 Card Was Mailed To Me
YSC1790170553 Card Was Mailed To Me
YSC1790170554 New Card Is Being Produced
YSC1790170555 New Card Is Being Produced
YSC1790170556 Case Was Received
YSC1790170557 Card Was Mailed To Me
YSC1790170558 Case Was Received
YSC1790170559 New Card Is Being Produced
YSC1790170560 Case Was Received
YSC1790170561 Case Was Received
YSC1790170562 Case Was Received
YSC1790170563 Case Was Received
YSC1790170564 Case Was Received
YSC1790170565 Case Was Received
YSC1790170566 Case Was Received
YSC1790170567 Case Was Received
YSC1790170568 Case Was Received
YSC1790170569 Card Was Mailed To Me
YSC1790170570 Case Was Received
YSC1790170571 New Card Is Being Produced
YSC1790170572 Card Was Mailed To Me
YSC1790170573 Case Was Received
YSC1790170574 Card Was Mailed To Me
YSC1790170575 Case Was Received
YSC1790170576 New Card Is Being Produced
YSC1790170577 New Card Is Being Produced
YSC1790170578 Case Was Received
YSC1790170579 New Card Is Being Produced
YSC1790170580 Request for Initial Evidence Was Mailed
YSC1790170581 Case Was Received
YSC1790170582 Card Was Mailed To Me
YSC1790170583 Card Was Mailed To Me
YSC1790170584 Case Was Received
YSC1790170585 Notice Was Returned To USCIS Because The Post Office Could Not Deliver It
YSC1790170586 Case Was Received
YSC1790170587 Case Was Received
YSC1790170588 Case Was Received
YSC1790170589 Case Was Received
YSC1790170590 Case Was Received
YSC1790170591 Case Was Received
YSC1790170592 Case Was Received
YSC1790170593 Case Was Received
YSC1790170594 Case Was Received
YSC1790170595 Notice Was Returned To USCIS Because The Post Office Could Not Deliver It
YSC1790170596 Case Was Received
YSC1790170597 Case Was Received
YSC1790170598 Case Was Received
YSC1790170599 Case Was Received
YSC1790170600 Case Was Received
YSC1790170601 Case Was Received
YSC1790170602 New Card Is Being Produced
YSC1790170603 Case Was Received
YSC1790170604 New Card Is Being Produced
YSC1790170605 New Card Is Being Produced
YSC1790170606 Card Was Mailed To Me
YSC1790170607 Card Was Mailed To Me
YSC1790170608 New Card Is Being Produced
YSC1790170609 Card Was Mailed To Me
YSC1790170610 Case Was Received
YSC1790170611 Case Was Received
YSC1790170612 Case Was Received
YSC1790170613 Case Was Received
YSC1790170614 New Card Is Being Produced
YSC1790170615 Case Was Received
YSC1790170616 Case Was Received
YSC1790170617 Case Was Received
YSC1790170618 Notice Was Returned To USCIS Because The Post Office Could Not Deliver It
YSC1790170619 New Card Is Being Produced
YSC1790170620 Case Was Received
YSC1790170621 Case Was Received
YSC1790170622 Card Was Mailed To Me
YSC1790170623 New Card Is Being Produced
YSC1790170624 Case Was Received
YSC1790170625 Card Was Mailed To Me
YSC1790170626 Card Was Mailed To Me
YSC1790170627 Withdrawal Acknowledgement Notice Was Sent
YSC1790170628 Case Was Received
YSC1790170629 Request for Initial Evidence Was Mailed
YSC1790170630 Case Was Received
YSC1790170631 Case Was Received
YSC1790170632 Case Was Received
YSC1790170633 Case Was Received
YSC1790170634 Case Was Received
YSC1790170635 Case Was Received
YSC1790170636 Case Was Received
YSC1790170637 Case Was Received
YSC1790170638 Case Was Received
YSC1790170639 Case Was Received
YSC1790170640 Case Was Received
YSC1790170641 Case Was Received
YSC1790170642 Case Was Received
YSC1790170643 Case Was Received
YSC1790170644 Case Was Received
YSC1790170645 Case Was Received
YSC1790170646 Case Was Received
YSC1790170647 Case Rejected Because The Version Of The Form I Sent Is No Longer Accepted
YSC1790170648 Case Was Received
YSC1790170649 Card Was Mailed To Me
YSC1790170650 Case Was Received
YSC1790170651 Case Was Received
YSC1790170652 Case Was Received
YSC1790170653 Case Was Received
YSC1790170654 Case Was Received
YSC1790170655 Case Was Received
YSC1790170656 New Card Is Being Produced
YSC1790170657 Case Was Received
YSC1790170658 New Card Is Being Produced
YSC1790170659 Card Was Mailed To Me
YSC1790170660 Case Was Received
YSC1790170661 New Card Is Being Produced
YSC1790170662 Case Rejected Because I Sent An Incorrect Fee
YSC1790170663 Case Rejected Because I Sent An Incorrect Fee
YSC1790170664 Case Rejected Because I Sent An Incorrect Fee
YSC1790170665 Case Rejected Because I Sent An Incorrect Fee
YSC1790170666 Case Was Received
YSC1790170667 Case Was Received
YSC1790170668 Case Was Received
YSC1790170669 Case Was Received
YSC1790170670 Name Was Updated
YSC1790170671 Case Was Received
YSC1790170672 Case Was Received
YSC1790170673 Case Was Received
YSC1790170674 Case Was Received
YSC1790170675 Case Was Received
YSC1790170676 Case Was Received
YSC1790170677 Card Was Mailed To Me
YSC1790170678 Case Was Received
YSC1790170679 Case Was Received
YSC1790170680 Case Was Received
YSC1790170681 Case Was Received
YSC1790170682 Notice Was Returned To USCIS Because The Post Office Could Not Deliver It
YSC1790170683 Notice Was Returned To USCIS Because The Post Office Could Not Deliver It
YSC1790170684 Case Was Received
YSC1790170685 Request for Initial Evidence Was Mailed
YSC1790170686 Notice Was Returned To USCIS Because The Post Office Could Not Deliver It
YSC1790170687 Case Was Received
YSC1790170688 Case Was Received
YSC1790170689 New Card Is Being Produced
YSC1790170690 Case Was Received
YSC1790170691 Case Was Received
YSC1790170692 Card Was Mailed To Me
YSC1790170693 Request for Initial Evidence Was Mailed
YSC1790170694 Card Was Mailed To Me
YSC1790170695 Case Was Received
YSC1790170696 Case Was Received
YSC1790170697 Case Was Received
YSC1790170698 Case Was Received
YSC1790170699 Case Was Received
YSC1790170700 Case Was Received
YSC1790170701 Case Was Received
YSC1790170702 Case Was Received
YSC1790170703 Case Was Received
YSC1790170704 Case Was Received
YSC1790170705 Case Was Received
YSC1790170706 Case Was Received
YSC1790170707 Case Was Received
YSC1790170708 Case Was Received
YSC1790170709 Case Was Received
YSC1790170710 Case Was Received
YSC1790170711 Case Was Received
YSC1790170712 Case Was Received
YSC1790170713 Case Was Received
YSC1790170714 Case Was Received
YSC1790170715 New Card Is Being Produced
YSC1790170716 Case Was Received
YSC1790170717 New Card Is Being Produced
YSC1790170718 Case Was Received
YSC1790170719 Case Was Received
YSC1790170720 Case Was Received
YSC1790170721 Case Was Received
YSC1790170722 Case Was Received
YSC1790170723 Case Was Received
YSC1790170724 Case Was Received
YSC1790170725 Case Was Received
YSC1790170726 Case Was Received
YSC1790170727 Card Was Mailed To Me
YSC1790170728 Case Was Received
YSC1790170729 Card Was Mailed To Me
YSC1790170730 Case Was Received
YSC1790170731 New Card Is Being Produced
YSC1790170732 New Card Is Being Produced
YSC1790170733 Case Was Received
YSC1790170734 New Card Is Being Produced
YSC1790170735 Card Was Mailed To Me
YSC1790170736 Case Was Received
YSC1790170737 Case Was Received
YSC1790170738 Case Was Received
YSC1790170739 Case Was Received
YSC1790170740 Case Was Received
YSC1790170741 Card Was Mailed To Me
YSC1790170742 Name Was Updated
YSC1790170743 Case Was Received
YSC1790170744 Case Was Received
YSC1790170745 Case Was Received
YSC1790170746 Case Was Received
YSC1790170747 Case Was Received
YSC1790170748 Case Was Received
YSC1790170749 Case Was Received
YSC1790170750 Case Was Received
YSC1790170751 Case Was Received
YSC1790170752 Case Was Received
YSC1790170753 Case Was Received
YSC1790170754 Case Was Received
YSC1790170755 Case Was Received
YSC1790170756 Case Was Received
YSC1790170757 Case Was Received
YSC1790170758 Case Was Received
YSC1790170759 Case Was Received
YSC1790170760 Case Was Received
YSC1790170761 Case Was Received
YSC1790170762 Case Was Received
YSC1790170763 Case Was Received
YSC1790170764 Case Was Received
YSC1790170765 New Card Is Being Produced
YSC1790170766 Card Was Mailed To Me
YSC1790170767 New Card Is Being Produced
YSC1790170768 Card Was Mailed To Me
YSC1790170769 Case Was Received
YSC1790170770 Card Was Mailed To Me
YSC1790170771 New Card Is Being Produced
YSC1790170772 Name Was Updated
YSC1790170773 Case Was Received
YSC1790170774 Card Was Mailed To Me
YSC1790170775 Case Was Received
YSC1790170776 Card Was Mailed To Me
YSC1790170777 New Card Is Being Produced
YSC1790170778 Card Was Mailed To Me
YSC1790170779 Case Was Received
YSC1790170780 New Card Is Being Produced
YSC1790170781 Card Was Mailed To Me
YSC1790170782 Card Was Mailed To Me
YSC1790170783 Case Was Received
YSC1790170784 Card Was Mailed To Me
YSC1790170785 Case Was Received
YSC1790170786 Card Was Mailed To Me
YSC1790170787 Case Was Received
YSC1790170788 Case Was Received
YSC1790170789 Case Was Received
YSC1790170790 Case Was Received
YSC1790170791 Card Was Mailed To Me
YSC1790170792 Case Was Received
YSC1790170793 Case Was Received
YSC1790170794 New Card Is Being Produced
YSC1790170795 New Card Is Being Produced
YSC1790170796 Case Was Received
YSC1790170797 Case Was Received
YSC1790170798 New Card Is Being Produced
YSC1790170799 Notice Was Returned To USCIS Because The Post Office Could Not Deliver It
YSC1790170800 Case Was Received
YSC1790170801 Card Was Mailed To Me
YSC1790170802 Card Was Mailed To Me
YSC1790170803 Card Was Mailed To Me
YSC1790170804 Card Was Mailed To Me
YSC1790170805 Case Was Received
YSC1790170806 New Card Is Being Produced
YSC1790170807 Case Rejected Because The Version Of The Form I Sent Is No Longer Accepted
YSC1790170808 Case Rejected Because The Version Of The Form I Sent Is No Longer Accepted
YSC1790170809 Case Was Received
YSC1790170810 Card Was Mailed To Me
YSC1790170811 Case Was Received
YSC1790170812 Card Was Mailed To Me
YSC1790170813 Case Was Received
YSC1790170814 Case Was Received
YSC1790170815 Card Was Mailed To Me
YSC1790170816 Card Was Mailed To Me
YSC1790170817 Card Was Mailed To Me
YSC1790170818 Card Was Mailed To Me
YSC1790170819 Card Was Mailed To Me
YSC1790170820 Card Was Mailed To Me
YSC1790170821 New Card Is Being Produced
YSC1790170822 Card Was Mailed To Me
YSC1790170823 Card Was Mailed To Me
YSC1790170824 Card Was Mailed To Me
YSC1790170825 Card Was Mailed To Me
YSC1790170826 Card Was Mailed To Me
YSC1790170827 Card Was Mailed To Me
YSC1790170828 Notice Was Returned To USCIS Because The Post Office Could Not Deliver It
YSC1790170829 Case Was Received
YSC1790170830 Case Was Received
YSC1790170831 Case Was Received
YSC1790170832 Card Was Mailed To Me
YSC1790170833 Card Was Mailed To Me
YSC1790170834 Card Was Mailed To Me
YSC1790170835 New Card Is Being Produced
YSC1790170836 Case Was Received
YSC1790170837 Case Was Received
YSC1790170838 Card Was Mailed To Me
YSC1790170839 Card Was Mailed To Me
YSC1790170840 Case Was Received
YSC1790170841 New Card Is Being Produced
YSC1790170842 Card Was Mailed To Me
YSC1790170843 Case Was Received
YSC1790170844 New Card Is Being Produced
YSC1790170845 Case Was Received
YSC1790170846 Card Was Mailed To Me
YSC1790170847 Case Was Received
YSC1790170848 Case Was Received
YSC1790170849 Case Was Received
YSC1790170850 Case Was Received
YSC1790170851 Case Was Received
YSC1790170852 Case Was Received
YSC1790170853 Case Was Received
YSC1790170854 Case Was Received
YSC1790170855 Case Was Received
YSC1790170856 Case Was Received
YSC1790170857 Case Was Received
YSC1790170858 Case Was Received
YSC1790170859 Case Was Received
YSC1790170860 Notice Was Returned To USCIS Because The Post Office Could Not Deliver It
YSC1790170861 Case Was Received
YSC1790170862 Case Was Received
YSC1790170863 Case Was Received
YSC1790170864 Case Was Received
YSC1790170865 Case Was Received
YSC1790170866 Case Was Received
YSC1790170867 Case Was Received
YSC1790170868 Case Was Received
YSC1790170869 Case Was Received
YSC1790170870 Case Was Received
YSC1790170871 Case Was Received
YSC1790170872 Case Was Received
YSC1790170873 New Card Is Being Produced
YSC1790170874 Card Was Mailed To Me
YSC1790170875 New Card Is Being Produced
YSC1790170876 Case Was Received
YSC1790170877 New Card Is Being Produced
YSC1790170878 Card Was Mailed To Me
YSC1790170879 Card Was Mailed To Me
YSC1790170880 Case Was Received
YSC1790170881 Card Was Mailed To Me
YSC1790170882 Request for Initial Evidence Was Mailed
YSC1790170883 New Card Is Being Produced
YSC1790170884 Case Was Received
YSC1790170885 Card Was Mailed To Me
YSC1790170886 Case Was Received
YSC1790170887 Case Was Received
YSC1790170888 Card Was Mailed To Me
YSC1790170889 Case Was Received
YSC1790170890 Card Was Mailed To Me
YSC1790170891 Case Was Received
YSC1790170892 Card Was Mailed To Me
YSC1790170893 Card Was Mailed To Me
YSC1790170894 Card Was Mailed To Me
YSC1790170895 Case Was Received
YSC1790170896 Case Was Received
YSC1790170897 Case Was Received
YSC1790170898 Card Was Mailed To Me
YSC1790170899 Case Was Received
YSC1790170900 Card Was Mailed To Me
YSC1790170901 Case Was Received
YSC1790170902 Case Was Received
YSC1790170903 New Card Is Being Produced
YSC1790170904 Case Was Received
YSC1790170905 Card Was Mailed To Me
YSC1790170906 Case Was Received
YSC1790170907 Card Was Mailed To Me
YSC1790170908 Card Was Mailed To Me
YSC1790170909 New Card Is Being Produced
YSC1790170910 Case Was Received
YSC1790170911 Case Was Received
YSC1790170912 New Card Is Being Produced
YSC1790170913 Case Was Received
YSC1790170914 New Card Is Being Produced
YSC1790170915 Case Was Received
YSC1790170916 Case Was Received
YSC1790170917 Card Was Mailed To Me
YSC1790170918 Case Was Received
YSC1790170919 Card Was Mailed To Me
YSC1790170920 New Card Is Being Produced
YSC1790170921 Case Was Received
YSC1790170922 Case Was Received
YSC1790170923 Case Was Received
YSC1790170924 Card Was Mailed To Me
YSC1790170925 Case Was Received
YSC1790170926 New Card Is Being Produced
YSC1790170927 Card Was Mailed To Me
YSC1790170928 Case Was Received
YSC1790170929 Card Was Mailed To Me
YSC1790170930 New Card Is Being Produced
YSC1790170931 Card Was Mailed To Me
YSC1790170932 New Card Is Being Produced
YSC1790170933 Case Was Received
YSC1790170934 Card Was Mailed To Me
YSC1790170935 Card Was Mailed To Me
YSC1790170936 Case Was Received
YSC1790170937 Card Was Mailed To Me
YSC1790170938 Case Was Received
YSC1790170939 Card Was Mailed To Me
YSC1790170940 Card Was Mailed To Me
YSC1790170941 Card Was Mailed To Me
YSC1790170942 Case Was Received
YSC1790170943 Card Was Mailed To Me
YSC1790170944 Case Was Received
YSC1790170945 Case Rejected Because I Sent An Incorrect Fee
YSC1790170946 Case Was Rejected Because It Was Improperly Filed
YSC1790170947 Card Was Mailed To Me
YSC1790170948 Case Was Received
YSC1790170949 Card Was Mailed To Me
YSC1790170950 New Card Is Being Produced
YSC1790170951 New Card Is Being Produced
YSC1790170952 Card Was Mailed To Me
YSC1790170953 Case Was Received
YSC1790170954 Case Was Received
YSC1790170955 Case Was Received
YSC1790170956 Card Was Mailed To Me
YSC1790170957 New Card Is Being Produced
YSC1790170958 Case Was Received
YSC1790170959 Card Was Mailed To Me
YSC1790170960 Request for Initial Evidence Was Mailed
YSC1790170961 Case Was Received
YSC1790170962 Case Was Received
YSC1790170963 New Card Is Being Produced
YSC1790170964 Case Was Received
YSC1790170965 Card Was Mailed To Me
YSC1790170966 New Card Is Being Produced
YSC1790170967 Case Was Received
YSC1790170968 New Card Is Being Produced
YSC1790170969 New Card Is Being Produced
YSC1790170970 Case Was Received
YSC1790170971 New Card Is Being Produced
YSC1790170972 Card Was Mailed To Me
YSC1790170973 Case Was Received
YSC1790170974 New Card Is Being Produced
YSC1790170975 Card Was Mailed To Me
YSC1790170976 Case Was Received
YSC1790170977 Card Was Mailed To Me
YSC1790170978 Card Was Mailed To Me
YSC1790170979 New Card Is Being Produced
YSC1790170980 Case Was Received
YSC1790170981 Case Was Received
YSC1790170982 Card Was Mailed To Me
YSC1790170983 Card Was Mailed To Me
YSC1790170984 Card Was Mailed To Me
YSC1790170985 Card Was Mailed To Me
YSC1790170986 Case Was Received
YSC1790170987 Case Was Received
YSC1790170988 New Card Is Being Produced
YSC1790170989 Case Was Received
YSC1790170990 Card Was Mailed To Me
YSC1790170991 Case Was Received
YSC1790170992 Card Was Mailed To Me
YSC1790170993 Case Was Received
YSC1790170994 Case Was Received
YSC1790170995 Case Was Received
YSC1790170996 Case Was Received
YSC1790170997 Card Was Mailed To Me
YSC1790170998 Case Was Received
YSC1790170999 Case Was Received
YSC1790171000 Card Was Mailed To Me
