YSC1790172500 New Card Is Being Produced
YSC1790172501 New Card Is Being Produced
YSC1790172502 New Card Is Being Produced
YSC1790172503 Notice Was Returned To USCIS Because The Post Office Could Not Deliver It
YSC1790172504 Case Was Received
YSC1790172505 Case Was Received
YSC1790172506 Card Was Mailed To Me
YSC1790172507 Notice Was Returned To USCIS Because The Post Office Could Not Deliver It
YSC1790172508 Case Was Received
YSC1790172509 Case Was Received
YSC1790172510 Case Was Received
YSC1790172511 Case Was Received
YSC1790172512 New Card Is Being Produced
YSC1790172513 Case Was Received
YSC1790172514 New Card Is Being Produced
YSC1790172515 New Card Is Being Produced
YSC1790172516 Case Was Received
YSC1790172517 New Card Is Being Produced
YSC1790172518 Case Was Received
YSC1790172519 Request for Initial Evidence Was Mailed
YSC1790172520 Card Was Mailed To Me
YSC1790172521 Case Was Received
YSC1790172522 Card Was Mailed To Me
YSC1790172523 New Card Is Being Produced
YSC1790172524 Case Was Received
YSC1790172525 New Card Is Being Produced
YSC1790172526 New Card Is Being Produced
YSC1790172527 Case Was Received
YSC1790172528 Case Was Received
YSC1790172529 Card Was Mailed To Me
YSC1790172530 Case Was Received
YSC1790172531 Card Was Mailed To Me
YSC1790172532 Case Was Received
YSC1790172533 Card Was Mailed To Me
YSC1790172534 New Card Is Being Produced
YSC1790172535 Case Was Received
YSC1790172536 Case Was Received
YSC1790172537 Case Was Received
YSC1790172538 Case Was Received
YSC1790172539 Case Was Received
YSC1790172540 Card Was Mailed To Me
YSC1790172541 Case Was Received
YSC1790172542 Case Was Received
YSC1790172543 New Card Is Being Produced
YSC1790172544 New Card Is Being Produced
YSC1790172545 New Card Is Being Produced
YSC1790172546 New Card Is Being Produced
YSC1790172547 Case Was Received
YSC1790172548 Case Was Received
YSC1790172549 New Card Is Being Produced
YSC1790172550 Decision Notice Mailed
YSC1790172551 Card Was Mailed To Me
YSC1790172552 Request for Initial Evidence Was Mailed
YSC1790172553 New Card Is Being Produced
YSC1790172554 New Card Is Being Produced
YSC1790172555 New Card Is Being Produced
YSC1790172556 Card Was Mailed To Me
YSC1790172557 Card Was Mailed To Me
YSC1790172558 Card Was Mailed To Me
YSC1790172559 Card Was Mailed To Me
YSC1790172560 Case Was Received
YSC1790172561 New Card Is Being Produced
YSC1790172562 Case Was Received
YSC1790172563 Card Was Mailed To Me
YSC1790172564 Card Was Mailed To Me
YSC1790172565 Correspondence Was Received And USCIS Is Reviewing It
YSC1790172566 Card Was Mailed To Me
YSC1790172567 New Card Is Being Produced
YSC1790172568 Case Was Received
YSC1790172569 New Card Is Being Produced
YSC1790172570 Card Was Mailed To Me
YSC1790172571 New Card Is Being Produced
YSC1790172572 Case Was Received
YSC1790172573 Case Was Received
YSC1790172574 Card Was Mailed To Me
YSC1790172575 Card Was Mailed To Me
YSC1790172576 Card Was Mailed To Me
YSC1790172577 Case Was Received
YSC1790172578 New Card Is Being Produced
YSC1790172579 New Card Is Being Produced
YSC1790172580 New Card Is Being Produced
YSC1790172581 Case Was Received
YSC1790172582 Case Was Received
YSC1790172583 Card Was Mailed To Me
YSC1790172584 Case Was Received
YSC1790172585 Case Was Received
YSC1790172586 Case Was Received
YSC1790172587 Case Was Received
YSC1790172588 Case Was Received
YSC1790172589 Case Was Received
YSC1790172590 Case Was Received
YSC1790172591 Case Was Received
YSC1790172592 Case Was Received
YSC1790172593 Case Was Received
YSC1790172594 Case Was Received
YSC1790172595 Case Was Received
YSC1790172596 Case Was Received
YSC1790172597 Case Was Received
YSC1790172598 Case Was Received
YSC1790172599 Case Was Received
YSC1790172600 Case Transferred To Another Office
YSC1790172601 Case Was Received
YSC1790172602 Case Was Received
YSC1790172603 Case Was Received
YSC1790172604 Case Was Received
YSC1790172605 Case Was Received
YSC1790172606 Correspondence Was Received And USCIS Is Reviewing It
YSC1790172607 Case Was Received
YSC1790172608 Card Was Mailed To Me
YSC1790172609 Case Was Received
YSC1790172610 Case Was Received
YSC1790172611 Case Was Received
YSC1790172612 New Card Is Being Produced
YSC1790172613 New Card Is Being Produced
YSC1790172614 Case Was Received
YSC1790172615 New Card Is Being Produced
YSC1790172616 Case Was Received
YSC1790172617 New Card Is Being Produced
YSC1790172618 Case Was Received
YSC1790172619 Case Was Received
YSC1790172620 New Card Is Being Produced
YSC1790172621 Case Was Received
YSC1790172622 Case Was Received
YSC1790172623 Case Was Received
YSC1790172624 Case Was Received
YSC1790172625 Case Was Received
YSC1790172626 New Card Is Being Produced
YSC1790172627 New Card Is Being Produced
YSC1790172628 Card Was Mailed To Me
YSC1790172629 Case Was Received
YSC1790172630 Card Was Mailed To Me
YSC1790172631 Card Was Mailed To Me
YSC1790172632 Case Was Received
YSC1790172633 New Card Is Being Produced
YSC1790172634 Case Was Received
YSC1790172635 New Card Is Being Produced
YSC1790172636 Case Was Received
YSC1790172637 Case Was Received
YSC1790172638 Case Was Received
YSC1790172639 Case Was Received
YSC1790172640 Card Was Mailed To Me
YSC1790172641 Card Was Mailed To Me
YSC1790172642 Card Was Mailed To Me
YSC1790172643 Card Was Mailed To Me
YSC1790172644 Card Was Mailed To Me
YSC1790172645 Case Was Received
YSC1790172646 Case Was Received
YSC1790172647 Case Was Received
YSC1790172648 Card Was Mailed To Me
YSC1790172649 Case Was Received
YSC1790172650 Case Was Received
YSC1790172651 New Card Is Being Produced
YSC1790172652 New Card Is Being Produced
YSC1790172653 Case Was Received
YSC1790172654 Case Was Received
YSC1790172655 Case Was Received
YSC1790172656 Case Was Received
YSC1790172657 Case Was Received
YSC1790172658 Case Was Received
YSC1790172659 Case Was Received
YSC1790172660 Case Was Received
YSC1790172661 Case Was Received
YSC1790172662 Case Was Received
YSC1790172663 Case Was Received
YSC1790172664 Case Was Received
YSC1790172665 Case Was Received
YSC1790172666 Case Was Received
YSC1790172667 New Card Is Being Produced
YSC1790172668 Case Was Received
YSC1790172669 Case Was Received
YSC1790172670 Case Was Received
YSC1790172671 Case Was Received
YSC1790172672 Case Was Received
YSC1790172673 New Card Is Being Produced
YSC1790172674 Case Was Received
YSC1790172675 Case Was Received
YSC1790172676 Case Was Received
YSC1790172677 New Card Is Being Produced
YSC1790172678 Case Was Received
YSC1790172679 New Card Is Being Produced
YSC1790172680 Case Was Received
YSC1790172681 Case Was Received
YSC1790172682 Card Was Mailed To Me
YSC1790172683 New Card Is Being Produced
YSC1790172684 Case Was Received
YSC1790172685 Case Was Received
YSC1790172686 Case Was Received
YSC1790172687 New Card Is Being Produced
YSC1790172688 Case Was Received
YSC1790172689 Case Was Received
YSC1790172690 Case Was Received
YSC1790172691 Case Was Received
YSC1790172692 Case Was Received
YSC1790172693 New Card Is Being Produced
YSC1790172694 Case Was Received
YSC1790172695 Case Was Received
YSC1790172696 Case Was Received
YSC1790172697 Case Was Received
YSC1790172698 Card Was Mailed To Me
YSC1790172699 Card Was Mailed To Me
YSC1790172700 New Card Is Being Produced
YSC1790172701 Card Was Mailed To Me
YSC1790172702 Case Was Received
YSC1790172703 New Card Is Being Produced
YSC1790172704 Case Was Received
YSC1790172705 Case Was Received
YSC1790172706 Case Was Received
YSC1790172707 Card Was Mailed To Me
YSC1790172708 Case Was Received
YSC1790172709 Case Was Received
YSC1790172710 Card Was Mailed To Me
YSC1790172711 Card Was Mailed To Me
YSC1790172712 New Card Is Being Produced
YSC1790172713 Card Was Mailed To Me
YSC1790172714 Case Was Received
YSC1790172715 Case Was Received
YSC1790172716 Card Was Mailed To Me
YSC1790172717 Case Was Received
YSC1790172718 Card Was Mailed To Me
YSC1790172719 Case Was Received
YSC1790172720 New Card Is Being Produced
YSC1790172721 Case Was Received
YSC1790172722 Case Was Received
YSC1790172723 New Card Is Being Produced
YSC1790172724 Case Was Received
YSC1790172725 Case Was Received
YSC1790172726 Case Was Received
YSC1790172727 Case Was Received
YSC1790172728 New Card Is Being Produced
YSC1790172729 Case Was Received
YSC1790172730 Case Was Received
YSC1790172731 Case Was Received
YSC1790172732 Case Was Received
YSC1790172733 New Card Is Being Produced
YSC1790172734 Case Was Received
YSC1790172735 New Card Is Being Produced
YSC1790172736 Card Was Mailed To Me
YSC1790172737 Request for Initial Evidence Was Mailed
YSC1790172738 Card Was Mailed To Me
YSC1790172739 New Card Is Being Produced
YSC1790172740 New Card Is Being Produced
YSC1790172741 Case Was Received
YSC1790172742 Card Was Mailed To Me
YSC1790172743 Case Was Received
YSC1790172744 Case Was Received
YSC1790172745 Case Was Received
YSC1790172746 Card Was Mailed To Me
YSC1790172747 Case Was Received
YSC1790172748 New Card Is Being Produced
YSC1790172749 Card Was Mailed To Me
YSC1790172750 New Card Is Being Produced
YSC1790172751 Card Was Mailed To Me
YSC1790172752 Correspondence Was Received And USCIS Is Reviewing It
YSC1790172753 New Card Is Being Produced
YSC1790172754 Request for Initial Evidence Was Mailed
YSC1790172755 Case Was Received
YSC1790172756 Notice Was Returned To USCIS Because The Post Office Could Not Deliver It
YSC1790172757 New Card Is Being Produced
YSC1790172758 Case Was Received
YSC1790172759 Case Was Received
YSC1790172760 Request for Initial Evidence Was Mailed
YSC1790172761 Notice Was Returned To USCIS Because The Post Office Could Not Deliver It
YSC1790172762 Case Was Received
YSC1790172763 New Card Is Being Produced
YSC1790172764 Case Was Received
YSC1790172765 Request for Initial Evidence Was Mailed
YSC1790172766 Withdrawal Acknowledgement Notice Was Sent
YSC1790172767 Case Was Received
YSC1790172768 New Card Is Being Produced
YSC1790172769 New Card Is Being Produced
YSC1790172770 Case Was Received
YSC1790172771 Case Was Received
YSC1790172772 Case Was Received
YSC1790172773 Case Was Received
YSC1790172774 New Card Is Being Produced
YSC1790172775 Case Was Received
YSC1790172776 New Card Is Being Produced
YSC1790172777 Case Was Received
YSC1790172778 Card Was Mailed To Me
YSC1790172779 Case Was Received
YSC1790172780 Card Was Mailed To Me
YSC1790172781 Correspondence Was Received And USCIS Is Reviewing It
YSC1790172782 Case Was Received
YSC1790172783 Case Was Received
YSC1790172784 Card Was Mailed To Me
YSC1790172785 New Card Is Being Produced
YSC1790172786 Case Was Received
YSC1790172787 Case Was Received
YSC1790172788 New Card Is Being Produced
YSC1790172789 Case Was Received
YSC1790172790 New Card Is Being Produced
YSC1790172791 Case Was Received
YSC1790172792 Case Was Received
YSC1790172793 Case Was Received
YSC1790172794 Case Was Received
YSC1790172795 New Card Is Being Produced
YSC1790172796 Case Was Received
YSC1790172797 New Card Is Being Produced
YSC1790172798 Case Was Received
YSC1790172799 Case Was Received
YSC1790172800 Case Was Received
YSC1790172801 Case Was Received
YSC1790172802 Case Was Received
YSC1790172803 Case Was Received
YSC1790172804 Case Was Received
YSC1790172805 Case Was Received
YSC1790172806 Case Was Received
YSC1790172807 Case Was Received
YSC1790172808 Case Was Received
YSC1790172809 Case Was Received
YSC1790172810 Case Was Received
YSC1790172811 Case Was Received
YSC1790172812 Case Was Received
YSC1790172813 Case Was Received
YSC1790172814 Case Was Received
YSC1790172815 Case Was Received
YSC1790172816 Case Was Received
YSC1790172817 Case Was Received
YSC1790172818 Case Was Received
YSC1790172819 Case Was Received
YSC1790172820 New Card Is Being Produced
YSC1790172821 Case Was Received
YSC1790172822 Card Was Mailed To Me
YSC1790172823 Case Was Received
YSC1790172824 Case Was Received
YSC1790172825 Case Was Received
YSC1790172826 Case Was Received
YSC1790172827 Case Was Received
YSC1790172828 Case Was Received
YSC1790172829 Case Was Received
YSC1790172830 New Card Is Being Produced
YSC1790172831 New Card Is Being Produced
YSC1790172832 Case Was Received
YSC1790172833 Case Was Received
YSC1790172834 Case Was Received
YSC1790172835 Case Was Received
YSC1790172836 Card Was Mailed To Me
YSC1790172837 Case Was Received
YSC1790172838 Card Was Mailed To Me
YSC1790172839 Case Was Received
YSC1790172840 Card Was Mailed To Me
YSC1790172841 Case Was Received
YSC1790172842 Case Was Received
YSC1790172843 Case Was Received
YSC1790172844 New Card Is Being Produced
YSC1790172845 Name Was Updated
YSC1790172846 Case Was Received
YSC1790172847 New Card Is Being Produced
YSC1790172848 Case Was Received
YSC1790172849 Case Was Received
YSC1790172850 New Card Is Being Produced
YSC1790172851 Case Was Received
YSC1790172852 New Card Is Being Produced
YSC1790172853 New Card Is Being Produced
YSC1790172854 Case Was Received
YSC1790172855 Card Was Mailed To Me
YSC1790172856 Case Was Received
YSC1790172857 Case Was Received
YSC1790172858 Case Was Received
YSC1790172859 New Card Is Being Produced
YSC1790172860 Case Was Received
YSC1790172861 Case Was Received
YSC1790172862 Case Was Received
YSC1790172863 Case Was Received
YSC1790172864 New Card Is Being Produced
YSC1790172865 Case Was Received
YSC1790172866 Card Was Mailed To Me
YSC1790172867 Case Was Received
YSC1790172868 Case Was Received
YSC1790172869 New Card Is Being Produced
YSC1790172870 Case Was Received
YSC1790172871 Case Was Received
YSC1790172872 New Card Is Being Produced
YSC1790172873 Case Was Received
YSC1790172874 Card Was Mailed To Me
YSC1790172875 Case Was Received
YSC1790172876 Case Was Received
YSC1790172877 Case Was Received
YSC1790172878 New Card Is Being Produced
YSC1790172879 Case Was Received
YSC1790172880 Card Was Mailed To Me
YSC1790172881 New Card Is Being Produced
YSC1790172882 Case Was Received
YSC1790172883 Case Was Received
YSC1790172884 Case Was Received
YSC1790172885 Case Was Received
YSC1790172886 Case Was Received
YSC1790172887 Case Was Received
YSC1790172888 Case Was Received
YSC1790172889 New Card Is Being Produced
YSC1790172890 Case Was Received
YSC1790172891 Request for Initial Evidence Was Mailed
YSC1790172892 Case Was Received
YSC1790172893 New Card Is Being Produced
YSC1790172894 New Card Is Being Produced
YSC1790172895 New Card Is Being Produced
YSC1790172896 Case Was Received
YSC1790172897 Case Was Received
YSC1790172898 Card Was Mailed To Me
YSC1790172899 Case Was Received
YSC1790172900 Case Was Received
YSC1790172901 New Card Is Being Produced
YSC1790172902 Notice Was Returned To USCIS Because The Post Office Could Not Deliver It
YSC1790172903 Case Was Received
YSC1790172904 Case Was Received
YSC1790172905 Case Was Received
YSC1790172906 Case Was Received
YSC1790172907 Case Was Received
YSC1790172908 Case Was Received
YSC1790172909 Case Was Received
YSC1790172910 Card Was Mailed To Me
YSC1790172911 Case Was Received
YSC1790172912 Case Was Received
YSC1790172913 Case Was Received
YSC1790172914 New Card Is Being Produced
YSC1790172915 New Card Is Being Produced
YSC1790172916 Case Was Received
YSC1790172917 Case Was Received
YSC1790172918 New Card Is Being Produced
YSC1790172919 Case Was Received
YSC1790172920 Card Was Mailed To Me
YSC1790172921 Case Was Received
YSC1790172922 New Card Is Being Produced
YSC1790172923 Case Was Received
YSC1790172924 Case Was Received
YSC1790172925 Case Was Received
YSC1790172926 Card Was Mailed To Me
YSC1790172927 Case Was Received
YSC1790172928 Card Was Mailed To Me
YSC1790172929 Case Was Received
YSC1790172930 Case Was Received
YSC1790172931 Case Was Received
YSC1790172932 Case Was Received
YSC1790172933 Case Was Received
YSC1790172934 Case Was Received
YSC1790172935 Case Was Received
YSC1790172936 Case Was Received
YSC1790172937 Case Was Received
YSC1790172938 Case Was Received
YSC1790172939 Case Was Received
YSC1790172940 Case Was Received
YSC1790172941 Case Was Received
YSC1790172942 Case Was Received
YSC1790172943 Case Was Received
YSC1790172944 Case Was Received
YSC1790172945 Case Was Received
YSC1790172946 Date of Birth Was Updated
YSC1790172947 Case Was Received
YSC1790172948 Case Was Received
YSC1790172949 Case Was Received
YSC1790172950 Case Was Received
YSC1790172951 Case Was Received
YSC1790172952 New Card Is Being Produced
YSC1790172953 Case Was Received
YSC1790172954 Case Was Received
YSC1790172955 Case Was Received
YSC1790172956 Case Was Received
YSC1790172957 Case Was Received
YSC1790172958 Case Was Received
YSC1790172959 New Card Is Being Produced
YSC1790172960 Case Was Received
YSC1790172961 Case Was Received
YSC1790172962 Case Was Received
YSC1790172963 New Card Is Being Produced
YSC1790172964 Case Was Received
YSC1790172965 Case Was Received
YSC1790172966 Case Was Received
YSC1790172967 Case Was Received
YSC1790172968 Case Was Received
YSC1790172969 Case Was Received
YSC1790172970 Case Was Received
YSC1790172971 New Card Is Being Produced
YSC1790172972 Case Was Received
YSC1790172973 Case Was Received
YSC1790172974 New Card Is Being Produced
YSC1790172975 Case Was Received
YSC1790172976 Case Was Received
YSC1790172977 Case Was Received
YSC1790172978 Case Was Received
YSC1790172979 Case Was Received
YSC1790172980 Case Was Received
YSC1790172981 Case Was Received
YSC1790172982 Case Was Received
YSC1790172983 Case Was Received
YSC1790172984 Case Was Received
YSC1790172985 Case Was Received
YSC1790172986 Case Was Received
YSC1790172987 Case Was Received
YSC1790172988 Case Was Received
YSC1790172989 Case Was Received
YSC1790172990 Case Was Received
YSC1790172991 Case Was Received
YSC1790172992 Case Was Received
YSC1790172993 Case Was Received
YSC1790172994 Case Was Received
YSC1790172995 Case Was Received
YSC1790172996 Case Was Received
YSC1790172997 Case Was Received
YSC1790172998 Case Was Received
YSC1790172999 Case Was Received
YSC1790173000 Card Was Mailed To Me
