YSC1790173500 Case Was Received
YSC1790173501 Case Was Received
YSC1790173502 Case Was Received
YSC1790173503 Case Was Received
YSC1790173504 New Card Is Being Produced
YSC1790173505 New Card Is Being Produced
YSC1790173506 Notice Was Returned To USCIS Because The Post Office Could Not Deliver It
YSC1790173507 Case Was Received
YSC1790173508 New Card Is Being Produced
YSC1790173509 Case Was Received
YSC1790173510 Case Was Received
YSC1790173511 Case Was Received
YSC1790173512 New Card Is Being Produced
YSC1790173513 New Card Is Being Produced
YSC1790173514 Case Was Received
YSC1790173515 Case Was Received
YSC1790173516 Case Was Received
YSC1790173517 Case Was Received
YSC1790173518 Case Was Received
YSC1790173519 Case Was Received
YSC1790173520 Case Was Received
YSC1790173521 New Card Is Being Produced
YSC1790173522 Case Was Received
YSC1790173523 Case Was Received
YSC1790173524 Case Was Received
YSC1790173525 Case Was Received
YSC1790173526 Case Was Received
YSC1790173527 Name Was Updated
YSC1790173528 New Card Is Being Produced
YSC1790173529 Case Was Received
YSC1790173530 Case Was Received
YSC1790173531 Case Was Received
YSC1790173532 New Card Is Being Produced
YSC1790173533 New Card Is Being Produced
YSC1790173534 Case Was Received
YSC1790173535 New Card Is Being Produced
YSC1790173536 New Card Is Being Produced
YSC1790173537 Case Was Received
YSC1790173538 Case Was Received
YSC1790173539 New Card Is Being Produced
YSC1790173540 Case Was Received
YSC1790173541 New Card Is Being Produced
YSC1790173542 New Card Is Being Produced
YSC1790173543 Case Was Received
YSC1790173544 Case Was Received
YSC1790173545 New Card Is Being Produced
YSC1790173546 New Card Is Being Produced
YSC1790173547 Card Was Mailed To Me
YSC1790173548 Case Was Received
YSC1790173549 Card Was Mailed To Me
YSC1790173550 Notice Was Returned To USCIS Because The Post Office Could Not Deliver It
YSC1790173551 Card Was Mailed To Me
YSC1790173552 New Card Is Being Produced
YSC1790173553 Case Was Received
YSC1790173554 New Card Is Being Produced
YSC1790173555 Case Was Received
YSC1790173556 New Card Is Being Produced
YSC1790173557 Case Was Received
YSC1790173558 New Card Is Being Produced
YSC1790173559 Case Was Received
YSC1790173560 New Card Is Being Produced
YSC1790173561 Case Was Received
YSC1790173562 Case Was Received
YSC1790173563 Case Was Received
YSC1790173564 New Card Is Being Produced
YSC1790173565 Case Was Received
YSC1790173566 Case Was Received
YSC1790173567 Case Was Received
YSC1790173568 Case Was Received
YSC1790173569 Case Was Received
YSC1790173570 Case Was Received
YSC1790173571 Card Was Mailed To Me
YSC1790173572 Case Was Received
YSC1790173573 Case Was Received
YSC1790173574 Case Was Received
YSC1790173575 Case Was Received
YSC1790173576 New Card Is Being Produced
YSC1790173577 Case Was Received
YSC1790173578 Case Was Received
YSC1790173579 New Card Is Being Produced
YSC1790173580 Case Was Received
YSC1790173581 Case Was Received
YSC1790173582 Case Was Received
YSC1790173583 Case Was Received
YSC1790173584 Case Was Received
YSC1790173585 New Card Is Being Produced
YSC1790173586 Case Was Received
YSC1790173587 Case Was Received
YSC1790173588 Case Was Received
YSC1790173589 Case Was Received
YSC1790173590 Notice Was Returned To USCIS Because The Post Office Could Not Deliver It
YSC1790173591 Case Was Received
YSC1790173592 New Card Is Being Produced
YSC1790173593 Case Was Received
YSC1790173594 Case Was Received
YSC1790173595 Card Was Mailed To Me
YSC1790173596 Case Was Received
YSC1790173597 Case Was Received
YSC1790173598 New Card Is Being Produced
YSC1790173599 New Card Is Being Produced
YSC1790173600 New Card Is Being Produced
YSC1790173601 New Card Is Being Produced
YSC1790173602 Case Was Received
YSC1790173603 New Card Is Being Produced
YSC1790173604 New Card Is Being Produced
YSC1790173605 New Card Is Being Produced
YSC1790173606 Case Was Received
YSC1790173607 New Card Is Being Produced
YSC1790173608 Case Was Received
YSC1790173609 New Card Is Being Produced
YSC1790173610 Case Was Received
YSC1790173611 Case Was Received
YSC1790173612 Case Was Received
YSC1790173613 Case Was Received
YSC1790173614 Case Was Received
YSC1790173615 Case Was Received
YSC1790173616 Case Was Received
YSC1790173617 Case Was Received
YSC1790173618 Case Was Received
YSC1790173619 Case Was Received
YSC1790173620 New Card Is Being Produced
YSC1790173621 Case Was Received
YSC1790173622 Case Was Received
YSC1790173623 Case Was Received
YSC1790173624 Case Was Received
YSC1790173625 New Card Is Being Produced
YSC1790173626 New Card Is Being Produced
YSC1790173627 Case Was Received
YSC1790173628 Case Was Received
YSC1790173629 Case Was Received
YSC1790173630 Card Was Mailed To Me
YSC1790173631 Case Was Received
YSC1790173632 Card Was Mailed To Me
YSC1790173633 Case Was Received
YSC1790173634 Case Was Received
YSC1790173635 New Card Is Being Produced
YSC1790173636 New Card Is Being Produced
YSC1790173637 New Card Is Being Produced
YSC1790173638 Case Was Received
YSC1790173639 Case Was Received
YSC1790173640 New Card Is Being Produced
YSC1790173641 New Card Is Being Produced
YSC1790173642 New Card Is Being Produced
YSC1790173643 New Card Is Being Produced
YSC1790173644 Case Was Received
YSC1790173645 Case Was Received
YSC1790173646 Case Was Received
YSC1790173647 Case Was Received
YSC1790173648 Case Was Received
YSC1790173649 Case Was Received
YSC1790173650 Case Was Received
YSC1790173651 Case Was Received
YSC1790173652 New Card Is Being Produced
YSC1790173653 Name Was Updated
YSC1790173654 New Card Is Being Produced
YSC1790173655 Card Was Mailed To Me
YSC1790173656 New Card Is Being Produced
YSC1790173657 Card Was Mailed To Me
YSC1790173658 Case Was Received
YSC1790173659 Case Was Received
YSC1790173660 Case Was Received
YSC1790173661 New Card Is Being Produced
YSC1790173662 Case Was Received
YSC1790173663 Case Was Received
YSC1790173664 Case Was Received
YSC1790173665 Case Was Received
YSC1790173666 New Card Is Being Produced
YSC1790173667 Case Was Received
YSC1790173668 New Card Is Being Produced
YSC1790173669 New Card Is Being Produced
YSC1790173670 New Card Is Being Produced
YSC1790173671 New Card Is Being Produced
YSC1790173672 New Card Is Being Produced
YSC1790173673 Case Was Received
YSC1790173674 Case Was Received
YSC1790173675 Case Was Received
YSC1790173676 Card Was Mailed To Me
YSC1790173677 Case Was Received
YSC1790173678 Card Was Mailed To Me
YSC1790173679 New Card Is Being Produced
YSC1790173680 Card Was Mailed To Me
YSC1790173681 Case Was Received
YSC1790173682 New Card Is Being Produced
YSC1790173683 Case Was Received
YSC1790173684 New Card Is Being Produced
YSC1790173685 Case Was Received
YSC1790173686 New Card Is Being Produced
YSC1790173687 Name Was Updated
YSC1790173688 New Card Is Being Produced
YSC1790173689 Case Was Received
YSC1790173690 New Card Is Being Produced
YSC1790173691 New Card Is Being Produced
YSC1790173692 Case Was Received
YSC1790173693 Case Was Received
YSC1790173694 Case Was Received
YSC1790173695 Correspondence Was Received And USCIS Is Reviewing It
YSC1790173696 Case Was Received
YSC1790173697 Case Was Received
YSC1790173698 New Card Is Being Produced
YSC1790173699 New Card Is Being Produced
YSC1790173700 Case Was Received
YSC1790173701 New Card Is Being Produced
YSC1790173702 New Card Is Being Produced
YSC1790173703 New Card Is Being Produced
YSC1790173704 Case Was Received
YSC1790173705 Case Was Received
YSC1790173706 Name Was Updated
YSC1790173707 Card Was Mailed To Me
YSC1790173708 Case Was Received
YSC1790173709 Case Was Received
YSC1790173710 Case Was Received
YSC1790173711 Case Was Received
YSC1790173712 New Card Is Being Produced
YSC1790173713 Case Was Received
YSC1790173714 Case Was Received
YSC1790173715 Case Was Received
YSC1790173716 Case Was Received
YSC1790173717 Case Was Received
YSC1790173718 Case Was Received
YSC1790173719 Case Was Received
YSC1790173720 Case Was Received
YSC1790173721 Case Was Received
YSC1790173722 Case Was Received
YSC1790173723 Case Was Received
YSC1790173724 Case Was Received
YSC1790173725 Case Was Received
YSC1790173726 Case Was Received
YSC1790173727 Case Was Received
YSC1790173728 Case Was Received
YSC1790173729 New Card Is Being Produced
YSC1790173730 Case Was Received
YSC1790173731 New Card Is Being Produced
YSC1790173732 Case Was Received
YSC1790173733 New Card Is Being Produced
YSC1790173734 Case Was Received
YSC1790173735 New Card Is Being Produced
YSC1790173736 Case Was Received
YSC1790173737 Case Was Received
YSC1790173738 Case Was Received
YSC1790173739 Case Was Received
YSC1790173740 New Card Is Being Produced
YSC1790173741 Case Was Received
YSC1790173742 Case Was Received
YSC1790173743 Case Was Received
YSC1790173744 Case Was Received
YSC1790173745 New Card Is Being Produced
YSC1790173746 New Card Is Being Produced
YSC1790173747 Case Was Received
YSC1790173748 Case Was Received
YSC1790173749 Card Was Mailed To Me
YSC1790173750 Case Was Received
YSC1790173751 Case Was Received
YSC1790173752 Case Was Received
YSC1790173753 Case Was Received
YSC1790173754 Case Was Received
YSC1790173755 Case Was Received
YSC1790173756 Case Was Received
YSC1790173757 Case Was Received
YSC1790173758 Case Was Received
YSC1790173759 New Card Is Being Produced
YSC1790173760 New Card Is Being Produced
YSC1790173761 Case Was Received
YSC1790173762 Card Was Mailed To Me
YSC1790173763 Case Was Received
YSC1790173764 New Card Is Being Produced
YSC1790173765 Card Was Mailed To Me
YSC1790173766 Card Was Mailed To Me
YSC1790173767 Card Was Mailed To Me
YSC1790173768 Card Was Mailed To Me
YSC1790173769 Decision Notice Mailed
YSC1790173770 Correspondence Was Received And USCIS Is Reviewing It
YSC1790173771 New Card Is Being Produced
YSC1790173772 Case Was Received
YSC1790173773 New Card Is Being Produced
YSC1790173774 Case Was Received
YSC1790173775 Card Was Mailed To Me
YSC1790173776 Case Was Received
YSC1790173777 Case Was Received
YSC1790173778 Case Was Received
YSC1790173779 Case Was Received
YSC1790173780 Case Was Received
YSC1790173781 Case Was Received
YSC1790173782 Case Was Received
YSC1790173783 Case Was Received
YSC1790173784 Case Was Received
YSC1790173785 New Card Is Being Produced
YSC1790173786 Case Was Received
YSC1790173787 New Card Is Being Produced
YSC1790173788 Notice Was Returned To USCIS Because The Post Office Could Not Deliver It
YSC1790173789 Name Was Updated
YSC1790173790 Case Was Received
YSC1790173791 Case Was Received
YSC1790173792 Request for Initial Evidence Was Mailed
YSC1790173793 New Card Is Being Produced
YSC1790173794 Case Was Received
YSC1790173795 Case Was Received
YSC1790173796 Case Was Received
YSC1790173797 Case Was Received
YSC1790173798 Case Was Received
YSC1790173799 Case Was Received
YSC1790173800 Case Was Received
YSC1790173801 New Card Is Being Produced
YSC1790173802 Case Was Received
YSC1790173803 Case Was Received
YSC1790173804 New Card Is Being Produced
YSC1790173805 New Card Is Being Produced
YSC1790173806 New Card Is Being Produced
YSC1790173807 New Card Is Being Produced
YSC1790173808 Case Was Received
YSC1790173809 New Card Is Being Produced
YSC1790173810 New Card Is Being Produced
YSC1790173811 New Card Is Being Produced
YSC1790173812 New Card Is Being Produced
YSC1790173813 New Card Is Being Produced
YSC1790173814 Case Was Received
YSC1790173815 Case Was Received
YSC1790173816 Case Was Received
YSC1790173817 New Card Is Being Produced
YSC1790173818 Case Was Received
YSC1790173819 Case Was Received
YSC1790173820 New Card Is Being Produced
YSC1790173821 Case Was Received
YSC1790173822 Case Was Received
YSC1790173823 Case Was Received
YSC1790173824 Case Was Received
YSC1790173825 Case Was Received
YSC1790173826 Case Was Received
YSC1790173827 New Card Is Being Produced
YSC1790173828 Case Was Received
YSC1790173829 Case Was Received
YSC1790173830 Case Was Received
YSC1790173831 Case Was Received
YSC1790173832 Case Was Received
YSC1790173833 New Card Is Being Produced
YSC1790173834 Case Was Received
YSC1790173835 New Card Is Being Produced
YSC1790173836 Case Was Received
YSC1790173837 Case Was Received
YSC1790173838 Case Was Received
YSC1790173839 Case Was Received
YSC1790173840 Case Was Received
YSC1790173841 Case Was Received
YSC1790173842 Case Was Received
YSC1790173843 Case Was Received
YSC1790173844 New Card Is Being Produced
YSC1790173845 Case Was Received
YSC1790173846 Notice Was Returned To USCIS Because The Post Office Could Not Deliver It
YSC1790173847 Case Was Received
YSC1790173848 Case Was Received
YSC1790173849 Case Was Received
YSC1790173850 Case Was Received
YSC1790173851 Case Was Received
YSC1790173852 Case Was Received
YSC1790173853 Notice Was Returned To USCIS Because The Post Office Could Not Deliver It
YSC1790173854 Card Was Mailed To Me
YSC1790173855 Case Was Received
YSC1790173856 Case Was Received
YSC1790173857 Case Was Received
YSC1790173858 Case Was Received
YSC1790173859 Case Was Received
YSC1790173860 New Card Is Being Produced
YSC1790173861 Case Was Received
YSC1790173862 Case Was Received
YSC1790173863 Case Was Received
YSC1790173864 Case Was Received
YSC1790173865 Case Was Received
YSC1790173866 Case Was Received
YSC1790173867 Case Was Received
YSC1790173868 Case Was Received
YSC1790173869 Withdrawal Acknowledgement Notice Was Sent
YSC1790173870 Case Was Received
YSC1790173871 New Card Is Being Produced
YSC1790173872 Case Was Received
YSC1790173873 Case Was Received
YSC1790173874 Case Was Received
YSC1790173875 Case Was Received
YSC1790173876 New Card Is Being Produced
YSC1790173877 New Card Is Being Produced
YSC1790173878 Case Was Received
YSC1790173879 Date of Birth Was Updated
YSC1790173880 Case Was Received
YSC1790173881 Case Was Received
YSC1790173882 Case Was Received
YSC1790173883 Case Was Received
YSC1790173884 Case Was Received
YSC1790173885 Case Was Received
YSC1790173886 New Card Is Being Produced
YSC1790173887 Case Was Received
YSC1790173888 Case Was Received
YSC1790173889 Case Was Received
YSC1790173890 New Card Is Being Produced
YSC1790173891 Case Was Received
YSC1790173892 Case Was Received
YSC1790173893 Case Was Received
YSC1790173894 New Card Is Being Produced
YSC1790173895 Case Was Received
YSC1790173896 Case Was Received
YSC1790173897 New Card Is Being Produced
YSC1790173898 Case Was Received
YSC1790173899 Case Was Received
YSC1790173900 New Card Is Being Produced
YSC1790173901 New Card Is Being Produced
YSC1790173902 Case Was Received
YSC1790173903 Case Was Received
YSC1790173904 Case Was Received
YSC1790173905 Case Was Received
YSC1790173906 Case Was Received
YSC1790173907 Case Was Received
YSC1790173908 Request for Initial Evidence Was Mailed
YSC1790173909 Case Was Received
YSC1790173910 Case Was Received
YSC1790173911 Case Was Received
YSC1790173912 Case Was Received
YSC1790173913 New Card Is Being Produced
YSC1790173914 Case Was Received
YSC1790173915 New Card Is Being Produced
YSC1790173916 Case Was Received
YSC1790173917 Case Was Received
YSC1790173918 Case Was Received
YSC1790173919 Case Was Received
YSC1790173920 Case Was Received
YSC1790173921 Case Was Received
YSC1790173922 Case Was Received
YSC1790173923 Case Was Received
YSC1790173924 Card Was Mailed To Me
YSC1790173925 Case Was Received
YSC1790173926 New Card Is Being Produced
YSC1790173927 New Card Is Being Produced
YSC1790173928 New Card Is Being Produced
YSC1790173929 Case Was Received
YSC1790173930 Case Was Received
YSC1790173931 New Card Is Being Produced
YSC1790173932 New Card Is Being Produced
YSC1790173933 Case Was Received
YSC1790173934 New Card Is Being Produced
YSC1790173935 New Card Is Being Produced
YSC1790173936 Case Was Received
YSC1790173937 New Card Is Being Produced
YSC1790173938 Case Was Received
YSC1790173939 New Card Is Being Produced
YSC1790173940 New Card Is Being Produced
YSC1790173941 Case Was Received
YSC1790173942 New Card Is Being Produced
YSC1790173943 Case Was Received
YSC1790173944 Case Was Received
YSC1790173945 Case Was Received
YSC1790173946 New Card Is Being Produced
YSC1790173947 Case Was Received
YSC1790173948 Case Was Received
YSC1790173949 Case Was Received
YSC1790173950 Case Was Received
YSC1790173951 Case Was Received
YSC1790173952 Case Was Received
YSC1790173953 Case Was Received
YSC1790173954 New Card Is Being Produced
YSC1790173955 New Card Is Being Produced
YSC1790173956 Case Was Received
YSC1790173957 New Card Is Being Produced
YSC1790173958 Case Was Received
YSC1790173959 New Card Is Being Produced
YSC1790173960 Notice Was Returned To USCIS Because The Post Office Could Not Deliver It
YSC1790173961 New Card Is Being Produced
YSC1790173962 Case Was Received
YSC1790173963 New Card Is Being Produced
YSC1790173964 Case Was Received
YSC1790173965 New Card Is Being Produced
YSC1790173966 Case Was Received
YSC1790173967 Case Was Received
YSC1790173968 New Card Is Being Produced
YSC1790173969 Case Was Received
YSC1790173970 Case Was Received
YSC1790173971 Case Was Received
YSC1790173972 Card Was Mailed To Me
YSC1790173973 Case Was Received
YSC1790173974 Case Was Received
YSC1790173975 Case Was Received
YSC1790173976 New Card Is Being Produced
YSC1790173977 Case Was Received
YSC1790173978 Case Was Received
YSC1790173979 Case Was Received
YSC1790173980 Case Was Received
YSC1790173981 Case Was Received
YSC1790173982 Case Was Received
YSC1790173983 Case Was Received
YSC1790173984 Case Was Received
YSC1790173985 Case Was Received
YSC1790173986 New Card Is Being Produced
YSC1790173987 Case Was Received
YSC1790173988 Case Was Received
YSC1790173989 Case Was Received
YSC1790173990 Case Was Received
YSC1790173991 Case Was Received
YSC1790173992 Case Was Received
YSC1790173993 New Card Is Being Produced
YSC1790173994 Case Was Received
YSC1790173995 Case Was Received
YSC1790173996 New Card Is Being Produced
YSC1790173997 Case Was Received
YSC1790173998 New Card Is Being Produced
YSC1790173999 New Card Is Being Produced
YSC1790174000 Case Was Received
