YSC1790171000 Card Was Mailed To Me
YSC1790171001 Case Was Received
YSC1790171002 Card Was Mailed To Me
YSC1790171003 Case Was Received
YSC1790171004 Case Was Received
YSC1790171005 New Card Is Being Produced
YSC1790171006 Case Was Received
YSC1790171007 New Card Is Being Produced
YSC1790171008 Card Was Mailed To Me
YSC1790171009 New Card Is Being Produced
YSC1790171010 Date of Birth Was Updated
YSC1790171011 New Card Is Being Produced
YSC1790171012 New Card Is Being Produced
YSC1790171013 Request for Initial Evidence Was Mailed
YSC1790171014 New Card Is Being Produced
YSC1790171015 Case Was Received
YSC1790171016 New Card Is Being Produced
YSC1790171017 New Card Is Being Produced
YSC1790171018 Case Was Received
YSC1790171019 New Card Is Being Produced
YSC1790171020 New Card Is Being Produced
YSC1790171021 New Card Is Being Produced
YSC1790171022 Case Was Received
YSC1790171023 Case Was Received
YSC1790171024 New Card Is Being Produced
YSC1790171025 Case Was Received
YSC1790171026 Card Was Mailed To Me
YSC1790171027 New Card Is Being Produced
YSC1790171028 New Card Is Being Produced
YSC1790171029 New Card Is Being Produced
YSC1790171030 Case Was Received
YSC1790171031 Case Was Received
YSC1790171032 Case Was Received
YSC1790171033 Case Was Received
YSC1790171034 Card Was Mailed To Me
YSC1790171035 Card Was Mailed To Me
YSC1790171036 New Card Is Being Produced
YSC1790171037 Case Was Received
YSC1790171038 Card Was Mailed To Me
YSC1790171039 Case Was Received
YSC1790171040 Case Was Received
YSC1790171041 Case Was Received
YSC1790171042 Case Was Received
YSC1790171043 Case Was Received
YSC1790171044 New Card Is Being Produced
YSC1790171045 Case Was Received
YSC1790171046 Case Was Received
YSC1790171047 Case Was Received
YSC1790171048 Case Was Received
YSC1790171049 Case Was Received
YSC1790171050 Case Was Received
YSC1790171051 Case Was Received
YSC1790171052 Case Was Received
YSC1790171053 Case Was Received
YSC1790171054 Case Was Received
YSC1790171055 Case Was Received
YSC1790171056 Case Rejected Because The Version Of The Form I Sent Is No Longer Accepted
YSC1790171057 Card Was Mailed To Me
YSC1790171058 Card Was Mailed To Me
YSC1790171059 Card Was Mailed To Me
YSC1790171060 Case Was Received
YSC1790171061 New Card Is Being Produced
YSC1790171062 Case Was Received
YSC1790171063 Case Was Received
YSC1790171064 New Card Is Being Produced
YSC1790171065 Card Was Mailed To Me
YSC1790171066 Case Was Received
YSC1790171067 New Card Is Being Produced
YSC1790171068 Withdrawal Acknowledgement Notice Was Sent
YSC1790171069 Case Was Received
YSC1790171070 New Card Is Being Produced
YSC1790171071 New Card Is Being Produced
YSC1790171072 Case Was Received
YSC1790171073 Case Was Received
YSC1790171074 Case Was Received
YSC1790171075 Notice Was Returned To USCIS Because The Post Office Could Not Deliver It
YSC1790171076 Case Was Received
YSC1790171077 Case Was Received
YSC1790171078 Case Was Received
YSC1790171079 Case Was Received
YSC1790171080 Case Was Received
YSC1790171081 Case Was Received
YSC1790171082 New Card Is Being Produced
YSC1790171083 Card Was Mailed To Me
YSC1790171084 Case Was Received
YSC1790171085 Case Was Received
YSC1790171086 Card Was Mailed To Me
YSC1790171087 Case Was Received
YSC1790171088 Case Was Received
YSC1790171089 Card Was Mailed To Me
YSC1790171090 New Card Is Being Produced
YSC1790171091 Case Was Received
YSC1790171092 Case Was Received
YSC1790171093 Card Was Mailed To Me
YSC1790171094 New Card Is Being Produced
YSC1790171095 Card Was Mailed To Me
YSC1790171096 Card Was Mailed To Me
YSC1790171097 Correspondence Was Received And USCIS Is Reviewing It
YSC1790171098 Card Was Mailed To Me
YSC1790171099 Case Was Received
YSC1790171100 Card Was Mailed To Me
YSC1790171101 New Card Is Being Produced
YSC1790171102 Case Was Received
YSC1790171103 Case Was Received
YSC1790171104 Card Was Mailed To Me
YSC1790171105 Case Was Received
YSC1790171106 Card Was Mailed To Me
YSC1790171107 Card Was Mailed To Me
YSC1790171108 New Card Is Being Produced
YSC1790171109 Case Was Received
YSC1790171110 Case Was Received
YSC1790171111 Case Was Received
YSC1790171112 New Card Is Being Produced
YSC1790171113 Case Was Received
YSC1790171114 Case Was Received
YSC1790171115 Card Was Mailed To Me
YSC1790171116 Card Was Mailed To Me
YSC1790171117 Card Was Mailed To Me
YSC1790171118 Case Was Received
YSC1790171119 New Card Is Being Produced
YSC1790171120 Case Was Received
YSC1790171121 New Card Is Being Produced
YSC1790171122 Card Was Mailed To Me
YSC1790171123 Card Was Mailed To Me
YSC1790171124 Case Was Received
YSC1790171125 New Card Is Being Produced
YSC1790171126 New Card Is Being Produced
YSC1790171127 New Card Is Being Produced
YSC1790171128 Card Was Mailed To Me
YSC1790171129 New Card Is Being Produced
YSC1790171130 Card Was Mailed To Me
YSC1790171131 Correspondence Was Received And USCIS Is Reviewing It
YSC1790171132 New Card Is Being Produced
YSC1790171133 Request for Initial Evidence Was Mailed
YSC1790171134 Case Was Received
YSC1790171135 Case Was Received
YSC1790171136 Card Was Mailed To Me
YSC1790171137 Case Was Received
YSC1790171138 Card Was Mailed To Me
YSC1790171139 Card Was Mailed To Me
YSC1790171140 Card Was Mailed To Me
YSC1790171141 Case Was Received
YSC1790171142 Case Was Received
YSC1790171143 Case Was Received
YSC1790171144 Case Was Received
YSC1790171145 Case Was Received
YSC1790171146 Case Was Received
YSC1790171147 Card Was Mailed To Me
YSC1790171148 Case Was Received
YSC1790171149 Case Was Received
YSC1790171150 Case Was Received
YSC1790171151 New Card Is Being Produced
YSC1790171152 Request for Initial Evidence Was Mailed
YSC1790171153 Case Was Received
YSC1790171154 Case Was Received
YSC1790171155 Card Was Mailed To Me
YSC1790171156 Request for Initial Evidence Was Mailed
YSC1790171157 Card Was Mailed To Me
YSC1790171158 Card Was Mailed To Me
YSC1790171159 New Card Is Being Produced
YSC1790171160 Card Was Mailed To Me
YSC1790171161 New Card Is Being Produced
YSC1790171162 Card Was Mailed To Me
YSC1790171163 New Card Is Being Produced
YSC1790171164 Card Was Mailed To Me
YSC1790171165 Card Was Mailed To Me
YSC1790171166 Case Was Received
YSC1790171167 Case Was Received
YSC1790171168 Case Was Received
YSC1790171169 Card Was Mailed To Me
YSC1790171170 New Card Is Being Produced
YSC1790171171 New Card Is Being Produced
YSC1790171172 Card Was Mailed To Me
YSC1790171173 Card Was Mailed To Me
YSC1790171174 Case Was Received
YSC1790171175 Case Was Received
YSC1790171176 Request for Initial Evidence Was Mailed
YSC1790171177 New Card Is Being Produced
YSC1790171178 Case Was Received
YSC1790171179 New Card Is Being Produced
YSC1790171180 Case Was Received
YSC1790171181 Card Was Mailed To Me
YSC1790171182 Case Was Received
YSC1790171183 Case Was Received
YSC1790171184 Case Was Received
YSC1790171185 New Card Is Being Produced
YSC1790171186 Case Was Received
YSC1790171187 Card Was Mailed To Me
YSC1790171188 Case Was Received
YSC1790171189 Case Was Received
YSC1790171190 New Card Is Being Produced
YSC1790171191 Case Was Received
YSC1790171192 New Card Is Being Produced
YSC1790171193 Case Was Received
YSC1790171194 Card Was Mailed To Me
YSC1790171195 Case Was Received
YSC1790171196 Card Was Mailed To Me
YSC1790171197 New Card Is Being Produced
YSC1790171198 Case Was Received
YSC1790171199 Card Was Mailed To Me
YSC1790171200 Card Was Mailed To Me
YSC1790171201 New Card Is Being Produced
YSC1790171202 Case Was Received
YSC1790171203 Case Was Received
YSC1790171204 Card Was Mailed To Me
YSC1790171205 Case Was Received
YSC1790171206 Case Was Received
YSC1790171207 Card Was Mailed To Me
YSC1790171208 Case Was Received
YSC1790171209 Card Was Mailed To Me
YSC1790171210 Case Was Received
YSC1790171211 Card Was Mailed To Me
YSC1790171212 New Card Is Being Produced
YSC1790171213 Case Was Received
YSC1790171214 Card Was Mailed To Me
YSC1790171215 Card Was Mailed To Me
YSC1790171216 New Card Is Being Produced
YSC1790171217 Card Was Mailed To Me
YSC1790171218 Case Was Received
YSC1790171219 Card Was Mailed To Me
YSC1790171220 Case Was Received
YSC1790171221 Card Was Mailed To Me
YSC1790171222 Case Was Received
YSC1790171223 New Card Is Being Produced
YSC1790171224 New Card Is Being Produced
YSC1790171225 Case Was Received
YSC1790171226 New Card Is Being Produced
YSC1790171227 New Card Is Being Produced
YSC1790171228 Case Was Received
YSC1790171229 Case Was Received
YSC1790171230 New Card Is Being Produced
YSC1790171231 Case Was Received
YSC1790171232 New Card Is Being Produced
YSC1790171233 Case Was Received
YSC1790171234 Case Was Received
YSC1790171235 New Card Is Being Produced
YSC1790171236 Case Was Received
YSC1790171237 New Card Is Being Produced
YSC1790171238 New Card Is Being Produced
YSC1790171239 New Card Is Being Produced
YSC1790171240 Case Was Received
YSC1790171241 Case Was Received
YSC1790171242 Case Was Received
YSC1790171243 Case Was Received
YSC1790171244 Case Was Received
YSC1790171245 Card Was Mailed To Me
YSC1790171246 Case Was Received
YSC1790171247 New Card Is Being Produced
YSC1790171248 Case Was Received
YSC1790171249 Case Was Received
YSC1790171250 Card Was Mailed To Me
YSC1790171251 Card Was Mailed To Me
YSC1790171252 Case Was Received
YSC1790171253 Card Was Mailed To Me
YSC1790171254 Card Was Mailed To Me
YSC1790171255 Case Was Received
YSC1790171256 Case Was Received
YSC1790171257 Card Was Mailed To Me
YSC1790171258 Card Was Mailed To Me
YSC1790171259 Card Was Mailed To Me
YSC1790171260 Case Was Received
YSC1790171261 New Card Is Being Produced
YSC1790171262 Card Was Mailed To Me
YSC1790171263 Case Was Received
YSC1790171264 Card Was Mailed To Me
YSC1790171265 Case Was Received
YSC1790171266 Case Was Received
YSC1790171267 Case Was Received
YSC1790171268 Case Was Received
YSC1790171269 Case Was Received
YSC1790171270 Case Was Received
YSC1790171271 Case Was Received
YSC1790171272 Case Was Received
YSC1790171273 Case Was Received
YSC1790171274 Case Was Received
YSC1790171275 Case Was Received
YSC1790171276 Case Was Received
YSC1790171277 Case Was Received
YSC1790171278 Case Was Received
YSC1790171279 Notice Was Returned To USCIS Because The Post Office Could Not Deliver It
YSC1790171280 Case Was Received
YSC1790171281 Case Rejected Because The Version Of The Form I Sent Is No Longer Accepted
YSC1790171282 Case Rejected Because The Version Of The Form I Sent Is No Longer Accepted
YSC1790171283 Case Rejected Because The Version Of The Form I Sent Is No Longer Accepted
YSC1790171284 Case Was Received
YSC1790171285 Case Was Received
YSC1790171286 Case Was Received
YSC1790171287 New Card Is Being Produced
YSC1790171288 Card Was Mailed To Me
YSC1790171289 Case Rejected Because The Version Of The Form I Sent Is No Longer Accepted
YSC1790171290 Case Was Received
YSC1790171291 Case Was Received
YSC1790171292 Case Was Received
YSC1790171293 Case Was Received
YSC1790171294 Case Was Received
YSC1790171295 Case Rejected Because The Version Of The Form I Sent Is No Longer Accepted
YSC1790171296 Case Was Received
YSC1790171297 Card Was Mailed To Me
YSC1790171298 New Card Is Being Produced
YSC1790171299 Fees Were Waived
YSC1790171300 New Card Is Being Produced
YSC1790171301 Card Was Mailed To Me
YSC1790171302 Case Was Received
YSC1790171303 Card Was Mailed To Me
YSC1790171304 Card Was Mailed To Me
YSC1790171305 Card Was Mailed To Me
YSC1790171306 Case Was Received
YSC1790171307 Case Was Received
YSC1790171308 Case Was Received
YSC1790171309 Case Was Received
YSC1790171310 Case Was Received
YSC1790171311 Case Was Received
YSC1790171312 New Card Is Being Produced
YSC1790171313 Card Was Mailed To Me
YSC1790171314 Case Was Received
YSC1790171315 Case Was Received
YSC1790171316 Card Was Mailed To Me
YSC1790171317 Case Was Received
YSC1790171318 Case Was Received
YSC1790171319 Case Was Received
YSC1790171320 Case Was Received
YSC1790171321 Case Was Received
YSC1790171322 Case Was Received
YSC1790171323 Case Was Received
YSC1790171324 Case Was Received
YSC1790171325 Case Was Received
YSC1790171326 New Card Is Being Produced
YSC1790171327 Case Was Received
YSC1790171328 Case Was Received
YSC1790171329 Case Was Received
YSC1790171330 Notice Was Returned To USCIS Because The Post Office Could Not Deliver It
YSC1790171331 Card Was Mailed To Me
YSC1790171332 Card Was Mailed To Me
YSC1790171333 Case Was Received
YSC1790171334 Case Was Received
YSC1790171335 Request for Initial Evidence Was Mailed
YSC1790171336 New Card Is Being Produced
YSC1790171337 New Card Is Being Produced
YSC1790171338 Card Was Mailed To Me
YSC1790171339 Case Was Received
YSC1790171340 Case Was Received
YSC1790171341 Card Was Mailed To Me
YSC1790171342 New Card Is Being Produced
YSC1790171343 Case Was Received
YSC1790171344 Card Was Mailed To Me
YSC1790171345 Card Was Mailed To Me
YSC1790171346 Card Was Mailed To Me
YSC1790171347 Case Was Received
YSC1790171348 Case Was Received
YSC1790171349 Case Was Received
YSC1790171350 Case Was Received
YSC1790171351 Case Was Received
YSC1790171352 Case Was Received
YSC1790171353 New Card Is Being Produced
YSC1790171354 New Card Is Being Produced
YSC1790171355 New Card Is Being Produced
YSC1790171356 Card Was Mailed To Me
YSC1790171357 Case Was Received
YSC1790171358 Case Was Received
YSC1790171359 New Card Is Being Produced
YSC1790171360 New Card Is Being Produced
YSC1790171361 Case Was Received
YSC1790171362 New Card Is Being Produced
YSC1790171363 Card Was Mailed To Me
YSC1790171364 New Card Is Being Produced
YSC1790171365 New Card Is Being Produced
YSC1790171366 Case Was Received
YSC1790171367 Case Was Received
YSC1790171368 Case Was Received
YSC1790171369 Case Was Received
YSC1790171370 New Card Is Being Produced
YSC1790171371 Case Was Received
YSC1790171372 Case Was Received
YSC1790171373 Card Was Mailed To Me
YSC1790171374 Name Was Updated
YSC1790171375 Case Was Received
YSC1790171376 Decision Notice Mailed
YSC1790171377 Case Rejected Because The Version Of The Form I Sent Is No Longer Accepted
YSC1790171378 Case Was Received
YSC1790171379 Case Was Received
YSC1790171380 Case Was Received
YSC1790171381 New Card Is Being Produced
YSC1790171382 Case Was Received
YSC1790171383 Correspondence Was Received And USCIS Is Reviewing It
YSC1790171384 Case Was Received
YSC1790171385 Card Was Mailed To Me
YSC1790171386 Case Was Received
YSC1790171387 Case Was Received
YSC1790171388 Case Was Received
YSC1790171389 Case Was Received
YSC1790171390 Case Was Received
YSC1790171391 Case Was Received
YSC1790171392 Case Was Received
YSC1790171393 Case Was Received
YSC1790171394 Case Was Received
YSC1790171395 Case Was Received
YSC1790171396 Case Was Received
YSC1790171397 Case Was Received
YSC1790171398 Case Was Received
YSC1790171399 New Card Is Being Produced
YSC1790171400 Card Was Mailed To Me
YSC1790171401 New Card Is Being Produced
YSC1790171402 Case Was Received
YSC1790171403 Case Was Received
YSC1790171404 Case Was Received
YSC1790171405 New Card Is Being Produced
YSC1790171406 New Card Is Being Produced
YSC1790171407 Card Was Mailed To Me
YSC1790171408 Case Was Received
YSC1790171409 Case Was Received
YSC1790171410 Case Was Received
YSC1790171411 Case Was Received
YSC1790171412 Case Was Received
YSC1790171413 Case Was Received
YSC1790171414 Case Was Transferred And A New Office Has Jurisdiction
YSC1790171415 Case Was Received
YSC1790171416 Case Was Received
YSC1790171417 Case Was Received
YSC1790171418 Case Was Received
YSC1790171419 Case Was Received
YSC1790171420 Case Was Received
YSC1790171421 Case Was Received
YSC1790171422 Case Was Received
YSC1790171423 Card Was Mailed To Me
YSC1790171424 New Card Is Being Produced
YSC1790171425 New Card Is Being Produced
YSC1790171426 Case Rejected Because I Sent An Incorrect Fee
YSC1790171427 Card Was Mailed To Me
YSC1790171428 Case Was Received
YSC1790171429 Case Was Received
YSC1790171430 Case Was Received
YSC1790171431 Case Was Received
YSC1790171432 Case Was Received
YSC1790171433 Case Was Received
YSC1790171434 Case Was Received
YSC1790171435 Case Was Received
YSC1790171436 Case Was Received
YSC1790171437 Case Was Received
YSC1790171438 Case Was Received
YSC1790171439 Case Was Received
YSC1790171440 Case Was Received
YSC1790171441 Case Was Received
YSC1790171442 Case Was Received
YSC1790171443 Case Was Received
YSC1790171444 Case Was Received
YSC1790171445 Case Was Received
YSC1790171446 Case Was Received
YSC1790171447 Case Was Received
YSC1790171448 New Card Is Being Produced
YSC1790171449 Case Was Received
YSC1790171450 New Card Is Being Produced
YSC1790171451 New Card Is Being Produced
YSC1790171452 Case Was Received
YSC1790171453 Card Was Mailed To Me
YSC1790171454 New Card Is Being Produced
YSC1790171455 Card Was Mailed To Me
YSC1790171456 Case Was Received
YSC1790171457 Card Was Mailed To Me
YSC1790171458 Case Was Received
YSC1790171459 Case Was Received
YSC1790171460 New Card Is Being Produced
YSC1790171461 Card Was Mailed To Me
YSC1790171462 Case Was Received
YSC1790171463 Card Was Mailed To Me
YSC1790171464 New Card Is Being Produced
YSC1790171465 Card Was Mailed To Me
YSC1790171466 Case Was Received
YSC1790171467 Card Was Mailed To Me
YSC1790171468 Card Was Mailed To Me
YSC1790171469 Card Was Mailed To Me
YSC1790171470 Case Was Received
YSC1790171471 Case Was Received
YSC1790171472 Case Was Received
YSC1790171473 New Card Is Being Produced
YSC1790171474 Case Was Received
YSC1790171475 New Card Is Being Produced
YSC1790171476 New Card Is Being Produced
YSC1790171477 Card Was Mailed To Me
YSC1790171478 New Card Is Being Produced
YSC1790171479 Request for Initial Evidence Was Mailed
YSC1790171480 New Card Is Being Produced
YSC1790171481 New Card Is Being Produced
YSC1790171482 Case Was Received
YSC1790171483 New Card Is Being Produced
YSC1790171484 Correspondence Was Received And USCIS Is Reviewing It
YSC1790171485 Case Was Received
YSC1790171486 Case Was Received
YSC1790171487 Case Was Received
YSC1790171488 Card Was Mailed To Me
YSC1790171489 New Card Is Being Produced
YSC1790171490 New Card Is Being Produced
YSC1790171491 New Card Is Being Produced
YSC1790171492 Case Was Received
YSC1790171493 New Card Is Being Produced
YSC1790171494 Case Was Received
YSC1790171495 New Card Is Being Produced
YSC1790171496 Card Was Mailed To Me
YSC1790171497 Date of Birth Was Updated
YSC1790171498 New Card Is Being Produced
YSC1790171499 New Card Is Being Produced
YSC1790171500 Card Was Mailed To Me
