YSC1790177000 Case Was Received
YSC1790177001 Case Was Received
YSC1790177002 Case Was Received
YSC1790177003 Case Was Received
YSC1790177004 Case Was Received
YSC1790177005 Case Was Received
YSC1790177006 Case Was Received
YSC1790177007 Case Was Received
YSC1790177008 Case Was Received
YSC1790177009 Case Was Received
YSC1790177010 Case Was Received
YSC1790177011 Correspondence Was Received And USCIS Is Reviewing It
YSC1790177012 Case Was Received
YSC1790177013 Case Was Received
YSC1790177014 Case Was Received
YSC1790177015 Case Was Received
YSC1790177016 Case Was Received
YSC1790177017 Case Was Received
YSC1790177018 Case Was Received
YSC1790177019 Case Was Received
YSC1790177020 Case Was Received
YSC1790177021 Case Was Received
YSC1790177022 Case Was Received
YSC1790177023 Case Was Received
YSC1790177024 Case Was Received
YSC1790177025 Case Was Received
YSC1790177026 Case Was Received
YSC1790177027 Case Was Received
YSC1790177028 Case Was Received
YSC1790177029 Case Was Received
YSC1790177030 Case Was Received
YSC1790177031 Case Was Received
YSC1790177032 Case Was Received
YSC1790177033 Case Was Received
YSC1790177034 Case Was Received
YSC1790177035 Case Was Received
YSC1790177036 Case Was Received
YSC1790177037 Case Was Received
YSC1790177038 Case Was Received
YSC1790177039 Case Was Received
YSC1790177040 Case Was Received
YSC1790177041 Case Was Received
YSC1790177042 Case Was Received
YSC1790177043 Case Was Received
YSC1790177044 Case Was Received
YSC1790177045 Case Was Received
YSC1790177046 Case Was Received
YSC1790177047 Case Was Received
YSC1790177048 Case Was Received
YSC1790177049 Case Was Received
YSC1790177050 Case Was Received
YSC1790177051 Case Was Received
YSC1790177052 Case Was Received
YSC1790177053 Case Was Received
YSC1790177054 Case Was Received
YSC1790177055 Case Was Received
YSC1790177056 Case Was Received
YSC1790177057 Case Was Received
YSC1790177058 Case Was Received
YSC1790177059 Case Was Received
YSC1790177060 Case Was Received
YSC1790177061 Case Was Received
YSC1790177062 Case Was Received
YSC1790177063 Case Was Received
YSC1790177064 Case Was Received
YSC1790177065 Case Was Received
YSC1790177066 Case Was Received
YSC1790177067 Case Was Received
YSC1790177068 Case Was Received
YSC1790177069 Case Was Received
YSC1790177070 Case Was Received
YSC1790177071 Case Was Received
YSC1790177072 Case Was Received
YSC1790177073 Case Was Received
YSC1790177074 Case Was Received
YSC1790177075 Case Was Received
YSC1790177076 Case Was Received
YSC1790177077 Case Was Received
YSC1790177078 Case Was Received
YSC1790177079 Case Was Received
YSC1790177080 Case Was Received
YSC1790177081 Case Was Received
YSC1790177082 Case Was Received
YSC1790177083 Case Was Received
YSC1790177084 Case Was Received
YSC1790177085 Case Was Received
YSC1790177086 Case Was Received
YSC1790177087 Case Was Received
YSC1790177088 Case Was Received
YSC1790177089 Case Was Received
YSC1790177090 Case Was Received
YSC1790177091 Case Was Received
YSC1790177092 Case Was Received
YSC1790177093 Case Was Received
YSC1790177094 Case Was Received
YSC1790177095 Case Was Received
YSC1790177096 Case Was Received
YSC1790177097 Case Was Received
YSC1790177098 Case Was Received
YSC1790177099 Case Was Received
YSC1790177100 Case Was Received
YSC1790177101 Case Was Received
YSC1790177102 Case Was Received
YSC1790177103 Case Was Received
YSC1790177104 Case Was Received
YSC1790177105 Case Was Received
YSC1790177106 Case Was Received
YSC1790177107 Case Was Received
YSC1790177108 Case Was Received
YSC1790177109 Case Was Received
YSC1790177110 Case Was Received
YSC1790177111 Case Was Received
YSC1790177112 Case Was Received
YSC1790177113 Case Was Received
YSC1790177114 Case Was Received
YSC1790177115 Case Was Received
YSC1790177116 Case Was Received
YSC1790177117 Case Was Received
YSC1790177118 Case Was Received
YSC1790177119 Case Was Received
YSC1790177120 Case Was Received
YSC1790177121 Case Was Received
YSC1790177122 Case Was Received
YSC1790177123 Case Was Received
YSC1790177124 Case Was Received
YSC1790177125 Case Was Received
YSC1790177126 Case Was Received
YSC1790177127 Case Was Received
YSC1790177128 Case Was Received
YSC1790177129 Case Was Received
YSC1790177130 New Card Is Being Produced
YSC1790177131 Case Was Received
YSC1790177132 Case Was Received
YSC1790177133 New Card Is Being Produced
YSC1790177134 Case Was Received
YSC1790177135 New Card Is Being Produced
YSC1790177136 New Card Is Being Produced
YSC1790177137 Case Was Received
YSC1790177138 Case Was Received
YSC1790177139 Case Was Received
YSC1790177140 Case Was Received
YSC1790177141 Case Was Received
YSC1790177142 Case Was Received
YSC1790177143 Case Was Received
YSC1790177144 Case Was Received
YSC1790177145 Case Was Received
YSC1790177146 Case Was Received
YSC1790177147 Case Was Received
YSC1790177148 Case Was Received
YSC1790177149 Card Was Mailed To Me
YSC1790177150 Case Was Received
YSC1790177151 Case Was Received
YSC1790177152 Case Was Received
YSC1790177153 Case Was Received
YSC1790177154 New Card Is Being Produced
YSC1790177155 Case Was Received
YSC1790177156 Case Was Received
YSC1790177157 Correspondence Was Received And USCIS Is Reviewing It
YSC1790177158 Case Was Received
YSC1790177159 Case Was Received
YSC1790177160 Case Was Received
YSC1790177161 Case Was Received
YSC1790177162 Case Was Received
YSC1790177163 Case Was Received
YSC1790177164 New Card Is Being Produced
YSC1790177165 Case Was Received
YSC1790177166 Case Was Received
YSC1790177167 Case Was Received
YSC1790177168 Case Was Received
YSC1790177169 Case Was Received
YSC1790177170 Case Was Received
YSC1790177171 Case Was Received
YSC1790177172 Case Was Received
YSC1790177173 Case Was Received
YSC1790177174 New Card Is Being Produced
YSC1790177175 New Card Is Being Produced
YSC1790177176 New Card Is Being Produced
YSC1790177177 New Card Is Being Produced
YSC1790177178 Case Was Received
YSC1790177179 Case Was Received
YSC1790177180 Case Was Received
YSC1790177181 Case Was Received
YSC1790177182 Case Was Received
YSC1790177183 New Card Is Being Produced
YSC1790177184 Case Was Received
YSC1790177185 Card Was Mailed To Me
YSC1790177186 Case Was Received
YSC1790177187 Case Was Received
YSC1790177188 Case Was Received
YSC1790177189 Case Was Received
YSC1790177190 Case Was Received
YSC1790177191 Case Was Received
YSC1790177192 Case Was Received
YSC1790177193 Case Was Received
YSC1790177194 Case Was Received
YSC1790177195 Case Was Received
YSC1790177196 Case Was Received
YSC1790177197 Case Was Received
YSC1790177198 Case Was Received
YSC1790177199 Case Was Received
YSC1790177200 Case Was Received
YSC1790177201 Case Was Received
YSC1790177202 Case Was Received
YSC1790177203 Case Was Received
YSC1790177204 Case Was Received
YSC1790177205 Case Was Received
YSC1790177206 Case Was Received
YSC1790177207 Case Was Received
YSC1790177208 Case Was Received
YSC1790177209 Case Was Received
YSC1790177210 Case Was Received
YSC1790177211 Case Was Received
YSC1790177212 Case Was Received
YSC1790177213 Case Was Received
YSC1790177214 Case Was Received
YSC1790177215 Case Was Received
YSC1790177216 Case Was Received
YSC1790177217 Case Was Received
YSC1790177218 Case Was Received
YSC1790177219 Case Was Received
YSC1790177220 Case Was Received
YSC1790177221 Case Was Received
YSC1790177222 Card Was Mailed To Me
YSC1790177223 Case Was Received
YSC1790177224 Case Was Received
YSC1790177225 Case Was Received
YSC1790177226 Case Was Received
YSC1790177227 Case Was Received
YSC1790177228 Case Was Received
YSC1790177229 Case Was Received
YSC1790177230 Case Was Received
YSC1790177231 Case Was Received
YSC1790177232 Case Was Received
YSC1790177233 Case Was Received
YSC1790177234 Case Was Received
YSC1790177235 Case Was Received
YSC1790177236 Case Was Received
YSC1790177237 Case Was Received
YSC1790177238 Case Was Received
YSC1790177239 Case Was Received
YSC1790177240 Case Was Received
YSC1790177241 Case Was Received
YSC1790177242 Case Was Received
YSC1790177243 Case Was Received
YSC1790177244 Case Was Received
YSC1790177245 Case Was Received
YSC1790177246 Case Was Received
YSC1790177247 Case Was Received
YSC1790177248 Notice Was Returned To USCIS Because The Post Office Could Not Deliver It
YSC1790177249 Case Was Received
YSC1790177250 Case Was Received
YSC1790177251 Case Was Received
YSC1790177252 Case Was Received
YSC1790177253 Case Was Received
YSC1790177254 Case Was Received
YSC1790177255 Case Was Received
YSC1790177256 Case Was Received
YSC1790177257 Case Was Received
YSC1790177258 Case Was Received
YSC1790177259 Case Was Received
YSC1790177260 Case Was Received
YSC1790177261 Case Was Received
YSC1790177262 Case Was Received
YSC1790177263 Case Was Received
YSC1790177264 Case Was Received
YSC1790177265 Case Was Received
YSC1790177266 Case Was Received
YSC1790177267 Case Was Received
YSC1790177268 Case Was Received
YSC1790177269 Case Was Received
YSC1790177270 Case Was Received
YSC1790177271 Case Was Received
YSC1790177272 Case Was Received
YSC1790177273 Case Was Received
YSC1790177274 Case Was Received
YSC1790177275 Case Was Received
YSC1790177276 Case Was Received
YSC1790177277 Case Was Received
YSC1790177278 Case Was Received
YSC1790177279 Case Was Received
YSC1790177280 Case Was Received
YSC1790177281 Case Was Received
YSC1790177282 Case Was Received
YSC1790177283 Notice Was Returned To USCIS Because The Post Office Could Not Deliver It
YSC1790177284 Case Was Received
YSC1790177285 Case Was Received
YSC1790177286 Case Was Received
YSC1790177287 Case Was Received
YSC1790177288 Case Was Received
YSC1790177289 Case Was Received
YSC1790177290 Case Was Received
YSC1790177291 Case Was Received
YSC1790177292 Case Was Received
YSC1790177293 Case Was Received
YSC1790177294 Case Was Received
YSC1790177295 Case Was Received
YSC1790177296 Case Was Received
YSC1790177297 Case Was Received
YSC1790177298 Case Was Received
YSC1790177299 Case Was Received
YSC1790177300 Case Was Received
YSC1790177301 Case Was Received
YSC1790177302 Case Was Received
YSC1790177303 Case Was Received
YSC1790177304 Case Was Received
YSC1790177305 Case Was Received
YSC1790177306 Case Was Received
YSC1790177307 Case Was Received
YSC1790177308 Case Was Received
YSC1790177309 Notice Was Returned To USCIS Because The Post Office Could Not Deliver It
YSC1790177310 Case Was Received
YSC1790177311 Case Was Received
YSC1790177312 Case Was Received
YSC1790177313 Case Was Received
YSC1790177314 Case Was Received
YSC1790177315 Case Was Received
YSC1790177316 Case Was Received
YSC1790177317 Case Was Received
YSC1790177318 Case Was Received
YSC1790177319 Case Was Received
YSC1790177320 Case Was Received
YSC1790177321 Case Was Received
YSC1790177322 Case Was Received
YSC1790177323 Case Was Received
YSC1790177324 Case Was Received
YSC1790177325 Notice Was Returned To USCIS Because The Post Office Could Not Deliver It
YSC1790177326 Case Was Received
YSC1790177327 Case Was Received
YSC1790177328 Case Was Received
YSC1790177329 Case Was Received
YSC1790177330 Case Was Received
YSC1790177331 Case Was Received
YSC1790177332 Card Was Mailed To Me
YSC1790177333 Notice Was Returned To USCIS Because The Post Office Could Not Deliver It
YSC1790177334 Case Was Received
YSC1790177335 Case Was Received
YSC1790177336 Case Was Received
YSC1790177337 Case Was Received
YSC1790177338 Case Was Received
YSC1790177339 Case Was Received
YSC1790177340 Case Was Received
YSC1790177341 Case Was Received
YSC1790177342 Case Was Received
YSC1790177343 Case Was Received
YSC1790177344 Case Was Received
YSC1790177345 Case Was Received
YSC1790177346 Case Was Received
YSC1790177347 Case Was Received
YSC1790177348 Notice Was Returned To USCIS Because The Post Office Could Not Deliver It
YSC1790177349 Case Was Received
YSC1790177350 Case Was Received
YSC1790177351 Case Was Received
YSC1790177352 Case Was Received
YSC1790177353 Case Was Received
YSC1790177354 Case Was Received
YSC1790177355 Case Was Received
YSC1790177356 Case Was Received
YSC1790177357 Case Was Received
YSC1790177358 Case Was Received
YSC1790177359 Case Was Received
YSC1790177360 Case Was Received
YSC1790177361 Case Was Received
YSC1790177362 Case Was Received
YSC1790177363 Case Was Received
YSC1790177364 Case Was Received
YSC1790177365 Case Was Received
YSC1790177366 Case Was Received
YSC1790177367 Case Was Received
YSC1790177368 Case Was Received
YSC1790177369 Card Was Mailed To Me
YSC1790177370 Case Was Received
YSC1790177371 Case Was Received
YSC1790177372 Case Was Received
YSC1790177373 Case Was Received
YSC1790177374 Case Was Received
YSC1790177375 Case Was Received
YSC1790177376 Case Was Received
YSC1790177377 Case Was Received
YSC1790177378 Case Was Received
YSC1790177379 New Card Is Being Produced
YSC1790177380 Case Was Received
YSC1790177381 Case Was Received
YSC1790177382 Case Was Received
YSC1790177383 Case Was Received
YSC1790177384 Case Was Received
YSC1790177385 Case Was Received
YSC1790177386 Case Was Received
YSC1790177387 Case Was Received
YSC1790177388 Case Was Received
YSC1790177389 Case Was Received
YSC1790177390 Case Was Received
YSC1790177391 Case Was Received
YSC1790177392 Case Was Received
YSC1790177393 Case Was Received
YSC1790177394 Case Was Received
YSC1790177395 Case Was Received
YSC1790177396 Notice Was Returned To USCIS Because The Post Office Could Not Deliver It
YSC1790177397 Case Was Received
YSC1790177398 Case Was Received
YSC1790177399 Case Was Received
YSC1790177400 Case Was Received
YSC1790177401 Case Was Received
YSC1790177402 Case Was Received
YSC1790177403 Case Was Received
YSC1790177404 Case Was Received
YSC1790177405 Case Was Received
YSC1790177406 Case Was Received
YSC1790177407 Case Was Received
YSC1790177408 Case Was Received
YSC1790177409 Case Was Received
YSC1790177410 Case Was Received
YSC1790177411 Case Was Received
YSC1790177412 Case Was Received
YSC1790177413 Case Was Received
YSC1790177414 Case Was Received
YSC1790177415 Case Was Received
YSC1790177416 Case Was Received
YSC1790177417 Case Was Received
YSC1790177418 Case Was Rejected Because It Was Improperly Filed
YSC1790177419 Case Was Received
YSC1790177420 Case Was Received
YSC1790177421 Case Was Received
YSC1790177422 Case Was Received
YSC1790177423 Case Was Received
YSC1790177424 Case Was Received
YSC1790177425 Case Was Received
YSC1790177426 Case Was Received
YSC1790177427 Case Was Received
YSC1790177428 Notice Was Returned To USCIS Because The Post Office Could Not Deliver It
YSC1790177429 Case Was Received
YSC1790177430 Card Was Mailed To Me
YSC1790177431 Case Was Received
YSC1790177432 Case Was Received
YSC1790177433 Name Was Updated
YSC1790177434 Case Was Received
YSC1790177435 Case Was Received
YSC1790177436 Case Was Received
YSC1790177437 Case Was Received
YSC1790177438 Case Was Received
YSC1790177439 Case Was Received
YSC1790177440 Case Was Received
YSC1790177441 Case Was Received
YSC1790177442 Case Was Received
YSC1790177443 Case Was Received
YSC1790177444 Case Was Received
YSC1790177445 Case Was Received
YSC1790177446 Case Was Received
YSC1790177447 Case Was Received
YSC1790177448 Case Was Received
YSC1790177449 Case Was Received
YSC1790177450 Case Was Received
YSC1790177451 Case Was Received
YSC1790177452 Case Was Received
YSC1790177453 Case Was Received
YSC1790177454 Case Was Received
YSC1790177455 Case Was Received
YSC1790177456 Case Was Received
YSC1790177457 Case Was Received
YSC1790177458 Case Was Received
YSC1790177459 Case Was Received
YSC1790177460 Case Was Received
YSC1790177461 Case Was Received
YSC1790177462 Case Was Received
YSC1790177463 Case Was Received
YSC1790177464 Case Was Received
YSC1790177465 Case Was Received
YSC1790177466 Case Was Received
YSC1790177467 Case Was Received
YSC1790177468 Case Was Received
YSC1790177469 Case Was Received
YSC1790177470 Case Was Received
YSC1790177471 Case Was Received
YSC1790177472 Case Was Received
YSC1790177473 Case Was Received
YSC1790177474 Case Was Received
YSC1790177475 Case Was Received
YSC1790177476 Case Was Received
YSC1790177477 Case Was Received
YSC1790177478 Case Was Received
YSC1790177479 Case Was Received
YSC1790177480 Case Was Received
YSC1790177481 Case Was Received
YSC1790177482 Case Was Received
YSC1790177483 Case Was Received
YSC1790177484 Case Was Received
YSC1790177485 Case Was Received
YSC1790177486 Case Was Received
YSC1790177487 Case Was Received
YSC1790177488 Case Was Received
YSC1790177489 Case Was Received
YSC1790177490 Case Was Received
YSC1790177491 Case Was Received
YSC1790177492 Case Was Received
YSC1790177493 Case Was Received
YSC1790177494 Case Was Received
YSC1790177495 Case Was Received
YSC1790177496 Case Was Received
YSC1790177497 Case Was Received
YSC1790177498 Case Was Received
YSC1790177499 Case Was Received
YSC1790177500 Case Was Received