YSC1790177500 Case Was Received
YSC1790177501 Case Was Received
YSC1790177502 Notice Was Returned To USCIS Because The Post Office Could Not Deliver It
YSC1790177503 Case Was Received
YSC1790177504 Case Was Received
YSC1790177505 Case Was Received
YSC1790177506 Case Was Received
YSC1790177507 Case Was Received
YSC1790177508 Case Was Received
YSC1790177509 Case Was Received
YSC1790177510 Case Was Received
YSC1790177511 Case Was Received
YSC1790177512 Name Was Updated
YSC1790177513 Case Was Received
YSC1790177514 New Card Is Being Produced
YSC1790177515 Case Was Received
YSC1790177516 New Card Is Being Produced
YSC1790177517 Case Was Received
YSC1790177518 Case Was Received
YSC1790177519 Case Was Received
YSC1790177520 Case Was Received
YSC1790177521 Case Was Received
YSC1790177522 Case Was Received
YSC1790177523 Case Was Received
YSC1790177524 Case Was Received
YSC1790177525 Case Was Received
YSC1790177526 Case Was Received
YSC1790177527 Case Was Received
YSC1790177528 Case Was Received
YSC1790177529 Case Was Received
YSC1790177530 Name Was Updated
YSC1790177531 Case Was Received
YSC1790177532 Case Was Received
YSC1790177533 Case Was Received
YSC1790177534 Case Was Received
YSC1790177535 Case Was Received
YSC1790177536 Case Was Received
YSC1790177537 Case Was Received
YSC1790177538 Case Was Received
YSC1790177539 Case Was Received
YSC1790177540 Case Was Received
YSC1790177541 Case Was Received
YSC1790177542 Case Was Received
YSC1790177543 Case Was Received
YSC1790177544 Case Was Received
YSC1790177545 Case Was Received
YSC1790177546 Case Was Received
YSC1790177547 Case Was Received
YSC1790177548 Correspondence Was Received And USCIS Is Reviewing It
YSC1790177549 Case Was Received
YSC1790177550 Case Was Received
YSC1790177551 Case Was Received
YSC1790177552 Case Was Received
YSC1790177553 Case Was Received
YSC1790177554 Case Was Received
YSC1790177555 Case Was Received
YSC1790177556 Case Was Received
YSC1790177557 Case Was Received
YSC1790177558 Case Was Received
YSC1790177559 Case Was Received
YSC1790177560 Case Was Received
YSC1790177561 Case Was Received
YSC1790177562 Case Was Received
YSC1790177563 Case Was Received
YSC1790177564 New Card Is Being Produced
YSC1790177565 Case Was Received
YSC1790177566 Case Was Received
YSC1790177567 Case Was Received
YSC1790177568 Case Was Received
YSC1790177569 Case Was Received
YSC1790177570 Card Was Mailed To Me
YSC1790177571 Case Was Received
YSC1790177572 Case Was Received
YSC1790177573 Name Was Updated
YSC1790177574 Card Was Mailed To Me
YSC1790177575 Case Was Received
YSC1790177576 Case Was Received
YSC1790177577 Case Was Received
YSC1790177578 Card Was Mailed To Me
YSC1790177579 Case Was Received
YSC1790177580 Case Was Received
YSC1790177581 Correspondence Was Received And USCIS Is Reviewing It
YSC1790177582 Case Was Received
YSC1790177583 Case Was Received
YSC1790177584 Case Was Received
YSC1790177585 Case Was Received
YSC1790177586 Case Was Received
YSC1790177587 Case Was Received
YSC1790177588 Card Was Mailed To Me
YSC1790177589 Case Was Received
YSC1790177590 Card Was Mailed To Me
YSC1790177591 Case Was Received
YSC1790177592 Withdrawal Acknowledgement Notice Was Sent
YSC1790177593 New Card Is Being Produced
YSC1790177594 Card Was Mailed To Me
YSC1790177595 Case Was Received
YSC1790177596 New Card Is Being Produced
YSC1790177597 Case Was Received
YSC1790177598 Case Was Received
YSC1790177599 Case Was Received
YSC1790177600 Request for Additional Evidence Was Mailed
YSC1790177601 Case Was Received
YSC1790177602 Case Was Received
YSC1790177603 Case Was Received
YSC1790177604 Case Was Received
YSC1790177605 Case Was Received
YSC1790177606 Case Was Received
YSC1790177607 Case Was Received
YSC1790177608 Case Was Received
YSC1790177609 Case Was Received
YSC1790177610 Case Was Received
YSC1790177611 Case Was Received
YSC1790177612 Case Was Received
YSC1790177613 Case Was Received
YSC1790177614 Case Was Received
YSC1790177615 Case Was Received
YSC1790177616 New Card Is Being Produced
YSC1790177617 Case Was Received
YSC1790177618 Name Was Updated
YSC1790177619 Case Was Received
YSC1790177620 Case Was Received
YSC1790177621 Case Was Received
YSC1790177622 Case Was Received
YSC1790177623 Case Was Received
YSC1790177624 Case Was Received
YSC1790177625 Case Was Received
YSC1790177626 Notice Was Returned To USCIS Because The Post Office Could Not Deliver It
YSC1790177627 Case Was Received
YSC1790177628 Case Was Received
YSC1790177629 New Card Is Being Produced
YSC1790177630 Case Was Received
YSC1790177631 Case Was Received
YSC1790177632 Case Was Received
YSC1790177633 Case Was Received
YSC1790177634 Case Was Received
YSC1790177635 Case Was Received
YSC1790177636 Case Was Received
YSC1790177637 Case Was Received
YSC1790177638 Case Was Received
YSC1790177639 Case Was Received
YSC1790177640 Name Was Updated
YSC1790177641 Case Was Received
YSC1790177642 Case Was Received
YSC1790177643 Case Was Received
YSC1790177644 Case Was Received
YSC1790177645 Case Was Received
YSC1790177646 Case Was Received
YSC1790177647 Case Was Received
YSC1790177648 Case Was Received
YSC1790177649 Case Was Received
YSC1790177650 Case Was Received
YSC1790177651 Case Was Received
YSC1790177652 Card Was Mailed To Me
YSC1790177653 Case Was Received
YSC1790177654 Case Was Received
YSC1790177655 Case Was Received
YSC1790177656 Case Was Received
YSC1790177657 Case Was Received
YSC1790177658 Case Was Received
YSC1790177659 Case Was Received
YSC1790177660 New Card Is Being Produced
YSC1790177661 Case Was Received
YSC1790177662 Case Was Received
YSC1790177663 Case Was Received
YSC1790177664 Case Was Received
YSC1790177665 Case Was Received
YSC1790177666 Case Was Received
YSC1790177667 Case Was Received
YSC1790177668 Case Was Received
YSC1790177669 Case Was Received
YSC1790177670 Notice Was Returned To USCIS Because The Post Office Could Not Deliver It
YSC1790177671 Notice Was Returned To USCIS Because The Post Office Could Not Deliver It
YSC1790177672 Case Was Received
YSC1790177673 Case Was Received
YSC1790177674 Case Was Received
YSC1790177675 Case Was Received
YSC1790177676 Card Was Mailed To Me
YSC1790177677 Card Was Mailed To Me
YSC1790177678 Card Was Mailed To Me
YSC1790177679 Case Was Received
YSC1790177680 Case Was Received
YSC1790177681 Case Was Received
YSC1790177682 Case Was Received
YSC1790177683 Case Was Received
YSC1790177684 Case Was Received
YSC1790177685 Case Was Received
YSC1790177686 Case Was Received
YSC1790177687 Case Was Received
YSC1790177688 Case Was Received
YSC1790177689 Case Was Received
YSC1790177690 Case Was Received
YSC1790177691 Case Was Received
YSC1790177692 Case Was Received
YSC1790177693 Case Was Received
YSC1790177694 Case Was Received
YSC1790177695 Case Was Received
YSC1790177696 Case Was Received
YSC1790177697 New Card Is Being Produced
YSC1790177698 Case Was Received
YSC1790177699 Case Was Received
YSC1790177700 Case Was Received
YSC1790177701 Case Was Received
YSC1790177702 Case Was Received
YSC1790177703 Case Was Received
YSC1790177704 Case Was Received
YSC1790177705 Case Was Received
YSC1790177706 Case Was Received
YSC1790177707 Case Was Received
YSC1790177708 Case Was Received
YSC1790177709 Notice Was Returned To USCIS Because The Post Office Could Not Deliver It
YSC1790177710 Case Was Received
YSC1790177711 Card Was Mailed To Me
YSC1790177712 Case Was Received
YSC1790177713 Case Was Received
YSC1790177714 Case Was Received
YSC1790177715 Case Was Received
YSC1790177716 Case Was Received
YSC1790177717 Card Was Mailed To Me
YSC1790177718 Card Was Mailed To Me
YSC1790177719 Card Was Mailed To Me
YSC1790177720 Card Was Mailed To Me
YSC1790177721 Case Was Received
YSC1790177722 Name Was Updated
YSC1790177723 Case Was Received
YSC1790177724 Case Was Received
YSC1790177725 Case Was Received
YSC1790177726 Case Was Received
YSC1790177727 Case Was Received
YSC1790177728 Case Was Received
YSC1790177729 Case Was Received
YSC1790177730 Case Was Received
YSC1790177731 Name Was Updated
YSC1790177732 New Card Is Being Produced
YSC1790177733 Case Was Received
YSC1790177734 Case Was Received
YSC1790177735 Case Was Received
YSC1790177736 Case Was Received
YSC1790177737 Case Was Received
YSC1790177738 Case Was Received
YSC1790177739 Notice Was Returned To USCIS Because The Post Office Could Not Deliver It
YSC1790177740 Case Was Received
YSC1790177741 Case Was Received
YSC1790177742 Correspondence Was Received And USCIS Is Reviewing It
YSC1790177743 Case Was Received
YSC1790177744 Case Was Received
YSC1790177745 Case Was Received
YSC1790177746 Case Was Received
YSC1790177747 Case Was Received
YSC1790177748 Case Was Received
YSC1790177749 Case Was Received
YSC1790177750 Case Was Received
YSC1790177751 Case Was Received
YSC1790177752 Case Was Received
YSC1790177753 Case Was Received
YSC1790177754 Case Was Received
YSC1790177755 Case Was Received
YSC1790177756 Case Was Received
YSC1790177757 Case Was Received
YSC1790177758 Case Was Received
YSC1790177759 Case Was Received
YSC1790177760 Case Was Received
YSC1790177761 Case Was Received
YSC1790177762 Case Was Received
YSC1790177763 Case Was Received
YSC1790177764 Case Was Received
YSC1790177765 Case Was Received
YSC1790177766 Case Was Received
YSC1790177767 Case Was Received
YSC1790177768 Case Was Received
YSC1790177769 Case Was Received
YSC1790177770 Case Was Received
YSC1790177771 Case Was Received
YSC1790177772 Case Was Received
YSC1790177773 Card Was Mailed To Me
YSC1790177774 Case Was Received
YSC1790177775 Case Was Received
YSC1790177776 Case Was Received
YSC1790177777 Case Was Received
YSC1790177778 Case Was Received
YSC1790177779 Case Was Received
YSC1790177780 Case Was Received
YSC1790177781 Correspondence Was Received And USCIS Is Reviewing It
YSC1790177782 Case Was Received
YSC1790177783 Case Was Received
YSC1790177784 Case Was Received
YSC1790177785 Case Was Received
YSC1790177786 Name Was Updated
YSC1790177787 Case Was Received
YSC1790177788 Case Was Received
YSC1790177789 Case Was Received
YSC1790177790 Case Was Received
YSC1790177791 Case Was Received
YSC1790177792 Case Was Received
YSC1790177793 Case Was Received
YSC1790177794 Case Was Received
YSC1790177795 Case Was Received
YSC1790177796 Case Was Received
YSC1790177797 Case Was Received
YSC1790177798 Case Was Received
YSC1790177799 Case Was Received
YSC1790177800 Case Was Received
YSC1790177801 Case Was Received
YSC1790177802 Case Was Received
YSC1790177803 Case Was Received
YSC1790177804 Case Was Received
YSC1790177805 Correspondence Was Received And USCIS Is Reviewing It
YSC1790177806 Case Was Received
YSC1790177807 Case Was Received
YSC1790177808 Case Was Received
YSC1790177809 Case Was Received
YSC1790177810 Case Was Received
YSC1790177811 Date of Birth Was Updated
YSC1790177812 Case Was Received
YSC1790177813 Case Was Received
YSC1790177814 Case Was Received
YSC1790177815 Case Was Received
YSC1790177816 Case Was Received
YSC1790177817 Case Was Received
YSC1790177818 Case Was Received
YSC1790177819 Case Was Received
YSC1790177820 Correspondence Was Received And USCIS Is Reviewing It
YSC1790177821 Case Was Received
YSC1790177822 Case Was Received
YSC1790177823 Case Was Received
YSC1790177824 Case Was Received
YSC1790177825 Case Was Received
YSC1790177826 Case Was Received
YSC1790177827 Case Was Received
YSC1790177828 Case Was Received
YSC1790177829 Case Was Received
YSC1790177830 Case Was Received
YSC1790177831 Case Was Received
YSC1790177832 Case Was Received
YSC1790177833 Case Was Received
YSC1790177834 Case Was Received
YSC1790177835 Case Was Received
YSC1790177836 Case Was Received
YSC1790177837 Case Was Received
YSC1790177838 Case Was Received
YSC1790177839 Case Was Received
YSC1790177840 Case Was Received
YSC1790177841 Card Was Mailed To Me
YSC1790177842 Notice Was Returned To USCIS Because The Post Office Could Not Deliver It
YSC1790177843 Case Was Received
YSC1790177844 Case Was Received
YSC1790177845 Case Was Received
YSC1790177846 Case Was Received
YSC1790177847 Case Was Received
YSC1790177848 Case Was Received
YSC1790177849 Case Was Received
YSC1790177850 Notice Was Returned To USCIS Because The Post Office Could Not Deliver It
YSC1790177851 Case Was Received
YSC1790177852 Case Was Received
YSC1790177853 Case Was Received
YSC1790177854 Notice Was Returned To USCIS Because The Post Office Could Not Deliver It
YSC1790177855 Case Was Received
YSC1790177856 Case Was Received
YSC1790177857 Case Was Received
YSC1790177858 Case Was Received
YSC1790177859 Case Was Received
YSC1790177860 Case Was Received
YSC1790177861 Case Was Received
YSC1790177862 Case Was Received
YSC1790177863 Case Was Received
YSC1790177864 Case Was Received
YSC1790177865 Case Was Received
YSC1790177866 Card Was Mailed To Me
YSC1790177867 Case Was Received
YSC1790177868 Case Was Received
YSC1790177869 Case Was Received
YSC1790177870 Case Was Received
YSC1790177871 Case Was Received
YSC1790177872 Case Was Received
YSC1790177873 Card Was Mailed To Me
YSC1790177874 Card Was Mailed To Me
YSC1790177875 Case Was Received
YSC1790177876 Notice Was Returned To USCIS Because The Post Office Could Not Deliver It
YSC1790177877 Case Was Received
YSC1790177878 Case Was Received
YSC1790177879 Case Was Received
YSC1790177880 Case Was Received
YSC1790177881 Case Was Received
YSC1790177882 Case Was Received
YSC1790177883 Case Was Received
YSC1790177884 Case Was Received
YSC1790177885 Case Was Received
YSC1790177886 Name Was Updated
YSC1790177887 Case Was Received
YSC1790177888 Case Was Received
YSC1790177889 Case Was Received
YSC1790177890 Case Was Received
YSC1790177891 Case Was Received
YSC1790177892 Case Was Received
YSC1790177893 Case Was Received
YSC1790177894 Notice Was Returned To USCIS Because The Post Office Could Not Deliver It
YSC1790177895 Case Was Received
YSC1790177896 Case Was Received
YSC1790177897 Case Was Received
YSC1790177898 Case Was Received
YSC1790177899 Case Was Received
YSC1790177900 Case Was Received
YSC1790177901 Case Was Received
YSC1790177902 Case Was Received
YSC1790177903 Correspondence Was Received And USCIS Is Reviewing It
YSC1790177904 Case Was Received
YSC1790177905 Case Was Received
YSC1790177906 Case Was Received
YSC1790177907 Case Was Received
YSC1790177908 Case Was Received
YSC1790177909 Case Was Received
YSC1790177910 Case Was Received
YSC1790177911 Case Was Received
YSC1790177912 Case Was Received
YSC1790177913 Case Was Received
YSC1790177914 Case Was Received
YSC1790177915 Case Was Received
YSC1790177916 Case Was Received
YSC1790177917 Case Was Received
YSC1790177918 Case Was Received
YSC1790177919 Case Was Received
YSC1790177920 Case Was Received
YSC1790177921 Case Was Received
YSC1790177922 Case Was Received
YSC1790177923 Case Was Received
YSC1790177924 Case Was Received
YSC1790177925 Case Was Received
YSC1790177926 Case Was Received
YSC1790177927 Case Was Received
YSC1790177928 Case Was Received
YSC1790177929 Case Was Received
YSC1790177930 Case Was Received
YSC1790177931 Case Was Received
YSC1790177932 Case Was Received
YSC1790177933 Case Was Received
YSC1790177934 Case Was Received
YSC1790177935 Case Was Received
YSC1790177936 Case Was Received
YSC1790177937 Case Was Received
YSC1790177938 Case Was Received
YSC1790177939 Case Was Received
YSC1790177940 Case Was Received
YSC1790177941 Case Was Received
YSC1790177942 Case Was Received
YSC1790177943 Case Was Received
YSC1790177944 Case Was Received
YSC1790177945 Case Was Received
YSC1790177946 Case Was Received
YSC1790177947 Date of Birth Was Updated
YSC1790177948 Case Was Received
YSC1790177949 Case Was Received
YSC1790177950 Case Was Received
YSC1790177951 Case Was Received
YSC1790177952 Case Was Received
YSC1790177953 Case Was Received
YSC1790177954 Case Was Received
YSC1790177955 Case Was Received
YSC1790177956 Case Was Received
YSC1790177957 Case Was Received
YSC1790177958 Case Was Received
YSC1790177959 Case Was Received
YSC1790177960 Case Was Received
YSC1790177961 Case Was Received
YSC1790177962 Case Was Received
YSC1790177963 Case Was Received
YSC1790177964 Case Was Received
YSC1790177965 Case Was Received
YSC1790177966 Case Was Received
YSC1790177967 Case Was Received
YSC1790177968 Case Was Received
YSC1790177969 Case Was Received
YSC1790177970 Case Was Received
YSC1790177971 New Card Is Being Produced
YSC1790177972 Case Was Received
YSC1790177973 Case Was Received
YSC1790177974 Notice Was Returned To USCIS Because The Post Office Could Not Deliver It
YSC1790177975 Case Was Received
YSC1790177976 Case Was Received
YSC1790177977 Case Was Received
YSC1790177978 Case Was Received
YSC1790177979 Case Was Received
YSC1790177980 Case Was Received
YSC1790177981 Case Was Received
YSC1790177982 Name Was Updated
YSC1790177983 Case Was Received
YSC1790177984 New Card Is Being Produced
YSC1790177985 Case Was Received
YSC1790177986 Case Was Received
YSC1790177987 Case Was Received
YSC1790177988 New Card Is Being Produced
YSC1790177989 Case Was Received
YSC1790177990 Case Was Received
YSC1790177991 Case Was Received
YSC1790177992 Case Was Received
YSC1790177993 Case Was Received
YSC1790177994 Case Was Received
YSC1790177995 Case Was Received
YSC1790177996 Case Was Received
YSC1790177997 Case Was Received
YSC1790177998 Case Was Received
YSC1790177999 Case Was Received
YSC1790178000 Name Was Updated