YSC1790174000 Case Was Received
YSC1790174001 Case Was Received
YSC1790174002 Notice Was Returned To USCIS Because The Post Office Could Not Deliver It
YSC1790174003 Case Was Received
YSC1790174004 Case Was Received
YSC1790174005 Card Was Mailed To Me
YSC1790174006 Case Was Received
YSC1790174007 Card Was Mailed To Me
YSC1790174008 Case Was Received
YSC1790174009 Card Was Mailed To Me
YSC1790174010 Card Was Mailed To Me
YSC1790174011 Case Was Received
YSC1790174012 New Card Is Being Produced
YSC1790174013 Card Was Mailed To Me
YSC1790174014 Card Was Mailed To Me
YSC1790174015 Case Was Received
YSC1790174016 New Card Is Being Produced
YSC1790174017 Case Was Received
YSC1790174018 Case Was Received
YSC1790174019 Case Was Received
YSC1790174020 Correspondence Was Received And USCIS Is Reviewing It
YSC1790174021 Case Was Received
YSC1790174022 Case Was Received
YSC1790174023 Case Was Received
YSC1790174024 Case Was Received
YSC1790174025 Case Was Received
YSC1790174026 Case Was Received
YSC1790174027 Notice Was Returned To USCIS Because The Post Office Could Not Deliver It
YSC1790174028 Case Was Received
YSC1790174029 Case Was Received
YSC1790174030 Case Was Received
YSC1790174031 Case Was Received
YSC1790174032 Case Was Received
YSC1790174033 Case Was Received
YSC1790174034 Case Was Received
YSC1790174035 Case Rejected Because I Sent An Incorrect Fee
YSC1790174036 Case Was Received
YSC1790174037 Card Was Mailed To Me
YSC1790174038 Case Was Received
YSC1790174039 Case Was Received
YSC1790174040 Case Was Received
YSC1790174041 Case Was Received
YSC1790174042 Case Was Received
YSC1790174043 Case Was Received
YSC1790174044 Case Was Received
YSC1790174045 Case Was Received
YSC1790174046 Case Was Received
YSC1790174047 Case Was Received
YSC1790174048 Case Was Received
YSC1790174049 Case Was Received
YSC1790174050 Case Was Received
YSC1790174051 Case Was Received
YSC1790174052 Case Was Received
YSC1790174053 Case Was Received
YSC1790174054 Case Was Received
YSC1790174055 Case Was Received
YSC1790174056 Case Was Received
YSC1790174057 Case Was Received
YSC1790174058 Case Was Received
YSC1790174059 Case Was Received
YSC1790174060 Case Was Received
YSC1790174061 Case Was Received
YSC1790174062 Case Was Received
YSC1790174063 Case Was Received
YSC1790174064 Case Was Received
YSC1790174065 Case Was Received
YSC1790174066 Case Was Received
YSC1790174067 Date of Birth Was Updated
YSC1790174068 Case Was Received
YSC1790174069 Case Was Received
YSC1790174070 Case Was Received
YSC1790174071 Name Was Updated
YSC1790174072 Case Was Received
YSC1790174073 Case Was Received
YSC1790174074 Case Was Received
YSC1790174075 New Card Is Being Produced
YSC1790174076 Case Was Received
YSC1790174077 Case Was Received
YSC1790174078 Case Was Received
YSC1790174079 Case Was Received
YSC1790174080 Case Rejected Because I Sent An Incorrect Fee
YSC1790174081 Case Was Received
YSC1790174082 Case Was Received
YSC1790174083 Case Was Received
YSC1790174084 Case Was Received
YSC1790174085 Case Was Received
YSC1790174086 Case Was Received
YSC1790174087 Case Was Received
YSC1790174088 Case Was Received
YSC1790174089 Case Was Received
YSC1790174090 Case Was Received
YSC1790174091 Case Was Received
YSC1790174092 Case Was Received
YSC1790174093 Case Was Received
YSC1790174094 Case Was Received
YSC1790174095 Case Was Received
YSC1790174096 Case Was Received
YSC1790174097 Case Was Received
YSC1790174098 Case Was Received
YSC1790174099 Case Was Received
YSC1790174100 Case Was Received
YSC1790174101 Case Was Received
YSC1790174102 Case Was Received
YSC1790174103 Case Was Received
YSC1790174104 Case Was Received
YSC1790174105 Case Was Received
YSC1790174106 Case Was Received
YSC1790174107 Case Was Received
YSC1790174108 Case Was Received
YSC1790174109 Case Was Received
YSC1790174110 Case Was Received
YSC1790174111 Case Was Received
YSC1790174112 New Card Is Being Produced
YSC1790174113 Case Was Received
YSC1790174114 New Card Is Being Produced
YSC1790174115 Case Was Received
YSC1790174116 New Card Is Being Produced
YSC1790174117 Case Was Received
YSC1790174118 New Card Is Being Produced
YSC1790174119 Case Was Received
YSC1790174120 New Card Is Being Produced
YSC1790174121 Case Was Received
YSC1790174122 Case Was Received
YSC1790174123 Card Was Mailed To Me
YSC1790174124 Case Was Received
YSC1790174125 New Card Is Being Produced
YSC1790174126 Case Was Received
YSC1790174127 New Card Is Being Produced
YSC1790174128 Case Was Received
YSC1790174129 Case Was Received
YSC1790174130 Correspondence Was Received And USCIS Is Reviewing It
YSC1790174131 New Card Is Being Produced
YSC1790174132 Case Was Received
YSC1790174133 New Card Is Being Produced
YSC1790174134 Case Was Received
YSC1790174135 Case Was Received
YSC1790174136 Case Was Received
YSC1790174137 Case Was Received
YSC1790174138 Case Was Received
YSC1790174139 Case Was Received
YSC1790174140 Case Was Received
YSC1790174141 Case Was Received
YSC1790174142 Case Was Received
YSC1790174143 Case Was Received
YSC1790174144 Case Was Received
YSC1790174145 Case Was Received
YSC1790174146 Case Was Received
YSC1790174147 Case Was Received
YSC1790174148 Case Was Received
YSC1790174149 Case Was Received
YSC1790174150 Case Was Received
YSC1790174151 Case Was Received
YSC1790174152 Case Was Received
YSC1790174153 Case Was Received
YSC1790174154 Case Was Received
YSC1790174155 Case Was Received
YSC1790174156 Case Was Received
YSC1790174157 Case Was Received
YSC1790174158 New Card Is Being Produced
YSC1790174159 Case Was Received
YSC1790174160 Case Was Received
YSC1790174161 Case Was Received
YSC1790174162 Case Was Received
YSC1790174163 Case Was Received
YSC1790174164 Case Was Received
YSC1790174165 Case Was Received
YSC1790174166 New Card Is Being Produced
YSC1790174167 Case Was Received
YSC1790174168 Card Was Mailed To Me
YSC1790174169 New Card Is Being Produced
YSC1790174170 Case Was Received
YSC1790174171 Case Was Received
YSC1790174172 Card Was Mailed To Me
YSC1790174173 New Card Is Being Produced
YSC1790174174 Case Was Received
YSC1790174175 Case Was Received
YSC1790174176 Case Was Received
YSC1790174177 Case Was Received
YSC1790174178 Case Was Received
YSC1790174179 Case Was Received
YSC1790174180 Case Was Received
YSC1790174181 Case Was Received
YSC1790174182 Case Was Received
YSC1790174183 Case Was Received
YSC1790174184 New Card Is Being Produced
YSC1790174185 Case Was Received
YSC1790174186 Case Was Received
YSC1790174187 Case Was Received
YSC1790174188 Case Was Received
YSC1790174189 Case Was Received
YSC1790174190 Case Was Received
YSC1790174191 Case Was Received
YSC1790174192 Case Was Received
YSC1790174193 Case Was Received
YSC1790174194 Case Was Received
YSC1790174195 Case Was Received
YSC1790174196 Card Was Mailed To Me
YSC1790174197 New Card Is Being Produced
YSC1790174198 Card Was Mailed To Me
YSC1790174199 Case Was Received
YSC1790174200 Case Was Received
YSC1790174201 Case Was Received
YSC1790174202 Request for Initial Evidence Was Mailed
YSC1790174203 Case Was Received
YSC1790174204 New Card Is Being Produced
YSC1790174205 Case Was Received
YSC1790174206 Case Was Received
YSC1790174207 Case Was Received
YSC1790174208 Case Was Received
YSC1790174209 Case Was Received
YSC1790174210 Case Was Received
YSC1790174211 Case Was Received
YSC1790174212 Notice Was Returned To USCIS Because The Post Office Could Not Deliver It
YSC1790174213 Case Was Received
YSC1790174214 Notice Was Returned To USCIS Because The Post Office Could Not Deliver It
YSC1790174215 Case Was Received
YSC1790174216 Case Was Received
YSC1790174217 Case Was Received
YSC1790174218 Case Was Received
YSC1790174219 Case Was Received
YSC1790174220 Case Was Received
YSC1790174221 Notice Was Returned To USCIS Because The Post Office Could Not Deliver It
YSC1790174222 Case Was Received
YSC1790174223 New Card Is Being Produced
YSC1790174224 Case Was Received
YSC1790174225 New Card Is Being Produced
YSC1790174226 New Card Is Being Produced
YSC1790174227 Case Was Received
YSC1790174228 Case Was Received
YSC1790174229 Case Was Received
YSC1790174230 Case Was Received
YSC1790174231 Case Was Received
YSC1790174232 Case Was Received
YSC1790174233 Correspondence Was Received And USCIS Is Reviewing It
YSC1790174234 Notice Was Returned To USCIS Because The Post Office Could Not Deliver It
YSC1790174235 Case Was Received
YSC1790174236 New Card Is Being Produced
YSC1790174237 New Card Is Being Produced
YSC1790174238 Case Was Received
YSC1790174239 New Card Is Being Produced
YSC1790174240 Case Was Received
YSC1790174241 Case Was Received
YSC1790174242 Case Was Received
YSC1790174243 New Card Is Being Produced
YSC1790174244 Case Was Received
YSC1790174245 Case Was Received
YSC1790174246 Case Was Received
YSC1790174247 Case Was Received
YSC1790174248 Case Was Received
YSC1790174249 Case Was Received
YSC1790174250 New Card Is Being Produced
YSC1790174251 New Card Is Being Produced
YSC1790174252 Card Was Mailed To Me
YSC1790174253 Case Was Received
YSC1790174254 Card Was Mailed To Me
YSC1790174255 Case Was Received
YSC1790174256 New Card Is Being Produced
YSC1790174257 Card Was Mailed To Me
YSC1790174258 New Card Is Being Produced
YSC1790174259 New Card Is Being Produced
YSC1790174260 Card Was Mailed To Me
YSC1790174261 Card Was Mailed To Me
YSC1790174262 Card Was Mailed To Me
YSC1790174263 Case Was Received
YSC1790174264 Card Was Mailed To Me
YSC1790174265 Card Was Mailed To Me
YSC1790174266 New Card Is Being Produced
YSC1790174267 Case Was Received
YSC1790174268 New Card Is Being Produced
YSC1790174269 Case Was Received
YSC1790174270 Card Was Mailed To Me
YSC1790174271 Card Was Mailed To Me
YSC1790174272 Case Was Received
YSC1790174273 Case Was Received
YSC1790174274 Case Was Received
YSC1790174275 Case Was Received
YSC1790174276 Case Was Received
YSC1790174277 Case Was Received
YSC1790174278 Case Was Received
YSC1790174279 Case Was Received
YSC1790174280 Case Was Received
YSC1790174281 New Card Is Being Produced
YSC1790174282 Case Was Received
YSC1790174283 New Card Is Being Produced
YSC1790174284 Case Was Received
YSC1790174285 Case Was Received
YSC1790174286 Case Was Received
YSC1790174287 New Card Is Being Produced
YSC1790174288 Case Was Received
YSC1790174289 Case Was Received
YSC1790174290 Case Was Received
YSC1790174291 Case Was Received
YSC1790174292 Case Was Received
YSC1790174293 Case Was Received
YSC1790174294 Notice Was Returned To USCIS Because The Post Office Could Not Deliver It
YSC1790174295 New Card Is Being Produced
YSC1790174296 Case Was Received
YSC1790174297 Case Was Received
YSC1790174298 Case Was Received
YSC1790174299 Case Was Received
YSC1790174300 Case Was Received
YSC1790174301 Case Was Received
YSC1790174302 Case Was Received
YSC1790174303 New Card Is Being Produced
YSC1790174304 Case Was Received
YSC1790174305 Case Was Received
YSC1790174306 Case Was Received
YSC1790174307 Case Was Received
YSC1790174308 Case Was Received
YSC1790174309 Case Was Received
YSC1790174310 Case Was Received
YSC1790174311 Case Was Received
YSC1790174312 Case Was Received
YSC1790174313 Case Was Received
YSC1790174314 Case Was Received
YSC1790174315 New Card Is Being Produced
YSC1790174316 Case Was Received
YSC1790174317 New Card Is Being Produced
YSC1790174318 Case Was Received
YSC1790174319 New Card Is Being Produced
YSC1790174320 New Card Is Being Produced
YSC1790174321 Case Was Received
YSC1790174322 Card Was Mailed To Me
YSC1790174323 New Card Is Being Produced
YSC1790174324 Card Was Mailed To Me
YSC1790174325 New Card Is Being Produced
YSC1790174326 New Card Is Being Produced
YSC1790174327 Case Was Received
YSC1790174328 New Card Is Being Produced
YSC1790174329 Case Was Received
YSC1790174330 Card Was Mailed To Me
YSC1790174331 Case Was Received
YSC1790174332 Card Was Mailed To Me
YSC1790174333 Case Was Received
YSC1790174334 Case Was Received
YSC1790174335 Case Was Received
YSC1790174336 Case Was Received
YSC1790174337 New Card Is Being Produced
YSC1790174338 Case Was Received
YSC1790174339 Case Was Received
YSC1790174340 Case Was Received
YSC1790174341 New Card Is Being Produced
YSC1790174342 Case Was Received
YSC1790174343 Card Was Mailed To Me
YSC1790174344 New Card Is Being Produced
YSC1790174345 Case Was Received
YSC1790174346 Case Was Received
YSC1790174347 Case Was Received
YSC1790174348 Case Was Received
YSC1790174349 Card Was Mailed To Me
YSC1790174350 Case Was Received
YSC1790174351 Case Was Received
YSC1790174352 Case Was Received
YSC1790174353 Case Was Received
YSC1790174354 Case Was Received
YSC1790174355 Card Was Mailed To Me
YSC1790174356 Case Was Received
YSC1790174357 Case Was Received
YSC1790174358 Case Was Received
YSC1790174359 Case Was Received
YSC1790174360 Case Was Received
YSC1790174361 Case Was Received
YSC1790174362 Case Was Received
YSC1790174363 New Card Is Being Produced
YSC1790174364 Case Was Received
YSC1790174365 New Card Is Being Produced
YSC1790174366 New Card Is Being Produced
YSC1790174367 New Card Is Being Produced
YSC1790174368 Case Was Received
YSC1790174369 Case Was Received
YSC1790174370 Case Was Received
YSC1790174371 Case Was Received
YSC1790174372 New Card Is Being Produced
YSC1790174373 Case Was Received
YSC1790174374 Case Was Received
YSC1790174375 Case Was Received
YSC1790174376 Case Was Received
YSC1790174377 Case Was Received
YSC1790174378 Case Was Received
YSC1790174379 Case Was Received
YSC1790174380 Case Was Received
YSC1790174381 Case Was Received
YSC1790174382 New Card Is Being Produced
YSC1790174383 Case Was Received
YSC1790174384 New Card Is Being Produced
YSC1790174385 Case Was Received
YSC1790174386 Case Was Received
YSC1790174387 Case Was Received
YSC1790174388 Case Was Received
YSC1790174389 Case Was Received
YSC1790174390 Case Was Received
YSC1790174391 Case Was Received
YSC1790174392 Case Was Received
YSC1790174393 Case Was Received
YSC1790174394 Case Was Received
YSC1790174395 Case Was Received
YSC1790174396 New Card Is Being Produced
YSC1790174397 Case Was Received
YSC1790174398 New Card Is Being Produced
YSC1790174399 Case Was Received
YSC1790174400 Case Was Received
YSC1790174401 Case Was Received
YSC1790174402 Case Was Received
YSC1790174403 Case Was Received
YSC1790174404 Case Was Received
YSC1790174405 Case Was Received
YSC1790174406 Case Was Received
YSC1790174407 Case Was Received
YSC1790174408 Case Was Received
YSC1790174409 Case Was Received
YSC1790174410 Case Was Received
YSC1790174411 Case Was Received
YSC1790174412 Case Was Received
YSC1790174413 New Card Is Being Produced
YSC1790174414 Case Was Received
YSC1790174415 Case Was Received
YSC1790174416 Case Was Received
YSC1790174417 Case Was Received
YSC1790174418 Case Was Received
YSC1790174419 New Card Is Being Produced
YSC1790174420 Case Was Received
YSC1790174421 Case Was Received
YSC1790174422 Case Was Received
YSC1790174423 Case Was Received
YSC1790174424 Case Was Received
YSC1790174425 Case Was Received
YSC1790174426 Case Was Received
YSC1790174427 Case Was Received
YSC1790174428 New Card Is Being Produced
YSC1790174429 Case Was Received
YSC1790174430 Case Was Received
YSC1790174431 Case Was Received
YSC1790174432 Case Was Received
YSC1790174433 Case Was Received
YSC1790174434 Case Was Received
YSC1790174435 Case Was Received
YSC1790174436 Case Was Received
YSC1790174437 Case Was Received
YSC1790174438 Case Was Received
YSC1790174439 Case Was Received
YSC1790174440 New Card Is Being Produced
YSC1790174441 Card Was Mailed To Me
YSC1790174442 Card Was Mailed To Me
YSC1790174443 Case Was Received
YSC1790174444 New Card Is Being Produced
YSC1790174445 Case Was Received
YSC1790174446 Case Was Received
YSC1790174447 Case Was Received
YSC1790174448 Case Was Received
YSC1790174449 Case Was Received
YSC1790174450 Notice Was Returned To USCIS Because The Post Office Could Not Deliver It
YSC1790174451 Case Was Received
YSC1790174452 Case Was Received
YSC1790174453 Case Was Received
YSC1790174454 Case Was Received
YSC1790174455 Case Was Received
YSC1790174456 Case Was Received
YSC1790174457 Case Was Received
YSC1790174458 Case Was Received
YSC1790174459 Case Was Received
YSC1790174460 Case Was Received
YSC1790174461 Case Was Received
YSC1790174462 Case Was Received
YSC1790174463 Case Was Received
YSC1790174464 Case Was Received
YSC1790174465 Case Was Received
YSC1790174466 Case Was Received
YSC1790174467 Case Was Received
YSC1790174468 Case Was Received
YSC1790174469 Case Was Received
YSC1790174470 Case Was Received
YSC1790174471 Case Was Received
YSC1790174472 Case Was Received
YSC1790174473 New Card Is Being Produced
YSC1790174474 Case Was Received
YSC1790174475 Case Was Received
YSC1790174476 Case Was Received
YSC1790174477 Case Was Received
YSC1790174478 Case Was Received
YSC1790174479 Case Was Received
YSC1790174480 Case Was Received
YSC1790174481 Case Was Received
YSC1790174482 Case Was Received
YSC1790174483 Case Was Received
YSC1790174484 Case Was Received
YSC1790174485 Case Was Received
YSC1790174486 Card Was Mailed To Me
YSC1790174487 Case Was Received
YSC1790174488 Case Was Received
YSC1790174489 Case Was Received
YSC1790174490 Card Was Mailed To Me
YSC1790174491 Case Was Received
YSC1790174492 Case Was Received
YSC1790174493 Card Was Mailed To Me
YSC1790174494 Case Was Received
YSC1790174495 New Card Is Being Produced
YSC1790174496 Case Was Received
YSC1790174497 Case Was Received
YSC1790174498 Case Was Received
YSC1790174499 Case Was Received
YSC1790174500 Case Was Received