YSC1790169500 Case Was Received
YSC1790169501 Card Was Mailed To Me
YSC1790169502 Case Was Received
YSC1790169503 Card Was Mailed To Me
YSC1790169504 Card Was Mailed To Me
YSC1790169505 Case Was Received
YSC1790169506 Case Was Received
YSC1790169507 Card Was Mailed To Me
YSC1790169508 Case Was Received
YSC1790169509 New Card Is Being Produced
YSC1790169510 New Card Is Being Produced
YSC1790169511 Case Was Received
YSC1790169512 Case Was Received
YSC1790169513 Notice Was Returned To USCIS Because The Post Office Could Not Deliver It
YSC1790169514 Case Was Received
YSC1790169515 Case Was Received
YSC1790169516 Case Was Received
YSC1790169517 Case Was Received
YSC1790169518 Card Was Mailed To Me
YSC1790169519 Card Was Mailed To Me
YSC1790169520 Case Was Received
YSC1790169521 Case Was Received
YSC1790169522 New Card Is Being Produced
YSC1790169523 Card Was Mailed To Me
YSC1790169524 Case Was Received
YSC1790169525 Card Was Mailed To Me
YSC1790169526 Card Was Mailed To Me
YSC1790169527 Card Was Mailed To Me
YSC1790169528 Card Was Mailed To Me
YSC1790169529 New Card Is Being Produced
YSC1790169530 Case Was Received
YSC1790169531 Card Was Mailed To Me
YSC1790169532 Card Was Mailed To Me
YSC1790169533 Card Was Mailed To Me
YSC1790169534 Card Was Mailed To Me
YSC1790169535 New Card Is Being Produced
YSC1790169536 Card Was Mailed To Me
YSC1790169537 Card Was Mailed To Me
YSC1790169538 New Card Is Being Produced
YSC1790169539 New Card Is Being Produced
YSC1790169540 New Card Is Being Produced
YSC1790169541 Card Was Mailed To Me
YSC1790169542 Card Was Mailed To Me
YSC1790169543 Card Was Mailed To Me
YSC1790169544 Case Was Received
YSC1790169545 Case Was Received
YSC1790169546 Card Was Mailed To Me
YSC1790169547 Card Was Mailed To Me
YSC1790169548 Card Was Mailed To Me
YSC1790169549 Case Was Received
YSC1790169550 Card Was Mailed To Me
YSC1790169551 Card Was Mailed To Me
YSC1790169552 Card Was Mailed To Me
YSC1790169553 Card Was Mailed To Me
YSC1790169554 Card Was Mailed To Me
YSC1790169555 Case Was Received
YSC1790169556 Case Was Received
YSC1790169557 Case Was Received
YSC1790169558 Case Was Received
YSC1790169559 Case Was Received
YSC1790169560 Case Was Received
YSC1790169561 Case Was Received
YSC1790169562 Case Was Received
YSC1790169563 Case Was Received
YSC1790169564 Case Was Received
YSC1790169565 Case Was Received
YSC1790169566 Response To USCIS' Request For Evidence Was Received
YSC1790169567 Case Was Received
YSC1790169568 Case Was Received
YSC1790169569 Case Was Received
YSC1790169570 Card Was Mailed To Me
YSC1790169571 Card Was Mailed To Me
YSC1790169572 Card Was Mailed To Me
YSC1790169573 Card Was Mailed To Me
YSC1790169574 Case Was Received
YSC1790169575 New Card Is Being Produced
YSC1790169576 Card Was Mailed To Me
YSC1790169577 Card Was Mailed To Me
YSC1790169578 New Card Is Being Produced
YSC1790169579 Card Was Mailed To Me
YSC1790169580 Case Was Received
YSC1790169581 Case Was Received
YSC1790169582 Case Was Received
YSC1790169583 Case Was Received
YSC1790169584 Case Was Received
YSC1790169585 Case Was Received
YSC1790169586 Case Was Received
YSC1790169587 Case Was Received
YSC1790169588 Case Was Received
YSC1790169589 Case Was Received
YSC1790169590 Case Was Received
YSC1790169591 Case Was Received
YSC1790169592 Case Was Received
YSC1790169593 Card Was Mailed To Me
YSC1790169594 Card Was Mailed To Me
YSC1790169595 Card Was Mailed To Me
YSC1790169596 Case Was Received
YSC1790169597 Card Was Mailed To Me
YSC1790169598 New Card Is Being Produced
YSC1790169599 Card Was Mailed To Me
YSC1790169600 Card Was Mailed To Me
YSC1790169601 Card Was Mailed To Me
YSC1790169602 Card Was Mailed To Me
YSC1790169603 Card Was Mailed To Me
YSC1790169604 Case Was Received
YSC1790169605 New Card Is Being Produced
YSC1790169606 Card Was Mailed To Me
YSC1790169607 New Card Is Being Produced
YSC1790169608 Card Was Mailed To Me
YSC1790169609 Card Was Mailed To Me
YSC1790169610 Card Was Mailed To Me
YSC1790169611 Card Was Mailed To Me
YSC1790169612 Card Was Mailed To Me
YSC1790169613 Card Was Mailed To Me
YSC1790169614 Card Was Mailed To Me
YSC1790169615 Case Was Received
YSC1790169616 Card Was Mailed To Me
YSC1790169617 Case Was Received
YSC1790169618 New Card Is Being Produced
YSC1790169619 Card Was Mailed To Me
YSC1790169620 Case Was Approved
YSC1790169621 Card Was Mailed To Me
YSC1790169622 Case Was Received
YSC1790169623 Card Was Mailed To Me
YSC1790169624 Card Was Mailed To Me
YSC1790169625 Card Was Mailed To Me
YSC1790169626 Card Was Mailed To Me
YSC1790169627 Case Was Received
YSC1790169628 Card Was Mailed To Me
YSC1790169629 Card Was Mailed To Me
YSC1790169630 Notice Was Returned To USCIS Because The Post Office Could Not Deliver It
YSC1790169631 Card Was Mailed To Me
YSC1790169632 Card Was Mailed To Me
YSC1790169633 Card Was Mailed To Me
YSC1790169634 Card Was Mailed To Me
YSC1790169635 Card Was Mailed To Me
YSC1790169636 Case Was Received
YSC1790169637 Card Was Mailed To Me
YSC1790169638 Case Was Received
YSC1790169639 Card Was Mailed To Me
YSC1790169640 Card Was Mailed To Me
YSC1790169641 New Card Is Being Produced
YSC1790169642 Case Was Received
YSC1790169643 New Card Is Being Produced
YSC1790169644 Card Was Mailed To Me
YSC1790169645 Card Was Mailed To Me
YSC1790169646 Card Was Mailed To Me
YSC1790169647 Card Was Mailed To Me
YSC1790169648 Card Was Mailed To Me
YSC1790169649 Card Was Mailed To Me
YSC1790169650 Case Was Received
YSC1790169651 Card Was Mailed To Me
YSC1790169652 Withdrawal Acknowledgement Notice Was Sent
YSC1790169653 Card Was Mailed To Me
YSC1790169654 Case Was Received
YSC1790169655 Card Was Mailed To Me
YSC1790169656 Card Was Mailed To Me
YSC1790169657 Card Was Mailed To Me
YSC1790169658 Case Was Received
YSC1790169659 Case Was Received
YSC1790169660 Card Was Mailed To Me
YSC1790169661 New Card Is Being Produced
YSC1790169662 Card Was Mailed To Me
YSC1790169663 Case Was Received
YSC1790169664 New Card Is Being Produced
YSC1790169665 New Card Is Being Produced
YSC1790169666 Case Was Received
YSC1790169667 Card Was Mailed To Me
YSC1790169668 New Card Is Being Produced
YSC1790169669 Case Was Received
YSC1790169670 Card Was Mailed To Me
YSC1790169671 Case Was Received
YSC1790169672 New Card Is Being Produced
YSC1790169673 New Card Is Being Produced
YSC1790169674 Case Was Received
YSC1790169675 Card Was Mailed To Me
YSC1790169676 New Card Is Being Produced
YSC1790169677 New Card Is Being Produced
YSC1790169678 Card Was Mailed To Me
YSC1790169679 Card Was Mailed To Me
YSC1790169680 Card Was Mailed To Me
YSC1790169681 Case Was Received
YSC1790169682 Card Was Mailed To Me
YSC1790169683 Case Was Received
YSC1790169684 Card Was Mailed To Me
YSC1790169685 Case Was Received
YSC1790169686 Card Was Mailed To Me
YSC1790169687 Case Was Received
YSC1790169688 New Card Is Being Produced
YSC1790169689 New Card Is Being Produced
YSC1790169690 Case Was Received
YSC1790169691 Card Was Mailed To Me
YSC1790169692 Case Was Received
YSC1790169693 New Card Is Being Produced
YSC1790169694 Card Was Mailed To Me
YSC1790169695 New Card Is Being Produced
YSC1790169696 New Card Is Being Produced
YSC1790169697 Case Was Received
YSC1790169698 Card Was Mailed To Me
YSC1790169699 Card Was Mailed To Me
YSC1790169700 New Card Is Being Produced
YSC1790169701 New Card Is Being Produced
YSC1790169702 Card Was Mailed To Me
YSC1790169703 Card Was Mailed To Me
YSC1790169704 Case Was Received
YSC1790169705 Card Was Mailed To Me
YSC1790169706 Card Was Mailed To Me
YSC1790169707 Card Was Mailed To Me
YSC1790169708 New Card Is Being Produced
YSC1790169709 New Card Is Being Produced
YSC1790169710 Card Was Mailed To Me
YSC1790169711 Card Was Mailed To Me
YSC1790169712 Case Was Received
YSC1790169713 Card Was Mailed To Me
YSC1790169714 Card Was Mailed To Me
YSC1790169715 Card Was Mailed To Me
YSC1790169716 Card Was Mailed To Me
YSC1790169717 Card Was Mailed To Me
YSC1790169718 Case Was Received
YSC1790169719 New Card Is Being Produced
YSC1790169720 Card Was Mailed To Me
YSC1790169721 New Card Is Being Produced
YSC1790169722 Case Was Received
YSC1790169723 Card Was Mailed To Me
YSC1790169724 Notice Was Returned To USCIS Because The Post Office Could Not Deliver It
YSC1790169725 Case Was Received
YSC1790169726 Card Was Mailed To Me
YSC1790169727 Card Was Mailed To Me
YSC1790169728 Card Was Mailed To Me
YSC1790169729 Card Was Mailed To Me
YSC1790169730 New Card Is Being Produced
YSC1790169731 Card Was Mailed To Me
YSC1790169732 New Card Is Being Produced
YSC1790169733 New Card Is Being Produced
YSC1790169734 Response To USCIS' Request For Evidence Was Received
YSC1790169735 Card Was Mailed To Me
YSC1790169736 Case Was Received
YSC1790169737 Card Was Mailed To Me
YSC1790169738 Card Was Mailed To Me
YSC1790169739 New Card Is Being Produced
YSC1790169740 Case Was Received
YSC1790169741 Case Was Received
YSC1790169742 Case Was Received
YSC1790169743 Case Was Received
YSC1790169744 New Card Is Being Produced
YSC1790169745 Card Was Mailed To Me
YSC1790169746 Card Was Mailed To Me
YSC1790169747 Card Was Mailed To Me
YSC1790169748 Case Was Received
YSC1790169749 Case Was Received
YSC1790169750 New Card Is Being Produced
YSC1790169751 Card Was Mailed To Me
YSC1790169752 Card Was Mailed To Me
YSC1790169753 Card Was Mailed To Me
YSC1790169754 New Card Is Being Produced
YSC1790169755 Name Was Updated
YSC1790169756 Card Was Mailed To Me
YSC1790169757 New Card Is Being Produced
YSC1790169758 Case Was Received
YSC1790169759 Decision Notice Mailed
YSC1790169760 New Card Is Being Produced
YSC1790169761 Card Was Mailed To Me
YSC1790169762 Card Was Mailed To Me
YSC1790169763 Card Was Mailed To Me
YSC1790169764 Card Was Mailed To Me
YSC1790169765 Request for Initial Evidence Was Mailed
YSC1790169766 Card Was Mailed To Me
YSC1790169767 Card Was Mailed To Me
YSC1790169768 Case Was Received
YSC1790169769 Card Was Mailed To Me
YSC1790169770 Case Was Received
YSC1790169771 Card Was Mailed To Me
YSC1790169772 Card Was Mailed To Me
YSC1790169773 Card Was Mailed To Me
YSC1790169774 Case Was Received
YSC1790169775 Case Was Received
YSC1790169776 Case Was Received
YSC1790169777 Card Was Mailed To Me
YSC1790169778 Case Was Received
YSC1790169779 Card Was Mailed To Me
YSC1790169780 New Card Is Being Produced
YSC1790169781 Card Was Mailed To Me
YSC1790169782 Withdrawal Acknowledgement Notice Was Sent
YSC1790169783 Case Was Received
YSC1790169784 Card Was Mailed To Me
YSC1790169785 Card Was Mailed To Me
YSC1790169786 Card Was Mailed To Me
YSC1790169787 Card Was Mailed To Me
YSC1790169788 Card Was Mailed To Me
YSC1790169789 New Card Is Being Produced
YSC1790169790 Card Was Mailed To Me
YSC1790169791 New Card Is Being Produced
YSC1790169792 Card Was Mailed To Me
YSC1790169793 Case Was Received
YSC1790169794 Card Was Mailed To Me
YSC1790169795 Case Was Received
YSC1790169796 Card Was Mailed To Me
YSC1790169797 New Card Is Being Produced
YSC1790169798 Case Was Received
YSC1790169799 Card Was Mailed To Me
YSC1790169800 Card Was Mailed To Me
YSC1790169801 Card Was Mailed To Me
YSC1790169802 Case Was Received
YSC1790169803 Card Was Mailed To Me
YSC1790169804 Card Was Mailed To Me
YSC1790169805 Card Was Mailed To Me
YSC1790169806 Case Was Received
YSC1790169807 Card Was Mailed To Me
YSC1790169808 New Card Is Being Produced
YSC1790169809 Card Was Mailed To Me
YSC1790169810 New Card Is Being Produced
YSC1790169811 Card Was Mailed To Me
YSC1790169812 Card Was Mailed To Me
YSC1790169813 Card Was Mailed To Me
YSC1790169814 Card Was Mailed To Me
YSC1790169815 Case Was Received
YSC1790169816 Case Was Received
YSC1790169817 New Card Is Being Produced
YSC1790169818 New Card Is Being Produced
YSC1790169819 Card Was Mailed To Me
YSC1790169820 Case Was Received
YSC1790169821 Case Was Received
YSC1790169822 Card Was Mailed To Me
YSC1790169823 Case Was Received
YSC1790169824 Card Was Mailed To Me
YSC1790169825 Card Was Mailed To Me
YSC1790169826 Card Was Mailed To Me
YSC1790169827 Case Was Received
YSC1790169828 Card Was Mailed To Me
YSC1790169829 Card Was Mailed To Me
YSC1790169830 Card Was Mailed To Me
YSC1790169831 New Card Is Being Produced
YSC1790169832 New Card Is Being Produced
YSC1790169833 Card Was Mailed To Me
YSC1790169834 Card Was Mailed To Me
YSC1790169835 Card Was Mailed To Me
YSC1790169836 Card Was Mailed To Me
YSC1790169837 Card Was Mailed To Me
YSC1790169838 New Card Is Being Produced
YSC1790169839 Card Was Mailed To Me
YSC1790169840 New Card Is Being Produced
YSC1790169841 Card Was Mailed To Me
YSC1790169842 New Card Is Being Produced
YSC1790169843 Card Was Mailed To Me
YSC1790169844 Card Was Mailed To Me
YSC1790169845 Card Was Mailed To Me
YSC1790169846 Card Was Mailed To Me
YSC1790169847 Card Was Mailed To Me
YSC1790169848 Card Was Mailed To Me
YSC1790169849 Card Was Mailed To Me
YSC1790169850 New Card Is Being Produced
YSC1790169851 Card Was Mailed To Me
YSC1790169852 Case Was Received
YSC1790169853 Card Was Mailed To Me
YSC1790169854 Card Was Mailed To Me
YSC1790169855 Card Was Mailed To Me
YSC1790169856 Card Was Mailed To Me
YSC1790169857 Case Was Received
YSC1790169858 New Card Is Being Produced
YSC1790169859 Card Was Mailed To Me
YSC1790169860 Card Was Mailed To Me
YSC1790169861 Card Was Mailed To Me
YSC1790169862 New Card Is Being Produced
YSC1790169863 Card Was Mailed To Me
YSC1790169864 Case Was Received
YSC1790169865 Case Was Received
YSC1790169866 Card Was Mailed To Me
YSC1790169867 Card Was Mailed To Me
YSC1790169868 Case Was Received
YSC1790169869 Request for Initial Evidence Was Mailed
YSC1790169870 Card Was Mailed To Me
YSC1790169871 Request for Initial Evidence Was Mailed
YSC1790169872 Card Was Mailed To Me
YSC1790169873 Card Was Mailed To Me
YSC1790169874 Card Was Mailed To Me
YSC1790169875 Case Was Received
YSC1790169876 Card Was Mailed To Me
YSC1790169877 Case Was Received
YSC1790169878 Case Was Received
YSC1790169879 Case Was Received
YSC1790169880 Card Was Mailed To Me
YSC1790169881 Card Was Mailed To Me
YSC1790169882 Card Was Mailed To Me
YSC1790169883 Card Was Mailed To Me
YSC1790169884 Card Was Mailed To Me
YSC1790169885 Card Was Mailed To Me
YSC1790169886 Card Was Mailed To Me
YSC1790169887 Card Was Mailed To Me
YSC1790169888 Card Was Mailed To Me
YSC1790169889 New Card Is Being Produced
YSC1790169890 Case Was Received
YSC1790169891 Card Was Mailed To Me
YSC1790169892 Card Was Mailed To Me
YSC1790169893 Case Was Received
YSC1790169894 Case Was Received
YSC1790169895 Card Was Mailed To Me
YSC1790169896 Card Was Mailed To Me
YSC1790169897 Case Was Received
YSC1790169898 Card Was Mailed To Me
YSC1790169899 Case Was Received
YSC1790169900 Case Was Received
YSC1790169901 Card Was Mailed To Me
YSC1790169902 Card Was Mailed To Me
YSC1790169903 Request for Initial Evidence Was Mailed
YSC1790169904 Card Was Mailed To Me
YSC1790169905 Card Was Mailed To Me
YSC1790169906 Card Was Mailed To Me
YSC1790169907 Case Was Received
YSC1790169908 Case Was Received
YSC1790169909 Card Was Mailed To Me
YSC1790169910 New Card Is Being Produced
YSC1790169911 Case Was Received
YSC1790169912 Case Was Received
YSC1790169913 Card Was Mailed To Me
YSC1790169914 Card Was Mailed To Me
YSC1790169915 Case Was Received
YSC1790169916 Case Was Received
YSC1790169917 Case Was Received
YSC1790169918 Case Was Received
YSC1790169919 Card Was Mailed To Me
YSC1790169920 Case Was Received
YSC1790169921 Case Was Received
YSC1790169922 Card Was Mailed To Me
YSC1790169923 Card Was Mailed To Me
YSC1790169924 Case Was Received
YSC1790169925 Card Was Mailed To Me
YSC1790169926 Card Was Mailed To Me
YSC1790169927 Card Was Mailed To Me
YSC1790169928 Case Was Received
YSC1790169929 Card Was Mailed To Me
YSC1790169930 Card Was Mailed To Me
YSC1790169931 Case Was Received
YSC1790169932 Case Was Received
YSC1790169933 Case Was Received
YSC1790169934 Case Was Received
YSC1790169935 Case Was Received
YSC1790169936 New Card Is Being Produced
YSC1790169937 Case Was Received
YSC1790169938 New Card Is Being Produced
YSC1790169939 New Card Is Being Produced
YSC1790169940 New Card Is Being Produced
YSC1790169941 Card Was Mailed To Me
YSC1790169942 New Card Is Being Produced
YSC1790169943 Card Was Mailed To Me
YSC1790169944 Card Was Mailed To Me
YSC1790169945 New Card Is Being Produced
YSC1790169946 Case Was Received
YSC1790169947 Card Was Mailed To Me
YSC1790169948 New Card Is Being Produced
YSC1790169949 Card Was Mailed To Me
YSC1790169950 Case Was Received
YSC1790169951 Card Was Mailed To Me
YSC1790169952 Card Was Mailed To Me
YSC1790169953 New Card Is Being Produced
YSC1790169954 Card Was Mailed To Me
YSC1790169955 New Card Is Being Produced
YSC1790169956 Card Was Mailed To Me
YSC1790169957 New Card Is Being Produced
YSC1790169958 New Card Is Being Produced
YSC1790169959 New Card Is Being Produced
YSC1790169960 Request for Initial Evidence Was Mailed
YSC1790169961 Card Was Mailed To Me
YSC1790169962 Card Was Mailed To Me
YSC1790169963 Card Was Mailed To Me
YSC1790169964 Card Was Mailed To Me
YSC1790169965 New Card Is Being Produced
YSC1790169966 Case Was Received
YSC1790169967 Case Was Received
YSC1790169968 Case Was Received
YSC1790169969 Case Was Received
YSC1790169970 New Card Is Being Produced
YSC1790169971 Card Was Mailed To Me
YSC1790169972 Case Was Received
YSC1790169973 Request for Initial Evidence Was Mailed
YSC1790169974 Card Was Mailed To Me
YSC1790169975 Card Was Mailed To Me
YSC1790169976 New Card Is Being Produced
YSC1790169977 New Card Is Being Produced
YSC1790169978 Card Was Mailed To Me
YSC1790169979 Card Was Mailed To Me
YSC1790169980 Case Was Received
YSC1790169981 Case Was Received
YSC1790169982 Card Was Mailed To Me
YSC1790169983 Case Was Received
YSC1790169984 New Card Is Being Produced
YSC1790169985 Card Was Mailed To Me
YSC1790169986 Card Was Mailed To Me
YSC1790169987 Card Was Mailed To Me
YSC1790169988 Card Was Mailed To Me
YSC1790169989 Case Was Received
YSC1790169990 Card Was Mailed To Me
YSC1790169991 Card Was Mailed To Me
YSC1790169992 Card Was Mailed To Me
YSC1790169993 New Card Is Being Produced
YSC1790169994 Card Was Mailed To Me
YSC1790169995 New Card Is Being Produced
YSC1790169996 Case Was Received
YSC1790169997 Card Was Mailed To Me
YSC1790169998 Card Was Mailed To Me
YSC1790169999 New Card Is Being Produced
YSC1790170000 Card Was Mailed To Me